21; ./512PM ./PM512/P1/ps2/ ./Profiles/Profile1_512.dat 1 0.00564563 0.00163256 0.0132752 0.00318104 0.027216 0.017681 0.811454 0.0213773 0.0985377
Graph Evolution Tool.
Initial Graph: Ring with m = 2
Fitness Function: Profile Matching
Representation: THADS-N with Operation Densities
Densities: 0.00564563 0.00163256 0.0132752 0.00318104 0.027216 0.017681 0.811454 0.0213773 0.0985377 
Profile: 1 16 32 56 88 112 120 120 120 112 88 56 32 16 8 8 8 
Check readme.dat for more information about parameters/output.

Beginning Run 0 of 29
Run  RI  Mean      95% CI      SD        Best    
0    0   58.6879   0.393392    6.34385   40.374      	Dead: 0
0    1   53.7386   0.385789    6.22124   37.0489     	Dead: 0
0    2   49.2597   0.38143     6.15094   34.9835     	Dead: 0
0    3   44.408    0.349687    5.63906   34.2089     	Dead: 0
0    4   40.2593   0.273895    4.41683   34.2089     	Dead: 0
0    5   37.6429   0.173457    2.79716   33.7264     	Dead: 0
0    6   36.3431   0.131468    2.12006   33.5817     	Dead: 0
0    7   35.7162   0.102484    1.65265   33.3316     	Dead: 0
0    8   35.4029   0.099376    1.60254   33.3316     	Dead: 0
0    9   35.1492   0.0863083   1.39181   33.2666     	Dead: 0
0    10  34.9595   0.0732737   1.18161   33.2666     	Dead: 0
0    11  34.9447   0.0803157   1.29517   33.2666     	Dead: 0
0    12  34.8188   0.079559    1.28297   33.2666     	Dead: 0
0    13  34.8051   0.0829829   1.33818   33.2226     	Dead: 0
0    14  34.7098   0.0821305   1.32444   33.2226     	Dead: 0
0    15  34.6718   0.0725544   1.17001   33.2226     	Dead: 0
0    16  34.6267   0.0687585   1.1088    33.2226     	Dead: 0
0    17  34.5608   0.0707757   1.14133   33.2226     	Dead: 0
0    18  34.5034   0.0671322   1.08257   33.1353     	Dead: 0
0    19  34.5753   0.0787243   1.26951   33.1353     	Dead: 0
0    20  34.5072   0.076711    1.23704   33.1353     	Dead: 0
0    21  34.4713   0.073366    1.1831    33.0012     	Dead: 0
0    22  34.4825   0.0727537   1.17323   33.0012     	Dead: 0
0    23  34.4856   0.0756991   1.22072   33.0012     	Dead: 0
0    24  34.4994   0.0708491   1.14251   33.0012     	Dead: 0
0    25  34.4526   0.0719345   1.16002   33.0012     	Dead: 0
0    26  34.4241   0.0684542   1.10389   33.0012     	Dead: 0
0    27  34.414    0.0736492   1.18767   33.0012     	Dead: 0
0    28  34.4238   0.0757278   1.22119   32.9398     	Dead: 0
0    29  34.3467   0.0662613   1.06853   32.9398     	Dead: 0
0    30  34.3826   0.0679577   1.09589   32.9398     	Dead: 0
0    31  34.4359   0.0735929   1.18676   32.9398     	Dead: 0
0    32  34.3233   0.0657619   1.06048   32.9398     	Dead: 0
0    33  34.3339   0.0672658   1.08473   32.9398     	Dead: 0
0    34  34.3492   0.0698642   1.12663   32.9398     	Dead: 0
0    35  34.2451   0.0592291   0.955129  32.9398     	Dead: 0
0    36  34.3119   0.0729735   1.17677   32.9398     	Dead: 0
0    37  34.2923   0.0688049   1.10955   32.9398     	Dead: 0
0    38  34.2919   0.0713392   1.15042   32.9398     	Dead: 0
0    39  34.3271   0.0733068   1.18215   32.9398     	Dead: 0
0    40  34.316    0.0711767   1.1478    32.7214     	Dead: 0
0    41  34.3508   0.0801576   1.29262   32.7214     	Dead: 0
0    42  34.2191   0.0680714   1.09772   32.7214     	Dead: 0
0    43  34.2921   0.0723891   1.16735   32.7214     	Dead: 0
0    44  34.2504   0.0651576   1.05073   32.7214     	Dead: 0
0    45  34.2735   0.068653    1.1071    32.7214     	Dead: 0
0    46  34.2976   0.074386    1.19955   32.7214     	Dead: 0
0    47  34.2908   0.0751677   1.21215   32.7214     	Dead: 0
0    48  34.2596   0.0755899   1.21896   32.7214     	Dead: 0
0    49  34.2051   0.0709437   1.14404   32.7214     	Dead: 0
0    50  34.228    0.0663178   1.06944   32.7214     	Dead: 0
0    51  34.1813   0.0623085   1.00479   32.7214     	Dead: 0
0    52  34.182    0.0643269   1.03733   32.7214     	Dead: 0
0    53  34.2309   0.0686423   1.10693   32.7214     	Dead: 0
0    54  34.2012   0.064837    1.04556   32.7214     	Dead: 0
0    55  34.2181   0.0638079   1.02897   32.7214     	Dead: 0
0    56  34.2248   0.0648094   1.04512   32.7214     	Dead: 0
0    57  34.26     0.0741      1.19494   32.7214     	Dead: 0
0    58  34.2358   0.0698566   1.12651   32.7214     	Dead: 0
0    59  34.1993   0.0663505   1.06997   32.7214     	Dead: 0
0    60  34.1942   0.0666207   1.07433   32.7214     	Dead: 0
0    61  34.2614   0.0761007   1.2272    32.7214     	Dead: 0
0    62  34.2111   0.0713263   1.15021   32.7214     	Dead: 0
0    63  34.1643   0.0664209   1.0711    32.7214     	Dead: 0
0    64  34.1947   0.0675495   1.0893    32.7214     	Dead: 0
0    65  34.1627   0.0667229   1.07597   32.7214     	Dead: 0
0    66  34.1622   0.0664812   1.07208   32.7214     	Dead: 0
0    67  34.1577   0.0691864   1.1157    32.7214     	Dead: 0
0    68  34.1395   0.0638921   1.03032   32.7214     	Dead: 0
0    69  34.2116   0.0696334   1.12291   32.7214     	Dead: 0
0    70  34.1264   0.0646405   1.04239   32.7214     	Dead: 0
0    71  34.1424   0.0645246   1.04052   32.7214     	Dead: 0
0    72  34.1566   0.0672506   1.08448   32.7214     	Dead: 0
0    73  34.1282   0.0619894   0.999641  32.7214     	Dead: 0
0    74  34.184    0.075949    1.22475   32.7214     	Dead: 0
0    75  34.1508   0.0650486   1.04897   32.7214     	Dead: 0
0    76  34.1505   0.0706434   1.13919   32.7214     	Dead: 0
0    77  34.1394   0.068138    1.09879   32.7214     	Dead: 0
0    78  34.1197   0.066807    1.07733   32.7214     	Dead: 0
0    79  34.1914   0.0723004   1.16592   32.7214     	Dead: 0
0    80  34.1553   0.0690975   1.11427   32.7214     	Dead: 0
0    81  34.1201   0.0682449   1.10052   32.7214     	Dead: 0
0    82  34.1263   0.0692244   1.11631   32.7214     	Dead: 0
0    83  34.1216   0.0673552   1.08617   32.7214     	Dead: 0
0    84  34.1371   0.0751997   1.21267   32.7214     	Dead: 0
0    85  34.0904   0.0659596   1.06366   32.7214     	Dead: 0
0    86  34.0874   0.0630102   1.0161    32.7214     	Dead: 0
0    87  34.1508   0.071868    1.15894   32.7214     	Dead: 0
0    88  34.1035   0.0651288   1.05027   32.7214     	Dead: 0
0    89  34.0854   0.0676267   1.09055   32.7214     	Dead: 0
0    90  34.0615   0.0633543   1.02165   32.7214     	Dead: 0
0    91  34.0876   0.0641604   1.03465   32.7214     	Dead: 0
0    92  34.1209   0.071142    1.14724   32.7214     	Dead: 0
0    93  34.0828   0.0647448   1.04407   32.7214     	Dead: 0
0    94  34.0686   0.0618431   0.997282  32.7214     	Dead: 0
0    95  34.0712   0.0649784   1.04784   32.7214     	Dead: 0
0    96  34.0653   0.0652398   1.05206   32.7214     	Dead: 0
0    97  34.0637   0.0632771   1.02041   32.7214     	Dead: 0
0    98  34.1176   0.0718604   1.15882   32.7214     	Dead: 0
0    99  34.1019   0.07091     1.14349   32.7214     	Dead: 0
0    100 34.0608   0.0617803   0.996269  32.7214     	Dead: 0
Done run 0 of 29

Beginning Run 1 of 29
Run  RI  Mean      95% CI      SD        Best    
1    0   58.9356   0.372208    6.00223   38.148      	Dead: 0
1    1   54.4416   0.38414     6.19464   37.7319     	Dead: 0
1    2   48.9244   0.371555    5.9917    35.8485     	Dead: 0
1    3   44.0134   0.320425    5.16718   34.089      	Dead: 0
1    4   40.5204   0.253381    4.08602   33.9372     	Dead: 0
1    5   37.8608   0.184684    2.97821   33.3907     	Dead: 0
1    6   36.4785   0.128198    2.06731   33.3907     	Dead: 0
1    7   35.8778   0.109388    1.76398   33.3907     	Dead: 0
1    8   35.6075   0.102801    1.65777   33.3907     	Dead: 0
1    9   35.2435   0.0820202   1.32266   33.3907     	Dead: 0
1    10  35.1219   0.0829598   1.33781   33.3907     	Dead: 0
1    11  35.0101   0.079387    1.2802    33.3907     	Dead: 0
1    12  35.0737   0.0970807   1.56552   33.3907     	Dead: 0
1    13  34.9205   0.0846238   1.36464   33.3439     	Dead: 0
1    14  34.7844   0.0726187   1.17105   33.2493     	Dead: 0
1    15  34.7261   0.0720366   1.16166   33.2492     	Dead: 0
1    16  34.6825   0.072674    1.17194   33.2492     	Dead: 0
1    17  34.6286   0.0695261   1.12118   33.2492     	Dead: 0
1    18  34.6355   0.0751115   1.21125   33.2492     	Dead: 0
1    19  34.5702   0.0702976   1.13362   33.2492     	Dead: 0
1    20  34.5713   0.076008    1.22571   33.0495     	Dead: 0
1    21  34.5048   0.0757756   1.22196   33.0495     	Dead: 0
1    22  34.5221   0.0752653   1.21373   32.9701     	Dead: 0
1    23  34.5089   0.0738169   1.19037   32.9701     	Dead: 0
1    24  34.4536   0.0769893   1.24153   32.9701     	Dead: 0
1    25  34.4085   0.0676078   1.09024   32.9701     	Dead: 0
1    26  34.4122   0.0680036   1.09663   32.9701     	Dead: 0
1    27  34.3825   0.0744127   1.19998   32.9701     	Dead: 0
1    28  34.386    0.074226    1.19697   32.9701     	Dead: 0
1    29  34.3608   0.0718044   1.15792   32.9701     	Dead: 0
1    30  34.3127   0.0673575   1.08621   32.9701     	Dead: 0
1    31  34.3477   0.0726012   1.17077   32.9701     	Dead: 0
1    32  34.2888   0.0668256   1.07763   32.9701     	Dead: 0
1    33  34.2952   0.067328    1.08573   32.9701     	Dead: 0
1    34  34.2452   0.0653249   1.05343   32.9701     	Dead: 0
1    35  34.227    0.0645667   1.0412    32.9701     	Dead: 0
1    36  34.2567   0.075143    1.21176   32.9701     	Dead: 0
1    37  34.2183   0.0638134   1.02906   32.9701     	Dead: 0
1    38  34.1811   0.0619182   0.998494  32.9701     	Dead: 0
1    39  34.2047   0.0731523   1.17965   32.9701     	Dead: 0
1    40  34.183    0.0623946   1.00617   32.9701     	Dead: 0
1    41  34.1833   0.0654793   1.05592   32.9701     	Dead: 0
1    42  34.1992   0.0693395   1.11817   32.8498     	Dead: 0
1    43  34.1577   0.0615575   0.992677  32.8498     	Dead: 0
1    44  34.202    0.0670241   1.08083   32.8498     	Dead: 0
1    45  34.1576   0.0668143   1.07745   32.8498     	Dead: 0
1    46  34.1219   0.0606457   0.977973  32.8498     	Dead: 0
1    47  34.1614   0.0657193   1.05979   32.8498     	Dead: 0
1    48  34.1408   0.0649771   1.04782   32.8498     	Dead: 0
1    49  34.0932   0.061567    0.99283   32.8498     	Dead: 0
1    50  34.0598   0.0566521   0.913571  32.8498     	Dead: 0
1    51  34.1279   0.0650289   1.04866   32.8498     	Dead: 0
1    52  34.0646   0.0604358   0.974588  32.8498     	Dead: 0
1    53  34.0426   0.0571454   0.921527  32.8498     	Dead: 0
1    54  34.0539   0.0634406   1.02304   32.8498     	Dead: 0
1    55  34.0129   0.056604    0.912797  32.8498     	Dead: 0
1    56  34.0285   0.0615476   0.992516  32.8498     	Dead: 0
1    57  34.0132   0.0554593   0.894337  32.8498     	Dead: 0
1    58  34.0703   0.0615255   0.99216   32.8498     	Dead: 0
1    59  34.0648   0.060826    0.98088   32.8498     	Dead: 0
1    60  34.0721   0.0647642   1.04439   32.8498     	Dead: 0
1    61  34.0322   0.0590377   0.952042  32.8498     	Dead: 0
1    62  34.0327   0.0598795   0.965616  32.8498     	Dead: 0
1    63  34.0253   0.0619386   0.998821  32.8498     	Dead: 0
1    64  34.0571   0.0667284   1.07606   32.8498     	Dead: 0
1    65  34.0513   0.0617185   0.995273  32.8498     	Dead: 0
1    66  34.0237   0.0594667   0.95896   32.8498     	Dead: 0
1    67  34.0839   0.0695739   1.12195   32.8498     	Dead: 0
1    68  34.0289   0.0619517   0.999034  32.8498     	Dead: 0
1    69  33.9688   0.0572079   0.922535  32.8498     	Dead: 0
1    70  33.9823   0.0584416   0.942429  32.8498     	Dead: 0
1    71  33.9964   0.0606737   0.978425  32.7835     	Dead: 0
1    72  33.9925   0.0599355   0.966519  32.7835     	Dead: 0
1    73  33.9699   0.058812    0.948403  32.7835     	Dead: 0
1    74  34.0131   0.065447    1.0554    32.7835     	Dead: 0
1    75  33.9789   0.0591491   0.953839  32.7835     	Dead: 0
1    76  33.9551   0.0557101   0.898381  32.7835     	Dead: 0
1    77  33.9846   0.059859    0.965286  32.7835     	Dead: 0
1    78  34.0222   0.0625157   1.00813   32.7835     	Dead: 0
1    79  33.9795   0.061687    0.994765  32.7835     	Dead: 0
1    80  33.9603   0.0599381   0.966562  32.7835     	Dead: 0
1    81  33.9401   0.058041    0.935969  32.7835     	Dead: 0
1    82  33.9497   0.0603138   0.972621  32.7835     	Dead: 0
1    83  33.9226   0.0546689   0.88159   32.7835     	Dead: 0
1    84  33.9716   0.0616268   0.993794  32.7835     	Dead: 0
1    85  33.9609   0.0612689   0.988022  32.7835     	Dead: 0
1    86  33.9405   0.0597835   0.964069  32.7835     	Dead: 0
1    87  33.901    0.0572834   0.923753  32.7835     	Dead: 0
1    88  33.8926   0.0552653   0.891208  32.7835     	Dead: 0
1    89  33.9256   0.0592104   0.954827  32.7835     	Dead: 0
1    90  33.936    0.0588118   0.9484    32.7835     	Dead: 0
1    91  33.9176   0.0581129   0.937129  32.7835     	Dead: 0
1    92  33.9282   0.059812    0.964528  32.7558     	Dead: 0
1    93  33.9015   0.0585639   0.944402  32.7558     	Dead: 0
1    94  33.9156   0.0593364   0.956859  32.7558     	Dead: 0
1    95  33.8461   0.0511939   0.825553  32.7558     	Dead: 0
1    96  33.8676   0.0558793   0.90111   32.7558     	Dead: 0
1    97  33.9031   0.063892    1.03032   32.7558     	Dead: 0
1    98  33.9152   0.0605613   0.976611  32.7558     	Dead: 0
1    99  33.8576   0.0551795   0.889824  32.7558     	Dead: 0
1    100 33.8488   0.0520381   0.839167  32.7558     	Dead: 0
Done run 1 of 29

Beginning Run 2 of 29
Run  RI  Mean      95% CI      SD        Best    
2    0   58.9091   0.386853    6.23839   39.0771     	Dead: 0
2    1   53.971    0.409794    6.60834   35.4072     	Dead: 0
2    2   48.3077   0.384451    6.19966   34.4554     	Dead: 0
2    3   43.6384   0.306887    4.94886   33.7072     	Dead: 0
2    4   40.4766   0.262923    4.2399    33.2354     	Dead: 0
2    5   38.1043   0.192626    3.10629   33.2354     	Dead: 0
2    6   36.7291   0.147832    2.38394   33.2354     	Dead: 0
2    7   35.8448   0.118045    1.90359   33.2354     	Dead: 0
2    8   35.3307   0.0954072   1.53854   33.2354     	Dead: 0
2    9   35.1411   0.0930745   1.50092   33.2354     	Dead: 0
2    10  35.0408   0.0951969   1.53514   33.1637     	Dead: 0
2    11  34.8812   0.0859056   1.38531   33.1637     	Dead: 0
2    12  34.7138   0.075997    1.22553   33.0769     	Dead: 0
2    13  34.753    0.0894751   1.44288   33.0769     	Dead: 0
2    14  34.6289   0.0770153   1.24195   33.0769     	Dead: 0
2    15  34.5748   0.0781982   1.26102   32.9516     	Dead: 0
2    16  34.5039   0.0729688   1.1767    32.9516     	Dead: 0
2    17  34.4848   0.0732901   1.18188   32.9516     	Dead: 0
2    18  34.4686   0.0707409   1.14077   32.9516     	Dead: 0
2    19  34.4971   0.0810413   1.30687   32.9516     	Dead: 0
2    20  34.5097   0.0864627   1.3943    32.9516     	Dead: 0
2    21  34.4725   0.0839912   1.35444   32.9516     	Dead: 0
2    22  34.4536   0.0808093   1.30313   32.9516     	Dead: 0
2    23  34.4209   0.0784433   1.26498   32.9516     	Dead: 0
2    24  34.3841   0.0813895   1.31249   32.9516     	Dead: 0
2    25  34.3194   0.076487    1.23343   32.945      	Dead: 0
2    26  34.3457   0.0782915   1.26253   32.945      	Dead: 0
2    27  34.355    0.0798831   1.28819   32.945      	Dead: 0
2    28  34.2855   0.0701074   1.13055   32.916      	Dead: 0
2    29  34.2528   0.0718055   1.15794   32.916      	Dead: 0
2    30  34.2876   0.0752106   1.21285   32.916      	Dead: 0
2    31  34.2727   0.0712878   1.14959   32.916      	Dead: 0
2    32  34.2634   0.071637    1.15522   32.916      	Dead: 0
2    33  34.2087   0.0674047   1.08697   32.916      	Dead: 0
2    34  34.1831   0.0668768   1.07845   32.822      	Dead: 0
2    35  34.2218   0.0739721   1.19287   32.822      	Dead: 0
2    36  34.1587   0.0671035   1.08211   32.822      	Dead: 0
2    37  34.1697   0.0699631   1.12822   32.822      	Dead: 0
2    38  34.2176   0.0765528   1.23449   32.822      	Dead: 0
2    39  34.1055   0.071537    1.15361   32.822      	Dead: 0
2    40  34.1087   0.0691983   1.11589   32.822      	Dead: 0
2    41  34.0783   0.0651357   1.05038   32.822      	Dead: 0
2    42  34.0482   0.063981    1.03176   32.822      	Dead: 0
2    43  34.0683   0.066345    1.06988   32.822      	Dead: 0
2    44  34.1066   0.0732427   1.18111   32.822      	Dead: 0
2    45  34.0275   0.0643811   1.03821   32.822      	Dead: 0
2    46  34.0384   0.0662749   1.06875   32.822      	Dead: 0
2    47  34.0693   0.0701185   1.13073   32.822      	Dead: 0
2    48  34.039    0.0679033   1.09501   32.822      	Dead: 0
2    49  34.0222   0.0677201   1.09205   32.822      	Dead: 0
2    50  33.9376   0.0612295   0.987386  32.822      	Dead: 0
2    51  33.9979   0.0679079   1.09508   32.822      	Dead: 0
2    52  34.0219   0.0718532   1.15871   32.822      	Dead: 0
2    53  34.0047   0.0701515   1.13126   32.822      	Dead: 0
2    54  33.9837   0.0695304   1.12125   32.822      	Dead: 0
2    55  33.9423   0.0637984   1.02881   32.822      	Dead: 0
2    56  33.9315   0.061563    0.992765  32.822      	Dead: 0
2    57  33.9279   0.0605606   0.9766    32.822      	Dead: 0
2    58  33.9118   0.0628001   1.01272   32.822      	Dead: 0
2    59  33.9376   0.0683645   1.10245   32.822      	Dead: 0
2    60  33.8884   0.0616979   0.994941  32.822      	Dead: 0
2    61  33.9329   0.0692594   1.11688   32.7853     	Dead: 0
2    62  33.8985   0.0650688   1.0493    32.7853     	Dead: 0
2    63  33.8932   0.064472    1.03967   32.7853     	Dead: 0
2    64  33.8577   0.0587305   0.947088  32.7853     	Dead: 0
2    65  33.8351   0.06154     0.992394  32.7853     	Dead: 0
2    66  33.9188   0.0670691   1.08156   32.7853     	Dead: 0
2    67  33.8489   0.0582438   0.939239  32.7853     	Dead: 0
2    68  33.8671   0.0615868   0.993148  32.7853     	Dead: 0
2    69  33.8314   0.0593751   0.957483  32.7853     	Dead: 0
2    70  33.8266   0.0652105   1.05158   32.7853     	Dead: 0
2    71  33.8587   0.0632698   1.02029   32.7853     	Dead: 0
2    72  33.8183   0.0593475   0.957038  32.7853     	Dead: 0
2    73  33.7976   0.0585901   0.944824  32.7853     	Dead: 0
2    74  33.7703   0.0564093   0.909657  32.7853     	Dead: 0
2    75  33.8172   0.0600773   0.968807  32.7853     	Dead: 0
2    76  33.8158   0.0640537   1.03293   32.7853     	Dead: 0
2    77  33.8222   0.0629099   1.01448   32.7853     	Dead: 0
2    78  33.8435   0.0636389   1.02624   32.7853     	Dead: 0
2    79  33.8353   0.0612725   0.98808   32.7831     	Dead: 0
2    80  33.841    0.0680648   1.09761   32.7831     	Dead: 0
2    81  33.8359   0.0735161   1.18552   32.7831     	Dead: 0
2    82  33.7428   0.0569407   0.918225  32.7351     	Dead: 0
2    83  33.7814   0.0616871   0.994767  32.7351     	Dead: 0
2    84  33.7393   0.0571494   0.921592  32.7351     	Dead: 0
2    85  33.7967   0.0652476   1.05218   32.6101     	Dead: 0
2    86  33.7885   0.0607583   0.979788  32.6101     	Dead: 0
2    87  33.7471   0.0597996   0.964329  32.6101     	Dead: 0
2    88  33.7287   0.0591588   0.953995  32.6101     	Dead: 0
2    89  33.7338   0.0569762   0.918798  32.6101     	Dead: 0
2    90  33.7602   0.0608943   0.981982  32.6101     	Dead: 0
2    91  33.719    0.0584488   0.942546  32.6101     	Dead: 0
2    92  33.739    0.0619532   0.999057  32.6101     	Dead: 0
2    93  33.7337   0.0574614   0.926622  32.6101     	Dead: 0
2    94  33.8092   0.0691071   1.11442   32.6101     	Dead: 0
2    95  33.7275   0.0601318   0.969686  32.6101     	Dead: 0
2    96  33.7277   0.0596933   0.962614  32.6101     	Dead: 0
2    97  33.7541   0.0608784   0.981725  32.6101     	Dead: 0
2    98  33.7231   0.0602686   0.971892  32.6101     	Dead: 0
2    99  33.7572   0.0648717   1.04612   32.6101     	Dead: 0
2    100 33.7159   0.0592808   0.955962  32.6101     	Dead: 0
Done run 2 of 29

Beginning Run 3 of 29
Run  RI  Mean      95% CI      SD        Best    
3    0   58.9598   0.375428    6.05415   37.3308     	Dead: 0
3    1   54.2399   0.390839    6.30267   36.0889     	Dead: 0
3    2   49.1421   0.360386    5.81159   35.2145     	Dead: 0
3    3   44.7535   0.308204    4.97009   33.8385     	Dead: 0
3    4   41.3685   0.268006    4.32187   33.8385     	Dead: 0
3    5   38.3752   0.199869    3.22308   33.7669     	Dead: 0
3    6   36.6019   0.142424    2.29674   33.5852     	Dead: 0
3    7   35.8267   0.120468    1.94266   33.5852     	Dead: 0
3    8   35.3315   0.0997568   1.60868   33.3251     	Dead: 0
3    9   35.1045   0.0896402   1.44554   33.2352     	Dead: 0
3    10  34.9564   0.0752414   1.21334   33.2352     	Dead: 0
3    11  34.9356   0.0818332   1.31964   33.2352     	Dead: 0
3    12  34.9088   0.0863746   1.39288   33.2352     	Dead: 0
3    13  34.7849   0.0849836   1.37045   33.2352     	Dead: 0
3    14  34.6903   0.0795929   1.28351   33.2352     	Dead: 0
3    15  34.6591   0.0744578   1.20071   33.2352     	Dead: 0
3    16  34.6743   0.0812961   1.31098   33.2352     	Dead: 0
3    17  34.6791   0.0904682   1.45889   33.0643     	Dead: 0
3    18  34.5524   0.0718061   1.15795   33.0643     	Dead: 0
3    19  34.5189   0.0737964   1.19004   33.0643     	Dead: 0
3    20  34.493    0.0736953   1.18841   33.0643     	Dead: 0
3    21  34.4729   0.0779937   1.25773   33.0643     	Dead: 0
3    22  34.5133   0.0781766   1.26068   33.0643     	Dead: 0
3    23  34.4137   0.0726544   1.17163   33.0643     	Dead: 0
3    24  34.3944   0.0684576   1.10395   33.0643     	Dead: 0
3    25  34.4168   0.071374    1.15098   33.0643     	Dead: 0
3    26  34.347    0.0671995   1.08366   33.0643     	Dead: 0
3    27  34.3627   0.0690789   1.11397   33.0643     	Dead: 0
3    28  34.3754   0.075557    1.21843   33.0643     	Dead: 0
3    29  34.3876   0.0796069   1.28374   33.0643     	Dead: 0
3    30  34.352    0.0755265   1.21794   33.0643     	Dead: 0
3    31  34.3454   0.0740495   1.19412   33.0643     	Dead: 0
3    32  34.2901   0.0707328   1.14064   33.0643     	Dead: 0
3    33  34.3245   0.0775096   1.24992   33.0062     	Dead: 0
3    34  34.2991   0.0755143   1.21774   32.891      	Dead: 0
3    35  34.3116   0.0760722   1.22674   32.891      	Dead: 0
3    36  34.2847   0.0750404   1.2101    32.891      	Dead: 0
3    37  34.2854   0.0742868   1.19795   32.891      	Dead: 0
3    38  34.2601   0.0753761   1.21551   32.891      	Dead: 0
3    39  34.278    0.0730704   1.17833   32.891      	Dead: 0
3    40  34.3091   0.074576    1.20261   32.891      	Dead: 0
3    41  34.2518   0.0665247   1.07278   32.891      	Dead: 0
3    42  34.2203   0.0679308   1.09545   32.891      	Dead: 0
3    43  34.2409   0.0696823   1.1237    32.891      	Dead: 0
3    44  34.2971   0.0785342   1.26644   32.891      	Dead: 0
3    45  34.1905   0.0676102   1.09028   32.891      	Dead: 0
3    46  34.1681   0.0654776   1.05589   32.891      	Dead: 0
3    47  34.1888   0.0693146   1.11777   32.891      	Dead: 0
3    48  34.2176   0.0710916   1.14642   32.891      	Dead: 0
3    49  34.2229   0.0727944   1.17388   32.891      	Dead: 0
3    50  34.159    0.065849    1.06188   32.891      	Dead: 0
3    51  34.1597   0.0741402   1.19558   32.891      	Dead: 0
3    52  34.1531   0.0674246   1.08729   32.891      	Dead: 0
3    53  34.1856   0.0708366   1.14231   32.891      	Dead: 0
3    54  34.1728   0.0754344   1.21646   32.891      	Dead: 0
3    55  34.2222   0.0796813   1.28494   32.891      	Dead: 0
3    56  34.19     0.069153    1.11516   32.891      	Dead: 0
3    57  34.1336   0.0631906   1.01901   32.891      	Dead: 0
3    58  34.119    0.0673204   1.08561   32.891      	Dead: 0
3    59  34.1155   0.0725271   1.16957   32.8306     	Dead: 0
3    60  34.0574   0.0615964   0.993303  32.8306     	Dead: 0
3    61  34.0683   0.0675071   1.08862   32.8306     	Dead: 0
3    62  34.0845   0.0695824   1.12209   32.8306     	Dead: 0
3    63  34.1012   0.0720932   1.16257   32.8306     	Dead: 0
3    64  34.0468   0.064933    1.04711   32.8306     	Dead: 0
3    65  34.076    0.070673    1.13967   32.8306     	Dead: 0
3    66  34.0476   0.0656262   1.05829   32.8306     	Dead: 0
3    67  34.0342   0.0623621   1.00565   32.8306     	Dead: 0
3    68  34.0378   0.0638886   1.03027   32.8306     	Dead: 0
3    69  34.0312   0.0644479   1.03929   32.8306     	Dead: 0
3    70  34.0944   0.0718313   1.15835   32.8306     	Dead: 0
3    71  34.0531   0.0640912   1.03353   32.8306     	Dead: 0
3    72  34.0092   0.0648416   1.04564   32.8306     	Dead: 0
3    73  34.0554   0.0693846   1.1189    32.8306     	Dead: 0
3    74  34.0581   0.0707637   1.14114   32.8306     	Dead: 0
3    75  33.9802   0.0600381   0.968174  32.8306     	Dead: 0
3    76  34.009    0.0611627   0.986309  32.8306     	Dead: 0
3    77  33.9909   0.0624641   1.0073    32.8066     	Dead: 0
3    78  34.0105   0.0655961   1.0578    32.8066     	Dead: 0
3    79  34.0578   0.0723408   1.16657   32.8066     	Dead: 0
3    80  34.0034   0.0645858   1.04151   32.8066     	Dead: 0
3    81  34.0411   0.0710844   1.14631   32.8066     	Dead: 0
3    82  34.0669   0.0714926   1.15289   32.7769     	Dead: 0
3    83  34.0099   0.0663327   1.06968   32.7769     	Dead: 0
3    84  33.977    0.0636626   1.02662   32.7769     	Dead: 0
3    85  33.9873   0.0686088   1.10639   32.7769     	Dead: 0
3    86  34.0224   0.0736635   1.1879    32.7769     	Dead: 0
3    87  33.9999   0.0702116   1.13223   32.7769     	Dead: 0
3    88  33.9604   0.0634063   1.02249   32.7769     	Dead: 0
3    89  33.9651   0.0641363   1.03426   32.7769     	Dead: 0
3    90  33.9047   0.0603956   0.97394   32.7769     	Dead: 0
3    91  33.9143   0.0625657   1.00893   32.7769     	Dead: 0
3    92  33.9252   0.0594265   0.958312  32.7769     	Dead: 0
3    93  33.9596   0.0675618   1.0895    32.7769     	Dead: 0
3    94  33.9287   0.0587458   0.947334  32.7769     	Dead: 0
3    95  33.9591   0.0621352   1.00199   32.7769     	Dead: 0
3    96  33.9371   0.0648216   1.04531   32.7769     	Dead: 0
3    97  33.8844   0.0576586   0.929803  32.7769     	Dead: 0
3    98  33.9314   0.060933    0.982606  32.7769     	Dead: 0
3    99  33.9281   0.0639837   1.0318    32.7769     	Dead: 0
3    100 33.923    0.0648759   1.04619   32.7769     	Dead: 0
Done run 3 of 29

Beginning Run 4 of 29
Run  RI  Mean      95% CI      SD        Best    
4    0   58.8177   0.389691    6.28415   38.2629     	Dead: 0
4    1   54.14     0.395152    6.37222   36.1036     	Dead: 0
4    2   49.266    0.377446    6.0867    35.7282     	Dead: 0
4    3   44.5845   0.3288      5.30224   34.3097     	Dead: 0
4    4   41.2128   0.265105    4.27508   34.0289     	Dead: 0
4    5   38.6731   0.211012    3.40277   33.5413     	Dead: 0
4    6   37.0585   0.165663    2.67149   33.5413     	Dead: 0
4    7   36.0222   0.116292    1.87532   33.5261     	Dead: 0
4    8   35.5399   0.0987238   1.59202   33.5089     	Dead: 0
4    9   35.3356   0.0976996   1.5755    33.466      	Dead: 0
4    10  35.1163   0.0866846   1.39788   33.4272     	Dead: 0
4    11  34.9274   0.0778043   1.25467   33.4272     	Dead: 0
4    12  34.8796   0.0831291   1.34054   33.3722     	Dead: 0
4    13  34.7572   0.0743376   1.19877   33.2087     	Dead: 0
4    14  34.7017   0.0736528   1.18772   33.1345     	Dead: 0
4    15  34.6768   0.0738647   1.19114   33.1345     	Dead: 0
4    16  34.7229   0.0838588   1.35231   33.1066     	Dead: 0
4    17  34.6321   0.0770499   1.24251   33.1066     	Dead: 0
4    18  34.5692   0.0732656   1.18148   33.1066     	Dead: 0
4    19  34.5289   0.0706451   1.13922   33.1066     	Dead: 0
4    20  34.4962   0.0659346   1.06326   33.1066     	Dead: 0
4    21  34.4817   0.0680675   1.09766   33.1066     	Dead: 0
4    22  34.5194   0.0746095   1.20315   33.1066     	Dead: 0
4    23  34.4959   0.0723667   1.16699   33.1066     	Dead: 0
4    24  34.4507   0.0688605   1.11045   33.1066     	Dead: 0
4    25  34.4352   0.067462    1.08789   33.1066     	Dead: 0
4    26  34.4266   0.0690185   1.11299   33.1066     	Dead: 0
4    27  34.4299   0.0739952   1.19325   33.0508     	Dead: 0
4    28  34.446    0.0747127   1.20482   33.0508     	Dead: 0
4    29  34.3853   0.0666629   1.07501   33.0508     	Dead: 0
4    30  34.402    0.0691559   1.11521   33.0508     	Dead: 0
4    31  34.3973   0.0730619   1.1782    33.0508     	Dead: 0
4    32  34.354    0.0656998   1.05947   33.0508     	Dead: 0
4    33  34.3453   0.066736    1.07618   33.0508     	Dead: 0
4    34  34.3943   0.0751113   1.21125   33.0508     	Dead: 0
4    35  34.3287   0.0721064   1.16279   33.0508     	Dead: 0
4    36  34.3341   0.0682752   1.10101   33.0508     	Dead: 0
4    37  34.2727   0.0609916   0.98355   33.0508     	Dead: 0
4    38  34.2492   0.060559    0.976574  33.0508     	Dead: 0
4    39  34.2944   0.0669018   1.07886   33.0508     	Dead: 0
4    40  34.3154   0.0678365   1.09393   33.0508     	Dead: 0
4    41  34.245    0.0645299   1.04061   33.0508     	Dead: 0
4    42  34.1701   0.0563545   0.908772  33.0508     	Dead: 0
4    43  34.1942   0.0640938   1.03358   33.0508     	Dead: 0
4    44  34.1723   0.0605926   0.977116  33.0508     	Dead: 0
4    45  34.2141   0.0672753   1.08488   33.0508     	Dead: 0
4    46  34.2181   0.0687409   1.10852   33.0508     	Dead: 0
4    47  34.226    0.0694468   1.1199    33.0508     	Dead: 0
4    48  34.1958   0.0651258   1.05022   33.0508     	Dead: 0
4    49  34.1746   0.0619551   0.999087  33.0508     	Dead: 0
4    50  34.1934   0.0674717   1.08805   33.0508     	Dead: 0
4    51  34.1632   0.0633107   1.02095   33.0173     	Dead: 0
4    52  34.166    0.061053    0.984541  33.0173     	Dead: 0
4    53  34.1365   0.0632679   1.02026   33.0173     	Dead: 0
4    54  34.1707   0.0640643   1.0331    33.0173     	Dead: 0
4    55  34.1948   0.0645205   1.04046   33.0173     	Dead: 0
4    56  34.205    0.0691838   1.11566   32.9341     	Dead: 0
4    57  34.165    0.0660214   1.06466   32.8474     	Dead: 0
4    58  34.1252   0.058129    0.937388  32.8474     	Dead: 0
4    59  34.1148   0.0631195   1.01787   32.8474     	Dead: 0
4    60  34.1361   0.0637114   1.02741   32.8474     	Dead: 0
4    61  34.1317   0.0624777   1.00752   32.8474     	Dead: 0
4    62  34.1345   0.06178     0.996265  32.8474     	Dead: 0
4    63  34.1537   0.0657579   1.06041   32.8474     	Dead: 0
4    64  34.1323   0.061539    0.992378  32.8474     	Dead: 0
4    65  34.1114   0.0608802   0.981754  32.8474     	Dead: 0
4    66  34.182    0.071701    1.15625   32.8474     	Dead: 0
4    67  34.0741   0.0610024   0.983724  32.8474     	Dead: 0
4    68  34.0645   0.0584799   0.943046  32.8474     	Dead: 0
4    69  34.0739   0.0587404   0.947248  32.8474     	Dead: 0
4    70  34.1159   0.063761    1.02821   32.8474     	Dead: 0
4    71  34.0815   0.058591    0.944838  32.8474     	Dead: 0
4    72  34.0631   0.0591036   0.953104  32.8474     	Dead: 0
4    73  34.0322   0.0548915   0.88518   32.8474     	Dead: 0
4    74  34.0704   0.0615304   0.99224   32.8474     	Dead: 0
4    75  34.0581   0.058927    0.950258  32.8474     	Dead: 0
4    76  34.0376   0.0580629   0.936323  32.8474     	Dead: 0
4    77  34.0652   0.064169    1.03479   32.8474     	Dead: 0
4    78  34.0772   0.0688129   1.10968   32.8474     	Dead: 0
4    79  34.0607   0.0698791   1.12687   32.8474     	Dead: 0
4    80  34.0689   0.060091    0.969027  32.8474     	Dead: 0
4    81  34.0958   0.0637077   1.02735   32.8474     	Dead: 0
4    82  34.0741   0.0644072   1.03863   32.8474     	Dead: 0
4    83  34.0618   0.0612759   0.988135  32.8474     	Dead: 0
4    84  34.0726   0.0607457   0.979586  32.8474     	Dead: 0
4    85  34.0579   0.0598911   0.965804  32.8474     	Dead: 0
4    86  34.071    0.062552    1.00871   32.8474     	Dead: 0
4    87  33.9913   0.054675    0.881688  32.8474     	Dead: 0
4    88  34.0216   0.0586411   0.945646  32.8474     	Dead: 0
4    89  34.004    0.0583187   0.940448  32.8474     	Dead: 0
4    90  34.0148   0.0584395   0.942395  32.8474     	Dead: 0
4    91  33.9799   0.0565259   0.911536  32.8474     	Dead: 0
4    92  33.9601   0.0566824   0.91406   32.8474     	Dead: 0
4    93  33.968    0.0574609   0.926614  32.8474     	Dead: 0
4    94  33.9555   0.0546596   0.881441  32.8474     	Dead: 0
4    95  33.9735   0.0557523   0.899062  32.8474     	Dead: 0
4    96  34.0117   0.0617782   0.996236  32.8474     	Dead: 0
4    97  34.0008   0.0615224   0.992111  32.8474     	Dead: 0
4    98  33.9851   0.0571218   0.921146  32.8474     	Dead: 0
4    99  33.9976   0.0574034   0.925687  32.8474     	Dead: 0
4    100 33.978    0.057757    0.931389  32.8474     	Dead: 0
Done run 4 of 29

Beginning Run 5 of 29
Run  RI  Mean      95% CI      SD        Best    
5    0   58.7359   0.387672    6.2516    38.8355     	Dead: 0
5    1   54.0452   0.39031     6.29414   36.4585     	Dead: 0
5    2   49.6202   0.390918    6.30395   34.5802     	Dead: 0
5    3   44.7494   0.336338    5.42379   34.5802     	Dead: 0
5    4   40.5622   0.262943    4.24021   33.5545     	Dead: 0
5    5   37.8476   0.176194    2.8413    33.5545     	Dead: 0
5    6   36.6508   0.145374    2.3443    33.4103     	Dead: 0
5    7   36.054    0.121134    1.95341   33.2622     	Dead: 0
5    8   35.7377   0.116837    1.88412   33.2622     	Dead: 0
5    9   35.5014   0.112285    1.81071   33.2622     	Dead: 0
5    10  35.3534   0.104783    1.68973   33.2622     	Dead: 0
5    11  35.2088   0.104984    1.69297   33.2622     	Dead: 0
5    12  35.0928   0.0857964   1.38355   33.2622     	Dead: 0
5    13  35.0032   0.0958435   1.54557   33.2622     	Dead: 0
5    14  34.9958   0.101644    1.63911   33.2622     	Dead: 0
5    15  34.9201   0.0958437   1.54558   33.2622     	Dead: 0
5    16  34.8709   0.0864037   1.39335   33.2622     	Dead: 0
5    17  34.8306   0.0870655   1.40402   33.2622     	Dead: 0
5    18  34.7887   0.092747    1.49564   33.2622     	Dead: 0
5    19  34.7567   0.0867015   1.39815   33.2622     	Dead: 0
5    20  34.7049   0.0812599   1.3104    33.2622     	Dead: 0
5    21  34.6598   0.0781575   1.26037   33.2495     	Dead: 0
5    22  34.7051   0.0978762   1.57835   33.0045     	Dead: 0
5    23  34.6677   0.0915302   1.47602   33.0045     	Dead: 0
5    24  34.5909   0.0772102   1.24509   33.0045     	Dead: 0
5    25  34.5715   0.0791031   1.27562   33.0045     	Dead: 0
5    26  34.5071   0.0709948   1.14486   33.0045     	Dead: 0
5    27  34.553    0.0833481   1.34407   33.0045     	Dead: 0
5    28  34.534    0.080322    1.29527   33.0045     	Dead: 0
5    29  34.5324   0.082981    1.33815   33.0045     	Dead: 0
5    30  34.4425   0.0717816   1.15755   33.0045     	Dead: 0
5    31  34.3854   0.0683076   1.10153   32.9863     	Dead: 0
5    32  34.4234   0.0748914   1.2077    32.9863     	Dead: 0
5    33  34.3897   0.0765131   1.23385   32.9863     	Dead: 0
5    34  34.3626   0.0696622   1.12337   32.9863     	Dead: 0
5    35  34.377    0.0824562   1.32969   32.9863     	Dead: 0
5    36  34.3046   0.0692143   1.11615   32.9863     	Dead: 0
5    37  34.24     0.0661758   1.06715   32.9863     	Dead: 0
5    38  34.2234   0.0659847   1.06407   32.9562     	Dead: 0
5    39  34.228    0.068072    1.09773   32.9562     	Dead: 0
5    40  34.2225   0.0665716   1.07353   32.9562     	Dead: 0
5    41  34.1592   0.0668099   1.07738   32.9562     	Dead: 0
5    42  34.1416   0.0656745   1.05907   32.9562     	Dead: 0
5    43  34.1828   0.0744606   1.20075   32.9562     	Dead: 0
5    44  34.1101   0.0606678   0.978329  32.9562     	Dead: 0
5    45  34.0909   0.062081    1.00112   32.9562     	Dead: 0
5    46  34.1207   0.0671235   1.08243   32.9562     	Dead: 0
5    47  34.1888   0.0743121   1.19836   32.9562     	Dead: 0
5    48  34.0777   0.0634207   1.02272   32.9562     	Dead: 0
5    49  34.0849   0.0682      1.09979   32.9562     	Dead: 0
5    50  34.0774   0.0707884   1.14153   32.9562     	Dead: 0
5    51  34.0456   0.0646831   1.04308   32.9562     	Dead: 0
5    52  34.0227   0.0641256   1.03409   32.9562     	Dead: 0
5    53  33.9739   0.0624581   1.0072    32.9562     	Dead: 0
5    54  34.0345   0.06808     1.09786   32.9562     	Dead: 0
5    55  33.9863   0.0610277   0.984132  32.9505     	Dead: 0
5    56  34.0262   0.0708814   1.14303   32.9036     	Dead: 0
5    57  33.9037   0.0585911   0.94484   32.8291     	Dead: 0
5    58  33.948    0.066963    1.07985   32.8241     	Dead: 0
5    59  33.9614   0.0668071   1.07733   32.8241     	Dead: 0
5    60  33.9327   0.0605509   0.976445  32.8241     	Dead: 0
5    61  33.9101   0.0599708   0.967089  32.8241     	Dead: 0
5    62  33.8289   0.0497538   0.80233   32.8241     	Dead: 0
5    63  33.8598   0.056465    0.910555  32.8241     	Dead: 0
5    64  33.8717   0.0636366   1.0262    32.8241     	Dead: 0
5    65  33.8468   0.0629932   1.01583   32.8241     	Dead: 0
5    66  33.8445   0.0622893   1.00448   32.8241     	Dead: 0
5    67  33.822    0.0573512   0.924846  32.7831     	Dead: 0
5    68  33.8464   0.0627668   1.01218   32.7831     	Dead: 0
5    69  33.7844   0.0587215   0.946943  32.7831     	Dead: 0
5    70  33.8028   0.0616815   0.994676  32.7831     	Dead: 0
5    71  33.7865   0.0587467   0.947349  32.7831     	Dead: 0
5    72  33.7395   0.0568195   0.916272  32.7831     	Dead: 0
5    73  33.7794   0.0558852   0.901205  32.7831     	Dead: 0
5    74  33.7397   0.0514308   0.829373  32.7457     	Dead: 0
5    75  33.7427   0.0572334   0.922946  32.7457     	Dead: 0
5    76  33.7775   0.0621144   1.00166   32.6278     	Dead: 0
5    77  33.742    0.0577966   0.932029  32.6278     	Dead: 0
5    78  33.7672   0.0611474   0.986063  32.6278     	Dead: 0
5    79  33.7714   0.0638191   1.02915   32.6278     	Dead: 0
5    80  33.7489   0.0587215   0.946942  32.6278     	Dead: 0
5    81  33.6983   0.055577    0.896234  32.6278     	Dead: 0
5    82  33.7331   0.0618406   0.997242  32.6278     	Dead: 0
5    83  33.7078   0.0584332   0.942294  32.6278     	Dead: 0
5    84  33.6627   0.0531282   0.856745  32.6278     	Dead: 0
5    85  33.6985   0.0549172   0.885595  32.6278     	Dead: 0
5    86  33.6789   0.0564573   0.91043   32.6278     	Dead: 0
5    87  33.6673   0.0564342   0.910058  32.6278     	Dead: 0
5    88  33.684    0.0558256   0.900243  32.6278     	Dead: 0
5    89  33.671    0.0577427   0.931159  32.6278     	Dead: 0
5    90  33.6606   0.0524791   0.846278  32.6278     	Dead: 0
5    91  33.6522   0.054501    0.878883  32.6278     	Dead: 0
5    92  33.6646   0.057189    0.92223   32.6278     	Dead: 0
5    93  33.6793   0.0559138   0.901665  32.6278     	Dead: 0
5    94  33.6126   0.0500369   0.806895  32.6278     	Dead: 0
5    95  33.6151   0.053855    0.868465  32.6278     	Dead: 0
5    96  33.6669   0.0567984   0.915931  32.6278     	Dead: 0
5    97  33.6018   0.0510313   0.82293   32.6278     	Dead: 0
5    98  33.6661   0.0621186   1.00173   32.6278     	Dead: 0
5    99  33.6616   0.0547887   0.883523  32.6278     	Dead: 0
5    100 33.6183   0.0539183   0.869486  32.6278     	Dead: 0
Done run 5 of 29

Beginning Run 6 of 29
Run  RI  Mean      95% CI      SD        Best    
6    0   59.3247   0.379269    6.11609   38.6555     	Dead: 0
6    1   54.3066   0.396489    6.39378   38.5256     	Dead: 0
6    2   48.754    0.381438    6.15107   34.9318     	Dead: 0
6    3   43.957    0.313081    5.04875   34.3876     	Dead: 0
6    4   40.3143   0.238466    3.8455    33.8991     	Dead: 0
6    5   38.0914   0.184748    2.97925   33.371      	Dead: 0
6    6   36.5511   0.133386    2.15098   33.371      	Dead: 0
6    7   35.7329   0.111204    1.79327   33.2887     	Dead: 0
6    8   35.3085   0.0940715   1.517     33.2208     	Dead: 0
6    9   35.0477   0.0942495   1.51987   33.2208     	Dead: 0
6    10  34.9294   0.0900546   1.45222   33.2208     	Dead: 0
6    11  34.8793   0.0896135   1.44511   33.2208     	Dead: 0
6    12  34.6593   0.0761005   1.2272    33.2208     	Dead: 0
6    13  34.5772   0.0728068   1.17408   33.0559     	Dead: 0
6    14  34.5066   0.070835    1.14228   33.0559     	Dead: 0
6    15  34.4628   0.0675307   1.089     33.0559     	Dead: 0
6    16  34.4298   0.0677297   1.09221   33.0174     	Dead: 0
6    17  34.3961   0.0696646   1.12341   33.0174     	Dead: 0
6    18  34.3834   0.073302    1.18207   33.0174     	Dead: 0
6    19  34.3434   0.0630317   1.01645   33.0174     	Dead: 0
6    20  34.3865   0.0705745   1.13808   32.9739     	Dead: 0
6    21  34.4295   0.0777388   1.25362   32.9172     	Dead: 0
6    22  34.3326   0.0675236   1.08889   32.9172     	Dead: 0
6    23  34.3349   0.0696337   1.12291   32.9172     	Dead: 0
6    24  34.33     0.0692692   1.11704   32.9172     	Dead: 0
6    25  34.3114   0.0650017   1.04822   32.9172     	Dead: 0
6    26  34.2765   0.0671551   1.08294   32.9172     	Dead: 0
6    27  34.2739   0.065726    1.0599    32.9172     	Dead: 0
6    28  34.2745   0.0675157   1.08876   32.9172     	Dead: 0
6    29  34.2585   0.0670474   1.08121   32.9172     	Dead: 0
6    30  34.2342   0.0637556   1.02812   32.9172     	Dead: 0
6    31  34.2194   0.06673     1.07609   32.9172     	Dead: 0
6    32  34.2277   0.0686604   1.10722   32.9172     	Dead: 0
6    33  34.242    0.0719138   1.15968   32.9172     	Dead: 0
6    34  34.212    0.0708672   1.1428    32.9172     	Dead: 0
6    35  34.2116   0.0684714   1.10417   32.9172     	Dead: 0
6    36  34.2117   0.0667226   1.07597   32.9172     	Dead: 0
6    37  34.2166   0.0659418   1.06338   32.9172     	Dead: 0
6    38  34.2393   0.0742241   1.19694   32.9172     	Dead: 0
6    39  34.1838   0.0688728   1.11064   32.9172     	Dead: 0
6    40  34.1983   0.0678512   1.09417   32.9172     	Dead: 0
6    41  34.2175   0.0715526   1.15386   32.9172     	Dead: 0
6    42  34.2013   0.0668867   1.07861   32.9172     	Dead: 0
6    43  34.203    0.0674251   1.0873    32.9172     	Dead: 0
6    44  34.1697   0.0658062   1.06119   32.9172     	Dead: 0
6    45  34.1776   0.0685083   1.10476   32.9172     	Dead: 0
6    46  34.1654   0.0682361   1.10038   32.9172     	Dead: 0
6    47  34.1278   0.0607847   0.980214  32.9172     	Dead: 0
6    48  34.1663   0.0723406   1.16656   32.9172     	Dead: 0
6    49  34.1144   0.0627951   1.01263   32.8806     	Dead: 0
6    50  34.1524   0.0685163   1.10489   32.8806     	Dead: 0
6    51  34.11     0.0635      1.024     32.8806     	Dead: 0
6    52  34.136    0.0718294   1.15832   32.8806     	Dead: 0
6    53  34.1447   0.0698619   1.12659   32.8806     	Dead: 0
6    54  34.1007   0.0644515   1.03934   32.8806     	Dead: 0
6    55  34.1258   0.0677265   1.09216   32.8806     	Dead: 0
6    56  34.1386   0.0696082   1.1225    32.8806     	Dead: 0
6    57  34.1036   0.0680128   1.09678   32.8806     	Dead: 0
6    58  34.14     0.0715074   1.15313   32.8806     	Dead: 0
6    59  34.1114   0.0652864   1.05281   32.8806     	Dead: 0
6    60  34.0889   0.0655023   1.05629   32.8806     	Dead: 0
6    61  34.0982   0.0689201   1.11141   32.8806     	Dead: 0
6    62  34.0635   0.0623225   1.00501   32.8806     	Dead: 0
6    63  34.1118   0.069522    1.12111   32.8806     	Dead: 0
6    64  34.0723   0.0655877   1.05767   32.8806     	Dead: 0
6    65  34.067    0.0632758   1.02039   32.8806     	Dead: 0
6    66  34.1064   0.0686033   1.1063    32.8806     	Dead: 0
6    67  34.038    0.0589201   0.950146  32.8195     	Dead: 0
6    68  34.0388   0.0617947   0.996502  32.8195     	Dead: 0
6    69  34.0833   0.0715406   1.15366   32.8195     	Dead: 0
6    70  34.0888   0.0661349   1.06649   32.8195     	Dead: 0
6    71  34.0388   0.0611614   0.986289  32.8195     	Dead: 0
6    72  34.0492   0.0645553   1.04102   32.8195     	Dead: 0
6    73  34.0871   0.0700781   1.13008   32.8195     	Dead: 0
6    74  34.0803   0.0699111   1.12739   32.8195     	Dead: 0
6    75  34.0485   0.0681324   1.0987    32.8195     	Dead: 0
6    76  34.0962   0.0733785   1.1833    32.8195     	Dead: 0
6    77  34.0387   0.0604696   0.975134  32.8195     	Dead: 0
6    78  34.0688   0.0635233   1.02438   32.8195     	Dead: 0
6    79  34.0424   0.0629134   1.01454   32.8195     	Dead: 0
6    80  34.0317   0.0656116   1.05805   32.8195     	Dead: 0
6    81  34.0653   0.0668182   1.07751   32.8195     	Dead: 0
6    82  34.0343   0.0660376   1.06492   32.8195     	Dead: 0
6    83  34.0239   0.0594519   0.958721  32.8195     	Dead: 0
6    84  34.0673   0.0656026   1.05791   32.8195     	Dead: 0
6    85  34.0349   0.0663741   1.07035   32.8195     	Dead: 0
6    86  34.0721   0.0710095   1.1451    32.8195     	Dead: 0
6    87  34.0796   0.0663046   1.06923   32.8195     	Dead: 0
6    88  34.0609   0.0664554   1.07166   32.8195     	Dead: 0
6    89  34.0271   0.0638889   1.03027   32.8195     	Dead: 0
6    90  34.0378   0.0663924   1.07064   32.8195     	Dead: 0
6    91  34.0071   0.0622239   1.00342   32.8195     	Dead: 0
6    92  34.0053   0.0612966   0.988468  32.8195     	Dead: 0
6    93  33.99     0.0571139   0.921019  32.8195     	Dead: 0
6    94  33.9927   0.0622725   1.00421   32.8195     	Dead: 0
6    95  34.0212   0.0663239   1.06954   32.8195     	Dead: 0
6    96  34.0344   0.0679521   1.0958    32.8195     	Dead: 0
6    97  33.999    0.0614486   0.99092   32.8195     	Dead: 0
6    98  34.0202   0.0702972   1.13361   32.8195     	Dead: 0
6    99  33.9976   0.0646118   1.04193   32.8195     	Dead: 0
6    100 33.9807   0.0622397   1.00368   32.8195     	Dead: 0
Done run 6 of 29

Beginning Run 7 of 29
Run  RI  Mean      95% CI      SD        Best    
7    0   59.0022   0.384221    6.19595   37.5683     	Dead: 0
7    1   54.4945   0.412607    6.6537    35.6325     	Dead: 0
7    2   48.9146   0.380397    6.13429   35.0434     	Dead: 0
7    3   44.3629   0.327413    5.27986   34.2553     	Dead: 0
7    4   41.0366   0.275478    4.44235   33.9726     	Dead: 0
7    5   38.6392   0.215044    3.4678    33.3054     	Dead: 0
7    6   36.9981   0.156027    2.51609   33.2163     	Dead: 0
7    7   36.0901   0.124548    2.00846   33.2163     	Dead: 0
7    8   35.566    0.105512    1.70148   33.2163     	Dead: 0
7    9   35.2876   0.0967112   1.55957   33.2163     	Dead: 0
7    10  35.1676   0.101499    1.63677   33.1706     	Dead: 0
7    11  35.0077   0.0863875   1.39309   33.1122     	Dead: 0
7    12  34.8984   0.0821517   1.32478   33.1122     	Dead: 0
7    13  34.8194   0.0820209   1.32267   33.1122     	Dead: 0
7    14  34.7771   0.0813744   1.31224   33.1122     	Dead: 0
7    15  34.8078   0.0897988   1.4481    33.1122     	Dead: 0
7    16  34.6898   0.0847913   1.36734   33.1122     	Dead: 0
7    17  34.7061   0.0791486   1.27635   33.1122     	Dead: 0
7    18  34.6957   0.0835717   1.34768   33.1122     	Dead: 0
7    19  34.6563   0.0836621   1.34914   33.1122     	Dead: 0
7    20  34.6457   0.0886329   1.42929   33.1122     	Dead: 0
7    21  34.6093   0.0858097   1.38377   33.1122     	Dead: 0
7    22  34.6105   0.0870921   1.40445   33.1122     	Dead: 0
7    23  34.5664   0.0835693   1.34764   33.0915     	Dead: 0
7    24  34.501    0.0807377   1.30198   33.0915     	Dead: 0
7    25  34.5325   0.0821766   1.32518   33.0915     	Dead: 0
7    26  34.5348   0.0816765   1.31711   33.0915     	Dead: 0
7    27  34.4967   0.0779422   1.2569    33.0915     	Dead: 0
7    28  34.4125   0.0700276   1.12927   33.0915     	Dead: 0
7    29  34.41     0.0733001   1.18204   33.0915     	Dead: 0
7    30  34.419    0.0760832   1.22692   33.0915     	Dead: 0
7    31  34.4769   0.0874437   1.41012   33.0915     	Dead: 0
7    32  34.4179   0.0764365   1.23261   33.0915     	Dead: 0
7    33  34.4093   0.07509     1.2109    33.0771     	Dead: 0
7    34  34.3676   0.0750848   1.21082   32.9036     	Dead: 0
7    35  34.3538   0.0710737   1.14613   32.9036     	Dead: 0
7    36  34.3093   0.0659616   1.0637    32.9036     	Dead: 0
7    37  34.3256   0.0707735   1.14129   32.9036     	Dead: 0
7    38  34.344    0.0744777   1.20103   32.9036     	Dead: 0
7    39  34.3496   0.0713989   1.15138   32.9036     	Dead: 0
7    40  34.3476   0.0729023   1.17562   32.9036     	Dead: 0
7    41  34.328    0.0753806   1.21559   32.9036     	Dead: 0
7    42  34.3555   0.0767232   1.23724   32.9036     	Dead: 0
7    43  34.3216   0.0745811   1.20269   32.9036     	Dead: 0
7    44  34.3206   0.0749605   1.20881   32.9036     	Dead: 0
7    45  34.287    0.0741723   1.1961    32.9036     	Dead: 0
7    46  34.3015   0.0716313   1.15513   32.9036     	Dead: 0
7    47  34.325    0.0757432   1.22144   32.9036     	Dead: 0
7    48  34.2852   0.0722192   1.16461   32.9036     	Dead: 0
7    49  34.2568   0.0744755   1.20099   32.9036     	Dead: 0
7    50  34.2545   0.0694936   1.12065   32.9036     	Dead: 0
7    51  34.2797   0.0739509   1.19253   32.9036     	Dead: 0
7    52  34.2306   0.0696299   1.12285   32.9036     	Dead: 0
7    53  34.2084   0.0691062   1.11441   32.9036     	Dead: 0
7    54  34.2558   0.0726726   1.17192   32.9036     	Dead: 0
7    55  34.237    0.0753702   1.21542   32.9036     	Dead: 0
7    56  34.2318   0.0745187   1.20169   32.9036     	Dead: 0
7    57  34.2028   0.0730519   1.17803   32.9036     	Dead: 0
7    58  34.1891   0.0711784   1.14782   32.9036     	Dead: 0
7    59  34.1841   0.0714684   1.1525    32.9036     	Dead: 0
7    60  34.1948   0.0676362   1.0907    32.9036     	Dead: 0
7    61  34.1759   0.0698374   1.1262    32.9036     	Dead: 0
7    62  34.1204   0.065677    1.05911   32.9036     	Dead: 0
7    63  34.1984   0.0755826   1.21884   32.9036     	Dead: 0
7    64  34.204    0.0736598   1.18784   32.9036     	Dead: 0
7    65  34.1886   0.0732195   1.18074   32.9036     	Dead: 0
7    66  34.1721   0.0719805   1.16076   32.9036     	Dead: 0
7    67  34.1516   0.070739    1.14074   32.8803     	Dead: 0
7    68  34.0905   0.0616272   0.9938    32.8803     	Dead: 0
7    69  34.1154   0.0677082   1.09186   32.8803     	Dead: 0
7    70  34.1398   0.0676135   1.09034   32.8803     	Dead: 0
7    71  34.0414   0.0580047   0.935384  32.8803     	Dead: 0
7    72  34.0533   0.0616638   0.99439   32.8735     	Dead: 0
7    73  34.0055   0.0557614   0.899208  32.8735     	Dead: 0
7    74  34.0704   0.0676294   1.09059   32.8735     	Dead: 0
7    75  34.0674   0.0661306   1.06642   32.8187     	Dead: 0
7    76  34.1193   0.0726485   1.17153   32.8187     	Dead: 0
7    77  34.1123   0.0705096   1.13704   32.8187     	Dead: 0
7    78  34.0851   0.0660164   1.06458   32.8187     	Dead: 0
7    79  34.0431   0.0648108   1.04514   32.8187     	Dead: 0
7    80  33.9929   0.059189    0.954482  32.8187     	Dead: 0
7    81  33.944    0.0572559   0.923309  32.8187     	Dead: 0
7    82  33.9973   0.0610166   0.983953  32.8187     	Dead: 0
7    83  33.98     0.059752    0.963561  32.8187     	Dead: 0
7    84  33.9876   0.0631767   1.01879   32.8187     	Dead: 0
7    85  34.03     0.0636717   1.02677   32.8187     	Dead: 0
7    86  33.9973   0.0631357   1.01813   32.8187     	Dead: 0
7    87  33.9656   0.0610389   0.984313  32.8187     	Dead: 0
7    88  33.9777   0.0629381   1.01494   32.8187     	Dead: 0
7    89  33.996    0.0668501   1.07803   32.8187     	Dead: 0
7    90  33.9624   0.0691636   1.11533   32.8187     	Dead: 0
7    91  33.9501   0.0617207   0.995308  32.8187     	Dead: 0
7    92  33.9229   0.056645    0.913457  32.8187     	Dead: 0
7    93  33.8857   0.0541455   0.873151  32.8187     	Dead: 0
7    94  33.9237   0.0600174   0.96784   32.8187     	Dead: 0
7    95  33.9066   0.0579699   0.934822  32.7928     	Dead: 0
7    96  33.9271   0.0643373   1.0375    32.7928     	Dead: 0
7    97  33.8595   0.0559914   0.902918  32.7928     	Dead: 0
7    98  33.8824   0.0593932   0.957775  32.7928     	Dead: 0
7    99  33.891    0.0604691   0.975125  32.7928     	Dead: 0
7    100 33.8433   0.0590021   0.951468  32.7928     	Dead: 0
Done run 7 of 29

Beginning Run 8 of 29
Run  RI  Mean      95% CI      SD        Best    
8    0   58.9951   0.381587    6.15347   36.6881     	Dead: 0
8    1   54.4981   0.370733    5.97844   36.6881     	Dead: 0
8    2   50.1582   0.373448    6.02223   35.8622     	Dead: 0
8    3   45.4922   0.332271    5.3582    34.3568     	Dead: 0
8    4   41.9068   0.262153    4.22749   33.9632     	Dead: 0
8    5   39.3149   0.212574    3.42798   33.8523     	Dead: 0
8    6   37.5935   0.167507    2.70121   33.5935     	Dead: 0
8    7   36.5759   0.133462    2.1522    33.5874     	Dead: 0
8    8   35.8537   0.103778    1.67352   33.4313     	Dead: 0
8    9   35.5877   0.103754    1.67313   33.3038     	Dead: 0
8    10  35.2438   0.0865133   1.39511   33.3038     	Dead: 0
8    11  35.0931   0.088067    1.42017   33.2693     	Dead: 0
8    12  35.034    0.0905854   1.46078   33.0283     	Dead: 0
8    13  34.9158   0.0814231   1.31303   33.0283     	Dead: 0
8    14  34.8669   0.0833154   1.34354   33.0283     	Dead: 0
8    15  34.7825   0.0878608   1.41684   33.0283     	Dead: 0
8    16  34.7325   0.0747932   1.20612   33.0283     	Dead: 0
8    17  34.667    0.0837062   1.34985   33.0283     	Dead: 0
8    18  34.5556   0.0717566   1.15715   33.0283     	Dead: 0
8    19  34.5443   0.0755233   1.21789   33.0283     	Dead: 0
8    20  34.5616   0.078295    1.26259   33.0283     	Dead: 0
8    21  34.4751   0.0724543   1.1684    33.0283     	Dead: 0
8    22  34.4712   0.0732669   1.1815    33.0283     	Dead: 0
8    23  34.473    0.0751867   1.21246   33.0283     	Dead: 0
8    24  34.4047   0.0717598   1.1572    33.0283     	Dead: 0
8    25  34.4404   0.0736486   1.18766   32.9577     	Dead: 0
8    26  34.3878   0.0719361   1.16004   32.9577     	Dead: 0
8    27  34.3525   0.0726854   1.17212   32.9577     	Dead: 0
8    28  34.3765   0.0713761   1.15101   32.9577     	Dead: 0
8    29  34.3759   0.0752593   1.21363   32.9577     	Dead: 0
8    30  34.3393   0.0710785   1.14621   32.9577     	Dead: 0
8    31  34.3123   0.0678978   1.09492   32.9577     	Dead: 0
8    32  34.2748   0.0665026   1.07242   32.9577     	Dead: 0
8    33  34.2358   0.0636374   1.02622   32.9577     	Dead: 0
8    34  34.2707   0.0667135   1.07582   32.9577     	Dead: 0
8    35  34.2557   0.0670675   1.08153   32.9577     	Dead: 0
8    36  34.195    0.061376    0.989749  32.9577     	Dead: 0
8    37  34.2476   0.0697148   1.12422   32.9577     	Dead: 0
8    38  34.2183   0.063941    1.03111   32.9577     	Dead: 0
8    39  34.255    0.0713647   1.15083   32.9577     	Dead: 0
8    40  34.2141   0.0674082   1.08702   32.9577     	Dead: 0
8    41  34.1623   0.0611041   0.985365  32.9577     	Dead: 0
8    42  34.1909   0.0688314   1.10997   32.9577     	Dead: 0
8    43  34.1632   0.0705036   1.13694   32.9577     	Dead: 0
8    44  34.1668   0.0663435   1.06986   32.9577     	Dead: 0
8    45  34.1645   0.0673636   1.0863    32.9577     	Dead: 0
8    46  34.1936   0.0708505   1.14254   32.9577     	Dead: 0
8    47  34.1431   0.067609    1.09026   32.9577     	Dead: 0
8    48  34.1553   0.0694753   1.12036   32.8437     	Dead: 0
8    49  34.1329   0.0659335   1.06324   32.8437     	Dead: 0
8    50  34.1627   0.0687015   1.10788   32.8437     	Dead: 0
8    51  34.1906   0.0722928   1.16579   32.8437     	Dead: 0
8    52  34.2111   0.0741875   1.19635   32.8437     	Dead: 0
8    53  34.1768   0.0702863   1.13344   32.8437     	Dead: 0
8    54  34.0931   0.0629084   1.01446   32.8437     	Dead: 0
8    55  34.0878   0.0609795   0.983356  32.8437     	Dead: 0
8    56  34.1654   0.0717031   1.15628   32.8437     	Dead: 0
8    57  34.0838   0.0678372   1.09394   32.8437     	Dead: 0
8    58  34.0216   0.0579963   0.935248  32.8437     	Dead: 0
8    59  34.0961   0.0702031   1.13209   32.8437     	Dead: 0
8    60  34.1115   0.0658176   1.06138   32.8437     	Dead: 0
8    61  34.1444   0.0760482   1.22635   32.8437     	Dead: 0
8    62  34.1231   0.0671117   1.08224   32.8437     	Dead: 0
8    63  34.0783   0.0651397   1.05044   32.8437     	Dead: 0
8    64  34.0623   0.0636356   1.02619   32.8437     	Dead: 0
8    65  34.0471   0.0649587   1.04752   32.8437     	Dead: 0
8    66  34.0981   0.0697201   1.12431   32.8437     	Dead: 0
8    67  34.112    0.0686188   1.10655   32.8437     	Dead: 0
8    68  34.1215   0.0700034   1.12888   32.8437     	Dead: 0
8    69  34.0823   0.0647698   1.04448   32.8437     	Dead: 0
8    70  34.0199   0.0591125   0.953249  32.8437     	Dead: 0
8    71  34.0371   0.0628192   1.01302   32.8437     	Dead: 0
8    72  34.0633   0.0675919   1.08999   32.8437     	Dead: 0
8    73  34.0884   0.0697674   1.12507   32.8437     	Dead: 0
8    74  34.0492   0.0663856   1.07053   32.8437     	Dead: 0
8    75  34.034    0.062678    1.01075   32.8437     	Dead: 0
8    76  34.049    0.0654692   1.05576   32.8437     	Dead: 0
8    77  34.0557   0.0712615   1.14916   32.8437     	Dead: 0
8    78  34.0476   0.0661262   1.06635   32.8437     	Dead: 0
8    79  34.01     0.0642743   1.03649   32.8437     	Dead: 0
8    80  34.0374   0.0671241   1.08244   32.8437     	Dead: 0
8    81  34.078    0.0716355   1.15519   32.8437     	Dead: 0
8    82  34.0216   0.0624482   1.00704   32.8437     	Dead: 0
8    83  34.0458   0.0669424   1.07951   32.8437     	Dead: 0
8    84  34.0362   0.0685474   1.10539   32.8437     	Dead: 0
8    85  33.9979   0.0616434   0.994062  32.8437     	Dead: 0
8    86  34.0126   0.061633    0.993895  32.8437     	Dead: 0
8    87  34.0008   0.061553    0.992604  32.8437     	Dead: 0
8    88  34.0195   0.0657571   1.0604    32.8437     	Dead: 0
8    89  33.9852   0.0677159   1.09199   32.7799     	Dead: 0
8    90  33.9244   0.0554909   0.894847  32.7799     	Dead: 0
8    91  33.9635   0.0614726   0.991308  32.7799     	Dead: 0
8    92  33.9874   0.0640268   1.0325    32.7799     	Dead: 0
8    93  33.9922   0.066602    1.07402   32.7799     	Dead: 0
8    94  33.9771   0.0634258   1.0228    32.7799     	Dead: 0
8    95  33.953    0.0624054   1.00635   32.7799     	Dead: 0
8    96  33.9657   0.0611136   0.985518  32.7799     	Dead: 0
8    97  33.9979   0.0636231   1.02599   32.7799     	Dead: 0
8    98  33.9548   0.0594562   0.95879   32.7799     	Dead: 0
8    99  33.9796   0.0640254   1.03247   32.7799     	Dead: 0
8    100 33.9935   0.0676044   1.09019   32.7799     	Dead: 0
Done run 8 of 29

Beginning Run 9 of 29
Run  RI  Mean      95% CI      SD        Best    
9    0   58.9767   0.383866    6.19022   35.9829     	Dead: 0
9    1   54.1255   0.397241    6.4059    35.644      	Dead: 0
9    2   49.1558   0.379844    6.12536   35.3229     	Dead: 0
9    3   44.2385   0.31762     5.12194   34.8251     	Dead: 0
9    4   41.1031   0.26272     4.23663   34.0013     	Dead: 0
9    5   39.0282   0.195104    3.14625   34.0013     	Dead: 0
9    6   37.7562   0.172744    2.78566   33.9239     	Dead: 0
9    7   36.5036   0.125658    2.02637   33.6935     	Dead: 0
9    8   35.9544   0.1181      1.90447   33.6935     	Dead: 0
9    9   35.6691   0.123801    1.99642   33.5579     	Dead: 0
9    10  35.3434   0.0984914   1.58827   33.4991     	Dead: 0
9    11  35.1984   0.092401    1.49006   33.472      	Dead: 0
9    12  35.028    0.0838823   1.35269   33.472      	Dead: 0
9    13  34.8534   0.0736337   1.18742   33.2526     	Dead: 0
9    14  34.7898   0.0756194   1.21944   33.2526     	Dead: 0
9    15  34.7556   0.0749248   1.20824   33.1733     	Dead: 0
9    16  34.7328   0.0753812   1.2156    33.1733     	Dead: 0
9    17  34.686    0.0799931   1.28997   33.1733     	Dead: 0
9    18  34.6055   0.0751782   1.21232   33.1733     	Dead: 0
9    19  34.5171   0.0643954   1.03844   33.1733     	Dead: 0
9    20  34.6234   0.0761207   1.22752   33.1733     	Dead: 0
9    21  34.5211   0.0702689   1.13316   33.1733     	Dead: 0
9    22  34.4458   0.0652462   1.05216   33.1481     	Dead: 0
9    23  34.38     0.0612599   0.987877  33.1481     	Dead: 0
9    24  34.3823   0.0613901   0.989976  33.1481     	Dead: 0
9    25  34.3807   0.0669076   1.07895   33.0255     	Dead: 0
9    26  34.3068   0.0657217   1.05983   33.0255     	Dead: 0
9    27  34.2579   0.0586212   0.945326  33.0255     	Dead: 0
9    28  34.2612   0.0606358   0.977813  33.0255     	Dead: 0
9    29  34.2005   0.0565179   0.911407  32.9831     	Dead: 0
9    30  34.2272   0.0584212   0.9421    32.9831     	Dead: 0
9    31  34.2164   0.0594569   0.958802  32.9831     	Dead: 0
9    32  34.1762   0.063205    1.01924   32.9831     	Dead: 0
9    33  34.1654   0.0616631   0.994379  32.9736     	Dead: 0
9    34  34.125    0.0584702   0.942891  32.9736     	Dead: 0
9    35  34.1074   0.057942    0.934372  32.9353     	Dead: 0
9    36  34.0565   0.0529726   0.854237  32.9353     	Dead: 0
9    37  34.1161   0.0623869   1.00605   32.9353     	Dead: 0
9    38  34.059    0.0569792   0.918847  32.9353     	Dead: 0
9    39  34.0494   0.0587666   0.94767   32.9353     	Dead: 0
9    40  34.0084   0.0545519   0.879704  32.9353     	Dead: 0
9    41  34.041    0.0619948   0.999728  32.9353     	Dead: 0
9    42  34.0129   0.0619888   0.999631  32.9353     	Dead: 0
9    43  34.0218   0.0618019   0.996617  32.9353     	Dead: 0
9    44  34.0635   0.0611669   0.986378  32.8822     	Dead: 0
9    45  34.0041   0.0591605   0.954023  32.8822     	Dead: 0
9    46  33.9737   0.055546    0.895734  32.8822     	Dead: 0
9    47  33.992    0.0556305   0.897098  32.8822     	Dead: 0
9    48  33.96     0.0560354   0.903627  32.8822     	Dead: 0
9    49  33.9702   0.0581838   0.938272  32.8822     	Dead: 0
9    50  33.9722   0.0574776   0.926885  32.8822     	Dead: 0
9    51  33.9571   0.058795    0.948129  32.8822     	Dead: 0
9    52  33.9388   0.0545571   0.879788  32.8822     	Dead: 0
9    53  33.888    0.0503599   0.812104  32.8485     	Dead: 0
9    54  33.9139   0.0583493   0.940941  32.8485     	Dead: 0
9    55  33.8819   0.0532243   0.858295  32.7452     	Dead: 0
9    56  33.8941   0.0561453   0.9054    32.7452     	Dead: 0
9    57  33.9037   0.0547581   0.883029  32.7452     	Dead: 0
9    58  33.9075   0.0575665   0.928317  32.7452     	Dead: 0
9    59  33.8707   0.0556266   0.897035  32.7452     	Dead: 0
9    60  33.8711   0.0531321   0.856809  32.7        	Dead: 0
9    61  33.8837   0.0524936   0.846511  32.7        	Dead: 0
9    62  33.8755   0.0542592   0.874985  32.7        	Dead: 0
9    63  33.8433   0.0498899   0.804525  32.7        	Dead: 0
9    64  33.8268   0.050427    0.813186  32.7        	Dead: 0
9    65  33.8196   0.0472109   0.761323  32.7        	Dead: 0
9    66  33.8298   0.0526086   0.848366  32.7        	Dead: 0
9    67  33.8376   0.056557    0.912038  32.7        	Dead: 0
9    68  33.828    0.0567507   0.915162  32.7        	Dead: 0
9    69  33.8297   0.0547206   0.882425  32.7        	Dead: 0
9    70  33.8051   0.0521562   0.841071  32.7        	Dead: 0
9    71  33.8435   0.0542625   0.875038  32.7        	Dead: 0
9    72  33.7787   0.0508563   0.820109  32.7        	Dead: 0
9    73  33.7983   0.0548115   0.88389   32.7        	Dead: 0
9    74  33.7541   0.0489184   0.788858  32.7        	Dead: 0
9    75  33.7557   0.0521487   0.84095   32.7        	Dead: 0
9    76  33.7786   0.0536293   0.864826  32.7        	Dead: 0
9    77  33.7703   0.0503572   0.81206   32.7        	Dead: 0
9    78  33.7658   0.0563035   0.90795   32.7        	Dead: 0
9    79  33.7675   0.0520057   0.838645  32.7        	Dead: 0
9    80  33.7613   0.0490754   0.79139   32.6596     	Dead: 0
9    81  33.7267   0.0477242   0.7696    32.6596     	Dead: 0
9    82  33.7564   0.0533582   0.860455  32.6596     	Dead: 0
9    83  33.7557   0.0527668   0.850917  32.6596     	Dead: 0
9    84  33.7366   0.0502015   0.809549  32.6596     	Dead: 0
9    85  33.7503   0.0532114   0.858087  32.6596     	Dead: 0
9    86  33.7218   0.0546892   0.881918  32.6596     	Dead: 0
9    87  33.7429   0.0510774   0.823675  32.6596     	Dead: 0
9    88  33.7186   0.0518788   0.836598  32.6596     	Dead: 0
9    89  33.7193   0.0511188   0.824342  32.6596     	Dead: 0
9    90  33.7031   0.0511436   0.824742  32.6596     	Dead: 0
9    91  33.661    0.0469826   0.757642  32.6596     	Dead: 0
9    92  33.6857   0.0532284   0.858361  32.6596     	Dead: 0
9    93  33.6892   0.0518563   0.836235  32.6596     	Dead: 0
9    94  33.7013   0.0531067   0.856398  32.6596     	Dead: 0
9    95  33.7067   0.0526319   0.848741  32.6596     	Dead: 0
9    96  33.7021   0.0527564   0.85075   32.6596     	Dead: 0
9    97  33.6761   0.0539715   0.870345  32.6596     	Dead: 0
9    98  33.6983   0.0544674   0.878342  32.6596     	Dead: 0
9    99  33.6992   0.0540845   0.872167  32.6596     	Dead: 0
9    100 33.6782   0.0520631   0.83957   32.6596     	Dead: 0
Done run 9 of 29

Beginning Run 10 of 29
Run  RI  Mean      95% CI      SD        Best    
10   0   58.8609   0.377342    6.08502   39.5175     	Dead: 0
10   1   54.1003   0.364736    5.88174   39.271      	Dead: 0
10   2   49.8551   0.356849    5.75455   35.8462     	Dead: 0
10   3   45.7504   0.335374    5.40824   34.7413     	Dead: 0
10   4   41.8788   0.2742      4.42175   33.5768     	Dead: 0
10   5   38.8513   0.20424     3.29357   33.5768     	Dead: 0
10   6   37.1017   0.150038    2.41952   33.5768     	Dead: 0
10   7   36.2554   0.125693    2.02693   33.4982     	Dead: 0
10   8   35.6669   0.101729    1.64049   33.3744     	Dead: 0
10   9   35.3531   0.0873306   1.40829   33.3744     	Dead: 0
10   10  35.115    0.079651    1.28445   33.3744     	Dead: 0
10   11  35.0444   0.0818714   1.32026   33.3585     	Dead: 0
10   12  34.9782   0.0910304   1.46796   33.1188     	Dead: 0
10   13  34.9055   0.0862519   1.3909    33.1188     	Dead: 0
10   14  34.9192   0.0940063   1.51595   33.1188     	Dead: 0
10   15  34.7888   0.0784254   1.26469   33.1188     	Dead: 0
10   16  34.757    0.0820459   1.32307   33.1188     	Dead: 0
10   17  34.679    0.0801236   1.29207   33.1187     	Dead: 0
10   18  34.6431   0.0756877   1.22054   33.1187     	Dead: 0
10   19  34.6      0.0797104   1.28541   33.1187     	Dead: 0
10   20  34.6171   0.0856399   1.38103   33.1187     	Dead: 0
10   21  34.6095   0.0803345   1.29547   33.0119     	Dead: 0
10   22  34.5258   0.0743647   1.19921   33.0119     	Dead: 0
10   23  34.5329   0.0789847   1.27371   33.0119     	Dead: 0
10   24  34.5164   0.0778102   1.25477   33.0119     	Dead: 0
10   25  34.4368   0.0740495   1.19412   33.0119     	Dead: 0
10   26  34.4375   0.0750687   1.21056   33.0119     	Dead: 0
10   27  34.3278   0.0635207   1.02433   33.0119     	Dead: 0
10   28  34.3375   0.0705583   1.13782   33.0119     	Dead: 0
10   29  34.3361   0.0735544   1.18614   33.0119     	Dead: 0
10   30  34.3499   0.0740935   1.19483   33.0119     	Dead: 0
10   31  34.2629   0.0676883   1.09154   33.0119     	Dead: 0
10   32  34.2991   0.0704744   1.13647   33.0119     	Dead: 0
10   33  34.2811   0.0716442   1.15533   33.0119     	Dead: 0
10   34  34.1914   0.0605737   0.976811  33.0119     	Dead: 0
10   35  34.2292   0.0720333   1.16161   33.0119     	Dead: 0
10   36  34.1669   0.0600865   0.968955  33.0119     	Dead: 0
10   37  34.1703   0.0614144   0.990369  33.0119     	Dead: 0
10   38  34.1755   0.064606    1.04184   33.0119     	Dead: 0
10   39  34.1645   0.063384    1.02213   33.0119     	Dead: 0
10   40  34.2172   0.0689702   1.11221   33.0119     	Dead: 0
10   41  34.1516   0.0614516   0.990969  33.0119     	Dead: 0
10   42  34.1386   0.0653662   1.0541    33.0119     	Dead: 0
10   43  34.0778   0.0591348   0.953608  33.0119     	Dead: 0
10   44  34.0943   0.059203    0.954707  33.0119     	Dead: 0
10   45  34.1093   0.0627213   1.01144   32.9107     	Dead: 0
10   46  34.1535   0.0685722   1.1058    32.9107     	Dead: 0
10   47  34.0985   0.063808    1.02897   32.9107     	Dead: 0
10   48  34.1049   0.065878    1.06235   32.9107     	Dead: 0
10   49  34.0636   0.0582698   0.939659  32.9107     	Dead: 0
10   50  34.0867   0.0599111   0.966127  32.9107     	Dead: 0
10   51  34.0885   0.0622244   1.00343   32.9107     	Dead: 0
10   52  34.0562   0.0568761   0.917184  32.9107     	Dead: 0
10   53  34.0255   0.0567342   0.914896  32.9107     	Dead: 0
10   54  34.0271   0.0605579   0.976557  32.872      	Dead: 0
10   55  34.0283   0.0636663   1.02668   32.872      	Dead: 0
10   56  34.0346   0.0617038   0.995036  32.872      	Dead: 0
10   57  33.9934   0.0607265   0.979276  32.872      	Dead: 0
10   58  34.0384   0.0688218   1.10982   32.872      	Dead: 0
10   59  33.9972   0.0615008   0.991763  32.872      	Dead: 0
10   60  33.988    0.0621507   1.00224   32.8192     	Dead: 0
10   61  33.9639   0.0598905   0.965794  32.8192     	Dead: 0
10   62  33.9493   0.0570059   0.919278  32.8192     	Dead: 0
10   63  33.9674   0.0574657   0.926692  32.8192     	Dead: 0
10   64  33.9539   0.0577471   0.931229  32.8192     	Dead: 0
10   65  33.9711   0.0568835   0.917304  32.8192     	Dead: 0
10   66  33.9568   0.0583119   0.940338  32.8192     	Dead: 0
10   67  34.0193   0.064168    1.03477   32.8192     	Dead: 0
10   68  33.9785   0.0604024   0.97405   32.7849     	Dead: 0
10   69  33.9469   0.0593064   0.956375  32.7849     	Dead: 0
10   70  33.9795   0.0604517   0.974843  32.7849     	Dead: 0
10   71  33.9508   0.0585068   0.943481  32.7849     	Dead: 0
10   72  33.9818   0.0605337   0.976166  32.7849     	Dead: 0
10   73  33.9161   0.0555986   0.896583  32.7849     	Dead: 0
10   74  33.9036   0.0573264   0.924446  32.7849     	Dead: 0
10   75  33.9514   0.0641246   1.03407   32.7849     	Dead: 0
10   76  33.8893   0.0589408   0.950479  32.7849     	Dead: 0
10   77  33.9204   0.0618262   0.997009  32.7849     	Dead: 0
10   78  33.8871   0.0591992   0.954647  32.7849     	Dead: 0
10   79  33.856    0.0536568   0.865269  32.7849     	Dead: 0
10   80  33.923    0.0606711   0.978383  32.7849     	Dead: 0
10   81  33.9131   0.060638    0.977848  32.7849     	Dead: 0
10   82  33.8596   0.055411    0.893557  32.7849     	Dead: 0
10   83  33.8831   0.057946    0.934437  32.7849     	Dead: 0
10   84  33.8491   0.0588226   0.948573  32.7849     	Dead: 0
10   85  33.8733   0.0574741   0.926828  32.7849     	Dead: 0
10   86  33.9201   0.064011    1.03224   32.7849     	Dead: 0
10   87  33.8583   0.0571092   0.920944  32.7849     	Dead: 0
10   88  33.8921   0.0613898   0.989972  32.7849     	Dead: 0
10   89  33.8599   0.0563358   0.90847   32.7244     	Dead: 0
10   90  33.8536   0.0586603   0.945956  32.7244     	Dead: 0
10   91  33.8627   0.055226    0.890574  32.7244     	Dead: 0
10   92  33.8483   0.0546878   0.881895  32.7244     	Dead: 0
10   93  33.8465   0.0585221   0.943727  32.7157     	Dead: 0
10   94  33.7664   0.0472825   0.762477  32.7157     	Dead: 0
10   95  33.833    0.0573615   0.925012  32.7157     	Dead: 0
10   96  33.822    0.0566968   0.914293  32.6594     	Dead: 0
10   97  33.8408   0.0590414   0.952102  32.6594     	Dead: 0
10   98  33.8099   0.0531441   0.857002  32.6594     	Dead: 0
10   99  33.8767   0.0622611   1.00402   32.6594     	Dead: 0
10   100 33.8261   0.0554458   0.894119  32.6594     	Dead: 0
Done run 10 of 29

Beginning Run 11 of 29
Run  RI  Mean      95% CI      SD        Best    
11   0   59.1437   0.386399    6.23107   39.6671     	Dead: 0
11   1   54.7073   0.381971    6.15967   38.821      	Dead: 0
11   2   50.2842   0.357722    5.76863   36.0491     	Dead: 0
11   3   45.9046   0.334985    5.40197   34.9527     	Dead: 0
11   4   42.4695   0.287882    4.64239   34.4756     	Dead: 0
11   5   39.9707   0.224697    3.62346   34.2054     	Dead: 0
11   6   38.1443   0.178696    2.88166   33.7113     	Dead: 0
11   7   37.0542   0.160511    2.5884    33.706      	Dead: 0
11   8   36.2607   0.13468     2.17184   33.4561     	Dead: 0
11   9   35.815    0.116732    1.88242   33.4561     	Dead: 0
11   10  35.5198   0.110053    1.77471   33.4561     	Dead: 0
11   11  35.3325   0.0996387   1.60677   33.4561     	Dead: 0
11   12  35.22     0.0921287   1.48567   33.2419     	Dead: 0
11   13  35.1015   0.0876558   1.41354   33.2419     	Dead: 0
11   14  34.9986   0.0988293   1.59372   33.2419     	Dead: 0
11   15  35.0557   0.110395    1.78023   33.2419     	Dead: 0
11   16  34.8823   0.0915575   1.47646   33.2419     	Dead: 0
11   17  34.7968   0.0880383   1.41971   33.2419     	Dead: 0
11   18  34.7468   0.086754    1.399     33.0655     	Dead: 0
11   19  34.6893   0.0797492   1.28604   33.0655     	Dead: 0
11   20  34.7025   0.0878261   1.41628   33.0655     	Dead: 0
11   21  34.6377   0.0867229   1.39849   33.0655     	Dead: 0
11   22  34.6083   0.0850018   1.37074   33.0655     	Dead: 0
11   23  34.5434   0.0767979   1.23844   33.0655     	Dead: 0
11   24  34.5984   0.0857037   1.38206   33.0655     	Dead: 0
11   25  34.5872   0.0876342   1.41319   33.0655     	Dead: 0
11   26  34.5236   0.0812195   1.30975   33.0655     	Dead: 0
11   27  34.4145   0.0664423   1.07145   33.0082     	Dead: 0
11   28  34.4458   0.0734903   1.1851    33.0082     	Dead: 0
11   29  34.4077   0.0737323   1.18901   32.9797     	Dead: 0
11   30  34.4649   0.0811999   1.30943   32.9797     	Dead: 0
11   31  34.3761   0.0696208   1.1227    32.9797     	Dead: 0
11   32  34.3796   0.0725261   1.16956   32.9259     	Dead: 0
11   33  34.3185   0.0643622   1.03791   32.9259     	Dead: 0
11   34  34.3064   0.0633228   1.02114   32.9259     	Dead: 0
11   35  34.3202   0.0638671   1.02992   32.9259     	Dead: 0
11   36  34.2896   0.0606559   0.978137  32.9259     	Dead: 0
11   37  34.3202   0.0665833   1.07372   32.9259     	Dead: 0
11   38  34.2982   0.0687262   1.10828   32.9259     	Dead: 0
11   39  34.2932   0.0715388   1.15364   32.9259     	Dead: 0
11   40  34.2463   0.0671897   1.0835    32.9259     	Dead: 0
11   41  34.2491   0.0693379   1.11814   32.9259     	Dead: 0
11   42  34.2564   0.0734576   1.18458   32.9259     	Dead: 0
11   43  34.241    0.0692261   1.11634   32.8746     	Dead: 0
11   44  34.2369   0.0679895   1.0964    32.8746     	Dead: 0
11   45  34.2454   0.067911    1.09513   32.8746     	Dead: 0
11   46  34.1814   0.0621828   1.00276   32.8746     	Dead: 0
11   47  34.2      0.0634267   1.02282   32.8746     	Dead: 0
11   48  34.2166   0.067181    1.08336   32.8746     	Dead: 0
11   49  34.1796   0.0643376   1.03751   32.8746     	Dead: 0
11   50  34.1986   0.0698902   1.12705   32.8746     	Dead: 0
11   51  34.1351   0.0638552   1.02973   32.8746     	Dead: 0
11   52  34.1715   0.0664641   1.0718    32.8746     	Dead: 0
11   53  34.194    0.0757202   1.22106   32.8746     	Dead: 0
11   54  34.1407   0.0704341   1.13582   32.8746     	Dead: 0
11   55  34.1614   0.0666983   1.07558   32.8746     	Dead: 0
11   56  34.1133   0.0663061   1.06925   32.8746     	Dead: 0
11   57  34.1017   0.0630024   1.01598   32.8746     	Dead: 0
11   58  34.1548   0.0665571   1.0733    32.8746     	Dead: 0
11   59  34.1399   0.0672569   1.08459   32.8746     	Dead: 0
11   60  34.1461   0.0693704   1.11867   32.8746     	Dead: 0
11   61  34.0962   0.0649933   1.04808   32.8746     	Dead: 0
11   62  34.0811   0.065451    1.05546   32.8746     	Dead: 0
11   63  34.1076   0.0697628   1.125     32.8746     	Dead: 0
11   64  34.0367   0.0598951   0.965869  32.8746     	Dead: 0
11   65  34.0829   0.0671721   1.08322   32.8746     	Dead: 0
11   66  34.0064   0.060974    0.983266  32.8746     	Dead: 0
11   67  34.0389   0.0647346   1.04391   32.8746     	Dead: 0
11   68  34.0943   0.067858    1.09428   32.8746     	Dead: 0
11   69  34.0322   0.0593974   0.957842  32.8746     	Dead: 0
11   70  33.9961   0.05641     0.909667  32.8746     	Dead: 0
11   71  34.0234   0.0647216   1.0437    32.8746     	Dead: 0
11   72  34.0178   0.0668245   1.07761   32.8746     	Dead: 0
11   73  33.9733   0.0606851   0.978609  32.8746     	Dead: 0
11   74  33.9927   0.0601229   0.969541  32.8746     	Dead: 0
11   75  34.0682   0.071938    1.16007   32.8746     	Dead: 0
11   76  33.96     0.0597795   0.964004  32.8746     	Dead: 0
11   77  33.967    0.0612139   0.987136  32.8366     	Dead: 0
11   78  33.9981   0.0608499   0.981266  32.8366     	Dead: 0
11   79  34.0156   0.0638975   1.03041   32.8366     	Dead: 0
11   80  34.0047   0.064649    1.04253   32.8366     	Dead: 0
11   81  34.0143   0.0638419   1.02951   32.8162     	Dead: 0
11   82  33.9653   0.0620724   1.00098   32.8162     	Dead: 0
11   83  33.9577   0.0619398   0.998841  32.8162     	Dead: 0
11   84  33.9478   0.0618268   0.997018  32.8162     	Dead: 0
11   85  33.9395   0.0602917   0.972264  32.8162     	Dead: 0
11   86  33.9492   0.0644118   1.03871   32.8162     	Dead: 0
11   87  33.9612   0.066769    1.07672   32.8162     	Dead: 0
11   88  33.9148   0.0607986   0.980439  32.8162     	Dead: 0
11   89  33.9498   0.065457    1.05556   32.8162     	Dead: 0
11   90  33.9604   0.0656396   1.0585    32.8162     	Dead: 0
11   91  33.9095   0.0607362   0.979431  32.8162     	Dead: 0
11   92  33.8897   0.0612475   0.987678  32.8162     	Dead: 0
11   93  33.9135   0.0628189   1.01302   32.7121     	Dead: 0
11   94  33.9694   0.0707036   1.14017   32.7121     	Dead: 0
11   95  33.8636   0.0613538   0.989391  32.7121     	Dead: 0
11   96  33.8944   0.062725    1.0115    32.7121     	Dead: 0
11   97  33.8943   0.0626779   1.01074   32.7121     	Dead: 0
11   98  33.9065   0.0604987   0.975603  32.7121     	Dead: 0
11   99  33.8729   0.0564984   0.911093  32.7121     	Dead: 0
11   100 33.8551   0.0595287   0.959959  32.7121     	Dead: 0
Done run 11 of 29

Beginning Run 12 of 29
Run  RI  Mean      95% CI      SD        Best    
12   0   59.2397   0.377821    6.09274   38.0929     	Dead: 0
12   1   54.571    0.386097    6.22619   37.4314     	Dead: 0
12   2   50.0668   0.385799    6.2214    36.3872     	Dead: 0
12   3   45.8006   0.368587    5.94384   35.3103     	Dead: 0
12   4   41.396    0.269412    4.34454   34.258      	Dead: 0
12   5   38.6452   0.206693    3.33314   33.7779     	Dead: 0
12   6   37.0288   0.163714    2.64006   33.5764     	Dead: 0
12   7   36.0681   0.13262     2.13863   33.4417     	Dead: 0
12   8   35.4425   0.100818    1.62579   33.3293     	Dead: 0
12   9   35.166    0.0964164   1.55481   33.3293     	Dead: 0
12   10  35.0301   0.0907841   1.46398   33.219      	Dead: 0
12   11  34.8777   0.0770955   1.24324   33.219      	Dead: 0
12   12  34.8279   0.0864315   1.39379   33.219      	Dead: 0
12   13  34.7647   0.0852856   1.37532   33.219      	Dead: 0
12   14  34.6749   0.0787101   1.26928   33.2145     	Dead: 0
12   15  34.6073   0.0768113   1.23866   33.2145     	Dead: 0
12   16  34.5314   0.0760727   1.22675   33.2145     	Dead: 0
12   17  34.5165   0.0760104   1.22574   33.2145     	Dead: 0
12   18  34.4752   0.0767353   1.23743   33.1672     	Dead: 0
12   19  34.4766   0.0775285   1.25023   33.0567     	Dead: 0
12   20  34.4262   0.0751188   1.21137   33.02       	Dead: 0
12   21  34.3697   0.0722986   1.16589   33.0043     	Dead: 0
12   22  34.3909   0.0719278   1.15991   32.948      	Dead: 0
12   23  34.3069   0.0684539   1.10389   32.948      	Dead: 0
12   24  34.3325   0.0758207   1.22268   32.948      	Dead: 0
12   25  34.3119   0.0739046   1.19179   32.948      	Dead: 0
12   26  34.256    0.0664731   1.07194   32.948      	Dead: 0
12   27  34.2213   0.0674355   1.08747   32.948      	Dead: 0
12   28  34.2379   0.0751943   1.21258   32.948      	Dead: 0
12   29  34.2288   0.0685927   1.10613   32.948      	Dead: 0
12   30  34.2423   0.0766136   1.23547   32.948      	Dead: 0
12   31  34.2639   0.0715084   1.15314   32.9006     	Dead: 0
12   32  34.1491   0.0621861   1.00281   32.9006     	Dead: 0
12   33  34.099    0.0564217   0.909857  32.7936     	Dead: 0
12   34  34.135    0.0647209   1.04369   32.7936     	Dead: 0
12   35  34.1614   0.0657601   1.06045   32.7936     	Dead: 0
12   36  34.2065   0.0717258   1.15665   32.7936     	Dead: 0
12   37  34.145    0.0683834   1.10275   32.7936     	Dead: 0
12   38  34.1091   0.0619346   0.998757  32.7936     	Dead: 0
12   39  34.1099   0.0639462   1.0312    32.7936     	Dead: 0
12   40  34.1334   0.066605    1.07407   32.7936     	Dead: 0
12   41  34.1192   0.0661001   1.06593   32.7936     	Dead: 0
12   42  34.1346   0.0684647   1.10406   32.7936     	Dead: 0
12   43  34.123    0.0666678   1.07509   32.7936     	Dead: 0
12   44  34.0814   0.0646478   1.04251   32.7936     	Dead: 0
12   45  34.0978   0.0678143   1.09357   32.7936     	Dead: 0
12   46  34.1166   0.0731304   1.1793    32.7936     	Dead: 0
12   47  34.0958   0.0683203   1.10173   32.7936     	Dead: 0
12   48  34.0701   0.0652715   1.05257   32.7936     	Dead: 0
12   49  34.0858   0.0647145   1.04359   32.7936     	Dead: 0
12   50  34.0535   0.0612897   0.988358  32.7936     	Dead: 0
12   51  34.1132   0.0652839   1.05277   32.7936     	Dead: 0
12   52  34.1002   0.0677948   1.09326   32.7936     	Dead: 0
12   53  34.0437   0.0649597   1.04754   32.7936     	Dead: 0
12   54  34.0581   0.0708185   1.14202   32.7936     	Dead: 0
12   55  34.0104   0.0637556   1.02812   32.7936     	Dead: 0
12   56  34.0805   0.0691863   1.1157    32.7936     	Dead: 0
12   57  34.0643   0.0708256   1.14213   32.7936     	Dead: 0
12   58  34.0721   0.0691782   1.11557   32.7936     	Dead: 0
12   59  34.0663   0.0673569   1.0862    32.7936     	Dead: 0
12   60  34.0557   0.0672026   1.08371   32.7936     	Dead: 0
12   61  34.0631   0.0699014   1.12723   32.7936     	Dead: 0
12   62  34.0819   0.0681949   1.09971   32.7936     	Dead: 0
12   63  34.0521   0.0685568   1.10555   32.7936     	Dead: 0
12   64  33.9952   0.0639287   1.03091   32.7936     	Dead: 0
12   65  34.0147   0.063903    1.0305    32.7936     	Dead: 0
12   66  34.0349   0.0690743   1.11389   32.7936     	Dead: 0
12   67  34.0329   0.0655329   1.05678   32.7936     	Dead: 0
12   68  33.9964   0.0607199   0.979169  32.7936     	Dead: 0
12   69  34.0221   0.0658262   1.06151   32.7936     	Dead: 0
12   70  34.0172   0.0655396   1.05689   32.7936     	Dead: 0
12   71  33.9908   0.0626229   1.00986   32.7936     	Dead: 0
12   72  33.9779   0.0591266   0.953476  32.7936     	Dead: 0
12   73  34.0039   0.0651659   1.05086   32.7936     	Dead: 0
12   74  33.9888   0.0655748   1.05746   32.7936     	Dead: 0
12   75  33.9715   0.0615324   0.992271  32.7936     	Dead: 0
12   76  33.994    0.0654495   1.05544   32.7936     	Dead: 0
12   77  34.0016   0.0635593   1.02496   32.7936     	Dead: 0
12   78  33.9808   0.0642842   1.03665   32.7936     	Dead: 0
12   79  33.9822   0.0636021   1.02565   32.7936     	Dead: 0
12   80  33.976    0.0619111   0.998379  32.7936     	Dead: 0
12   81  33.9426   0.062902    1.01436   32.7936     	Dead: 0
12   82  33.9494   0.0618079   0.996715  32.7936     	Dead: 0
12   83  33.9921   0.0630472   1.0167    32.7936     	Dead: 0
12   84  33.9496   0.063192    1.01903   32.7936     	Dead: 0
12   85  33.9318   0.06267     1.01062   32.7936     	Dead: 0
12   86  33.9022   0.0587624   0.947602  32.7936     	Dead: 0
12   87  33.9172   0.0580508   0.936127  32.7936     	Dead: 0
12   88  33.9541   0.0623215   1.005     32.7936     	Dead: 0
12   89  33.9135   0.0592986   0.956249  32.7936     	Dead: 0
12   90  33.9826   0.0689052   1.11116   32.7936     	Dead: 0
12   91  33.942    0.0620654   1.00087   32.7936     	Dead: 0
12   92  33.9775   0.0641094   1.03383   32.7936     	Dead: 0
12   93  33.9469   0.0606365   0.977825  32.7936     	Dead: 0
12   94  33.9485   0.0648688   1.04607   32.7936     	Dead: 0
12   95  33.9402   0.0594909   0.95935   32.7936     	Dead: 0
12   96  33.9712   0.0655634   1.05728   32.7936     	Dead: 0
12   97  33.9374   0.0678566   1.09426   32.7936     	Dead: 0
12   98  33.9311   0.0641244   1.03407   32.7936     	Dead: 0
12   99  33.9206   0.0635519   1.02484   32.7936     	Dead: 0
12   100 33.8881   0.0577882   0.931892  32.7936     	Dead: 0
Done run 12 of 29

Beginning Run 13 of 29
Run  RI  Mean      95% CI      SD        Best    
13   0   59.3563   0.389997    6.28909   38.6445     	Dead: 0
13   1   55.2991   0.389202    6.27627   38.5381     	Dead: 0
13   2   50.9257   0.375185    6.05024   35.7166     	Dead: 0
13   3   46.2188   0.325127    5.24299   35.2444     	Dead: 0
13   4   42.6835   0.296816    4.78646   34.6234     	Dead: 0
13   5   39.4986   0.242756    3.91468   33.7666     	Dead: 0
13   6   37.1076   0.169333    2.73066   33.6155     	Dead: 0
13   7   35.8999   0.113927    1.83719   33.5852     	Dead: 0
13   8   35.4237   0.104025    1.67751   33.4217     	Dead: 0
13   9   35.1537   0.0892687   1.43955   33.4217     	Dead: 0
13   10  35.0169   0.0934708   1.50731   33.3324     	Dead: 0
13   11  34.7741   0.0715488   1.1538    33.3324     	Dead: 0
13   12  34.7089   0.0638034   1.02889   33.3324     	Dead: 0
13   13  34.682    0.0688977   1.11104   33.2666     	Dead: 0
13   14  34.6444   0.0752793   1.21395   33.2359     	Dead: 0
13   15  34.6217   0.0795899   1.28347   33.2359     	Dead: 0
13   16  34.5258   0.0677393   1.09236   33.1158     	Dead: 0
13   17  34.5479   0.0760598   1.22654   33.1158     	Dead: 0
13   18  34.5649   0.0798364   1.28744   33.1158     	Dead: 0
13   19  34.5081   0.0753804   1.21558   33.1158     	Dead: 0
13   20  34.4087   0.0684664   1.10409   33.1158     	Dead: 0
13   21  34.3633   0.0679419   1.09563   33.1158     	Dead: 0
13   22  34.3935   0.0793496   1.27959   33.1158     	Dead: 0
13   23  34.4007   0.0835377   1.34713   33.033      	Dead: 0
13   24  34.314    0.0734419   1.18432   33.033      	Dead: 0
13   25  34.3238   0.0745814   1.2027    33.033      	Dead: 0
13   26  34.2923   0.0665101   1.07254   33.033      	Dead: 0
13   27  34.2464   0.0692227   1.11629   32.9878     	Dead: 0
13   28  34.1933   0.0626656   1.01055   32.8943     	Dead: 0
13   29  34.2341   0.070856    1.14262   32.8943     	Dead: 0
13   30  34.194    0.0674311   1.08739   32.8943     	Dead: 0
13   31  34.1339   0.0629091   1.01447   32.8262     	Dead: 0
13   32  34.1685   0.0684125   1.10322   32.8262     	Dead: 0
13   33  34.1234   0.0621578   1.00236   32.8262     	Dead: 0
13   34  34.1621   0.067665    1.09117   32.8262     	Dead: 0
13   35  34.1147   0.0638409   1.0295    32.8262     	Dead: 0
13   36  34.0807   0.0612165   0.987178  32.8262     	Dead: 0
13   37  34.069    0.0608451   0.981189  32.8262     	Dead: 0
13   38  34.0399   0.062886    1.0141    32.8262     	Dead: 0
13   39  34.052    0.0585099   0.94353   32.8262     	Dead: 0
13   40  34.0665   0.063316    1.02103   32.8262     	Dead: 0
13   41  34.0015   0.0560842   0.904413  32.8262     	Dead: 0
13   42  34.0205   0.0578      0.932083  32.8262     	Dead: 0
13   43  33.982    0.0605174   0.975904  32.8262     	Dead: 0
13   44  33.9908   0.0599648   0.966993  32.8262     	Dead: 0
13   45  33.96     0.0588073   0.948326  32.8262     	Dead: 0
13   46  33.9563   0.0540949   0.872335  32.8262     	Dead: 0
13   47  33.9647   0.0552716   0.891309  32.8262     	Dead: 0
13   48  33.9566   0.0576618   0.929855  32.8262     	Dead: 0
13   49  33.9559   0.0565144   0.911351  32.8262     	Dead: 0
13   50  33.9312   0.0602095   0.970939  32.8262     	Dead: 0
13   51  33.919    0.0574494   0.926429  32.8262     	Dead: 0
13   52  33.9363   0.0560132   0.90327   32.8262     	Dead: 0
13   53  33.9433   0.0577234   0.930847  32.8262     	Dead: 0
13   54  33.9418   0.0603934   0.973904  32.8262     	Dead: 0
13   55  33.8941   0.0554473   0.894143  32.8262     	Dead: 0
13   56  33.8633   0.0519376   0.837546  32.8262     	Dead: 0
13   57  33.8802   0.0528134   0.851668  32.8262     	Dead: 0
13   58  33.8481   0.050352    0.811976  32.8262     	Dead: 0
13   59  33.8481   0.0532065   0.858008  32.8262     	Dead: 0
13   60  33.8505   0.0520151   0.838795  32.8262     	Dead: 0
13   61  33.8488   0.0528547   0.852334  32.8262     	Dead: 0
13   62  33.8552   0.0569958   0.919114  32.8262     	Dead: 0
13   63  33.8626   0.0576862   0.930247  32.8262     	Dead: 0
13   64  33.8751   0.0560478   0.903826  32.8262     	Dead: 0
13   65  33.8567   0.0582561   0.939439  32.8262     	Dead: 0
13   66  33.8054   0.0517908   0.835179  32.8262     	Dead: 0
13   67  33.7856   0.0490548   0.791058  32.8262     	Dead: 0
13   68  33.8153   0.0514747   0.830082  32.8262     	Dead: 0
13   69  33.7978   0.0534064   0.861231  32.8262     	Dead: 0
13   70  33.7735   0.051065    0.823475  32.8262     	Dead: 0
13   71  33.7726   0.0536005   0.864362  32.8262     	Dead: 0
13   72  33.7807   0.0511179   0.824327  32.8262     	Dead: 0
13   73  33.7965   0.0527723   0.851006  32.7834     	Dead: 0
13   74  33.7493   0.0490122   0.790371  32.7834     	Dead: 0
13   75  33.7468   0.0488097   0.787106  32.7834     	Dead: 0
13   76  33.7615   0.0549797   0.886603  32.7834     	Dead: 0
13   77  33.7099   0.0495585   0.79918   32.7834     	Dead: 0
13   78  33.6935   0.0463166   0.746902  32.7834     	Dead: 0
13   79  33.7237   0.0500447   0.807021  32.7834     	Dead: 0
13   80  33.7058   0.0462187   0.745323  32.7816     	Dead: 0
13   81  33.6919   0.0466036   0.751529  32.7816     	Dead: 0
13   82  33.6716   0.0512039   0.825714  32.7816     	Dead: 0
13   83  33.6938   0.050003    0.806348  32.7816     	Dead: 0
13   84  33.6722   0.0463395   0.747272  32.7816     	Dead: 0
13   85  33.6714   0.0487374   0.785939  32.7816     	Dead: 0
13   86  33.6739   0.0501787   0.809181  32.7816     	Dead: 0
13   87  33.6573   0.0465605   0.750835  32.7816     	Dead: 0
13   88  33.6653   0.0466532   0.752329  32.7816     	Dead: 0
13   89  33.6868   0.0515309   0.830987  32.7816     	Dead: 0
13   90  33.6781   0.0503306   0.811632  32.7816     	Dead: 0
13   91  33.6708   0.0511801   0.825331  32.7816     	Dead: 0
13   92  33.6292   0.0447788   0.722103  32.7816     	Dead: 0
13   93  33.6177   0.0450163   0.725933  32.7816     	Dead: 0
13   94  33.625    0.0489485   0.789343  32.7816     	Dead: 0
13   95  33.6047   0.0467806   0.754384  32.7816     	Dead: 0
13   96  33.6289   0.0489665   0.789633  32.7816     	Dead: 0
13   97  33.6306   0.0465873   0.751267  32.7816     	Dead: 0
13   98  33.6204   0.0487976   0.78691   32.7816     	Dead: 0
13   99  33.5937   0.045721    0.737296  32.7816     	Dead: 0
13   100 33.6339   0.0477755   0.770428  32.7816     	Dead: 0
Done run 13 of 29

Beginning Run 14 of 29
Run  RI  Mean      95% CI      SD        Best    
14   0   59.1954   0.378091    6.09709   38.1198     	Dead: 0
14   1   54.587    0.391313    6.31031   37.1734     	Dead: 0
14   2   49.4981   0.377575    6.08878   34.7843     	Dead: 0
14   3   45.3135   0.338124    5.45259   34.0321     	Dead: 0
14   4   41.8221   0.265768    4.28578   33.9862     	Dead: 0
14   5   39.4091   0.225805    3.64134   33.908      	Dead: 0
14   6   37.6752   0.18608     3.00073   33.7066     	Dead: 0
14   7   36.5814   0.152053    2.45201   33.7066     	Dead: 0
14   8   35.8903   0.120411    1.94175   33.5394     	Dead: 0
14   9   35.5807   0.109811    1.7708    33.3684     	Dead: 0
14   10  35.405    0.11349     1.83014   33.3684     	Dead: 0
14   11  35.176    0.100274    1.61702   33.3684     	Dead: 0
14   12  35.1323   0.11095     1.78917   33.3684     	Dead: 0
14   13  34.9335   0.0954832   1.53976   33.3523     	Dead: 0
14   14  34.8935   0.0972461   1.56819   33.3523     	Dead: 0
14   15  34.7789   0.0894521   1.4425    33.2982     	Dead: 0
14   16  34.753    0.0894097   1.44182   33.2982     	Dead: 0
14   17  34.6577   0.0822244   1.32595   33.2982     	Dead: 0
14   18  34.5941   0.0739491   1.1925    33.2528     	Dead: 0
14   19  34.5679   0.0753335   1.21483   33.0095     	Dead: 0
14   20  34.5167   0.0739353   1.19228   33.0095     	Dead: 0
14   21  34.5422   0.0800876   1.29149   33.0095     	Dead: 0
14   22  34.4422   0.0690744   1.11389   33.0095     	Dead: 0
14   23  34.4542   0.0734308   1.18415   33.0095     	Dead: 0
14   24  34.4569   0.0717647   1.15728   33.0095     	Dead: 0
14   25  34.3718   0.0682889   1.10123   33.0095     	Dead: 0
14   26  34.3681   0.0713471   1.15054   33.0095     	Dead: 0
14   27  34.3729   0.0679784   1.09622   33.0095     	Dead: 0
14   28  34.2877   0.0605521   0.976464  33.0095     	Dead: 0
14   29  34.3153   0.0667004   1.07561   32.9818     	Dead: 0
14   30  34.2864   0.0645936   1.04164   32.9818     	Dead: 0
14   31  34.3111   0.0673306   1.08577   32.9818     	Dead: 0
14   32  34.2893   0.0662577   1.06847   32.9818     	Dead: 0
14   33  34.2476   0.0655711   1.0574    32.8431     	Dead: 0
14   34  34.2446   0.0644437   1.03922   32.8431     	Dead: 0
14   35  34.2819   0.0667268   1.07604   32.8431     	Dead: 0
14   36  34.2674   0.0699838   1.12856   32.8431     	Dead: 0
14   37  34.2159   0.0637553   1.02812   32.8431     	Dead: 0
14   38  34.2225   0.065504    1.05632   32.8431     	Dead: 0
14   39  34.2211   0.0616928   0.994858  32.8431     	Dead: 0
14   40  34.2114   0.0674924   1.08838   32.8431     	Dead: 0
14   41  34.1974   0.0691148   1.11455   32.8431     	Dead: 0
14   42  34.2605   0.0745274   1.20183   32.8431     	Dead: 0
14   43  34.1918   0.0672283   1.08412   32.8431     	Dead: 0
14   44  34.158    0.0647139   1.04358   32.8431     	Dead: 0
14   45  34.1554   0.067697    1.09168   32.8431     	Dead: 0
14   46  34.1498   0.066007    1.06443   32.8431     	Dead: 0
14   47  34.1235   0.0634776   1.02364   32.8431     	Dead: 0
14   48  34.1532   0.0651008   1.04982   32.8431     	Dead: 0
14   49  34.1241   0.0635689   1.02511   32.8431     	Dead: 0
14   50  34.1138   0.0627107   1.01127   32.8431     	Dead: 0
14   51  34.0496   0.0580252   0.935714  32.8431     	Dead: 0
14   52  34.0928   0.0616609   0.994343  32.8431     	Dead: 0
14   53  34.0725   0.0585882   0.944794  32.8431     	Dead: 0
14   54  34.1259   0.0682647   1.10084   32.8431     	Dead: 0
14   55  34.0919   0.0653325   1.05355   32.8431     	Dead: 0
14   56  34.1089   0.0700631   1.12984   32.8431     	Dead: 0
14   57  34.0896   0.0643111   1.03708   32.8431     	Dead: 0
14   58  34.0631   0.0593179   0.95656   32.8431     	Dead: 0
14   59  34.0719   0.0620539   1.00068   32.8431     	Dead: 0
14   60  34.034    0.059553    0.960352  32.8431     	Dead: 0
14   61  34.0445   0.0598193   0.964646  32.8431     	Dead: 0
14   62  34.0638   0.0661128   1.06614   32.8431     	Dead: 0
14   63  34.0606   0.0640243   1.03246   32.8431     	Dead: 0
14   64  34.0695   0.0685564   1.10554   32.8431     	Dead: 0
14   65  34.0549   0.0648959   1.04651   32.8431     	Dead: 0
14   66  34.0286   0.0614838   0.991489  32.8431     	Dead: 0
14   67  34.0714   0.0650717   1.04935   32.8431     	Dead: 0
14   68  34.0188   0.0626565   1.0104    32.8431     	Dead: 0
14   69  34.0835   0.0659556   1.0636    32.8431     	Dead: 0
14   70  34.0031   0.0567715   0.915497  32.8431     	Dead: 0
14   71  34.0731   0.0715279   1.15346   32.8431     	Dead: 0
14   72  34.0617   0.0766372   1.23585   32.8431     	Dead: 0
14   73  34.0215   0.0682904   1.10125   32.8431     	Dead: 0
14   74  33.9993   0.0625662   1.00894   32.8431     	Dead: 0
14   75  33.9907   0.0579904   0.935153  32.8431     	Dead: 0
14   76  33.9831   0.0587097   0.946752  32.8431     	Dead: 0
14   77  33.9435   0.0539127   0.869397  32.8431     	Dead: 0
14   78  33.9522   0.0612189   0.987217  32.8431     	Dead: 0
14   79  33.9877   0.0659441   1.06342   32.8431     	Dead: 0
14   80  34.0232   0.0681044   1.09825   32.8431     	Dead: 0
14   81  33.9504   0.0569156   0.917821  32.836      	Dead: 0
14   82  33.9591   0.0582142   0.938763  32.836      	Dead: 0
14   83  33.9134   0.0564007   0.909518  32.836      	Dead: 0
14   84  33.9067   0.0567188   0.914648  32.836      	Dead: 0
14   85  33.9151   0.0568636   0.916982  32.836      	Dead: 0
14   86  33.9325   0.0644201   1.03884   32.836      	Dead: 0
14   87  33.9337   0.0605229   0.975993  32.836      	Dead: 0
14   88  33.9037   0.0569796   0.918854  32.836      	Dead: 0
14   89  33.9564   0.0663556   1.07005   32.836      	Dead: 0
14   90  33.9419   0.062707    1.01121   32.836      	Dead: 0
14   91  33.9529   0.0632076   1.01929   32.7784     	Dead: 0
14   92  33.9099   0.0595434   0.960197  32.7784     	Dead: 0
14   93  33.9068   0.0585243   0.943763  32.7784     	Dead: 0
14   94  33.8658   0.0563517   0.908728  32.7784     	Dead: 0
14   95  33.8689   0.0578186   0.932383  32.7784     	Dead: 0
14   96  33.8816   0.0562351   0.906847  32.7784     	Dead: 0
14   97  33.8953   0.060864    0.981493  32.7784     	Dead: 0
14   98  33.8848   0.0615402   0.992397  32.7784     	Dead: 0
14   99  33.8637   0.0576114   0.929042  32.7784     	Dead: 0
14   100 33.9207   0.061332    0.98904   32.7697     	Dead: 0
Done run 14 of 29

Beginning Run 15 of 29
Run  RI  Mean      95% CI      SD        Best    
15   0   59.1535   0.382102    6.16178   36.2371     	Dead: 0
15   1   54.2607   0.372633    6.00908   36.2371     	Dead: 0
15   2   49.8898   0.376252    6.06744   34.8094     	Dead: 0
15   3   45.3116   0.337012    5.43465   34.8094     	Dead: 0
15   4   41.5516   0.259535    4.18526   34.1966     	Dead: 0
15   5   39.0321   0.219213    3.53504   33.8449     	Dead: 0
15   6   37.2789   0.171084    2.7589    33.5947     	Dead: 0
15   7   36.3161   0.135222    2.18059   33.4355     	Dead: 0
15   8   35.7095   0.120088    1.93653   33.4324     	Dead: 0
15   9   35.3462   0.0962935   1.55283   33.4324     	Dead: 0
15   10  35.1007   0.0858078   1.38374   33.2195     	Dead: 0
15   11  35.061    0.0960024   1.54813   33.2195     	Dead: 0
15   12  34.8707   0.0804793   1.29781   33.1531     	Dead: 0
15   13  34.8376   0.0829889   1.33828   33.1531     	Dead: 0
15   14  34.791    0.0829791   1.33812   33.1531     	Dead: 0
15   15  34.7375   0.0787677   1.27021   33.1531     	Dead: 0
15   16  34.6927   0.0762023   1.22884   33.1531     	Dead: 0
15   17  34.6874   0.0771474   1.24408   33.1531     	Dead: 0
15   18  34.6184   0.07174     1.15688   33.1531     	Dead: 0
15   19  34.6761   0.079005    1.27404   33.1531     	Dead: 0
15   20  34.6486   0.0809143   1.30482   33.1531     	Dead: 0
15   21  34.6136   0.0824847   1.33015   33.0802     	Dead: 0
15   22  34.562    0.0745459   1.20213   33.0802     	Dead: 0
15   23  34.5519   0.0745154   1.20164   33.0802     	Dead: 0
15   24  34.5482   0.0780755   1.25904   33.0802     	Dead: 0
15   25  34.5246   0.0713067   1.14989   33.0802     	Dead: 0
15   26  34.5642   0.0791752   1.27678   33.0802     	Dead: 0
15   27  34.5205   0.0763776   1.23167   32.9607     	Dead: 0
15   28  34.4768   0.0777796   1.25427   32.9607     	Dead: 0
15   29  34.4673   0.0722127   1.1645    32.9607     	Dead: 0
15   30  34.5244   0.0837765   1.35098   32.9607     	Dead: 0
15   31  34.4657   0.0790911   1.27542   32.9607     	Dead: 0
15   32  34.4325   0.0733765   1.18327   32.9607     	Dead: 0
15   33  34.4341   0.0735171   1.18554   32.9607     	Dead: 0
15   34  34.3787   0.0686373   1.10685   32.9607     	Dead: 0
15   35  34.4156   0.0755677   1.21861   32.9607     	Dead: 0
15   36  34.3612   0.0696393   1.123     32.9607     	Dead: 0
15   37  34.2875   0.0656857   1.05925   32.9607     	Dead: 0
15   38  34.3452   0.0767819   1.23819   32.9607     	Dead: 0
15   39  34.3641   0.0754197   1.21622   32.9607     	Dead: 0
15   40  34.3539   0.073756    1.18939   32.9607     	Dead: 0
15   41  34.3221   0.0720393   1.16171   32.9607     	Dead: 0
15   42  34.2371   0.0630402   1.01659   32.9082     	Dead: 0
15   43  34.3456   0.0821646   1.32499   32.9082     	Dead: 0
15   44  34.2975   0.0800281   1.29053   32.9082     	Dead: 0
15   45  34.2154   0.0695175   1.12104   32.9082     	Dead: 0
15   46  34.2218   0.0690109   1.11287   32.9082     	Dead: 0
15   47  34.2304   0.0708652   1.14277   32.9082     	Dead: 0
15   48  34.2372   0.0740749   1.19453   32.9082     	Dead: 0
15   49  34.2068   0.069224    1.11631   32.9082     	Dead: 0
15   50  34.19     0.0662015   1.06756   32.9082     	Dead: 0
15   51  34.1473   0.0646115   1.04192   32.9082     	Dead: 0
15   52  34.1581   0.0698211   1.12594   32.9082     	Dead: 0
15   53  34.1565   0.0720146   1.16131   32.9082     	Dead: 0
15   54  34.1552   0.0669072   1.07895   32.9082     	Dead: 0
slurmstepd: error: *** JOB 2896307 ON gra306 CANCELLED AT 2023-01-23T16:01:23 DUE TO TIME LIMIT ***
