23; ./512PM ./PM512/P7/ps2/ ./Profiles/Profile7_512.dat 7 0.00564563 0.00163256 0.0132752 0.00318104 0.027216 0.017681 0.811454 0.0213773 0.0985377
Graph Evolution Tool.
Initial Graph: Ring with m = 2
Fitness Function: Profile Matching
Representation: THADS-N with Operation Densities
Densities: 0.00564563 0.00163256 0.0132752 0.00318104 0.027216 0.017681 0.811454 0.0213773 0.0985377 
Profile: 1 12 40 60 56 32 20 16 16 16 20 32 56 56 44 28 8 
Check readme.dat for more information about parameters/output.

Beginning Run 0 of 29
Run  RI  Mean      95% CI      SD        Best    
0    0   25.0646   0.11981     1.93206   20.6945     	Dead: 0
0    1   23.9799   0.0953651   1.53786   20.1225     	Dead: 0
0    2   23.2742   0.0893107   1.44022   18.965      	Dead: 0
0    3   22.7668   0.0903489   1.45697   18.6425     	Dead: 0
0    4   22.3107   0.0879438   1.41818   18.6425     	Dead: 0
0    5   21.8666   0.0850371   1.37131   18.6425     	Dead: 0
0    6   21.5241   0.0847167   1.36614   17.8854     	Dead: 0
0    7   21.1614   0.0888415   1.43266   17.8854     	Dead: 0
0    8   20.8704   0.0917984   1.48034   16.1392     	Dead: 0
0    9   20.5211   0.0925407   1.49231   16.1392     	Dead: 0
0    10  20.1713   0.0993639   1.60234   15.9686     	Dead: 0
0    11  19.7064   0.0894674   1.44275   15.9686     	Dead: 0
0    12  19.422    0.0943151   1.52093   15.9348     	Dead: 0
0    13  19.0544   0.0937965   1.51256   15.1451     	Dead: 0
0    14  18.8366   0.100734    1.62443   15.1451     	Dead: 0
0    15  18.4608   0.0973495   1.56986   13.1461     	Dead: 0
0    16  18.1134   0.0966558   1.55867   13.1461     	Dead: 0
0    17  17.8268   0.0981359   1.58254   13.1461     	Dead: 0
0    18  17.5086   0.0951244   1.53398   13.1461     	Dead: 0
0    19  17.2438   0.0938674   1.51371   12.6199     	Dead: 0
0    20  17.0444   0.0986089   1.59017   12.6199     	Dead: 0
0    21  16.844    0.097777    1.57675   12.576      	Dead: 0
0    22  16.652    0.103629    1.67112   12.5528     	Dead: 0
0    23  16.4387   0.102712    1.65633   12.5528     	Dead: 0
0    24  16.3005   0.105123    1.69521   12.5528     	Dead: 0
0    25  16.157    0.104095    1.67863   12.2385     	Dead: 0
0    26  16.0022   0.100225    1.61623   12.2385     	Dead: 0
0    27  15.9813   0.107134    1.72764   12.2385     	Dead: 0
0    28  15.8057   0.107063    1.72649   12.1593     	Dead: 0
0    29  15.7168   0.106531    1.71792   12.0527     	Dead: 0
0    30  15.5946   0.103082    1.6623    11.6032     	Dead: 0
0    31  15.5876   0.109926    1.77267   10.6581     	Dead: 0
0    32  15.5094   0.109311    1.76276   10.6581     	Dead: 0
0    33  15.2921   0.100747    1.62464   10.6581     	Dead: 0
0    34  15.2939   0.105524    1.70168   10.6581     	Dead: 0
0    35  15.2408   0.104091    1.67858   10.6581     	Dead: 0
0    36  15.1848   0.110552    1.78276   10.6581     	Dead: 0
0    37  15.1716   0.1104      1.78031   10.6581     	Dead: 0
0    38  15.1237   0.110381    1.78      10.6581     	Dead: 0
0    39  15.1373   0.1141      1.83998   10.6581     	Dead: 0
0    40  15.0262   0.11106     1.79096   10.6581     	Dead: 0
0    41  14.9874   0.110776    1.78637   10.6581     	Dead: 0
0    42  14.9954   0.110563    1.78294   10.6581     	Dead: 0
0    43  14.8871   0.110071    1.775     10.6581     	Dead: 0
0    44  14.7943   0.10619     1.71242   10.6581     	Dead: 0
0    45  14.8051   0.112938    1.82124   10.6581     	Dead: 0
0    46  14.7647   0.110843    1.78746   10.6581     	Dead: 0
0    47  14.7159   0.110656    1.78445   10.6581     	Dead: 0
0    48  14.7093   0.109323    1.76294   10.6581     	Dead: 0
0    49  14.7159   0.112651    1.81661   10.6581     	Dead: 0
0    50  14.6753   0.113697    1.83347   10.6581     	Dead: 0
0    51  14.705    0.117103    1.88841   10.6581     	Dead: 0
0    52  14.6235   0.115358    1.86026   10.6581     	Dead: 0
0    53  14.6085   0.115739    1.8664    10.6581     	Dead: 0
0    54  14.5601   0.11526     1.85869   10.4802     	Dead: 0
0    55  14.5297   0.115625    1.86456   10.4802     	Dead: 0
0    56  14.4956   0.114905    1.85297   10.4802     	Dead: 0
0    57  14.5048   0.11632     1.87578   10.4802     	Dead: 0
0    58  14.5181   0.120538    1.9438    10.4802     	Dead: 0
0    59  14.4966   0.118265    1.90714   10.4802     	Dead: 0
0    60  14.4296   0.116158    1.87316   10.4802     	Dead: 0
0    61  14.3963   0.117003    1.8868    10.4802     	Dead: 0
0    62  14.4421   0.118118    1.90477   10.4802     	Dead: 0
0    63  14.4071   0.118637    1.91314   10.4802     	Dead: 0
0    64  14.3948   0.120156    1.93764   10.4802     	Dead: 0
0    65  14.2856   0.116695    1.88182   9.80891     	Dead: 0
0    66  14.3441   0.12324     1.98738   9.80891     	Dead: 0
0    67  14.2155   0.115845    1.86811   9.80891     	Dead: 0
0    68  14.1509   0.116491    1.87853   9.80891     	Dead: 0
0    69  14.1032   0.117682    1.89774   9.80891     	Dead: 0
0    70  14.14     0.117699    1.89801   9.80891     	Dead: 0
0    71  14.1449   0.118011    1.90304   9.80891     	Dead: 0
0    72  14.0925   0.117185    1.88973   9.80891     	Dead: 0
0    73  14.0032   0.114188    1.84139   9.80891     	Dead: 0
0    74  14.0406   0.120956    1.95054   9.80891     	Dead: 0
0    75  13.9866   0.11992     1.93383   9.80891     	Dead: 0
0    76  13.9999   0.120959    1.95058   9.80891     	Dead: 0
0    77  13.9525   0.122026    1.9678    9.80891     	Dead: 0
0    78  13.8803   0.118915    1.91762   9.80891     	Dead: 0
0    79  13.8946   0.12239     1.97366   9.80891     	Dead: 0
0    80  13.8012   0.118817    1.91605   9.80891     	Dead: 0
0    81  13.7805   0.122244    1.97131   9.80891     	Dead: 0
0    82  13.7792   0.122598    1.97701   9.80891     	Dead: 0
0    83  13.7644   0.12101     1.95141   9.80891     	Dead: 0
0    84  13.7766   0.126811    2.04496   9.00861     	Dead: 0
0    85  13.6789   0.122961    1.98287   9.00861     	Dead: 0
0    86  13.6014   0.120187    1.93814   9.00861     	Dead: 0
0    87  13.4551   0.11527     1.85885   9.00861     	Dead: 0
0    88  13.5187   0.125103    2.01741   9.00861     	Dead: 0
0    89  13.4403   0.121091    1.95272   9.00861     	Dead: 0
0    90  13.3813   0.121556    1.96021   9.00861     	Dead: 0
0    91  13.3702   0.125457    2.02312   9.00861     	Dead: 0
0    92  13.2419   0.120037    1.93572   8.89113     	Dead: 0
0    93  13.2128   0.122747    1.97942   8.89113     	Dead: 0
0    94  13.1885   0.121837    1.96475   8.89113     	Dead: 0
0    95  12.9745   0.112391    1.81242   8.89113     	Dead: 0
0    96  12.997    0.123281    1.98804   8.14741     	Dead: 0
0    97  12.9508   0.121639    1.96154   8.14741     	Dead: 0
0    98  12.787    0.117691    1.89789   8.14741     	Dead: 0
0    99  12.7274   0.117839    1.90027   8.14741     	Dead: 0
0    100 12.7047   0.119654    1.92953   8.14741     	Dead: 0
Done run 0 of 29

Beginning Run 1 of 29
Run  RI  Mean      95% CI      SD        Best    
1    0   25.0319   0.114714    1.84988   19.8973     	Dead: 0
1    1   23.9902   0.0935756   1.509     19.8973     	Dead: 0
1    2   23.4136   0.0920627   1.4846    19.4814     	Dead: 0
1    3   22.7747   0.0814058   1.31275   19.0259     	Dead: 0
1    4   22.3886   0.0875674   1.41211   18.0208     	Dead: 0
1    5   22.0556   0.0921681   1.4863    18.0208     	Dead: 0
1    6   21.6693   0.0916824   1.47847   18.0208     	Dead: 0
1    7   21.2771   0.0914387   1.47454   16.9807     	Dead: 0
1    8   20.9196   0.0906144   1.46125   16.9807     	Dead: 0
1    9   20.5902   0.0937144   1.51124   16.4583     	Dead: 0
1    10  20.3723   0.0967093   1.55953   16.1489     	Dead: 0
1    11  20.074    0.097896    1.57867   16.1489     	Dead: 0
1    12  19.8644   0.0970395   1.56486   16.1489     	Dead: 0
1    13  19.4998   0.0906717   1.46217   16.1489     	Dead: 0
1    14  19.248    0.0951188   1.53389   16.08       	Dead: 0
1    15  18.9534   0.0941743   1.51865   13.8905     	Dead: 0
1    16  18.7724   0.0982109   1.58375   13.8905     	Dead: 0
1    17  18.5037   0.100606    1.62237   13.8905     	Dead: 0
1    18  18.2468   0.0998969   1.61094   13.8905     	Dead: 0
1    19  17.9144   0.0942359   1.51965   13.7586     	Dead: 0
1    20  17.5521   0.0953447   1.53753   13.5519     	Dead: 0
1    21  17.305    0.0990638   1.5975    13.1662     	Dead: 0
1    22  16.9054   0.0942215   1.51942   13.1662     	Dead: 0
1    23  16.5294   0.0868514   1.40057   12.8466     	Dead: 0
1    24  16.2826   0.0891759   1.43805   12.8466     	Dead: 0
1    25  16.0231   0.0863147   1.39191   12.8466     	Dead: 0
1    26  15.9548   0.0921275   1.48565   12.3399     	Dead: 0
1    27  15.7427   0.0879953   1.41901   12.3399     	Dead: 0
1    28  15.6189   0.0935595   1.50874   11.7867     	Dead: 0
1    29  15.3537   0.0871754   1.40579   11.7867     	Dead: 0
1    30  15.3226   0.0905068   1.45951   11.7867     	Dead: 0
1    31  15.1699   0.08968     1.44618   11.7867     	Dead: 0
1    32  14.997    0.0863592   1.39263   11.4332     	Dead: 0
1    33  14.8844   0.0879084   1.41761   11.4332     	Dead: 0
1    34  14.7824   0.09074     1.46327   11.143      	Dead: 0
1    35  14.7523   0.0946322   1.52604   10.8012     	Dead: 0
1    36  14.5744   0.0902357   1.45514   10.8012     	Dead: 0
1    37  14.46     0.0922769   1.48806   10.8012     	Dead: 0
1    38  14.3773   0.0942046   1.51914   10.8012     	Dead: 0
1    39  14.2731   0.0928514   1.49732   10.8012     	Dead: 0
1    40  14.0986   0.0891895   1.43827   10.8012     	Dead: 0
1    41  14.0561   0.0950568   1.53289   10.8012     	Dead: 0
1    42  13.9431   0.0946336   1.52606   10.8012     	Dead: 0
1    43  13.8383   0.0924771   1.49129   10.6885     	Dead: 0
1    44  13.7122   0.0932237   1.50332   10.6885     	Dead: 0
1    45  13.6653   0.0963262   1.55336   10.4653     	Dead: 0
1    46  13.631    0.100026    1.61302   10.4653     	Dead: 0
1    47  13.5106   0.0955095   1.54019   10.1439     	Dead: 0
1    48  13.429    0.0939075   1.51435   10.1439     	Dead: 0
1    49  13.4254   0.0949351   1.53092   10.1439     	Dead: 0
1    50  13.3183   0.0962205   1.55165   10.1439     	Dead: 0
1    51  13.2187   0.0958843   1.54623   10.1439     	Dead: 0
1    52  13.2061   0.0966789   1.55904   9.95907     	Dead: 0
1    53  13.2057   0.0990209   1.59681   9.95907     	Dead: 0
1    54  13.1191   0.0988665   1.59432   9.95907     	Dead: 0
1    55  13.029    0.0956939   1.54316   9.95907     	Dead: 0
1    56  13.0482   0.0974565   1.57158   9.95907     	Dead: 0
1    57  13.0608   0.101338    1.63417   9.95907     	Dead: 0
1    58  12.9784   0.0989798   1.59615   9.95907     	Dead: 0
1    59  12.9544   0.102421    1.65165   9.95907     	Dead: 0
1    60  12.8857   0.0977099   1.57567   9.95907     	Dead: 0
1    61  12.8709   0.0986292   1.59049   9.95907     	Dead: 0
1    62  12.825    0.0992411   1.60036   9.95907     	Dead: 0
1    63  12.8129   0.0999115   1.61117   9.95907     	Dead: 0
1    64  12.7969   0.100708    1.62401   9.95907     	Dead: 0
1    65  12.7287   0.0979598   1.5797    9.7716      	Dead: 0
1    66  12.6906   0.0952994   1.5368    9.7716      	Dead: 0
1    67  12.6799   0.101073    1.6299    9.7716      	Dead: 0
1    68  12.6799   0.101834    1.64217   9.7716      	Dead: 0
1    69  12.6745   0.103516    1.66931   9.7716      	Dead: 0
1    70  12.6313   0.100558    1.6216    9.7716      	Dead: 0
1    71  12.5953   0.0988826   1.59458   9.59536     	Dead: 0
1    72  12.5505   0.0996884   1.60758   9.59536     	Dead: 0
1    73  12.5082   0.100122    1.61457   9.59536     	Dead: 0
1    74  12.4574   0.100481    1.62035   9.59536     	Dead: 0
1    75  12.4752   0.103937    1.67609   9.59536     	Dead: 0
1    76  12.4281   0.101488    1.63659   9.59536     	Dead: 0
1    77  12.3514   0.101139    1.63097   9.59536     	Dead: 0
1    78  12.4158   0.101909    1.64338   9.59536     	Dead: 0
1    79  12.3433   0.10021     1.61599   9.59536     	Dead: 0
1    80  12.3875   0.102975    1.66058   9.37314     	Dead: 0
1    81  12.3061   0.0999394   1.61162   9.37314     	Dead: 0
1    82  12.3344   0.102947    1.66012   9.37314     	Dead: 0
1    83  12.2823   0.100176    1.61544   9.37314     	Dead: 0
1    84  12.3164   0.105699    1.7045    9.37314     	Dead: 0
1    85  12.2701   0.102496    1.65284   9.37314     	Dead: 0
1    86  12.2315   0.100784    1.62524   9.37314     	Dead: 0
1    87  12.223    0.102976    1.66059   9.28536     	Dead: 0
1    88  12.212    0.100108    1.61434   9.19755     	Dead: 0
1    89  12.2237   0.103995    1.67702   9.19755     	Dead: 0
1    90  12.2049   0.103095    1.66251   9.19755     	Dead: 0
1    91  12.1619   0.104028    1.67756   9.19755     	Dead: 0
1    92  12.1155   0.103522    1.6694    9.16612     	Dead: 0
1    93  12.076    0.100151    1.61504   9.16612     	Dead: 0
1    94  12.1286   0.105888    1.70754   9.16612     	Dead: 0
1    95  12.0958   0.102196    1.64801   9.16612     	Dead: 0
1    96  12.0674   0.103049    1.66177   9.16612     	Dead: 0
1    97  12.0228   0.104       1.67711   9.16612     	Dead: 0
1    98  12.0259   0.107735    1.73734   9.16612     	Dead: 0
1    99  11.9862   0.101946    1.64398   9.16612     	Dead: 0
1    100 11.9797   0.103275    1.66541   9.16612     	Dead: 0
Done run 1 of 29

Beginning Run 2 of 29
Run  RI  Mean      95% CI      SD        Best    
2    0   24.7844   0.111407    1.79654   18.8712     	Dead: 0
2    1   23.7523   0.0963441   1.55364   18.7996     	Dead: 0
2    2   22.9632   0.0883574   1.42485   17.0073     	Dead: 0
2    3   22.4948   0.0932611   1.50393   17.0073     	Dead: 0
2    4   22.0163   0.0904006   1.4578    17.0073     	Dead: 0
2    5   21.5906   0.0925688   1.49276   17.0073     	Dead: 0
2    6   21.1119   0.0917258   1.47917   17.0073     	Dead: 0
2    7   20.686    0.0978833   1.57847   16.5866     	Dead: 0
2    8   20.3297   0.0993662   1.60238   16.5866     	Dead: 0
2    9   19.9347   0.103445    1.66816   15.0232     	Dead: 0
2    10  19.5182   0.0962326   1.55185   15.0232     	Dead: 0
2    11  19.205    0.0987786   1.5929    14.9664     	Dead: 0
2    12  18.8915   0.0939033   1.51428   14.9664     	Dead: 0
2    13  18.6179   0.0953948   1.53834   14.8602     	Dead: 0
2    14  18.4542   0.10419     1.68017   14.6758     	Dead: 0
2    15  18.1493   0.106021    1.7097    13.983      	Dead: 0
2    16  17.8641   0.102734    1.65669   13.1765     	Dead: 0
2    17  17.5467   0.103718    1.67255   12.7323     	Dead: 0
2    18  17.1099   0.101456    1.63608   12.7323     	Dead: 0
2    19  16.6636   0.0915977   1.4771    12.7323     	Dead: 0
2    20  16.3813   0.0953712   1.53796   12.7323     	Dead: 0
2    21  16.1722   0.0938054   1.51271   12.7323     	Dead: 0
2    22  15.8959   0.0877735   1.41544   12.3056     	Dead: 0
2    23  15.7236   0.0874741   1.41061   12.3056     	Dead: 0
2    24  15.6478   0.0910881   1.46889   12.3056     	Dead: 0
2    25  15.4849   0.0865683   1.396     12.3056     	Dead: 0
2    26  15.3943   0.0885847   1.42852   12.3056     	Dead: 0
2    27  15.3001   0.0906186   1.46131   12.3056     	Dead: 0
2    28  15.2592   0.0925138   1.49188   11.9812     	Dead: 0
2    29  15.2819   0.0944897   1.52374   11.9812     	Dead: 0
2    30  15.1924   0.0922032   1.48687   11.9812     	Dead: 0
2    31  15.141    0.0916546   1.47802   11.9812     	Dead: 0
2    32  15.0918   0.0936585   1.51034   11.9812     	Dead: 0
2    33  15.0176   0.0924898   1.49149   11.7052     	Dead: 0
2    34  14.9518   0.092163    1.48622   11.7052     	Dead: 0
2    35  14.9433   0.0925371   1.49225   11.7052     	Dead: 0
2    36  14.8665   0.0931445   1.50205   11.7052     	Dead: 0
2    37  14.8255   0.0929262   1.49853   11.7052     	Dead: 0
2    38  14.8426   0.0947314   1.52764   11.7052     	Dead: 0
2    39  14.7681   0.0930463   1.50046   11.7052     	Dead: 0
2    40  14.7884   0.0970848   1.56559   11.7052     	Dead: 0
2    41  14.7184   0.0962025   1.55136   11.7052     	Dead: 0
2    42  14.6768   0.0951902   1.53504   11.7052     	Dead: 0
2    43  14.63     0.0955749   1.54124   11.7052     	Dead: 0
2    44  14.6358   0.098315    1.58543   11.7052     	Dead: 0
2    45  14.6518   0.0991792   1.59936   11.7052     	Dead: 0
2    46  14.6749   0.10256     1.65388   11.3474     	Dead: 0
2    47  14.6475   0.10032     1.61776   11.3474     	Dead: 0
2    48  14.5836   0.10036     1.6184    11.3474     	Dead: 0
2    49  14.5689   0.099147    1.59884   11.3474     	Dead: 0
2    50  14.6127   0.102013    1.64506   11.3474     	Dead: 0
2    51  14.5278   0.0985361   1.58899   11.3474     	Dead: 0
2    52  14.5039   0.100926    1.62753   11.3474     	Dead: 0
2    53  14.5275   0.10417     1.67985   11.3474     	Dead: 0
2    54  14.455    0.102282    1.64941   11.3474     	Dead: 0
2    55  14.4623   0.103035    1.66154   11.3474     	Dead: 0
2    56  14.514    0.105159    1.69579   11.3474     	Dead: 0
2    57  14.4332   0.0999575   1.61191   11.3474     	Dead: 0
2    58  14.4149   0.100099    1.6142    11.3474     	Dead: 0
2    59  14.4371   0.105205    1.69653   11.3474     	Dead: 0
2    60  14.4017   0.103206    1.66429   11.3474     	Dead: 0
2    61  14.4107   0.104809    1.69014   11.3474     	Dead: 0
2    62  14.4131   0.10495     1.69242   11.3474     	Dead: 0
2    63  14.4001   0.109058    1.75867   11.3474     	Dead: 0
2    64  14.3606   0.106664    1.72006   11.3474     	Dead: 0
2    65  14.3332   0.106799    1.72225   11.3474     	Dead: 0
2    66  14.2464   0.101944    1.64395   10.9916     	Dead: 0
2    67  14.2528   0.103477    1.66866   10.9916     	Dead: 0
2    68  14.287    0.107658    1.73609   10.9916     	Dead: 0
2    69  14.2211   0.103315    1.66606   10.9916     	Dead: 0
2    70  14.1643   0.102872    1.65891   10.9916     	Dead: 0
2    71  14.1252   0.104198    1.68029   10.9916     	Dead: 0
2    72  14.1325   0.107535    1.73412   10.9916     	Dead: 0
2    73  14.0489   0.10465     1.68758   10.9916     	Dead: 0
2    74  14.0743   0.105711    1.70469   10.9916     	Dead: 0
2    75  14.049    0.109661    1.7684    10.9916     	Dead: 0
2    76  13.9978   0.105204    1.69652   10.9916     	Dead: 0
2    77  13.9817   0.107994    1.74151   10.8004     	Dead: 0
2    78  13.9336   0.108646    1.75203   10.8004     	Dead: 0
2    79  13.9003   0.107099    1.72708   10.8004     	Dead: 0
2    80  13.8616   0.107792    1.73826   10.3046     	Dead: 0
2    81  13.7959   0.103435    1.66799   10.3046     	Dead: 0
2    82  13.8329   0.108812    1.7547    10.3046     	Dead: 0
2    83  13.8264   0.107219    1.72901   10.3046     	Dead: 0
2    84  13.8383   0.110395    1.78023   10.3046     	Dead: 0
2    85  13.8425   0.110893    1.78827   10.3046     	Dead: 0
2    86  13.7315   0.10807     1.74273   10.0957     	Dead: 0
2    87  13.7247   0.109687    1.76881   10.0957     	Dead: 0
2    88  13.7357   0.110259    1.77804   10.0957     	Dead: 0
2    89  13.7068   0.11088     1.78805   10.0957     	Dead: 0
2    90  13.6346   0.10932     1.76289   10.0957     	Dead: 0
2    91  13.5874   0.108696    1.75283   10.0957     	Dead: 0
2    92  13.5487   0.1066      1.71904   10.0957     	Dead: 0
2    93  13.5849   0.110662    1.78454   10.0957     	Dead: 0
2    94  13.5733   0.109125    1.75975   10.0957     	Dead: 0
2    95  13.5386   0.109536    1.76638   10.0957     	Dead: 0
2    96  13.5304   0.111143    1.7923    10.0957     	Dead: 0
2    97  13.5217   0.110679    1.7848    10.0957     	Dead: 0
2    98  13.5159   0.111516    1.79831   10.0957     	Dead: 0
2    99  13.4601   0.108355    1.74734   10.0957     	Dead: 0
2    100 13.5024   0.110286    1.77848   10.0957     	Dead: 0
Done run 2 of 29

Beginning Run 3 of 29
Run  RI  Mean      95% CI      SD        Best    
3    0   25.0729   0.119663    1.92968   19.993      	Dead: 0
3    1   23.9539   0.0908964   1.4658    19.993      	Dead: 0
3    2   23.3046   0.0893728   1.44123   18.9718     	Dead: 0
3    3   22.8339   0.0897488   1.44729   18.0226     	Dead: 0
3    4   22.3052   0.0902631   1.45558   18.0226     	Dead: 0
3    5   21.8087   0.0888411   1.43265   17.9491     	Dead: 0
3    6   21.273    0.0847543   1.36675   17.5088     	Dead: 0
3    7   20.8443   0.0916246   1.47754   17.0502     	Dead: 0
3    8   20.4509   0.0932132   1.50316   17.0287     	Dead: 0
3    9   20.1269   0.0955003   1.54004   15.6093     	Dead: 0
3    10  19.8083   0.0958007   1.54488   15.6093     	Dead: 0
3    11  19.4901   0.0982094   1.58373   15.6093     	Dead: 0
3    12  19.232    0.0978086   1.57726   14.9446     	Dead: 0
3    13  18.9663   0.0955536   1.5409    14.9446     	Dead: 0
3    14  18.6938   0.0978506   1.57794   14.9446     	Dead: 0
3    15  18.4801   0.098885    1.59462   14.9446     	Dead: 0
3    16  18.2599   0.100843    1.6262    14.2869     	Dead: 0
3    17  17.9431   0.0964537   1.55541   13.8625     	Dead: 0
3    18  17.6578   0.0999966   1.61254   13.8625     	Dead: 0
3    19  17.3992   0.0997794   1.60904   13.8459     	Dead: 0
3    20  17.0775   0.0953299   1.53729   13.3164     	Dead: 0
3    21  16.944    0.104297    1.6819    12.1876     	Dead: 0
3    22  16.6631   0.10045     1.61985   12.1876     	Dead: 0
3    23  16.5118   0.103236    1.66479   12.1876     	Dead: 0
3    24  16.2975   0.0993012   1.60133   12.1876     	Dead: 0
3    25  16.142    0.105571    1.70244   11.6049     	Dead: 0
3    26  15.9167   0.101292    1.63344   11.6049     	Dead: 0
3    27  15.7684   0.11106     1.79095   11.6049     	Dead: 0
3    28  15.5556   0.106305    1.71427   11.589      	Dead: 0
3    29  15.4409   0.110037    1.77445   11.1186     	Dead: 0
3    30  15.3773   0.114087    1.83977   11.1186     	Dead: 0
3    31  15.1162   0.107357    1.73124   11.1186     	Dead: 0
3    32  15.0512   0.112637    1.81638   10.5116     	Dead: 0
3    33  14.7709   0.107604    1.73522   10.5116     	Dead: 0
3    34  14.7238   0.11318     1.82513   10.5116     	Dead: 0
3    35  14.4446   0.109057    1.75866   10.5116     	Dead: 0
3    36  14.4157   0.118454    1.91018   10.3606     	Dead: 0
3    37  14.2777   0.11705     1.88756   10.3108     	Dead: 0
3    38  14.1769   0.116452    1.87791   10.3108     	Dead: 0
3    39  14.0618   0.114867    1.85235   10.3108     	Dead: 0
3    40  13.9506   0.113973    1.83792   10.3108     	Dead: 0
3    41  13.9403   0.118378    1.90897   10.3108     	Dead: 0
3    42  13.832    0.112351    1.81177   10.3108     	Dead: 0
3    43  13.7622   0.117339    1.89222   10.3108     	Dead: 0
3    44  13.6648   0.117511    1.89498   10.3108     	Dead: 0
3    45  13.4228   0.110123    1.77584   9.88163     	Dead: 0
3    46  13.3675   0.117205    1.89005   9.56417     	Dead: 0
3    47  13.2597   0.112758    1.81834   9.56417     	Dead: 0
3    48  13.2155   0.116826    1.88394   9.56417     	Dead: 0
3    49  12.9444   0.108459    1.74901   8.95796     	Dead: 0
3    50  12.9178   0.113625    1.83231   8.95796     	Dead: 0
3    51  12.8471   0.112877    1.82026   8.95796     	Dead: 0
3    52  12.7393   0.113037    1.82284   8.95796     	Dead: 0
3    53  12.6199   0.11121     1.79337   8.95796     	Dead: 0
3    54  12.5405   0.111553    1.7989    8.83972     	Dead: 0
3    55  12.3979   0.112293    1.81084   8.83972     	Dead: 0
3    56  12.3379   0.113429    1.82916   8.83972     	Dead: 0
3    57  12.2215   0.107768    1.73786   8.83972     	Dead: 0
3    58  12.222    0.111825    1.80328   8.31708     	Dead: 0
3    59  12.1594   0.112178    1.80898   8.31708     	Dead: 0
3    60  12.0156   0.106453    1.71666   8.31708     	Dead: 0
3    61  11.9524   0.106627    1.71947   8.31708     	Dead: 0
3    62  11.9192   0.108994    1.75763   8.31708     	Dead: 0
3    63  11.901    0.110135    1.77604   8.31708     	Dead: 0
3    64  11.8388   0.112505    1.81426   8.31708     	Dead: 0
3    65  11.7373   0.105689    1.70435   8.31708     	Dead: 0
3    66  11.7418   0.110829    1.78722   8.01758     	Dead: 0
3    67  11.7049   0.114882    1.85258   8.01758     	Dead: 0
3    68  11.6065   0.112533    1.8147    8.01758     	Dead: 0
3    69  11.6224   0.111456    1.79735   8.01758     	Dead: 0
3    70  11.5692   0.112469    1.81368   8.01758     	Dead: 0
3    71  11.5284   0.111153    1.79245   8.01758     	Dead: 0
3    72  11.5295   0.113861    1.83611   8.01758     	Dead: 0
3    73  11.4723   0.11088     1.78806   8.01758     	Dead: 0
3    74  11.3877   0.109144    1.76006   8.01758     	Dead: 0
3    75  11.3844   0.11248     1.81386   8.01758     	Dead: 0
3    76  11.3567   0.112366    1.81201   8.01758     	Dead: 0
3    77  11.3629   0.116635    1.88086   8.00862     	Dead: 0
3    78  11.3957   0.118734    1.9147    8.00862     	Dead: 0
3    79  11.3651   0.11511     1.85627   8.00862     	Dead: 0
3    80  11.2574   0.114519    1.84674   8.00862     	Dead: 0
3    81  11.1693   0.109606    1.76751   8.00862     	Dead: 0
3    82  11.1821   0.112996    1.82217   8.00862     	Dead: 0
3    83  11.1053   0.112227    1.80977   7.84975     	Dead: 0
3    84  11.0918   0.112913    1.82084   7.84975     	Dead: 0
3    85  11.0247   0.111737    1.80188   7.84975     	Dead: 0
3    86  11.0023   0.112231    1.80983   7.84975     	Dead: 0
3    87  11.0178   0.116016    1.87087   7.84975     	Dead: 0
3    88  11.0208   0.116431    1.87757   7.84975     	Dead: 0
3    89  10.9231   0.111374    1.79602   7.84975     	Dead: 0
3    90  10.9309   0.116364    1.87648   7.84975     	Dead: 0
3    91  10.9175   0.119784    1.93163   7.67638     	Dead: 0
3    92  10.8452   0.116701    1.88193   7.67638     	Dead: 0
3    93  10.8933   0.118263    1.90711   7.67638     	Dead: 0
3    94  10.8065   0.115861    1.86837   7.67638     	Dead: 0
3    95  10.8025   0.11551     1.86271   7.67638     	Dead: 0
3    96  10.7205   0.109662    1.76841   7.67638     	Dead: 0
3    97  10.6587   0.109855    1.77152   7.67638     	Dead: 0
3    98  10.6775   0.113731    1.83403   7.67638     	Dead: 0
3    99  10.6157   0.112379    1.81223   7.67638     	Dead: 0
3    100 10.6421   0.115631    1.86467   7.67638     	Dead: 0
Done run 3 of 29

Beginning Run 4 of 29
Run  RI  Mean      95% CI      SD        Best    
4    0   25.0326   0.119181    1.92192   18.4398     	Dead: 0
4    1   23.9712   0.0972842   1.5688    17.7982     	Dead: 0
4    2   23.2788   0.093279    1.50422   17.7982     	Dead: 0
4    3   22.79     0.0930172   1.49999   17.7982     	Dead: 0
4    4   22.2525   0.0899371   1.45033   17.517      	Dead: 0
4    5   21.7107   0.0879137   1.4177    17.5094     	Dead: 0
4    6   21.3275   0.0893807   1.44135   17.5094     	Dead: 0
4    7   20.9052   0.0909416   1.46652   16.1621     	Dead: 0
4    8   20.5651   0.0967162   1.55965   16.1621     	Dead: 0
4    9   20.2048   0.0972104   1.56762   15.2334     	Dead: 0
4    10  19.823    0.0972729   1.56862   15.2334     	Dead: 0
4    11  19.4381   0.0947639   1.52816   15.2334     	Dead: 0
4    12  19.0839   0.092223    1.48719   14.277      	Dead: 0
4    13  18.8709   0.0938474   1.51338   14.277      	Dead: 0
4    14  18.7016   0.0966242   1.55816   14.277      	Dead: 0
4    15  18.4052   0.0962261   1.55174   14.277      	Dead: 0
4    16  18.2871   0.104695    1.68831   14.277      	Dead: 0
4    17  17.9938   0.0969885   1.56404   14.277      	Dead: 0
4    18  17.8625   0.101897    1.6432    14.277      	Dead: 0
4    19  17.6583   0.0993153   1.60156   13.336      	Dead: 0
4    20  17.464    0.09919     1.59954   13.336      	Dead: 0
4    21  17.3253   0.101972    1.64441   13.336      	Dead: 0
4    22  17.1716   0.102781    1.65745   13.336      	Dead: 0
4    23  17.0019   0.101912    1.64343   13.336      	Dead: 0
4    24  16.8373   0.101242    1.63263   13.2307     	Dead: 0
4    25  16.7081   0.103868    1.67498   12.3104     	Dead: 0
4    26  16.5166   0.100236    1.61641   12.3104     	Dead: 0
4    27  16.4758   0.102927    1.6598    12.3104     	Dead: 0
4    28  16.2597   0.0975631   1.5733    12.3104     	Dead: 0
4    29  16.1212   0.0946562   1.52643   12.3104     	Dead: 0
4    30  15.9695   0.0931627   1.50234   12.3104     	Dead: 0
4    31  15.8452   0.0899567   1.45064   12.3104     	Dead: 0
4    32  15.7306   0.089793    1.448     12.3104     	Dead: 0
4    33  15.7249   0.0979243   1.57913   12.3104     	Dead: 0
4    34  15.7005   0.0978953   1.57866   12.3104     	Dead: 0
4    35  15.6385   0.0994907   1.60439   12.3104     	Dead: 0
4    36  15.5551   0.0978327   1.57765   11.8095     	Dead: 0
4    37  15.5411   0.101331    1.63406   11.8095     	Dead: 0
4    38  15.4052   0.0966276   1.55822   11.8095     	Dead: 0
4    39  15.3098   0.0983965   1.58674   11.8095     	Dead: 0
4    40  15.275    0.0988801   1.59454   11.8095     	Dead: 0
4    41  15.2327   0.0999275   1.61143   11.8095     	Dead: 0
4    42  15.1758   0.100143    1.61491   11.7792     	Dead: 0
4    43  15.0877   0.100163    1.61522   11.7792     	Dead: 0
4    44  15.0248   0.0983214   1.58553   11.7792     	Dead: 0
4    45  14.9856   0.0998662   1.61044   11.7792     	Dead: 0
4    46  14.9536   0.100538    1.62127   11.7792     	Dead: 0
4    47  14.9247   0.0992046   1.59977   11.7792     	Dead: 0
4    48  14.881    0.0984384   1.58742   11.7792     	Dead: 0
4    49  14.8593   0.103071    1.66212   11.6859     	Dead: 0
4    50  14.8108   0.103219    1.66451   11.6859     	Dead: 0
4    51  14.8071   0.103769    1.67339   11.6859     	Dead: 0
4    52  14.7384   0.101828    1.64208   11.2986     	Dead: 0
4    53  14.7231   0.102271    1.64922   11.2986     	Dead: 0
4    54  14.6649   0.103167    1.66366   11.2986     	Dead: 0
4    55  14.6244   0.102525    1.65331   11.2986     	Dead: 0
4    56  14.6551   0.105959    1.70869   11.2986     	Dead: 0
4    57  14.588    0.105363    1.69908   11.2986     	Dead: 0
4    58  14.5642   0.10519     1.6963    11.2986     	Dead: 0
4    59  14.5259   0.10349     1.66888   11.2986     	Dead: 0
4    60  14.4748   0.101025    1.62913   11.2986     	Dead: 0
4    61  14.4333   0.101363    1.63457   11.2986     	Dead: 0
4    62  14.409    0.102946    1.6601    11.2986     	Dead: 0
4    63  14.3342   0.102579    1.65419   11.2986     	Dead: 0
4    64  14.3311   0.103159    1.66354   11.2986     	Dead: 0
4    65  14.3096   0.109014    1.75796   10.9872     	Dead: 0
4    66  14.1795   0.102345    1.65041   10.9872     	Dead: 0
4    67  14.1831   0.104372    1.68311   10.9872     	Dead: 0
4    68  14.1475   0.1008      1.6255    10.9872     	Dead: 0
4    69  14.1454   0.103638    1.67126   10.9872     	Dead: 0
4    70  14.1262   0.105534    1.70184   10.9872     	Dead: 0
4    71  13.9997   0.0993701   1.60244   10.9872     	Dead: 0
4    72  14.0178   0.103096    1.66253   10.9872     	Dead: 0
4    73  13.9939   0.105568    1.70239   10.9872     	Dead: 0
4    74  13.9471   0.10294     1.66002   10.6809     	Dead: 0
4    75  13.8748   0.0996641   1.60718   10.6809     	Dead: 0
4    76  13.8537   0.100065    1.61366   10.6809     	Dead: 0
4    77  13.8929   0.104499    1.68515   10.6809     	Dead: 0
4    78  13.8448   0.104025    1.6775    10.6493     	Dead: 0
4    79  13.8339   0.104486    1.68494   10.6493     	Dead: 0
4    80  13.7785   0.102936    1.65995   10.514      	Dead: 0
4    81  13.7234   0.101111    1.63052   10.514      	Dead: 0
4    82  13.6988   0.105772    1.70567   10.514      	Dead: 0
4    83  13.678    0.105548    1.70207   10.514      	Dead: 0
4    84  13.685    0.108891    1.75598   10.514      	Dead: 0
4    85  13.6287   0.10802     1.74193   10.514      	Dead: 0
4    86  13.6123   0.106353    1.71505   10.514      	Dead: 0
4    87  13.542    0.103944    1.6762    10.514      	Dead: 0
4    88  13.5739   0.105158    1.69579   10.0402     	Dead: 0
4    89  13.5507   0.105702    1.70454   10.0402     	Dead: 0
4    90  13.4686   0.104175    1.67992   10.0402     	Dead: 0
4    91  13.4863   0.106048    1.71013   10.0402     	Dead: 0
4    92  13.4466   0.103747    1.67303   10.0402     	Dead: 0
4    93  13.4256   0.104709    1.68853   10.0402     	Dead: 0
4    94  13.3548   0.103553    1.66989   10.0402     	Dead: 0
4    95  13.4402   0.108566    1.75074   10.0402     	Dead: 0
4    96  13.3688   0.10746     1.7329    10.0402     	Dead: 0
4    97  13.3397   0.105304    1.69813   10.0402     	Dead: 0
4    98  13.3224   0.106938    1.72449   10.0402     	Dead: 0
4    99  13.2945   0.10467     1.68791   10.0402     	Dead: 0
4    100 13.2101   0.104261    1.68132   10.0402     	Dead: 0
Done run 4 of 29

Beginning Run 5 of 29
Run  RI  Mean      95% CI      SD        Best    
5    0   24.997    0.117129    1.88882   21.048      	Dead: 0
5    1   23.8921   0.0975265   1.57271   20.4281     	Dead: 0
5    2   23.2157   0.0854505   1.37797   19.5374     	Dead: 0
5    3   22.7284   0.0860379   1.38745   19.1666     	Dead: 0
5    4   22.2786   0.0887842   1.43173   18.532      	Dead: 0
5    5   21.8902   0.0911936   1.47059   18.4771     	Dead: 0
5    6   21.4054   0.0873713   1.40895   17.7677     	Dead: 0
5    7   21.0324   0.0911638   1.47011   16.8732     	Dead: 0
5    8   20.5877   0.0893113   1.44023   15.7659     	Dead: 0
5    9   20.1777   0.0865148   1.39514   15.7659     	Dead: 0
5    10  19.8637   0.085709    1.38214   15.703      	Dead: 0
5    11  19.5836   0.0897717   1.44766   15.703      	Dead: 0
5    12  19.3025   0.0875132   1.41124   15.703      	Dead: 0
5    13  19.1019   0.0912947   1.47222   15.133      	Dead: 0
5    14  18.7992   0.0910317   1.46798   15.0595     	Dead: 0
5    15  18.5904   0.0967441   1.5601    14.6248     	Dead: 0
5    16  18.3143   0.0904552   1.45868   14.6248     	Dead: 0
5    17  18.0826   0.0921575   1.48613   14.6248     	Dead: 0
5    18  17.7142   0.0860492   1.38763   14.2567     	Dead: 0
5    19  17.5438   0.0895974   1.44485   14.2567     	Dead: 0
5    20  17.2535   0.0851578   1.37325   14.2567     	Dead: 0
5    21  17.043    0.0890626   1.43622   12.2377     	Dead: 0
5    22  16.9157   0.0903812   1.45749   12.2377     	Dead: 0
5    23  16.6741   0.0878806   1.41716   12.2377     	Dead: 0
5    24  16.5333   0.0881638   1.42173   12.2377     	Dead: 0
5    25  16.3802   0.0872764   1.40742   12.2377     	Dead: 0
5    26  16.2745   0.086768    1.39922   12.2377     	Dead: 0
5    27  16.1533   0.0866456   1.39725   12.2377     	Dead: 0
5    28  16.0597   0.0893152   1.4403    12.2377     	Dead: 0
5    29  15.9137   0.0867808   1.39943   12.2377     	Dead: 0
5    30  15.8265   0.0908246   1.46464   12.2377     	Dead: 0
5    31  15.7259   0.08902     1.43554   12.2377     	Dead: 0
5    32  15.5678   0.0873946   1.40933   12.2377     	Dead: 0
5    33  15.4766   0.0904771   1.45903   11.9201     	Dead: 0
5    34  15.3299   0.0882135   1.42253   11.9201     	Dead: 0
5    35  15.2434   0.0894005   1.44167   11.9201     	Dead: 0
5    36  15.1552   0.0915856   1.47691   11.9201     	Dead: 0
5    37  15.0054   0.0882502   1.42312   11.9201     	Dead: 0
5    38  14.8672   0.0886739   1.42996   11.2513     	Dead: 0
5    39  14.7644   0.0905313   1.45991   11.2404     	Dead: 0
5    40  14.6797   0.0893609   1.44103   11.2404     	Dead: 0
5    41  14.5441   0.0864827   1.39462   11.2404     	Dead: 0
5    42  14.4757   0.0870458   1.4037    11.2404     	Dead: 0
5    43  14.3454   0.0885651   1.4282    11.2404     	Dead: 0
5    44  14.2701   0.0913376   1.47291   11.2404     	Dead: 0
5    45  14.1327   0.0902636   1.45559   11.2404     	Dead: 0
5    46  14.1033   0.0907745   1.46383   11.0515     	Dead: 0
5    47  14.0382   0.0902168   1.45484   11.0515     	Dead: 0
5    48  14.0512   0.0968442   1.56171   11.0515     	Dead: 0
5    49  13.9094   0.0911017   1.46911   11.0515     	Dead: 0
5    50  13.8362   0.0924255   1.49045   11.0515     	Dead: 0
5    51  13.7478   0.0884093   1.42569   10.7244     	Dead: 0
5    52  13.6907   0.0866364   1.3971    10.7244     	Dead: 0
5    53  13.6441   0.0874868   1.41081   10.7244     	Dead: 0
5    54  13.627    0.0917468   1.47951   10.7244     	Dead: 0
5    55  13.5902   0.0908854   1.46562   10.7244     	Dead: 0
5    56  13.5586   0.0902197   1.45488   10.7244     	Dead: 0
5    57  13.4949   0.0917573   1.47968   10.7244     	Dead: 0
5    58  13.4624   0.0935285   1.50824   10.7244     	Dead: 0
5    59  13.3759   0.0903189   1.45648   10.7244     	Dead: 0
5    60  13.3944   0.0934951   1.5077    10.7244     	Dead: 0
5    61  13.4048   0.0996105   1.60632   10.7244     	Dead: 0
5    62  13.2731   0.0926962   1.49482   10.2363     	Dead: 0
5    63  13.296    0.0959084   1.54662   10.2363     	Dead: 0
5    64  13.2858   0.0929076   1.49823   10.2363     	Dead: 0
5    65  13.1984   0.0904762   1.45902   10.2363     	Dead: 0
5    66  13.1761   0.0950866   1.53337   10.2363     	Dead: 0
5    67  13.0811   0.0918786   1.48163   10.2363     	Dead: 0
5    68  13.0553   0.0934705   1.50731   10.1861     	Dead: 0
5    69  13.0428   0.09695     1.56342   10.1861     	Dead: 0
5    70  12.9569   0.0923903   1.48989   10.1861     	Dead: 0
5    71  12.9324   0.0944093   1.52245   10.1861     	Dead: 0
5    72  12.8771   0.089985    1.4511    9.84627     	Dead: 0
5    73  12.9201   0.101861    1.64261   9.84627     	Dead: 0
5    74  12.8499   0.0948528   1.5296    9.84627     	Dead: 0
5    75  12.843    0.0962233   1.5517    9.84627     	Dead: 0
5    76  12.7905   0.09757     1.57341   9.84627     	Dead: 0
5    77  12.7547   0.0946695   1.52664   9.84627     	Dead: 0
5    78  12.684    0.0946127   1.52572   9.53343     	Dead: 0
5    79  12.6778   0.096029    1.54856   9.53343     	Dead: 0
5    80  12.7095   0.099223    1.60007   9.53343     	Dead: 0
5    81  12.6688   0.100232    1.61635   9.53343     	Dead: 0
5    82  12.5276   0.095554    1.5409    9.53343     	Dead: 0
5    83  12.5385   0.0988942   1.59477   9.53343     	Dead: 0
5    84  12.4624   0.0963265   1.55336   9.53343     	Dead: 0
5    85  12.4555   0.0975319   1.5728    9.53343     	Dead: 0
5    86  12.3912   0.0967252   1.55979   9.53343     	Dead: 0
5    87  12.3556   0.0957056   1.54335   9.53343     	Dead: 0
5    88  12.2875   0.0923947   1.48996   9.53343     	Dead: 0
5    89  12.3419   0.0964038   1.55461   9.53343     	Dead: 0
5    90  12.2701   0.0936738   1.51058   9.53343     	Dead: 0
5    91  12.2633   0.0953698   1.53793   9.53343     	Dead: 0
5    92  12.2173   0.0975281   1.57274   9.53343     	Dead: 0
5    93  12.2312   0.0991323   1.59861   9.30545     	Dead: 0
5    94  12.1601   0.0974045   1.57075   9.30545     	Dead: 0
5    95  12.1462   0.0993893   1.60275   9.20433     	Dead: 0
5    96  12.1348   0.0992315   1.60021   9.20433     	Dead: 0
5    97  12.1517   0.0986998   1.59163   9.20433     	Dead: 0
5    98  12.1763   0.105212    1.69665   9.20433     	Dead: 0
5    99  12.1091   0.0985746   1.58961   9.20433     	Dead: 0
5    100 12.0833   0.0966321   1.55829   9.16647     	Dead: 0
Done run 5 of 29

Beginning Run 6 of 29
Run  RI  Mean      95% CI      SD        Best    
6    0   25.0215   0.117023    1.88711   20.1205     	Dead: 0
6    1   23.9216   0.102789    1.65758   19.3794     	Dead: 0
6    2   23.224    0.0950793   1.53325   18.6986     	Dead: 0
6    3   22.6761   0.0900945   1.45286   18.6546     	Dead: 0
6    4   22.2769   0.0920299   1.48407   18.1713     	Dead: 0
6    5   21.7895   0.0904982   1.45937   17.451      	Dead: 0
6    6   21.4301   0.0963459   1.55367   17.451      	Dead: 0
6    7   20.9594   0.0926808   1.49457   17.1321     	Dead: 0
6    8   20.5806   0.0878382   1.41648   16.4836     	Dead: 0
6    9   20.3775   0.0962256   1.55173   16.1893     	Dead: 0
6    10  20.0603   0.0982509   1.58439   16.1885     	Dead: 0
6    11  19.7763   0.0932045   1.50302   16.1885     	Dead: 0
6    12  19.4818   0.100512    1.62086   15.0602     	Dead: 0
6    13  19.2091   0.094027    1.51628   15.0602     	Dead: 0
6    14  19.039    0.100515    1.6209    15.0602     	Dead: 0
6    15  18.7214   0.09395     1.51504   14.6901     	Dead: 0
6    16  18.4982   0.0991959   1.59963   14.6901     	Dead: 0
6    17  18.2421   0.0980574   1.58127   14.3893     	Dead: 0
6    18  17.9711   0.0946214   1.52587   14.3893     	Dead: 0
6    19  17.7971   0.0990819   1.59779   14.0775     	Dead: 0
6    20  17.5212   0.0942769   1.52031   13.5913     	Dead: 0
6    21  17.2393   0.0907255   1.46304   13.5913     	Dead: 0
6    22  17.1002   0.0923919   1.48991   13.3884     	Dead: 0
6    23  16.9164   0.0939591   1.51518   13.3884     	Dead: 0
6    24  16.8066   0.0958825   1.5462    13.3884     	Dead: 0
6    25  16.6462   0.0929348   1.49867   13.3884     	Dead: 0
6    26  16.5012   0.0920765   1.48483   13.3884     	Dead: 0
6    27  16.4427   0.0950333   1.53251   13.0345     	Dead: 0
6    28  16.2694   0.0896989   1.44648   13.0345     	Dead: 0
6    29  16.1585   0.089874    1.44931   12.8179     	Dead: 0
6    30  16.0823   0.09365     1.5102    12.6997     	Dead: 0
6    31  16.0008   0.0950547   1.53285   12.6997     	Dead: 0
6    32  15.9113   0.0940123   1.51604   12.6549     	Dead: 0
6    33  15.8137   0.0939981   1.51581   12.6549     	Dead: 0
6    34  15.7861   0.0951933   1.53509   12.6549     	Dead: 0
6    35  15.7224   0.0986409   1.59068   12.6549     	Dead: 0
6    36  15.597    0.0955719   1.54119   12.5579     	Dead: 0
6    37  15.5482   0.0957654   1.54431   12.5579     	Dead: 0
6    38  15.5184   0.100504    1.62073   11.373      	Dead: 0
6    39  15.4394   0.0991535   1.59895   11.373      	Dead: 0
6    40  15.3464   0.0984332   1.58733   11.373      	Dead: 0
6    41  15.246    0.0974626   1.57168   11.373      	Dead: 0
6    42  15.1865   0.0996621   1.60715   11.373      	Dead: 0
6    43  15.1561   0.102045    1.64559   11.373      	Dead: 0
6    44  15.0814   0.100391    1.6189    11.373      	Dead: 0
6    45  15.023    0.0979641   1.57977   11.373      	Dead: 0
6    46  15.0256   0.10095     1.62791   11.373      	Dead: 0
6    47  14.9488   0.0999867   1.61239   11.373      	Dead: 0
6    48  14.9344   0.0984296   1.58728   11.373      	Dead: 0
6    49  14.8469   0.0965596   1.55712   11.373      	Dead: 0
6    50  14.8187   0.0999327   1.61152   11.373      	Dead: 0
6    51  14.7906   0.101471    1.63633   11.373      	Dead: 0
6    52  14.7632   0.10131     1.63373   11.373      	Dead: 0
6    53  14.708    0.101746    1.64076   11.373      	Dead: 0
6    54  14.7207   0.106406    1.7159    11.05       	Dead: 0
6    55  14.6254   0.103271    1.66535   11.05       	Dead: 0
6    56  14.6074   0.101276    1.63318   11.05       	Dead: 0
6    57  14.5951   0.105323    1.69844   11.05       	Dead: 0
6    58  14.5173   0.102718    1.65643   11.05       	Dead: 0
6    59  14.4856   0.103658    1.67158   11.05       	Dead: 0
6    60  14.4333   0.102094    1.64636   11.05       	Dead: 0
6    61  14.3978   0.102584    1.65427   11.05       	Dead: 0
6    62  14.3861   0.10331     1.66597   10.924      	Dead: 0
6    63  14.3766   0.105705    1.70461   10.924      	Dead: 0
6    64  14.3179   0.102413    1.65151   10.924      	Dead: 0
6    65  14.2585   0.102612    1.65473   10.6721     	Dead: 0
6    66  14.2171   0.101231    1.63245   10.6721     	Dead: 0
6    67  14.1904   0.103725    1.67267   10.1901     	Dead: 0
6    68  14.17     0.105572    1.70245   10.1901     	Dead: 0
6    69  14.1189   0.10322     1.66452   10.1901     	Dead: 0
6    70  14.0741   0.102896    1.6593    10.1901     	Dead: 0
6    71  14.074    0.105959    1.70869   10.1901     	Dead: 0
6    72  13.9526   0.0982045   1.58365   10.1901     	Dead: 0
6    73  14.0285   0.105744    1.70522   10.1901     	Dead: 0
6    74  13.9738   0.104286    1.68172   10.1901     	Dead: 0
6    75  13.9703   0.105651    1.70373   10.1901     	Dead: 0
6    76  13.9273   0.103611    1.67083   10.1901     	Dead: 0
6    77  13.8567   0.0995104   1.6047    10.1901     	Dead: 0
6    78  13.8248   0.0988257   1.59366   10.1901     	Dead: 0
6    79  13.8735   0.105789    1.70596   10.1901     	Dead: 0
6    80  13.8447   0.107034    1.72603   10.1901     	Dead: 0
6    81  13.7758   0.104656    1.68768   10.1901     	Dead: 0
6    82  13.6972   0.103609    1.67081   10.1901     	Dead: 0
6    83  13.6428   0.102634    1.65507   10.1901     	Dead: 0
6    84  13.6486   0.104943    1.69231   10.1901     	Dead: 0
6    85  13.6695   0.106503    1.71747   10.1901     	Dead: 0
6    86  13.6345   0.107194    1.72861   10.1901     	Dead: 0
6    87  13.5706   0.105639    1.70353   10.1901     	Dead: 0
6    88  13.4824   0.101269    1.63306   10.1901     	Dead: 0
6    89  13.4885   0.105359    1.69903   10.1901     	Dead: 0
6    90  13.4509   0.104912    1.6918    10.1901     	Dead: 0
6    91  13.3881   0.102254    1.64895   10.1901     	Dead: 0
6    92  13.3805   0.103989    1.67693   10.1901     	Dead: 0
6    93  13.3172   0.105036    1.69382   10.1901     	Dead: 0
6    94  13.2842   0.103703    1.67232   10.1901     	Dead: 0
6    95  13.1981   0.0964763   1.55578   10.1901     	Dead: 0
6    96  13.2254   0.100886    1.62688   10.1901     	Dead: 0
6    97  13.2581   0.10122     1.63227   10.1901     	Dead: 0
6    98  13.2043   0.102271    1.64922   10.154      	Dead: 0
6    99  13.168    0.0991622   1.59909   10.154      	Dead: 0
6    100 13.2022   0.104586    1.68656   10.154      	Dead: 0
Done run 6 of 29

Beginning Run 7 of 29
Run  RI  Mean      95% CI      SD        Best    
7    0   25.034    0.119885    1.93326   19.8959     	Dead: 0
7    1   23.9481   0.0958121   1.54507   19.5988     	Dead: 0
7    2   23.3772   0.0961928   1.55121   19.0746     	Dead: 0
7    3   22.8356   0.0926789   1.49454   18.8397     	Dead: 0
7    4   22.3507   0.0903953   1.45772   18.7726     	Dead: 0
7    5   21.9689   0.0940912   1.51732   18.7726     	Dead: 0
7    6   21.5385   0.0932488   1.50373   17.2359     	Dead: 0
7    7   21.2418   0.0951603   1.53456   17.2359     	Dead: 0
7    8   20.7956   0.0890863   1.43661   16.3829     	Dead: 0
7    9   20.4014   0.0910989   1.46906   16.219      	Dead: 0
7    10  20.105    0.0915432   1.47623   16.219      	Dead: 0
7    11  19.752    0.090781    1.46393   16.219      	Dead: 0
7    12  19.4079   0.0906455   1.46175   15.609      	Dead: 0
7    13  19.0604   0.0878412   1.41653   14.4403     	Dead: 0
7    14  18.7817   0.0861862   1.38984   14.1807     	Dead: 0
7    15  18.4757   0.0835891   1.34796   14.1807     	Dead: 0
7    16  18.3093   0.087649    1.41343   13.9807     	Dead: 0
7    17  18.0996   0.0859805   1.38652   13.9807     	Dead: 0
7    18  17.911    0.089652    1.44573   13.9807     	Dead: 0
7    19  17.7129   0.0887374   1.43098   13.9807     	Dead: 0
7    20  17.5143   0.0880489   1.41988   13.671      	Dead: 0
7    21  17.4184   0.0922392   1.48745   13.1314     	Dead: 0
7    22  17.2043   0.0900299   1.45182   12.8777     	Dead: 0
7    23  17.0057   0.089091    1.43668   12.8777     	Dead: 0
7    24  16.9462   0.0949614   1.53135   12.8777     	Dead: 0
7    25  16.8203   0.0964305   1.55504   12.8777     	Dead: 0
7    26  16.7048   0.0969293   1.56308   12.8777     	Dead: 0
7    27  16.5151   0.0992265   1.60013   12.8777     	Dead: 0
7    28  16.3377   0.0968273   1.56144   12.7563     	Dead: 0
7    29  16.1962   0.0946654   1.52657   12.7563     	Dead: 0
7    30  16.1657   0.0995502   1.60535   12.3056     	Dead: 0
7    31  15.9953   0.0974365   1.57126   12.3056     	Dead: 0
7    32  15.8938   0.10185     1.64243   12.3056     	Dead: 0
7    33  15.7721   0.099083    1.59781   12.1592     	Dead: 0
7    34  15.6052   0.0976937   1.57541   11.682      	Dead: 0
7    35  15.4978   0.0972517   1.56828   11.682      	Dead: 0
7    36  15.3358   0.0942981   1.52065   11.682      	Dead: 0
7    37  15.3004   0.0990714   1.59763   11.682      	Dead: 0
7    38  15.2424   0.103217    1.66448   11.682      	Dead: 0
7    39  15.1911   0.104121    1.67906   11.682      	Dead: 0
7    40  15.1354   0.10458     1.68645   11.682      	Dead: 0
7    41  15.0513   0.101413    1.63539   11.682      	Dead: 0
7    42  14.9492   0.101344    1.63428   11.682      	Dead: 0
7    43  14.9056   0.101266    1.63301   11.5794     	Dead: 0
7    44  14.8637   0.102364    1.65073   11.5794     	Dead: 0
7    45  14.7893   0.104706    1.68848   11.5794     	Dead: 0
7    46  14.789    0.108073    1.74278   11.5794     	Dead: 0
7    47  14.7033   0.105872    1.70729   11.5794     	Dead: 0
7    48  14.6796   0.10343     1.66792   11.5794     	Dead: 0
7    49  14.6749   0.106687    1.72044   11.5794     	Dead: 0
7    50  14.5545   0.103311    1.66599   11.5794     	Dead: 0
7    51  14.5547   0.106747    1.7214    11.5794     	Dead: 0
7    52  14.5167   0.106818    1.72255   11.5794     	Dead: 0
7    53  14.446    0.103413    1.66765   11.5794     	Dead: 0
7    54  14.5039   0.107437    1.73253   11.032      	Dead: 0
7    55  14.3655   0.10026     1.61679   11.032      	Dead: 0
7    56  14.3646   0.103668    1.67175   11.032      	Dead: 0
7    57  14.3225   0.102152    1.6473    11.032      	Dead: 0
7    58  14.2451   0.103198    1.66417   11.032      	Dead: 0
7    59  14.2315   0.106649    1.71983   11.032      	Dead: 0
7    60  14.135    0.105217    1.69673   11.032      	Dead: 0
7    61  14.0825   0.106506    1.71752   11.032      	Dead: 0
7    62  14.07     0.108042    1.74229   11.032      	Dead: 0
7    63  14.0689   0.108993    1.75762   11.032      	Dead: 0
7    64  14.0172   0.107027    1.72592   11.032      	Dead: 0
7    65  13.9449   0.109767    1.7701    10.2761     	Dead: 0
7    66  13.8931   0.108804    1.75458   10.2761     	Dead: 0
7    67  13.8305   0.10598     1.70904   10.2761     	Dead: 0
7    68  13.7087   0.105885    1.70749   10.2311     	Dead: 0
7    69  13.6936   0.108256    1.74574   10.1831     	Dead: 0
7    70  13.651    0.10859     1.75112   10.1831     	Dead: 0
7    71  13.5433   0.109884    1.77199   10.1831     	Dead: 0
7    72  13.4592   0.107904    1.74006   10.1831     	Dead: 0
7    73  13.4224   0.108802    1.75454   10.1831     	Dead: 0
7    74  13.3656   0.108642    1.75196   10.1831     	Dead: 0
7    75  13.3671   0.113347    1.82783   10.1831     	Dead: 0
7    76  13.2478   0.10808     1.7429    9.36049     	Dead: 0
7    77  13.1364   0.1067      1.72064   9.36049     	Dead: 0
7    78  13.148    0.11151     1.7982    9.36049     	Dead: 0
7    79  13.0807   0.107574    1.73474   9.36049     	Dead: 0
7    80  12.9876   0.105309    1.69821   9.36049     	Dead: 0
7    81  13.034    0.11297     1.82175   9.36049     	Dead: 0
7    82  12.9664   0.114294    1.84311   9.36049     	Dead: 0
7    83  12.8657   0.106688    1.72045   9.36049     	Dead: 0
7    84  12.8733   0.111284    1.79457   9.36049     	Dead: 0
7    85  12.8676   0.11142     1.79676   9.36049     	Dead: 0
7    86  12.862    0.113074    1.82343   9.36049     	Dead: 0
7    87  12.9294   0.119507    1.92717   9.36049     	Dead: 0
7    88  12.817    0.113618    1.83221   9.36049     	Dead: 0
7    89  12.7737   0.114068    1.83945   9.36049     	Dead: 0
7    90  12.6822   0.112984    1.82198   9.36049     	Dead: 0
7    91  12.7464   0.118054    1.90373   9.36049     	Dead: 0
7    92  12.7271   0.115193    1.8576    9.36049     	Dead: 0
7    93  12.6681   0.114508    1.84655   9.36049     	Dead: 0
7    94  12.647    0.115399    1.86092   9.28385     	Dead: 0
7    95  12.5817   0.113623    1.83228   9.26189     	Dead: 0
7    96  12.5942   0.117088    1.88815   9.26189     	Dead: 0
7    97  12.568    0.115279    1.85899   9.26189     	Dead: 0
7    98  12.5364   0.116334    1.876     9.26189     	Dead: 0
7    99  12.5759   0.121638    1.96153   9.26189     	Dead: 0
7    100 12.5994   0.124946    2.01489   9.26189     	Dead: 0
Done run 7 of 29

Beginning Run 8 of 29
Run  RI  Mean      95% CI      SD        Best    
8    0   24.9751   0.113364    1.82811   20.498      	Dead: 0
8    1   23.9571   0.090564    1.46044   20.4663     	Dead: 0
8    2   23.3172   0.0837834   1.35109   19.1844     	Dead: 0
8    3   22.8653   0.0846334   1.3648    19.1844     	Dead: 0
8    4   22.2828   0.0850031   1.37076   17.5477     	Dead: 0
8    5   21.8368   0.0956017   1.54167   17.4765     	Dead: 0
8    6   21.3557   0.0944845   1.52366   17.4689     	Dead: 0
8    7   20.8975   0.0933348   1.50512   17.1417     	Dead: 0
8    8   20.4348   0.0963135   1.55315   16.4124     	Dead: 0
8    9   19.9408   0.0915743   1.47673   15.3378     	Dead: 0
8    10  19.5243   0.0930932   1.50122   15.2194     	Dead: 0
8    11  19.0933   0.0925898   1.4931    15.2194     	Dead: 0
8    12  18.7459   0.0912165   1.47096   15.2194     	Dead: 0
8    13  18.318    0.0880275   1.41953   14.3993     	Dead: 0
8    14  18.0027   0.0937942   1.51253   13.9468     	Dead: 0
8    15  17.6201   0.0907953   1.46417   13.9468     	Dead: 0
8    16  17.2379   0.0896747   1.44609   13.9468     	Dead: 0
8    17  16.935    0.0861009   1.38846   13.5199     	Dead: 0
8    18  16.6918   0.0894209   1.442     13.1347     	Dead: 0
8    19  16.483    0.0881168   1.42097   12.8548     	Dead: 0
8    20  16.2977   0.0870067   1.40307   12.2301     	Dead: 0
8    21  16.1127   0.0882477   1.42308   12.2301     	Dead: 0
8    22  15.9884   0.0874415   1.41008   12.0406     	Dead: 0
8    23  15.8794   0.089238    1.43905   12.0406     	Dead: 0
8    24  15.675    0.0875236   1.41141   12.0406     	Dead: 0
8    25  15.5637   0.0889992   1.4352    12.0406     	Dead: 0
8    26  15.4542   0.0901078   1.45308   12.0406     	Dead: 0
8    27  15.3333   0.0927386   1.4955    12.0406     	Dead: 0
8    28  15.1812   0.0934238   1.50655   12.0406     	Dead: 0
8    29  15.008    0.091768    1.47985   11.6993     	Dead: 0
8    30  14.9591   0.0961417   1.55038   11.6993     	Dead: 0
8    31  14.7949   0.0977503   1.57632   11.5052     	Dead: 0
8    32  14.7022   0.0974111   1.57085   10.9612     	Dead: 0
8    33  14.5609   0.0986851   1.5914    10.1961     	Dead: 0
8    34  14.4369   0.100416    1.61931   10.1961     	Dead: 0
8    35  14.3581   0.102436    1.65188   10.1961     	Dead: 0
8    36  14.1811   0.10135     1.63436   10.1961     	Dead: 0
8    37  14.0814   0.101628    1.63885   10.1961     	Dead: 0
8    38  14.0005   0.105364    1.6991    10.1961     	Dead: 0
8    39  13.8939   0.106865    1.72331   10.1961     	Dead: 0
8    40  13.8125   0.107771    1.73792   10.1961     	Dead: 0
8    41  13.7457   0.107828    1.73883   10.1961     	Dead: 0
8    42  13.7158   0.110148    1.77625   10.1961     	Dead: 0
8    43  13.5653   0.105734    1.70507   10.1961     	Dead: 0
8    44  13.5635   0.111732    1.80179   10.1961     	Dead: 0
8    45  13.4881   0.114246    1.84233   9.78785     	Dead: 0
8    46  13.4174   0.112872    1.82018   9.30642     	Dead: 0
8    47  13.3681   0.110608    1.78367   9.30642     	Dead: 0
8    48  13.4311   0.118333    1.90824   9.30642     	Dead: 0
8    49  13.3627   0.115714    1.86601   9.30642     	Dead: 0
8    50  13.2604   0.114617    1.84831   9.30642     	Dead: 0
8    51  12.9051   0.100288    1.61725   9.30642     	Dead: 0
8    52  12.8259   0.100718    1.62418   9.1722      	Dead: 0
8    53  12.66     0.0969427   1.5633    9.1722      	Dead: 0
8    54  12.6711   0.0991657   1.59915   9.1722      	Dead: 0
8    55  12.5761   0.0971119   1.56603   9.1722      	Dead: 0
8    56  12.5323   0.0999814   1.6123    9.1722      	Dead: 0
8    57  12.4621   0.0993905   1.60277   9.1722      	Dead: 0
8    58  12.4314   0.105148    1.69562   8.81491     	Dead: 0
8    59  12.4204   0.10505     1.69404   8.81491     	Dead: 0
8    60  12.4129   0.108018    1.7419    8.81491     	Dead: 0
8    61  12.4185   0.10973     1.76951   8.81491     	Dead: 0
8    62  12.3997   0.110827    1.7872    8.81491     	Dead: 0
8    63  12.309    0.108979    1.7574    8.81491     	Dead: 0
8    64  12.2646   0.108579    1.75094   8.81491     	Dead: 0
8    65  12.2495   0.108833    1.75505   8.81491     	Dead: 0
8    66  12.2695   0.113206    1.82555   8.81491     	Dead: 0
8    67  12.2164   0.111918    1.80479   8.81491     	Dead: 0
8    68  12.1586   0.112407    1.81268   8.78947     	Dead: 0
8    69  12.1346   0.112223    1.80971   8.44537     	Dead: 0
8    70  12.1456   0.112612    1.81598   8.44537     	Dead: 0
8    71  12.144    0.115792    1.86727   8.44537     	Dead: 0
8    72  12.0956   0.11243     1.81305   8.44537     	Dead: 0
8    73  12.0701   0.113544    1.83101   8.44537     	Dead: 0
8    74  12.0273   0.113277    1.8267    8.44537     	Dead: 0
8    75  12.0344   0.113347    1.82784   8.44537     	Dead: 0
8    76  12.0236   0.113816    1.83539   8.44537     	Dead: 0
8    77  11.9795   0.115102    1.85613   8.44537     	Dead: 0
8    78  12.0203   0.11971     1.93044   8.44537     	Dead: 0
8    79  12.0059   0.118817    1.91604   8.44537     	Dead: 0
8    80  11.9822   0.119267    1.92331   8.09611     	Dead: 0
8    81  11.9509   0.119097    1.92055   8.09611     	Dead: 0
8    82  11.9655   0.121994    1.96728   8.09611     	Dead: 0
8    83  11.9565   0.120813    1.94823   8.09611     	Dead: 0
8    84  11.8937   0.115548    1.86332   8.09611     	Dead: 0
8    85  11.7981   0.111981    1.8058    8.09611     	Dead: 0
8    86  11.9486   0.120276    1.93958   8.09611     	Dead: 0
8    87  11.9067   0.118708    1.91428   8.09611     	Dead: 0
8    88  11.824    0.117699    1.89802   8.00286     	Dead: 0
8    89  11.851    0.122663    1.97806   8.00286     	Dead: 0
8    90  11.8521   0.121534    1.95986   8.00286     	Dead: 0
8    91  11.764    0.116264    1.87487   8.00286     	Dead: 0
8    92  11.7229   0.114927    1.85332   8.00286     	Dead: 0
8    93  11.8014   0.119935    1.93407   8.00286     	Dead: 0
8    94  11.7016   0.119334    1.92438   8.00286     	Dead: 0
8    95  11.6926   0.120027    1.93555   8.00286     	Dead: 0
8    96  11.7372   0.121738    1.96315   8.00286     	Dead: 0
8    97  11.7467   0.122566    1.97651   8.00286     	Dead: 0
8    98  11.7406   0.121831    1.96464   8.00286     	Dead: 0
8    99  11.6664   0.116981    1.88644   8.00286     	Dead: 0
8    100 11.705    0.120457    1.94249   8.00286     	Dead: 0
slurmstepd: error: *** JOB 2882695 ON gra643 CANCELLED AT 2023-01-22T22:52:59 DUE TO TIME LIMIT ***
