5; ./384ED ./ED384/ps2/ 1 0.00382 0.01564 0.02205 0.00214 0.02848 0.02672 0.41832 0.03961 0.44321
Graph Evolution Tool.
Initial Graph: Ring with m = 2
Fitness Function: Epidemic Length
Representation: THADS-N with Operation Densities
Densities: 0.00382 0.01564 0.02205 0.00214 0.02848 0.02672 0.41832 0.03961 0.44321 
Check readme.dat for more information about parameters/output.

Beginning Run 0 of 29
Run  RI  Mean      95% CI      SD        Best    
0    0   22.7832   0.207102    3.33973   41.8    
0    1   48.584    0.461507    7.44226   79      
0    2   92.0782   0.791133    12.7578   138.2   
0    3   107.642   0.975522    15.7313   140.8   
0    4   113.586   1.0287      16.5888   151     
0    5   114.52    1.16515     18.7892   158.2   
0    6   116.59    1.18864     19.168    158.2   
0    7   116.664   1.22792     19.8015   160     
0    8   118.173   1.24596     20.0923   160     
0    9   118.084   1.28788     20.7684   160     
0    10  119.047   1.26095     20.3342   160     
0    11  119.28    1.29662     20.9092   160     
0    12  119.844   1.29014     20.8047   160     
0    13  119.406   1.32314     21.337    160.6   
0    14  120.356   1.3114      21.1477   162.6   
0    15  120.625   1.31187     21.1553   163.2   
0    16  120.76    1.32885     21.429    163.2   
0    17  120.638   1.3316      21.4734   163.2   
0    18  120.35    1.33925     21.5967   163.2   
0    19  120.874   1.34593     21.7045   163.2   
0    20  121.223   1.34079     21.6216   163.2   
0    21  121.942   1.34756     21.7307   165.2   
0    22  121.531   1.37236     22.1306   165.2   
0    23  121.833   1.36824     22.0643   165.2   
0    24  121.922   1.36817     22.063    165.2   
0    25  120.863   1.40118     22.5955   165.2   
0    26  121.912   1.41014     22.7399   165.2   
0    27  122.873   1.37191     22.1235   165.2   
0    28  122.451   1.37804     22.2223   165.2   
0    29  121.814   1.42078     22.9114   165.2   
0    30  121.739   1.40302     22.6252   165.2   
0    31  122.631   1.38326     22.3065   165.2   
0    32  122.057   1.43124     23.0801   165.2   
0    33  121.899   1.42512     22.9815   165.2   
0    34  122.15    1.43631     23.1619   165.2   
0    35  122.088   1.43804     23.1899   165.2   
0    36  122.966   1.41911     22.8845   165.2   
0    37  122.534   1.43812     23.1912   165.2   
0    38  123.306   1.41423     22.8059   169.2   
0    39  123.371   1.39929     22.565    169.2   
0    40  122.887   1.43242     23.0992   169.2   
0    41  122.981   1.44902     23.3669   169.2   
0    42  123.851   1.39785     22.5417   169.2   
0    43  123.461   1.44193     23.2525   169.2   
0    44  123.763   1.42512     22.9816   169.2   
0    45  123.86    1.42545     22.9868   169.2   
0    46  122.696   1.44083     23.2349   169.2   
0    47  123.424   1.38976     22.4113   169.2   
0    48  123.449   1.41034     22.7431   169.2   
0    49  122.612   1.45162     23.4088   169.2   
0    50  123.046   1.42321     22.9507   169.2   
0    51  123.638   1.45439     23.4536   169.2   
0    52  123.261   1.4429      23.2682   169.2   
0    53  123.678   1.46113     23.5622   169.2   
0    54  123.251   1.49729     24.1452   169.2   
0    55  122.825   1.47459     23.7793   169.2   
0    56  123.301   1.45658     23.4888   169.2   
0    57  123.551   1.46137     23.566    169.2   
0    58  123.988   1.43789     23.1875   169.2   
0    59  123.576   1.47029     23.7099   169.2   
0    60  123.738   1.47599     23.8018   169.2   
0    61  124.02    1.455       23.4633   169.2   
0    62  124.385   1.46914     23.6914   169.2   
0    63  124.462   1.45522     23.4668   169.2   
0    64  124.221   1.4748      23.7827   169.2   
0    65  124.342   1.4647      23.6198   169.2   
0    66  124.831   1.45798     23.5114   169.2   
0    67  124.527   1.50578     24.2822   169.2   
0    68  124.673   1.48998     24.0274   169.2   
0    69  124.576   1.48899     24.0114   169.2   
0    70  124.096   1.485       23.9471   169.2   
0    71  124.558   1.48301     23.915    169.2   
0    72  124.679   1.46551     23.6328   169.2   
0    73  124.483   1.514       24.4147   169.2   
0    74  125.105   1.46943     23.696    169.2   
0    75  124.007   1.50309     24.2388   169.2   
0    76  124.534   1.46381     23.6053   172.2   
0    77  124.751   1.46613     23.6427   172.2   
0    78  124.237   1.50693     24.3007   172.2   
0    79  124.298   1.49976     24.1851   172.2   
0    80  124.509   1.48375     23.927    172.2   
0    81  124.612   1.48537     23.953    172.2   
0    82  124.712   1.50896     24.3335   172.2   
0    83  125.949   1.48299     23.9147   172.2   
0    84  125.221   1.50262     24.2313   172.2   
0    85  124.837   1.49902     24.1732   172.2   
0    86  125.384   1.5087      24.3293   172.2   
0    87  125.632   1.5052      24.2729   172.2   
0    88  125.311   1.52975     24.6687   172.2   
0    89  125.237   1.49768     24.1515   172.2   
0    90  125.059   1.50295     24.2366   172.2   
0    91  125.39    1.48725     23.9834   172.2   
0    92  124.912   1.49542     24.1152   172.2   
0    93  124.551   1.5509      25.0098   172.2   
0    94  125.162   1.50235     24.2269   172.2   
0    95  124.96    1.52464     24.5864   172.2   
0    96  124.836   1.53292     24.7199   172.2   
0    97  125.135   1.51447     24.4224   172.2   
0    98  124.824   1.56892     25.3004   172.2   
0    99  125.307   1.54849     24.9709   172.2   
0    100 125.978   1.5194      24.5018   172.2   
Done run 0 of 29

Beginning Run 1 of 29
Run  RI  Mean      95% CI      SD        Best    
1    0   22.6848   0.190757    3.07614   34.2    
1    1   50.9314   0.549586    8.86262   91.8    
1    2   90.2724   0.738263    11.9052   128     
1    3   105.428   0.939337    15.1477   156.4   
1    4   111.558   1.02182     16.4778   156.4   
1    5   114.071   1.1014      17.7612   156.4   
1    6   115.438   1.17649     18.9721   156.4   
1    7   116.106   1.21852     19.6498   159.4   
1    8   116.963   1.18534     19.1147   159.4   
1    9   117.111   1.27589     20.575    161.2   
1    10  117.844   1.27784     20.6064   161.2   
1    11  118.357   1.25932     20.3077   161.2   
1    12  118.156   1.28894     20.7855   161.2   
1    13  118.467   1.29688     20.9135   161.2   
1    14  118.067   1.29772     20.927    165     
1    15  119.179   1.31296     21.1729   165     
1    16  119.229   1.31111     21.1429   165     
1    17  119.336   1.31907     21.2713   165     
1    18  119.848   1.33011     21.4494   165     
1    19  119.702   1.32911     21.4332   165     
1    20  120.525   1.29333     20.8562   165     
1    21  120.779   1.32165     21.3129   165     
1    22  120.175   1.35721     21.8864   165     
1    23  119.966   1.38693     22.3657   166.4   
1    24  120.259   1.39757     22.5373   166.4   
1    25  121.003   1.34923     21.7577   166.4   
1    26  121.429   1.35843     21.9061   166.4   
1    27  120.84    1.37699     22.2054   166.4   
1    28  120.437   1.35269     21.8134   166.4   
1    29  120.698   1.3741      22.1588   166.4   
1    30  120.678   1.37899     22.2375   166.4   
1    31  121.628   1.34297     21.6568   166.4   
1    32  120.87    1.40581     22.6701   166.4   
1    33  122.013   1.342       21.641    166.4   
1    34  120.999   1.37606     22.1903   166.4   
1    35  121.69    1.38498     22.3341   166.4   
1    36  121.457   1.37874     22.2336   166.4   
1    37  120.902   1.42459     22.9729   166.4   
1    38  121.93    1.34663     21.7158   167.8   
1    39  121.629   1.38255     22.295    167.8   
1    40  120.582   1.44192     23.2524   167.8   
1    41  121.03    1.39663     22.5221   167.8   
1    42  121.614   1.40839     22.7117   167.8   
1    43  122.61    1.37382     22.1543   167.8   
1    44  121.823   1.40408     22.6422   167.8   
1    45  122.888   1.41414     22.8044   167.8   
1    46  122.424   1.40058     22.5857   167.8   
1    47  121.916   1.41945     22.89     167.8   
1    48  121.922   1.41415     22.8046   167.8   
1    49  121.902   1.41801     22.8668   167.8   
1    50  121.623   1.40587     22.6711   167.8   
1    51  121.713   1.45993     23.5428   167.8   
1    52  122.171   1.43772     23.1847   167.8   
1    53  121.275   1.45677     23.4919   167.8   
1    54  121.421   1.42507     22.9807   167.8   
1    55  121.631   1.4439      23.2843   167.8   
1    56  122.063   1.43952     23.2138   167.8   
1    57  122.545   1.44648     23.326    167.8   
1    58  122.662   1.4287      23.0392   167.8   
1    59  121.916   1.48491     23.9456   167.8   
1    60  122.03    1.43916     23.2079   167.8   
1    61  122.336   1.42325     22.9514   167.8   
1    62  122.221   1.4106      22.7474   167.8   
1    63  122.423   1.41768     22.8615   167.8   
1    64  122.368   1.46709     23.6583   167.8   
1    65  123.002   1.40491     22.6557   167.8   
1    66  122.187   1.43531     23.1458   167.8   
1    67  123.256   1.4402      23.2247   167.8   
1    68  122.783   1.44894     23.3656   167.8   
1    69  122.072   1.46156     23.5691   167.8   
1    70  122.831   1.41801     22.8669   167.8   
1    71  123.112   1.42448     22.9712   167.8   
1    72  122.029   1.45051     23.391    167.8   
1    73  122.459   1.45523     23.467    167.8   
1    74  122.924   1.41931     22.8877   167.8   
1    75  121.589   1.47136     23.7272   167.8   
1    76  121.903   1.47814     23.8366   167.8   
1    77  123.634   1.39229     22.452    167.8   
1    78  121.793   1.46516     23.6271   167.8   
1    79  123.021   1.42975     23.0561   167.8   
1    80  122.902   1.44172     23.2491   167.8   
1    81  122.89    1.42211     22.933    167.8   
1    82  122.398   1.43927     23.2097   167.8   
1    83  122.146   1.50851     24.3262   167.8   
1    84  122.66    1.46004     23.5445   167.8   
1    85  122.353   1.45111     23.4005   167.8   
1    86  121.937   1.4823      23.9035   167.8   
1    87  122.719   1.45512     23.4652   167.8   
1    88  122.374   1.50567     24.2805   167.8   
1    89  123.185   1.47214     23.7398   167.8   
1    90  123.206   1.45821     23.515    167.8   
1    91  123.014   1.40794     22.7045   167.8   
1    92  122.584   1.47625     23.8061   167.8   
1    93  123.158   1.47696     23.8174   167.8   
1    94  122.305   1.47735     23.8238   167.8   
1    95  122.536   1.46943     23.6961   167.8   
1    96  123.219   1.45156     23.4078   167.8   
1    97  122.925   1.46174     23.5721   167.8   
1    98  122.501   1.44582     23.3153   167.8   
1    99  122.889   1.42731     23.0168   167.8   
1    100 122.512   1.46051     23.5521   167.8   
Done run 1 of 29

Beginning Run 2 of 29
Run  RI  Mean      95% CI      SD        Best    
2    0   22.7232   0.204928    3.30467   38.6    
2    1   53.0922   0.568655    9.17013   100     
2    2   91.1086   0.797519    12.8608   136.6   
2    3   108.334   0.964848    15.5591   159.2   
2    4   113.681   1.08324     17.4684   159.2   
2    5   116.684   1.11172     17.9276   159.2   
2    6   118.057   1.1407      18.395    159.2   
2    7   117.95    1.18595     19.1247   159.2   
2    8   119.322   1.23267     19.878    161     
2    9   119.046   1.23545     19.9228   161     
2    10  118.856   1.3036      21.0219   162.2   
2    11  119.406   1.31313     21.1755   162.2   
2    12  120.573   1.32435     21.3564   162.2   
2    13  120.042   1.34915     21.7565   162.2   
2    14  120.423   1.32603     21.3836   162.2   
2    15  120.539   1.35851     21.9073   162.2   
2    16  121.432   1.34511     21.6913   162.2   
2    17  121.133   1.34356     21.6662   162.2   
2    18  121.372   1.36212     21.9655   162.2   
2    19  121.755   1.3504      21.7766   163.8   
2    20  122.172   1.35206     21.8034   164     
2    21  121.146   1.40061     22.5862   164     
2    22  121.052   1.40125     22.5965   164     
2    23  121.557   1.36965     22.0869   164     
2    24  121.669   1.4173      22.8554   169.2   
2    25  121.531   1.40632     22.6784   169.2   
2    26  122.599   1.39875     22.5562   169.2   
2    27  122.698   1.40204     22.6093   169.2   
2    28  121.941   1.41858     22.8761   169.2   
2    29  122.528   1.41118     22.7567   169.2   
2    30  122.131   1.4354      23.1472   169.2   
2    31  122.573   1.39728     22.5325   169.2   
2    32  122.493   1.41378     22.7986   169.2   
2    33  121.823   1.43755     23.1819   169.2   
2    34  122.329   1.42142     22.9218   169.2   
2    35  122.637   1.42379     22.96     169.2   
2    36  122.404   1.4249      22.978    169.2   
2    37  123.266   1.43464     23.135    169.2   
2    38  123.175   1.45809     23.5131   169.2   
2    39  123.701   1.40458     22.6503   169.2   
2    40  122.84    1.46275     23.5883   169.2   
2    41  123.948   1.40948     22.7293   169.2   
2    42  123.99    1.42111     22.9168   172.4   
2    43  123.033   1.42982     23.0572   172.4   
2    44  122.578   1.45338     23.4372   172.4   
2    45  123.503   1.43        23.0601   172.4   
2    46  123.216   1.45553     23.4719   172.4   
2    47  124.351   1.41209     22.7714   172.4   
2    48  123.01    1.43798     23.1888   172.4   
2    49  122.555   1.44268     23.2646   172.4   
2    50  122.992   1.45838     23.5178   172.4   
2    51  124.029   1.4427      23.265    172.4   
2    52  123.862   1.42875     23.04     172.4   
2    53  123.448   1.46438     23.6146   172.4   
2    54  123.877   1.46368     23.6033   172.4   
2    55  123.8     1.49347     24.0837   172.4   
2    56  124.099   1.46961     23.699    172.4   
2    57  124.687   1.45943     23.5348   172.4   
2    58  123.972   1.4784      23.8407   172.4   
2    59  124.275   1.46206     23.5772   172.4   
2    60  124.677   1.45682     23.4927   172.4   
2    61  124.65    1.46981     23.7022   172.4   
2    62  124.364   1.45468     23.4582   172.4   
2    63  124.374   1.48091     23.8812   172.4   
2    64  125.513   1.42789     23.0262   172.4   
2    65  124.54    1.44527     23.3064   172.4   
2    66  124.519   1.43687     23.171    172.4   
2    67  123.577   1.47866     23.8449   172.4   
2    68  123.628   1.50121     24.2085   172.4   
2    69  123.56    1.48029     23.8711   172.4   
2    70  124.525   1.49801     24.1569   172.4   
2    71  125.409   1.47778     23.8306   172.4   
2    72  124.517   1.48983     24.0251   172.4   
2    73  125.163   1.48663     23.9734   172.4   
2    74  124.878   1.46857     23.6822   172.4   
2    75  124.819   1.49298     24.0758   172.4   
2    76  124.189   1.50207     24.2224   172.4   
2    77  124.692   1.46943     23.696    172.4   
2    78  125.099   1.49057     24.0369   172.4   
2    79  125.363   1.49492     24.107    172.4   
2    80  123.881   1.53855     24.8107   172.4   
2    81  125.064   1.44376     23.282    172.4   
2    82  124.35    1.51491     24.4294   172.4   
2    83  124.348   1.53416     24.7398   172.4   
2    84  124.975   1.49885     24.1705   172.4   
2    85  124.649   1.47595     23.8011   172.4   
2    86  124.462   1.52034     24.5169   172.4   
2    87  124.825   1.5205      24.5196   172.4   
2    88  124.287   1.55542     25.0827   172.4   
2    89  125.191   1.48011     23.8682   172.4   
2    90  125.195   1.48244     23.9058   172.4   
2    91  124.964   1.52079     24.5242   172.4   
2    92  126.198   1.46391     23.6071   172.4   
2    93  125.683   1.46718     23.6597   172.4   
2    94  125.223   1.52845     24.6479   172.4   
2    95  124.583   1.50213     24.2234   172.4   
2    96  125.291   1.49706     24.1416   172.4   
2    97  124.906   1.49444     24.0994   172.4   
2    98  125.203   1.48261     23.9085   172.4   
2    99  125.164   1.51536     24.4367   172.4   
2    100 125.003   1.50285     24.235    172.4   
Done run 2 of 29

Beginning Run 3 of 29
Run  RI  Mean      95% CI      SD        Best    
3    0   22.725    0.204514    3.29799   45      
3    1   47.1558   0.458663    7.3964    79.4    
3    2   82.5976   0.77073     12.4288   149.8   
3    3   107.87    0.97947     15.7949   155.6   
3    4   114.646   1.08692     17.5277   160.8   
3    5   117.043   1.13968     18.3784   160.8   
3    6   118.251   1.19193     19.221    160.8   
3    7   119.084   1.23244     19.8743   163.6   
3    8   119.836   1.22211     19.7077   163.6   
3    9   119.783   1.27729     20.5975   163.6   
3    10  120.981   1.24955     20.1503   163.6   
3    11  120.827   1.32158     21.3118   166.2   
3    12  120.463   1.35461     21.8444   166.2   
3    13  120.524   1.35841     21.9058   166.2   
3    14  120.742   1.34199     21.6409   166.2   
3    15  120.941   1.37501     22.1734   166.2   
3    16  121.394   1.35621     21.8702   167.4   
3    17  121.056   1.39615     22.5144   167.4   
3    18  122.125   1.39115     22.4337   167.4   
3    19  121.568   1.39503     22.4963   167.4   
3    20  121.995   1.37467     22.168    167.4   
3    21  121.281   1.44399     23.2857   167.4   
3    22  121.468   1.40617     22.676    167.4   
3    23  121.677   1.39547     22.5034   167.4   
3    24  121.578   1.41891     22.8813   167.4   
3    25  122.68    1.39854     22.5529   167.4   
3    26  121.857   1.45392     23.446    167.4   
3    27  123.06    1.43468     23.1356   167.4   
3    28  123.373   1.39965     22.5708   167.4   
3    29  123.359   1.38883     22.3962   167.4   
3    30  122.921   1.39909     22.5617   167.4   
3    31  122.806   1.42889     23.0423   167.4   
3    32  122.834   1.44256     23.2627   168.2   
3    33  123.099   1.43793     23.1881   168.2   
3    34  122.915   1.44843     23.3574   168.2   
3    35  123.19    1.42329     22.952    168.2   
3    36  123.085   1.43761     23.1829   168.2   
3    37  123.301   1.47565     23.7963   168.2   
3    38  123.417   1.45601     23.4796   168.2   
3    39  123.585   1.42985     23.0577   174.4   
3    40  123.317   1.45225     23.4189   174.4   
3    41  123.243   1.46885     23.6866   174.4   
3    42  123.856   1.47525     23.7899   174.4   
3    43  123.938   1.49211     24.0617   174.4   
3    44  123.853   1.45894     23.5269   174.4   
3    45  124.169   1.4861      23.9648   174.4   
3    46  124.695   1.47096     23.7207   174.4   
3    47  124.019   1.48896     24.0109   174.4   
3    48  124       1.49224     24.0638   174.4   
3    49  124.103   1.50503     24.2702   174.4   
3    50  124.514   1.46625     23.6448   174.4   
3    51  124.527   1.47487     23.7838   174.4   
3    52  125.08    1.48825     23.9995   174.4   
3    53  124.222   1.504       24.2536   174.4   
3    54  123.63    1.52856     24.6496   174.4   
3    55  124.314   1.49115     24.0463   174.4   
3    56  124.196   1.4827      23.91     174.4   
3    57  124.704   1.49679     24.1373   174.4   
3    58  125.149   1.5024      24.2277   175.2   
3    59  124.255   1.5055      24.2776   175.2   
3    60  124.589   1.49006     24.0286   175.2   
3    61  124.561   1.52565     24.6026   175.2   
3    62  125.019   1.46263     23.5863   175.2   
3    63  124.659   1.50014     24.1912   175.2   
3    64  125.873   1.41561     22.8281   175.2   
3    65  124.719   1.47202     23.7377   175.2   
3    66  125.259   1.48994     24.0267   175.2   
3    67  125.103   1.512       24.3825   175.2   
3    68  124.575   1.52536     24.5979   175.2   
3    69  124.951   1.52375     24.572    175.2   
3    70  124.928   1.49606     24.1254   175.2   
3    71  124.706   1.51555     24.4398   175.2   
3    72  125.154   1.50794     24.3171   175.2   
3    73  125.636   1.48114     23.8849   175.2   
3    74  125.333   1.5263      24.6131   175.2   
3    75  125.112   1.51512     24.4328   175.2   
3    76  125.462   1.52056     24.5205   175.2   
3    77  124.877   1.53282     24.7183   175.2   
3    78  125.336   1.52725     24.6285   175.2   
3    79  125.216   1.51004     24.351    175.2   
3    80  125.122   1.49246     24.0674   175.2   
3    81  125.361   1.53792     24.8005   175.2   
3    82  126.538   1.48452     23.9393   175.2   
3    83  125.026   1.50162     24.2152   175.2   
3    84  125.942   1.51492     24.4296   175.2   
3    85  126.004   1.50058     24.1984   175.2   
3    86  125.727   1.50044     24.196    175.2   
3    87  126.272   1.48812     23.9974   176     
3    88  125.233   1.53896     24.8173   176     
3    89  125.963   1.54564     24.9251   176     
3    90  125.764   1.51961     24.5052   176     
3    91  125.811   1.51382     24.4118   176     
3    92  126.231   1.50142     24.2119   176     
3    93  126.011   1.50093     24.204    176     
3    94  126.548   1.49405     24.0931   176     
3    95  125.31    1.54598     24.9305   176     
3    96  125.736   1.54241     24.8729   176     
3    97  126.173   1.53346     24.7285   176     
3    98  126.319   1.54261     24.8761   176     
3    99  125.967   1.55683     25.1054   176     
3    100 127.134   1.51165     24.3769   176     
Done run 3 of 29

Beginning Run 4 of 29
Run  RI  Mean      95% CI      SD        Best    
4    0   22.67     0.201265    3.2456    35.8    
4    1   51.2634   0.539446    8.6991    94.2    
4    2   97.7164   0.890196    14.3553   144.6   
4    3   112.318   1.02573     16.541    158.8   
4    4   115.452   1.1665      18.811    160     
4    5   117.711   1.23113     19.8532   160     
4    6   118.649   1.21646     19.6167   160     
4    7   119.798   1.2407      20.0076   160     
4    8   120.501   1.26625     20.4195   160     
4    9   120.137   1.28839     20.7765   160     
4    10  119.606   1.32013     21.2883   160     
4    11  120.775   1.31825     21.2581   160     
4    12  121.343   1.32751     21.4074   165     
4    13  120.662   1.36434     22.0013   165     
4    14  120.962   1.38103     22.2705   165     
4    15  122.189   1.35176     21.7985   165     
4    16  121.939   1.36556     22.021    165     
4    17  122.307   1.32578     21.3796   168.6   
4    18  121.987   1.36372     21.9914   168.6   
4    19  122.442   1.35364     21.8289   168.6   
4    20  122.251   1.39339     22.4698   168.6   
4    21  121.935   1.41535     22.8239   168.6   
4    22  123.828   1.37522     22.1768   168.6   
4    23  122.348   1.42978     23.0567   168.6   
4    24  122.5     1.46897     23.6886   168.6   
4    25  123.06    1.40529     22.6617   168.6   
4    26  123.634   1.42263     22.9413   168.6   
4    27  122.27    1.46915     23.6915   168.6   
4    28  123.448   1.40557     22.6663   168.6   
4    29  122.973   1.4419      23.2521   168.6   
4    30  123.747   1.40743     22.6963   168.6   
4    31  123.454   1.45778     23.5082   168.6   
4    32  123.146   1.48538     23.9532   168.6   
4    33  122.922   1.47955     23.8592   168.6   
4    34  123.875   1.46269     23.5873   168.6   
4    35  123.483   1.44485     23.2996   168.6   
4    36  123.78    1.46866     23.6836   168.6   
4    37  123.302   1.4827      23.91     168.6   
4    38  123.956   1.41855     22.8755   168.6   
4    39  124.096   1.45847     23.5193   168.6   
4    40  123.942   1.43962     23.2154   168.6   
4    41  124.247   1.47723     23.8219   168.6   
4    42  123.448   1.47448     23.7775   168.6   
4    43  124.411   1.44825     23.3545   168.6   
4    44  123.882   1.50005     24.1898   168.6   
4    45  123.861   1.47434     23.7751   168.6   
4    46  124.635   1.46026     23.5482   171.4   
4    47  124.605   1.47127     23.7256   171.4   
4    48  124.705   1.47767     23.829    171.4   
4    49  124.775   1.44198     23.2533   171.4   
4    50  123.291   1.49774     24.1526   171.4   
4    51  124.672   1.44871     23.3619   171.4   
4    52  123.799   1.49197     24.0596   171.4   
4    53  124.168   1.48927     24.016    171.4   
4    54  124.506   1.48054     23.8752   171.4   
4    55  123.874   1.48475     23.9431   171.4   
4    56  124.348   1.49392     24.0909   171.4   
4    57  124.849   1.44753     23.3428   171.4   
4    58  125.748   1.42582     22.9927   171.4   
4    59  125.335   1.45975     23.5399   171.4   
4    60  124.445   1.51792     24.478    171.4   
4    61  123.815   1.52377     24.5722   171.4   
4    62  123.92    1.5406      24.8437   171.4   
4    63  124.326   1.47902     23.8507   171.4   
4    64  125.038   1.48509     23.9485   182.8   
4    65  123.785   1.55907     25.1416   182.8   
4    66  124.857   1.53079     24.6855   182.8   
4    67  125.081   1.49678     24.1371   182.8   
4    68  125.056   1.50433     24.2589   182.8   
4    69  124.495   1.51166     24.377    182.8   
4    70  125.462   1.47386     23.7674   182.8   
4    71  125.041   1.48481     23.9441   182.8   
4    72  124.861   1.5006      24.1987   182.8   
4    73  123.97    1.53469     24.7484   182.8   
4    74  124.318   1.54166     24.8609   182.8   
4    75  124.392   1.51923     24.4992   182.8   
4    76  124.83    1.50439     24.2598   182.8   
4    77  125.275   1.47932     23.8555   182.8   
4    78  124.22    1.53497     24.7529   182.8   
4    79  125.973   1.46481     23.6215   182.8   
4    80  125.14    1.49591     24.123    182.8   
4    81  125.453   1.48619     23.9663   182.8   
4    82  126.146   1.48487     23.945    182.8   
4    83  125.103   1.54035     24.8397   182.8   
4    84  125.341   1.53501     24.7535   182.8   
4    85  125.695   1.51773     24.4748   182.8   
4    86  124.675   1.53652     24.7779   182.8   
4    87  125.325   1.52242     24.5506   182.8   
4    88  125.721   1.51068     24.3612   182.8   
4    89  126.54    1.46003     23.5444   182.8   
4    90  124.34    1.57183     25.3473   182.8   
4    91  125.41    1.52219     24.5468   182.8   
4    92  125.733   1.5104      24.3567   182.8   
4    93  124.793   1.52267     24.5545   182.8   
4    94  125.18    1.53976     24.8301   182.8   
4    95  125.895   1.4976      24.1503   182.8   
4    96  125.356   1.53589     24.7678   182.8   
4    97  125.374   1.52923     24.6603   182.8   
4    98  124.864   1.5284      24.6469   182.8   
4    99  125.865   1.52332     24.565    182.8   
4    100 125.386   1.53821     24.8052   182.8   
Done run 4 of 29

Beginning Run 5 of 29
Run  RI  Mean      95% CI      SD        Best    
5    0   22.782    0.205556    3.31479   37.8    
5    1   47.0494   0.43662     7.04093   79.2    
5    2   84.2154   0.767787    12.3813   131.6   
5    3   104.843   0.902935    14.5607   153.2   
5    4   111.474   1.04019     16.7741   161.2   
5    5   113.959   1.12011     18.0628   161.2   
5    6   116.341   1.16269     18.7495   161.2   
5    7   117.028   1.17153     18.892    161.2   
5    8   117.737   1.25268     20.2008   161.2   
5    9   119.139   1.24111     20.0141   161.2   
5    10  119.24    1.26347     20.3747   161.2   
5    11  119.582   1.32457     21.36     161.2   
5    12  119.096   1.32725     21.4032   161.2   
5    13  120.39    1.28163     20.6675   166.6   
5    14  120.217   1.30834     21.0983   166.6   
5    15  120.704   1.29231     20.8397   166.6   
5    16  120.73    1.30427     21.0326   168.6   
5    17  121.102   1.33114     21.466    168.6   
5    18  121.096   1.34218     21.6439   168.6   
5    19  120.751   1.38171     22.2815   168.6   
5    20  120.753   1.37955     22.2466   168.6   
5    21  121.698   1.37144     22.1159   168.6   
5    22  121.446   1.38029     22.2585   168.6   
5    23  122.008   1.3415      21.6331   168.6   
5    24  121.223   1.4007      22.5878   168.6   
5    25  122.877   1.35422     21.8382   168.6   
5    26  121.841   1.38878     22.3955   168.6   
5    27  122.593   1.38036     22.2597   168.6   
5    28  122.696   1.36835     22.066    168.6   
5    29  122.43    1.42679     23.0084   168.6   
5    30  122.152   1.40409     22.6423   168.6   
5    31  122.759   1.37944     22.2449   168.6   
5    32  122.035   1.39076     22.4275   168.6   
5    33  122.714   1.36814     22.0626   168.6   
5    34  122.195   1.42928     23.0486   168.6   
5    35  123.138   1.38795     22.3822   168.6   
5    36  123.092   1.42579     22.9923   168.6   
5    37  122.239   1.4498      23.3795   168.6   
5    38  122.693   1.39223     22.4511   168.6   
5    39  122.892   1.39441     22.4862   168.6   
5    40  123.708   1.37305     22.1418   168.6   
5    41  123.512   1.40701     22.6895   168.6   
5    42  122.969   1.43919     23.2084   168.6   
5    43  122.671   1.43591     23.1555   168.6   
5    44  123.306   1.3993      22.5652   168.6   
5    45  123.342   1.41891     22.8814   168.6   
5    46  123.192   1.44703     23.3348   168.6   
5    47  123.151   1.44953     23.3751   168.6   
5    48  123.893   1.4425      23.2618   168.6   
5    49  122.822   1.47648     23.8097   168.6   
5    50  123.315   1.41504     22.819    168.6   
5    51  123.063   1.45592     23.4781   173.2   
5    52  122.853   1.45436     23.4531   173.2   
5    53  123.526   1.4381      23.1907   173.2   
5    54  122.704   1.47703     23.8185   173.2   
5    55  123.295   1.45454     23.4559   173.2   
5    56  124.217   1.43926     23.2095   173.2   
5    57  123.861   1.48178     23.8952   173.2   
5    58  123.778   1.45908     23.5291   173.2   
5    59  123.838   1.49393     24.0912   173.2   
5    60  124.241   1.46802     23.6733   173.2   
5    61  124.545   1.44577     23.3145   173.2   
5    62  124.2     1.4641      23.6101   173.2   
5    63  124.275   1.4385      23.1972   173.2   
5    64  124.852   1.44906     23.3675   173.2   
5    65  123.594   1.48047     23.8741   173.2   
5    66  124.234   1.48232     23.9039   173.2   
5    67  124.034   1.49776     24.1529   173.2   
5    68  123.692   1.49581     24.1214   173.2   
5    69  124.862   1.43952     23.2137   173.2   
5    70  123.717   1.45829     23.5164   173.2   
5    71  123.183   1.49237     24.0659   173.2   
5    72  125.005   1.42758     23.0212   173.2   
5    73  124.506   1.49508     24.1096   173.2   
5    74  124.094   1.47083     23.7187   173.2   
5    75  123.372   1.47337     23.7595   173.2   
5    76  123.596   1.49399     24.092    173.2   
5    77  124.287   1.46472     23.6201   173.2   
5    78  123.438   1.45462     23.4572   173.2   
5    79  124.06    1.47562     23.7958   173.2   
5    80  123.874   1.49288     24.0741   173.2   
5    81  124.877   1.45623     23.4832   173.2   
5    82  124.229   1.45233     23.4203   173.2   
5    83  123.246   1.51573     24.4427   173.2   
5    84  123.062   1.51767     24.474    173.2   
5    85  123.364   1.48343     23.9217   173.2   
5    86  124.546   1.46309     23.5938   173.2   
5    87  124.375   1.45701     23.4958   173.2   
5    88  124.257   1.45376     23.4433   173.2   
5    89  123.589   1.49309     24.0776   173.2   
5    90  125.017   1.44978     23.3791   173.2   
5    91  124.775   1.44869     23.3615   173.2   
5    92  123.722   1.48196     23.898    173.2   
5    93  123.699   1.51515     24.4332   173.2   
5    94  124.878   1.46991     23.7038   173.2   
5    95  124.596   1.4705      23.7133   173.2   
5    96  123.647   1.50826     24.3223   173.2   
5    97  124.257   1.49277     24.0724   173.2   
5    98  123.879   1.47513     23.788    173.2   
5    99  123.865   1.50246     24.2286   173.2   
5    100 123.869   1.50047     24.1966   173.2   
Done run 5 of 29

Beginning Run 6 of 29
Run  RI  Mean      95% CI      SD        Best    
6    0   22.7594   0.207641    3.34842   37.2    
6    1   45.1582   0.429791    6.93082   74      
6    2   85.1588   0.824521    13.2962   122.8   
6    3   106.712   0.954465    15.3917   147.8   
6    4   113.15    1.05914     17.0797   148     
6    5   116.627   1.08702     17.5293   163.2   
6    6   116.865   1.17553     18.9566   163.2   
6    7   118.126   1.19904     19.3358   163.2   
6    8   118.726   1.24751     20.1173   163.2   
6    9   119.419   1.28601     20.7381   163.2   
6    10  120.061   1.27587     20.5747   165     
6    11  120.043   1.28789     20.7686   165     
6    12  120.58    1.30697     21.0762   165     
6    13  120.256   1.35001     21.7702   165     
6    14  121.295   1.33112     21.4657   165     
6    15  121.294   1.32715     21.4016   165     
6    16  121.417   1.33048     21.4553   165     
6    17  121.189   1.3781      22.2232   165     
6    18  121.14    1.40129     22.5972   165     
6    19  121.632   1.3885      22.391    165.4   
6    20  121.412   1.38937     22.405    165.4   
6    21  122.344   1.39588     22.51     165.4   
6    22  121.931   1.39662     22.5218   165.4   
6    23  121.895   1.38667     22.3615   165.4   
6    24  122.285   1.39026     22.4193   165.4   
6    25  123.013   1.36135     21.9532   168     
6    26  122.007   1.40802     22.7057   168     
6    27  122.731   1.41262     22.7799   171.8   
6    28  122.553   1.46129     23.5647   171.8   
6    29  121.767   1.42617     22.9985   171.8   
6    30  122.004   1.4256      22.9892   171.8   
6    31  122.15    1.44851     23.3587   171.8   
6    32  123.147   1.4469      23.3327   171.8   
6    33  122.994   1.39377     22.476    171.8   
6    34  123.5     1.41305     22.7869   171.8   
6    35  123.283   1.42603     22.9961   171.8   
6    36  123.686   1.43018     23.0631   171.8   
6    37  123.716   1.41087     22.7517   171.8   
6    38  123.756   1.42615     22.998    171.8   
6    39  124.358   1.41488     22.8164   171.8   
6    40  123.611   1.46253     23.5848   171.8   
6    41  123.034   1.44273     23.2654   171.8   
6    42  123.062   1.45658     23.4889   171.8   
6    43  122.549   1.47423     23.7734   171.8   
6    44  124.231   1.41705     22.8514   171.8   
6    45  122.987   1.4741      23.7713   171.8   
6    46  123.976   1.44776     23.3465   171.8   
6    47  123.559   1.48898     24.0113   171.8   
6    48  124.431   1.46686     23.6545   171.8   
6    49  123.602   1.48834     24.0009   171.8   
6    50  124.629   1.46365     23.6028   171.8   
6    51  123.852   1.49396     24.0915   171.8   
6    52  123.897   1.47818     23.8372   171.8   
6    53  123.341   1.48252     23.9072   171.8   
6    54  123.656   1.48625     23.9672   171.8   
6    55  124.975   1.46483     23.6218   171.8   
6    56  124.234   1.45837     23.5177   171.8   
6    57  123.967   1.48466     23.9417   171.8   
6    58  123.865   1.48118     23.8855   171.8   
6    59  123.991   1.48229     23.9034   171.8   
6    60  123.681   1.51271     24.3939   171.8   
6    61  124.23    1.47603     23.8025   171.8   
6    62  124.131   1.47582     23.7991   171.8   
6    63  123.715   1.48565     23.9576   171.8   
6    64  124.372   1.48429     23.9357   171.8   
6    65  124.742   1.44672     23.3299   171.8   
6    66  124.864   1.46705     23.6577   171.8   
6    67  124.837   1.48592     23.962    171.8   
6    68  124.76    1.47492     23.7845   171.8   
6    69  124.24    1.543       24.8824   171.8   
6    70  124.82    1.48598     23.9628   171.8   
6    71  124.609   1.50886     24.3318   171.8   
6    72  125.194   1.49136     24.0496   171.8   
6    73  125.026   1.4855      23.9552   172.2   
6    74  123.693   1.54097     24.8497   172.4   
6    75  124.905   1.51504     24.4315   172.4   
6    76  124.624   1.50296     24.2367   172.4   
6    77  123.61    1.56919     25.3048   172.4   
6    78  123.433   1.551       25.0115   172.4   
6    79  123.889   1.50941     24.3408   172.4   
6    80  124.284   1.52633     24.6137   175     
6    81  124.856   1.48645     23.9705   175     
6    82  125.44    1.50093     24.2041   175     
6    83  125.411   1.48724     23.9832   175     
6    84  124.466   1.51821     24.4826   175     
6    85  124.599   1.56625     25.2573   175     
6    86  124.571   1.54796     24.9624   175     
6    87  125.103   1.50058     24.1984   175     
6    88  124.992   1.51685     24.4607   175     
6    89  124.832   1.55404     25.0605   175     
6    90  124.163   1.56171     25.1842   175     
6    91  124.859   1.52281     24.5569   175     
6    92  125.276   1.52553     24.6008   175     
6    93  124.492   1.53891     24.8164   175     
6    94  125.276   1.48762     23.9893   175     
6    95  124.708   1.55098     25.011    175     
6    96  125.805   1.49822     24.1602   175     
6    97  124.714   1.53979     24.8307   175     
6    98  124.704   1.56438     25.2273   175     
6    99  125.083   1.52649     24.6162   175     
6    100 124.886   1.5126      24.3922   175     
Done run 6 of 29

Beginning Run 7 of 29
Run  RI  Mean      95% CI      SD        Best    
7    0   22.6546   0.198429    3.19987   37.6    
7    1   54.5976   0.623526    10.055    101.8   
7    2   96.5872   0.772243    12.4532   137.8   
7    3   110.489   1.00413     16.1926   150     
7    4   114.541   1.10769     17.8626   155.8   
7    5   116.147   1.16264     18.7488   157.6   
7    6   118.119   1.18224     19.0648   163.2   
7    7   118.649   1.21768     19.6363   163.2   
7    8   118.426   1.25929     20.3073   163.2   
7    9   119.389   1.27312     20.5304   163.2   
7    10  119.411   1.31151     21.1495   163.2   
7    11  119.577   1.30583     21.0579   163.2   
7    12  120.243   1.30591     21.0591   163.2   
7    13  119.663   1.35463     21.8448   163.2   
7    14  119.587   1.36007     21.9325   163.2   
7    15  120.075   1.37615     22.1919   163.2   
7    16  120.787   1.33097     21.4632   163.2   
7    17  120.264   1.32723     21.4029   163.2   
7    18  119.796   1.37194     22.1239   163.6   
7    19  119.858   1.4129      22.7845   164     
7    20  120.159   1.38665     22.3611   164     
7    21  121.117   1.37454     22.1659   164     
7    22  120.715   1.42519     22.9827   171.4   
7    23  120.611   1.42476     22.9757   171.4   
7    24  120.509   1.40439     22.6471   171.4   
7    25  121.064   1.37537     22.1792   171.4   
7    26  121.258   1.36108     21.9488   171.4   
7    27  121.092   1.39259     22.4569   171.4   
7    28  121.021   1.397       22.5281   171.4   
7    29  121.168   1.3868      22.3635   171.4   
7    30  121.217   1.38078     22.2665   171.4   
7    31  121.536   1.39069     22.4263   171.4   
7    32  121.337   1.3734      22.1475   171.4   
7    33  121.674   1.38306     22.3033   171.4   
7    34  121.937   1.39399     22.4795   171.4   
7    35  121.925   1.39229     22.4521   171.4   
7    36  121.508   1.43433     23.13     171.4   
7    37  120.708   1.46121     23.5635   171.4   
7    38  121.671   1.38661     22.3604   171.4   
7    39  121.493   1.41366     22.7967   171.4   
7    40  121.154   1.42472     22.975    171.4   
7    41  121.127   1.42693     23.0107   171.4   
7    42  121.521   1.42219     22.9342   171.4   
7    43  121.868   1.41641     22.841    171.4   
7    44  120.751   1.45452     23.4555   171.4   
7    45  121.47    1.41413     22.8043   171.4   
7    46  122.046   1.39222     22.4509   171.4   
7    47  121.603   1.40889     22.7197   171.4   
7    48  121.364   1.43034     23.0657   171.4   
7    49  121.715   1.44091     23.236    171.4   
7    50  121.535   1.44021     23.2249   171.4   
7    51  121.2     1.49822     24.1603   171.4   
7    52  122.68    1.41463     22.8123   171.4   
7    53  122.465   1.43622     23.1605   171.4   
7    54  122.527   1.43331     23.1135   171.4   
7    55  121.707   1.46527     23.629    171.4   
7    56  122.82    1.40799     22.7053   171.4   
7    57  122.697   1.43712     23.1749   171.4   
7    58  121.778   1.47901     23.8506   171.4   
7    59  122.689   1.43532     23.146    171.4   
7    60  123.107   1.40795     22.7046   171.4   
7    61  122.41    1.44347     23.2774   171.4   
7    62  122.218   1.46342     23.5991   171.4   
7    63  122.9     1.43813     23.1913   171.4   
7    64  123.262   1.44152     23.2459   171.4   
7    65  122.595   1.47131     23.7263   174     
7    66  122.362   1.41485     22.8159   174     
7    67  122.838   1.41871     22.8782   174     
7    68  123.183   1.44287     23.2677   174     
7    69  122.66    1.44173     23.2494   174     
7    70  123.685   1.41864     22.877    174     
7    71  121.695   1.49798     24.1565   174     
7    72  124.112   1.42757     23.021    174     
7    73  123.107   1.5122      24.3858   174.4   
7    74  122.725   1.45823     23.5154   174.4   
7    75  123.272   1.44383     23.2833   174.4   
7    76  122.324   1.48605     23.9641   174.4   
7    77  122.982   1.41889     22.8811   174.4   
7    78  123.294   1.43033     23.0654   174.4   
7    79  122.346   1.48513     23.9491   174.4   
7    80  122.717   1.48891     24.0102   174.4   
7    81  123.751   1.4309      23.0747   174.4   
7    82  123.478   1.46669     23.6519   174.4   
7    83  122.679   1.48793     23.9943   174.4   
7    84  123.269   1.488       23.9955   174.4   
7    85  123.338   1.46709     23.6583   174.4   
7    86  123.499   1.46094     23.5591   174.4   
7    87  123.332   1.50092     24.2038   174.4   
7    88  122.98    1.48326     23.919    174.4   
7    89  123.728   1.49814     24.159    174.4   
7    90  123.509   1.46453     23.617    174.4   
7    91  123.133   1.49242     24.0667   174.4   
7    92  123.625   1.49171     24.0554   174.4   
7    93  123.571   1.4885      24.0035   174.4   
7    94  123.222   1.50838     24.3241   174.4   
7    95  123.307   1.48692     23.978    174.4   
7    96  123.51    1.46172     23.5717   174.4   
7    97  123.539   1.48576     23.9594   174.4   
7    98  123.395   1.49253     24.0686   174.4   
7    99  123.921   1.48007     23.8676   174.4   
7    100 123.409   1.50433     24.2588   174.4   
Done run 7 of 29

Beginning Run 8 of 29
Run  RI  Mean      95% CI      SD        Best    
8    0   22.8372   0.195327    3.14984   41.8    
8    1   51.499    0.559508    9.02263   92.4    
8    2   97.3652   0.894377    14.4227   151.4   
8    3   111.166   1.0509      16.9469   151.4   
8    4   115.237   1.09957     17.7317   163.6   
8    5   117.166   1.15898     18.6897   163.6   
8    6   118.21    1.20098     19.3669   163.6   
8    7   119.761   1.20004     19.3518   163.6   
8    8   119.923   1.25418     20.225    163.6   
8    9   119.396   1.29011     20.8043   163.6   
8    10  120.622   1.2939      20.8654   163.6   
8    11  120.509   1.31899     21.27     163.6   
8    12  120.935   1.31534     21.2112   163.6   
8    13  121.165   1.33747     21.568    163.6   
8    14  121.336   1.32266     21.3292   163.6   
8    15  121.81    1.33173     21.4754   163.6   
8    16  121.908   1.33943     21.5997   163.6   
8    17  121.575   1.34844     21.7449   163.6   
8    18  121.795   1.37067     22.1035   163.6   
8    19  121.771   1.38574     22.3464   163.8   
8    20  121.583   1.40008     22.5777   163.8   
8    21  121.923   1.35451     21.8428   163.8   
8    22  121.228   1.40207     22.6098   163.8   
8    23  122.16    1.34413     21.6754   163.8   
8    24  121.432   1.40912     22.7235   163.8   
8    25  122.323   1.39524     22.4996   163.8   
8    26  122.112   1.44436     23.2918   170.2   
8    27  122.805   1.39086     22.429    170.2   
8    28  123.274   1.37917     22.2405   170.2   
8    29  121.846   1.44644     23.3253   170.2   
8    30  122.767   1.42939     23.0504   170.2   
8    31  123.114   1.42526     22.9838   170.2   
8    32  122.944   1.43852     23.1976   170.2   
8    33  122.559   1.41665     22.8449   170.2   
8    34  123.358   1.4318      23.0892   170.2   
8    35  122.509   1.43876     23.2014   170.2   
8    36  121.897   1.46073     23.5558   170.2   
8    37  123.209   1.38415     22.3209   170.2   
8    38  123.132   1.44899     23.3664   170.2   
8    39  123.241   1.42197     22.9307   170.2   
8    40  123.424   1.43249     23.1003   170.2   
8    41  123.76    1.42938     23.0502   170.2   
8    42  122.646   1.45789     23.5099   170.2   
8    43  122.931   1.42468     22.9743   170.2   
8    44  123.337   1.43011     23.062    170.2   
8    45  122.102   1.48374     23.9267   170.2   
8    46  122.877   1.4621      23.5778   170.2   
8    47  123.326   1.46395     23.6076   170.2   
8    48  123.493   1.45508     23.4647   170.2   
8    49  123.249   1.45669     23.4906   170.2   
8    50  124.065   1.41613     22.8365   170.2   
8    51  123.079   1.47975     23.8625   170.2   
8    52  122.909   1.46856     23.6819   170.2   
8    53  123.861   1.4305      23.0683   170.2   
8    54  123.819   1.43054     23.0689   170.2   
8    55  122.983   1.44898     23.3663   170.2   
8    56  123.874   1.41976     22.8951   170.2   
8    57  123.891   1.4207      22.9102   170.2   
8    58  124.04    1.46254     23.5849   170.2   
8    59  123.602   1.46756     23.6658   170.8   
8    60  124.435   1.44272     23.2653   170.8   
8    61  123.856   1.46668     23.6517   170.8   
8    62  123.84    1.46238     23.5823   170.8   
8    63  124.726   1.45441     23.4538   170.8   
8    64  123.989   1.49366     24.0867   170.8   
8    65  123.62    1.50387     24.2514   170.8   
8    66  123.9     1.48132     23.8877   170.8   
8    67  123.628   1.48846     24.0029   170.8   
8    68  124.047   1.49239     24.0663   170.8   
8    69  124.27    1.48853     24.0041   170.8   
8    70  124.246   1.46009     23.5454   170.8   
8    71  123.92    1.48685     23.977    170.8   
8    72  123.27    1.51595     24.4462   170.8   
8    73  123.953   1.49077     24.0401   170.8   
8    74  124.116   1.48807     23.9966   170.8   
8    75  124.047   1.48673     23.9749   170.8   
8    76  125.454   1.46047     23.5515   170.8   
8    77  124.649   1.45815     23.5142   170.8   
8    78  123.946   1.5182      24.4825   170.8   
8    79  124.737   1.4425      23.2617   170.8   
8    80  124.139   1.5076      24.3116   170.8   
8    81  124.447   1.45677     23.4919   170.8   
8    82  123.896   1.48489     23.9454   170.8   
8    83  125.004   1.4792      23.8536   170.8   
8    84  125.182   1.47597     23.8015   170.8   
8    85  125.303   1.48107     23.8837   171.6   
8    86  124.192   1.51249     24.3904   171.6   
8    87  125.504   1.50473     24.2653   174.4   
8    88  124.39    1.51357     24.4078   174.4   
8    89  124.407   1.49329     24.0808   174.4   
8    90  124.103   1.52333     24.5653   174.4   
8    91  124.177   1.53158     24.6982   174.4   
8    92  125.061   1.47922     23.8539   174.4   
8    93  124.554   1.54745     24.9542   174.4   
8    94  124.045   1.5309      24.6872   174.4   
8    95  125.285   1.50172     24.2168   174.4   
8    96  124.573   1.52124     24.5315   174.4   
8    97  124.293   1.54405     24.8993   174.4   
8    98  124.617   1.53769     24.7967   174.4   
8    99  124.287   1.55321     25.0471   174.4   
8    100 123.888   1.56534     25.2427   174.4   
Done run 8 of 29

Beginning Run 9 of 29
Run  RI  Mean      95% CI      SD        Best    
9    0   22.8336   0.201987    3.25724   36.8    
9    1   52.538    0.575797    9.28531   93.8    
9    2   99.6096   0.886355    14.2934   149.4   
9    3   111.652   1.04948     16.9239   149.4   
9    4   115.918   1.1234      18.1159   159.2   
9    5   117.095   1.21615     19.6116   159.6   
9    6   117.334   1.24492     20.0755   159.6   
9    7   118.438   1.26592     20.4143   160     
9    8   119.912   1.25587     20.2521   160     
9    9   119.543   1.28663     20.7482   162.2   
9    10  119.546   1.34457     21.6825   168.6   
9    11  120.629   1.32626     21.3873   168.6   
9    12  120.599   1.32794     21.4143   168.6   
9    13  120.694   1.37816     22.2242   168.6   
9    14  121.287   1.3418      21.6379   172.2   
9    15  121.617   1.32508     21.3682   172.2   
9    16  122.034   1.36659     22.0376   172.2   
9    17  121.595   1.36737     22.0502   172.2   
9    18  121.576   1.3973      22.5328   172.2   
9    19  121.939   1.36534     22.0175   172.2   
9    20  121.835   1.38853     22.3915   172.2   
9    21  121.271   1.41648     22.8422   172.2   
9    22  122.054   1.3907      22.4264   172.2   
9    23  121.418   1.40639     22.6795   172.2   
9    24  122.008   1.41681     22.8475   172.2   
9    25  122.118   1.42972     23.0556   172.2   
9    26  123.222   1.41174     22.7657   172.2   
9    27  121.489   1.43163     23.0865   172.2   
9    28  122.273   1.43485     23.1384   172.2   
9    29  122.936   1.41174     22.7657   172.2   
9    30  122.505   1.44087     23.2354   172.2   
9    31  122.758   1.42386     22.9612   172.2   
9    32  122.79    1.44027     23.2257   172.2   
9    33  123.623   1.39456     22.4887   172.2   
9    34  123.242   1.42549     22.9875   172.2   
9    35  123.483   1.41199     22.7697   172.2   
9    36  122.456   1.45341     23.4377   172.2   
9    37  123.914   1.41992     22.8976   172.2   
9    38  124.003   1.4382      23.1924   172.2   
9    39  123.2     1.43909     23.2068   172.2   
9    40  122.792   1.45134     23.4043   172.2   
9    41  123.077   1.46046     23.5514   172.2   
9    42  122.696   1.46798     23.6727   172.2   
9    43  123.288   1.44924     23.3704   172.2   
9    44  123.315   1.47253     23.7461   172.2   
9    45  123.322   1.45588     23.4775   172.2   
9    46  123.469   1.44851     23.3587   172.2   
9    47  123.779   1.46506     23.6256   172.2   
9    48  124.742   1.45272     23.4265   172.2   
9    49  123.844   1.48411     23.9328   172.2   
9    50  123.425   1.4852      23.9503   172.2   
9    51  124.443   1.43262     23.1025   172.2   
9    52  123.832   1.46945     23.6964   172.2   
9    53  124.439   1.48574     23.9591   172.2   
9    54  123.368   1.49025     24.0317   172.2   
9    55  124.373   1.47726     23.8222   172.2   
9    56  124.53    1.46938     23.6953   172.2   
9    57  123.902   1.47851     23.8424   172.2   
9    58  124.27    1.49942     24.1797   172.2   
9    59  124.205   1.49656     24.1335   172.2   
9    60  124.286   1.53258     24.7144   172.2   
9    61  124.016   1.49422     24.0958   172.2   
9    62  123.805   1.49198     24.0597   172.2   
9    63  124.227   1.47864     23.8446   172.2   
9    64  123.612   1.52682     24.6215   172.2   
9    65  123.367   1.52496     24.5915   172.2   
9    66  124.067   1.48629     23.9679   172.2   
9    67  123.754   1.51812     24.4813   172.2   
9    68  124.3     1.49324     24.0799   172.2   
9    69  125.081   1.47329     23.7582   172.2   
9    70  124.194   1.50434     24.2589   172.2   
9    71  124.303   1.48912     24.0135   172.2   
9    72  124.489   1.50189     24.2195   172.2   
9    73  124.829   1.48339     23.9212   172.2   
9    74  124.244   1.52086     24.5254   172.2   
9    75  123.712   1.51871     24.4907   172.2   
9    76  124.24    1.46939     23.6953   172.2   
9    77  124.654   1.48161     23.8924   172.2   
9    78  124.227   1.51972     24.5071   172.2   
9    79  124.703   1.50891     24.3327   172.2   
9    80  125.51    1.49247     24.0675   172.2   
9    81  125.732   1.47525     23.7899   172.2   
9    82  124.988   1.51942     24.5021   172.2   
9    83  124.199   1.54272     24.8779   172.2   
9    84  125.131   1.50373     24.2492   172.2   
9    85  124.456   1.50052     24.1974   172.2   
9    86  124.642   1.52381     24.573    173.2   
9    87  125.084   1.51601     24.4472   173.2   
9    88  125.224   1.51797     24.4788   173.2   
9    89  124.869   1.5383      24.8067   173.2   
9    90  124.517   1.51854     24.488    173.2   
9    91  125.498   1.4759      23.8004   173.2   
9    92  124.782   1.49694     24.1397   173.2   
9    93  124.806   1.50502     24.27     173.2   
9    94  124.438   1.55065     25.0058   173.2   
9    95  125.928   1.51256     24.3915   175.6   
9    96  125.56    1.47111     23.7231   175.6   
9    97  125.53    1.51602     24.4473   175.6   
9    98  125.238   1.51244     24.3896   175.6   
9    99  124.746   1.52691     24.623    175.6   
9    100 124.548   1.54317     24.8852   175.6   
Done run 9 of 29

Beginning Run 10 of 29
Run  RI  Mean      95% CI      SD        Best    
10   0   22.98     0.20854     3.36292   37.4    
10   1   52.2754   0.561786    9.05936   93.6    
10   2   96.4902   0.802944    12.9483   145.8   
10   3   109.138   0.910128    14.6767   154.4   
10   4   112.186   1.06725     17.2104   154.4   
10   5   113.753   1.14216     18.4184   158.2   
10   6   115.142   1.17721     18.9838   158.2   
10   7   115.71    1.18976     19.1861   158.2   
10   8   116.968   1.21706     19.6262   158.2   
10   9   117.51    1.21037     19.5184   161.4   
10   10  117.164   1.25928     20.3071   161.4   
10   11  117.058   1.27305     20.5292   161.4   
10   12  117.638   1.29526     20.8873   161.4   
10   13  118.629   1.25799     20.2863   161.4   
10   14  118.136   1.27834     20.6144   161.4   
10   15  118.031   1.3125      21.1653   161.4   
10   16  118.432   1.31169     21.1523   161.4   
10   17  118.694   1.30791     21.0914   161.4   
10   18  118.312   1.37502     22.1735   161.4   
10   19  118.65    1.35923     21.919    161.4   
10   20  119.143   1.32757     21.4085   161.4   
10   21  118.668   1.36049     21.9392   161.4   
10   22  119.407   1.35421     21.838    161.4   
10   23  120.509   1.34474     21.6853   161.4   
10   24  119.329   1.37727     22.2098   165.2   
10   25  120.349   1.36423     21.9995   165.2   
10   26  120.013   1.3708      22.1055   165.2   
10   27  120.018   1.38438     22.3246   165.2   
10   28  120.039   1.39046     22.4226   165.2   
10   29  120.204   1.42592     22.9944   165.2   
10   30  120.225   1.39417     22.4824   165.2   
10   31  120.105   1.38561     22.3444   165.2   
10   32  120.279   1.364       21.9958   165.2   
10   33  120.382   1.38635     22.3562   165.2   
10   34  120.332   1.40699     22.6891   165.2   
10   35  120.02    1.41446     22.8095   168.6   
10   36  120.151   1.43841     23.1958   168.6   
10   37  121.281   1.37919     22.2408   168.6   
10   38  120.705   1.42631     23.0006   168.6   
10   39  119.884   1.44091     23.2362   168.6   
10   40  121.051   1.38724     22.3707   168.6   
10   41  120.694   1.43927     23.2096   168.6   
10   42  120.408   1.42632     23.0008   168.6   
10   43  120.28    1.41715     22.8529   168.6   
10   44  121.162   1.39304     22.4641   168.6   
10   45  121.289   1.41823     22.8704   168.6   
10   46  121.178   1.43499     23.1406   168.6   
10   47  121.031   1.43115     23.0787   168.6   
10   48  120.497   1.43892     23.2041   168.6   
10   49  121.72    1.42595     22.9949   168.6   
10   50  122.032   1.39218     22.4503   168.6   
10   51  121.032   1.43362     23.1186   168.6   
10   52  120.803   1.43841     23.1959   168.6   
10   53  120.588   1.43957     23.2144   168.6   
10   54  121.526   1.43132     23.0814   168.6   
10   55  121.606   1.42305     22.9482   168.6   
10   56  121.542   1.41682     22.8476   168.6   
10   57  121.588   1.42597     22.9953   168.6   
10   58  121.852   1.46113     23.5621   168.6   
10   59  122.043   1.43015     23.0626   168.6   
10   60  121.582   1.46167     23.5708   168.6   
10   61  121.65    1.45188     23.413    168.6   
10   62  121.84    1.4438      23.2828   168.6   
10   63  121.14    1.47622     23.8055   168.6   
10   64  122.191   1.41682     22.8477   168.6   
10   65  121.494   1.46413     23.6105   168.6   
10   66  121.575   1.45498     23.463    168.6   
10   67  122.012   1.4363      23.1617   168.6   
10   68  120.942   1.48318     23.9178   168.6   
10   69  122.403   1.44865     23.361    168.6   
10   70  121.11    1.51115     24.3688   168.6   
10   71  122.434   1.43423     23.1284   168.6   
10   72  122.494   1.4552      23.4665   168.6   
10   73  122.865   1.41388     22.8003   168.6   
10   74  121.61    1.4969      24.139    168.6   
10   75  121.47    1.49066     24.0383   168.6   
10   76  122.171   1.45309     23.4325   168.6   
10   77  122.963   1.46628     23.6452   168.6   
10   78  122.353   1.4599      23.5424   168.6   
10   79  123.006   1.41299     22.7858   168.6   
10   80  122.592   1.42869     23.039    168.6   
10   81  122.768   1.43748     23.1807   168.6   
10   82  123.487   1.455       23.4633   168.6   
10   83  122.415   1.4799      23.8648   168.6   
10   84  123.318   1.43814     23.1915   168.6   
10   85  122.197   1.44882     23.3637   168.6   
10   86  122.06    1.46668     23.6518   168.6   
10   87  122.757   1.46349     23.6003   168.6   
10   88  122.958   1.43278     23.105    168.6   
10   89  122.561   1.47096     23.7208   168.6   
10   90  122.449   1.45485     23.4609   168.6   
10   91  122.701   1.48551     23.9553   168.8   
10   92  122.58    1.44355     23.2786   168.8   
10   93  122.756   1.44        23.2215   168.8   
10   94  122.263   1.48255     23.9077   168.8   
10   95  122.817   1.4784      23.8407   168.8   
10   96  123.235   1.39847     22.5517   168.8   
10   97  122.812   1.44179     23.2503   168.8   
10   98  122.468   1.46352     23.6007   168.8   
10   99  122.212   1.47271     23.749    168.8   
10   100 123.367   1.45909     23.5293   168.8   
Done run 10 of 29

Beginning Run 11 of 29
Run  RI  Mean      95% CI      SD        Best    
11   0   22.918    0.204248    3.2937    38.8    
11   1   46.9142   0.445344    7.18162   78.6    
11   2   89.0374   0.785167    12.6616   131.4   
11   3   104.406   0.967046    15.5946   147     
11   4   110.191   1.01427     16.356    149.8   
11   5   112.601   1.09323     17.6294   150.4   
11   6   114.038   1.19178     19.2187   162.4   
11   7   114.93    1.21554     19.6018   162.4   
11   8   116.744   1.19208     19.2235   162.4   
11   9   117.422   1.23254     19.876    162.4   
11   10  117.772   1.29568     20.8941   164.4   
11   11  118.825   1.28488     20.72     164.4   
11   12  119.185   1.28604     20.7387   164.4   
11   13  119.456   1.3137      21.1847   164.4   
11   14  118.824   1.31557     21.2149   164.4   
11   15  120.034   1.30592     21.0593   164.4   
11   16  120.419   1.32532     21.3721   164.4   
11   17  120.438   1.34751     21.73     164.4   
11   18  120.107   1.37049     22.1006   164.4   
11   19  120.202   1.37852     22.2301   164.4   
11   20  120.224   1.40958     22.7309   164.4   
11   21  119.958   1.39372     22.4751   164.4   
11   22  121.058   1.38626     22.3548   164.4   
11   23  120.668   1.42117     22.9178   164.4   
11   24  120.941   1.41081     22.7507   164.4   
11   25  121.254   1.38306     22.3033   164.4   
11   26  121.498   1.38049     22.2618   164.4   
11   27  120.69    1.44066     23.232    164.4   
11   28  120.541   1.44502     23.3024   167.4   
11   29  121.684   1.39628     22.5164   167.4   
11   30  122.484   1.38462     22.3284   167.4   
11   31  121.893   1.42732     23.0169   167.4   
11   32  121.934   1.41443     22.809    167.4   
11   33  121.993   1.41265     22.7804   167.4   
11   34  121.666   1.42321     22.9507   167.4   
11   35  120.932   1.43654     23.1656   167.4   
11   36  122.315   1.41477     22.8146   167.4   
11   37  121.864   1.47318     23.7565   167.4   
11   38  122.351   1.43618     23.1598   167.4   
11   39  122.834   1.36483     22.0093   167.4   
11   40  123.038   1.42422     22.967    167.4   
11   41  122.494   1.46707     23.6579   167.4   
11   42  123.072   1.44311     23.2716   167.4   
11   43  122.97    1.43758     23.1824   167.4   
11   44  122.512   1.45474     23.4592   167.4   
11   45  122.477   1.45848     23.5194   167.4   
11   46  122.597   1.47021     23.7086   167.4   
11   47  123.876   1.39216     22.45     167.4   
11   48  122.751   1.48007     23.8677   167.4   
11   49  123.052   1.46293     23.5912   167.8   
11   50  123.653   1.4319      23.0908   167.8   
11   51  122.85    1.47025     23.7092   167.8   
11   52  123.727   1.44407     23.287    167.8   
11   53  123.195   1.46093     23.559    171.6   
11   54  124.052   1.43265     23.1028   171.6   
11   55  123.629   1.44881     23.3635   171.6   
11   56  123.31    1.49173     24.0557   171.6   
11   57  124.078   1.44561     23.312    171.6   
11   58  123.402   1.47973     23.8622   171.6   
11   59  122.907   1.48823     23.9992   172.8   
11   60  123.185   1.47777     23.8305   172.8   
11   61  123.627   1.45852     23.52     172.8   
11   62  124.036   1.46266     23.5868   172.8   
11   63  123.589   1.45488     23.4613   172.8   
11   64  123.171   1.50474     24.2654   172.8   
11   65  124.244   1.44763     23.3445   172.8   
11   66  123.561   1.47267     23.7482   172.8   
11   67  123.558   1.47411     23.7714   172.8   
11   68  124.447   1.47673     23.8137   172.8   
11   69  124.189   1.4709      23.7197   172.8   
11   70  123.797   1.47504     23.7865   172.8   
11   71  124.085   1.45374     23.4429   172.8   
11   72  123.055   1.49804     24.1575   172.8   
11   73  124.336   1.48148     23.8903   172.8   
11   74  124.139   1.49191     24.0586   172.8   
11   75  123.854   1.50344     24.2445   172.8   
11   76  124.542   1.48517     23.9499   172.8   
11   77  123.746   1.53181     24.7019   172.8   
11   78  124.439   1.5131      24.4002   172.8   
11   79  123.628   1.51189     24.3807   172.8   
11   80  124.226   1.50774     24.3138   172.8   
11   81  124.278   1.50447     24.2611   172.8   
11   82  124.018   1.51989     24.5097   172.8   
11   83  124.671   1.47324     23.7574   172.8   
11   84  124.632   1.47181     23.7344   172.8   
11   85  125.091   1.48116     23.8852   172.8   
11   86  124.583   1.50009     24.1905   172.8   
11   87  124.177   1.49456     24.1013   172.8   
11   88  123.447   1.54873     24.9749   172.8   
11   89  124.046   1.49973     24.1847   172.8   
11   90  123.985   1.49467     24.103    172.8   
11   91  123.92    1.53097     24.6884   172.8   
11   92  125.127   1.45238     23.421    172.8   
11   93  126.006   1.44261     23.2635   172.8   
11   94  124.848   1.51716     24.4657   172.8   
11   95  125.034   1.48647     23.9709   172.8   
11   96  124.418   1.49758     24.1499   172.8   
11   97  124.545   1.53137     24.6949   172.8   
11   98  124.861   1.51497     24.4304   172.8   
11   99  125.113   1.49252     24.0683   172.8   
11   100 125.422   1.5062      24.2889   172.8   
Done run 11 of 29

Beginning Run 12 of 29
Run  RI  Mean      95% CI      SD        Best    
12   0   22.9092   0.204161    3.29229   37.4    
12   1   47.3632   0.443075    7.14504   88.6    
12   2   90.3842   0.767251    12.3727   136     
12   3   102.487   0.911723    14.7024   139     
12   4   107.161   0.982836    15.8492   146.4   
12   5   109.446   1.09968     17.7335   163.2   
12   6   112.072   1.13538     18.3091   163.2   
12   7   113.399   1.12656     18.167    163.2   
12   8   114.431   1.16375     18.7666   163.2   
12   9   114.578   1.19501     19.2707   163.2   
12   10  115.536   1.19523     19.2743   163.2   
12   11  114.623   1.23985     19.9938   163.2   
12   12  116.146   1.24847     20.1329   163.2   
12   13  116.254   1.26175     20.3471   163.2   
12   14  116.625   1.24254     20.0371   163.2   
12   15  116.545   1.2985      20.9396   163.2   
12   16  117.201   1.25955     20.3115   163.2   
12   17  117.035   1.27698     20.5926   163.2   
12   18  117.772   1.27294     20.5274   163.2   
12   19  117.204   1.31604     21.2225   163.2   
12   20  117.781   1.3055      21.0525   163.2   
12   21  118.554   1.28895     20.7856   163.2   
12   22  117.805   1.31528     21.2102   163.2   
12   23  117.933   1.32292     21.3334   163.2   
12   24  118.228   1.31596     21.2212   163.2   
12   25  118.158   1.33462     21.522    163.2   
12   26  117.687   1.36095     21.9467   163.2   
12   27  118.965   1.3281      21.417    163.2   
12   28  118.953   1.30276     21.0084   164.6   
12   29  118.869   1.31187     21.1552   164.6   
12   30  118.841   1.32403     21.3513   164.6   
12   31  118.527   1.38047     22.2615   164.6   
12   32  118.629   1.35114     21.7884   164.6   
12   33  118.965   1.35029     21.7747   164.6   
12   34  119.086   1.3565      21.8749   164.6   
12   35  117.984   1.37824     22.2255   164.6   
12   36  119.132   1.35518     21.8536   164.6   
12   37  119.102   1.38349     22.3101   166.4   
12   38  119.297   1.35458     21.844    166.4   
12   39  119.495   1.35506     21.8517   166.4   
12   40  119.796   1.35173     21.798    166.4   
12   41  119.218   1.39568     22.5067   166.4   
12   42  119.881   1.35363     21.8286   166.4   
12   43  120.067   1.3699      22.091    166.4   
12   44  118.804   1.41223     22.7736   166.4   
12   45  118.94    1.41289     22.7843   166.4   
12   46  119.937   1.34624     21.7095   166.4   
12   47  119.104   1.39301     22.4637   166.4   
12   48  119.967   1.3705      22.1007   166.4   
12   49  120.175   1.3514      21.7927   166.4   
12   50  120.154   1.37289     22.1392   166.4   
12   51  119.956   1.3987      22.5554   166.4   
12   52  120.353   1.39652     22.5203   166.4   
12   53  120.171   1.43268     23.1035   166.4   
12   54  120.064   1.42765     23.0223   166.4   
12   55  120.823   1.37679     22.2022   166.4   
12   56  120.21    1.37682     22.2027   166.4   
12   57  121.162   1.38114     22.2723   166.4   
12   58  120.47    1.42777     23.0242   166.4   
12   59  121.47    1.39152     22.4397   166.4   
12   60  120.272   1.42469     22.9746   166.4   
12   61  120.621   1.3922      22.4506   166.4   
12   62  120.018   1.41444     22.8092   166.4   
12   63  121.004   1.38395     22.3176   166.4   
12   64  121.017   1.37541     22.1799   166.4   
12   65  121.387   1.35        21.7701   166.4   
12   66  120.613   1.43133     23.0817   166.4   
12   67  120.613   1.44623     23.3218   166.4   
12   68  121.199   1.40441     22.6475   166.4   
12   69  121.067   1.44002     23.2217   171     
12   70  120.379   1.45719     23.4987   171     
12   71  121.674   1.44368     23.2807   171     
12   72  121.185   1.43748     23.1808   171     
12   73  120.841   1.45006     23.3837   171     
12   74  121.981   1.42606     22.9966   171     
12   75  121.39    1.42913     23.0461   171     
12   76  121.542   1.40065     22.5869   171     
12   77  120.436   1.4334      23.115    171     
12   78  121.418   1.38181     22.2831   171     
12   79  120.853   1.43471     23.1362   171     
12   80  121.266   1.40163     22.6027   171     
12   81  122.001   1.39665     22.5223   171     
12   82  121.359   1.41667     22.8451   171     
12   83  121.033   1.43171     23.0877   171     
12   84  121.773   1.4107      22.749    171     
12   85  121.363   1.42683     23.0091   171     
12   86  121.491   1.40926     22.7257   171     
12   87  121.032   1.44876     23.3627   171     
12   88  121.601   1.4315      23.0844   171     
12   89  121.351   1.41214     22.7721   171     
12   90  121.24    1.43898     23.2051   171     
12   91  121.171   1.43219     23.0955   171     
12   92  121.158   1.44636     23.324    171     
12   93  121.951   1.41564     22.8287   171     
12   94  122.257   1.42603     22.9962   171     
12   95  121.308   1.44921     23.3699   171     
12   96  122.136   1.43958     23.2146   171     
12   97  121.747   1.42789     23.0262   171     
12   98  121.983   1.40907     22.7226   171     
12   99  121.796   1.40857     22.7146   171     
12   100 122.37    1.41446     22.8096   171     
Done run 12 of 29

Beginning Run 13 of 29
Run  RI  Mean      95% CI      SD        Best    
13   0   22.6682   0.198279    3.19745   39.2    
13   1   50.5702   0.491395    7.92423   88.2    
13   2   89.523    0.761461    12.2793   132.8   
13   3   108.839   1.02848     16.5853   162.6   
13   4   114.446   1.06806     17.2235   162.6   
13   5   115.61    1.17169     18.8947   162.6   
13   6   117.408   1.21867     19.6522   162.6   
13   7   118.476   1.25352     20.2143   162.6   
13   8   118.819   1.2878      20.7671   162.6   
13   9   120.003   1.24925     20.1454   162.6   
13   10  119.032   1.31384     21.1869   162.6   
13   11  120.273   1.28914     20.7887   162.6   
13   12  119.546   1.32445     21.3581   162.6   
13   13  120.42    1.32606     21.384    162.6   
13   14  120.224   1.36503     22.0125   168     
13   15  120.686   1.34674     21.7175   168     
13   16  120.632   1.31654     21.2304   168     
13   17  120.733   1.35338     21.8245   168     
13   18  120.513   1.34759     21.7312   168     
13   19  120.169   1.37033     22.0979   172.6   
13   20  120.867   1.40432     22.646    172.6   
13   21  120.562   1.38993     22.414    172.6   
13   22  121.444   1.36603     22.0287   172.6   
13   23  120.556   1.41669     22.8456   172.6   
13   24  120.993   1.41442     22.8089   172.6   
13   25  121.454   1.36946     22.0838   172.6   
13   26  121.105   1.39601     22.512    172.6   
13   27  120.857   1.40957     22.7307   172.6   
13   28  121.103   1.40017     22.5792   172.6   
13   29  122.094   1.38947     22.4066   172.6   
13   30  121.514   1.43379     23.1213   172.6   
13   31  121.873   1.4247      22.9747   172.6   
13   32  121.877   1.40829     22.7101   172.6   
13   33  122.61    1.38425     22.3225   172.6   
13   34  121.276   1.41114     22.7561   172.6   
13   35  121.619   1.43797     23.1888   174.2   
13   36  121.95    1.404       22.6409   174.2   
13   37  122.048   1.42036     22.9047   174.2   
13   38  121.699   1.45506     23.4643   174.2   
13   39  122.227   1.40493     22.6558   174.2   
13   40  122.352   1.44587     23.316    174.2   
13   41  121.453   1.47256     23.7464   174.2   
13   42  122.844   1.40021     22.5799   174.2   
13   43  121.884   1.45137     23.4048   174.2   
13   44  122.456   1.44947     23.3741   174.2   
13   45  122.223   1.48002     23.8668   174.2   
13   46  122.909   1.43955     23.2142   174.2   
13   47  121.838   1.46859     23.6824   174.2   
13   48  123.544   1.37698     22.2052   174.2   
13   49  122.213   1.43023     23.0638   174.2   
13   50  122.238   1.44699     23.3342   174.2   
13   51  122.623   1.44288     23.2679   174.2   
13   52  122.755   1.42718     23.0148   174.2   
13   53  122.383   1.44381     23.2829   174.2   
13   54  122.08    1.49739     24.147    174.2   
13   55  121.997   1.45281     23.428    174.2   
13   56  123.227   1.4278      23.0247   174.2   
13   57  122.618   1.47127     23.7257   174.2   
13   58  122.072   1.46096     23.5594   174.2   
13   59  122.108   1.4675      23.6649   174.2   
13   60  122.591   1.41799     22.8665   174.2   
13   61  122.138   1.44379     23.2825   174.2   
13   62  122.819   1.42609     22.9972   174.2   
13   63  122.668   1.44276     23.266    174.2   
13   64  122.238   1.46133     23.5655   174.2   
13   65  123.264   1.44666     23.3288   174.2   
13   66  122.225   1.50615     24.2881   174.2   
13   67  122.375   1.49844     24.1639   174.2   
13   68  123.098   1.44976     23.3789   174.2   
13   69  122.413   1.48557     23.9562   174.2   
13   70  122.729   1.47795     23.8334   174.2   
13   71  122.641   1.49111     24.0456   174.2   
13   72  123.422   1.47621     23.8053   174.2   
13   73  123.305   1.47539     23.7921   174.2   
13   74  122.498   1.47782     23.8313   174.2   
13   75  123.004   1.45866     23.5223   174.2   
13   76  122.368   1.49479     24.105    174.2   
13   77  123.366   1.46253     23.5847   174.2   
13   78  122.94    1.47508     23.7871   174.2   
13   79  122.913   1.52067     24.5223   174.2   
13   80  123.306   1.48022     23.8701   174.2   
13   81  123.674   1.45021     23.386    174.2   
13   82  123.851   1.44619     23.3213   174.2   
13   83  123.241   1.46623     23.6444   174.2   
13   84  122.155   1.51063     24.3605   174.2   
13   85  122.722   1.46114     23.5624   174.2   
13   86  122.417   1.47486     23.7836   174.2   
13   87  122.978   1.50537     24.2757   174.2   
13   88  122.75    1.51229     24.3872   174.2   
13   89  123.116   1.44585     23.3157   174.2   
13   90  122.637   1.4768      23.815    174.2   
13   91  123.422   1.45664     23.4899   174.2   
13   92  123.603   1.4713      23.7262   174.2   
13   93  123.168   1.50854     24.3267   174.2   
13   94  123.43    1.48091     23.8811   174.2   
13   95  122.797   1.48836     24.0013   174.2   
13   96  124.547   1.46664     23.6511   174.2   
13   97  123.804   1.45716     23.4982   174.2   
13   98  122.835   1.49934     24.1783   174.2   
13   99  122.665   1.48501     23.9472   174.2   
13   100 123.853   1.4929      24.0745   174.2   
Done run 13 of 29

Beginning Run 14 of 29
Run  RI  Mean      95% CI      SD        Best    
14   0   22.8156   0.198879    3.20712   37.6    
14   1   51.5686   0.574705    9.26769   90.6    
14   2   94.4494   0.751046    12.1114   141.4   
14   3   102.865   0.817327    13.1802   141.4   
14   4   106.604   0.910728    14.6864   151.2   
14   5   109.216   0.994306    16.0342   151.2   
14   6   110.693   1.07197     17.2865   151.2   
14   7   113.241   1.08831     17.5501   160.8   
14   8   114.506   1.13395     18.2861   160.8   
14   9   115.466   1.17651     18.9724   160.8   
14   10  116.335   1.19529     19.2753   160.8   
14   11  116.611   1.23304     19.8841   160.8   
14   12  117.197   1.23438     19.9056   160.8   
14   13  117.968   1.25675     20.2663   160.8   
14   14  118.352   1.27249     20.5202   160.8   
14   15  118.595   1.27679     20.5895   160.8   
14   16  119.082   1.30027     20.9682   161.8   
14   17  119.728   1.29633     20.9046   161.8   
14   18  119.066   1.33962     21.6027   161.8   
14   19  119.87    1.33973     21.6045   161.8   
14   20  120.13    1.33791     21.5751   161.8   
14   21  119.624   1.2994      20.9541   161.8   
14   22  119.315   1.3509      21.7847   163.6   
14   23  119.369   1.35241     21.8089   163.6   
14   24  120.662   1.30199     20.9958   163.6   
14   25  120.231   1.33688     21.5585   163.6   
14   26  120.084   1.35617     21.8696   163.6   
14   27  120.249   1.37129     22.1134   167.6   
14   28  120.235   1.37187     22.1229   167.6   
14   29  119.775   1.37598     22.1891   167.6   
14   30  120.168   1.36748     22.052    167.6   
14   31  119.671   1.40746     22.6968   167.6   
14   32  120.43    1.35458     21.844    167.6   
14   33  121.095   1.33442     21.5188   167.6   
14   34  120.704   1.34857     21.7471   167.6   
14   35  121.072   1.34325     21.6613   167.6   
14   36  119.428   1.42346     22.9547   167.6   
14   37  120.41    1.40561     22.6668   167.6   
14   38  120.321   1.39659     22.5215   167.6   
14   39  120.573   1.37722     22.209    167.6   
14   40  121.08    1.38867     22.3938   167.6   
14   41  120.401   1.40869     22.7165   167.6   
14   42  120.822   1.38866     22.3936   167.6   
14   43  121.123   1.37579     22.186    167.6   
14   44  121.484   1.37512     22.1751   167.6   
14   45  120.979   1.4137      22.7974   167.6   
14   46  121.146   1.40935     22.7271   167.6   
14   47  120.754   1.42923     23.0477   167.6   
14   48  121.001   1.4212      22.9183   167.6   
14   49  121.698   1.40242     22.6155   167.6   
14   50  121.253   1.39483     22.4931   167.6   
14   51  121.229   1.3897      22.4103   167.6   
14   52  121.188   1.37556     22.1823   167.6   
14   53  121.79    1.40238     22.6147   167.6   
14   54  121.856   1.39726     22.5322   167.6   
14   55  121.421   1.44164     23.2479   167.6   
14   56  121.976   1.40454     22.6496   167.6   
14   57  122.583   1.38033     22.2592   167.6   
14   58  122.009   1.41852     22.875    167.6   
14   59  121.822   1.41444     22.8093   167.6   
14   60  121.568   1.45111     23.4005   167.6   
14   61  121.838   1.41794     22.8658   167.6   
14   62  121.657   1.44826     23.3547   167.6   
14   63  121.82    1.4267      23.0069   167.6   
14   64  122.015   1.41356     22.7951   167.6   
14   65  121.695   1.43926     23.2095   167.6   
14   66  122.279   1.4294      23.0505   167.6   
14   67  122.638   1.41591     22.8329   167.6   
14   68  122.23    1.42946     23.0515   167.6   
14   69  122.372   1.4722      23.7408   167.6   
14   70  122.173   1.45928     23.5323   167.6   
14   71  122.338   1.45185     23.4125   167.6   
14   72  122.721   1.41895     22.882    167.6   
14   73  122.025   1.45652     23.4878   167.6   
14   74  122.78    1.41316     22.7887   167.6   
14   75  122.679   1.39276     22.4597   167.6   
14   76  122.966   1.37881     22.2346   167.6   
14   77  121.444   1.44763     23.3445   167.6   
14   78  121.367   1.45062     23.3927   167.6   
14   79  122.608   1.41383     22.7994   167.6   
14   80  121.671   1.44123     23.2412   167.6   
14   81  121.399   1.47299     23.7535   167.6   
14   82  122.142   1.4598      23.5407   167.6   
14   83  122.608   1.42489     22.9777   167.6   
14   84  122.368   1.4317      23.0876   167.6   
14   85  122.445   1.44802     23.3508   167.6   
14   86  122.513   1.45572     23.4749   167.6   
14   87  123.058   1.44065     23.2319   167.6   
14   88  122.24    1.44731     23.3393   167.6   
14   89  122.857   1.42939     23.0504   167.6   
14   90  122.663   1.43758     23.1825   167.6   
14   91  122.871   1.47813     23.8363   167.6   
14   92  122.407   1.46204     23.5769   167.6   
14   93  121.904   1.46658     23.6501   167.6   
14   94  123.052   1.451       23.3989   167.6   
14   95  123.336   1.454       23.4472   167.6   
14   96  122.776   1.44679     23.3309   167.6   
14   97  122.775   1.46605     23.6414   167.6   
14   98  122.013   1.47715     23.8205   167.6   
14   99  123.119   1.43635     23.1626   167.6   
14   100 122.491   1.48034     23.872    167.6   
Done run 14 of 29

Beginning Run 15 of 29
Run  RI  Mean      95% CI      SD        Best    
15   0   22.6822   0.198739    3.20486   35.6    
15   1   46.6042   0.446091    7.19366   94      
15   2   84.7096   0.758255    12.2276   127.2   
15   3   105.218   0.916641    14.7817   160.6   
15   4   111.742   1.01949     16.4403   160.6   
15   5   115.103   1.12155     18.0861   160.6   
15   6   116.04    1.17351     18.924    160.6   
15   7   117.975   1.1599      18.7045   160.6   
15   8   117.936   1.21125     19.5326   160.6   
15   9   118.903   1.20714     19.4664   160.6   
15   10  118.088   1.3064      21.0671   160.6   
15   11  118.817   1.2966      20.909    160.6   
15   12  119.652   1.29559     20.8927   160.6   
15   13  119.967   1.28431     20.7107   160.6   
15   14  120.84    1.28913     20.7885   160.6   
15   15  120.136   1.33556     21.5373   160.6   
15   16  120.322   1.3572      21.8862   167.8   
15   17  121.43    1.32158     21.3117   167.8   
15   18  121.227   1.32291     21.3333   167.8   
15   19  121.111   1.32986     21.4454   167.8   
15   20  121.056   1.35548     21.8584   167.8   
15   21  120.566   1.36656     22.0371   167.8   
15   22  120.64    1.39133     22.4366   167.8   
15   23  121.261   1.4114      22.7603   167.8   
15   24  120.219   1.39579     22.5084   167.8   
15   25  121.306   1.39559     22.5053   167.8   
15   26  122.158   1.36608     22.0294   167.8   
15   27  122.028   1.40008     22.5777   167.8   
15   28  122.546   1.37744     22.2125   167.8   
15   29  121.579   1.41571     22.8297   167.8   
15   30  121.034   1.43448     23.1325   167.8   
15   31  121.248   1.42539     22.9859   167.8   
15   32  120.965   1.4452      23.3053   167.8   
15   33  121.435   1.41649     22.8423   167.8   
15   34  121.481   1.39776     22.5403   167.8   
15   35  122.556   1.40033     22.5817   167.8   
15   36  121.483   1.44052     23.2298   167.8   
15   37  122.243   1.38125     22.2741   167.8   
15   38  122.355   1.4143      22.8069   169.4   
15   39  121.864   1.45244     23.422    169.4   
15   40  122.256   1.43409     23.1261   169.4   
15   41  121.786   1.44033     23.2267   169.4   
15   42  122.653   1.42547     22.9871   169.4   
15   43  122.33    1.4334      23.1149   169.4   
15   44  122.7     1.40956     22.7305   169.4   
15   45  122.808   1.42834     23.0335   169.4   
15   46  122.161   1.43593     23.1559   169.4   
15   47  121.766   1.47067     23.716    169.4   
15   48  122.136   1.44595     23.3174   169.4   
15   49  121.544   1.43553     23.1494   169.4   
15   50  122.216   1.41484     22.8157   169.4   
15   51  122.279   1.44598     23.3179   169.4   
15   52  122.523   1.42644     23.0028   169.4   
15   53  122.35    1.433       23.1086   169.4   
15   54  122.868   1.41028     22.7422   169.4   
15   55  122.508   1.44291     23.2684   169.4   
15   56  122.061   1.48751     23.9875   169.4   
15   57  123.054   1.43443     23.1317   169.4   
15   58  122.84    1.42807     23.029    169.4   
15   59  122.986   1.45247     23.4225   169.4   
15   60  122.248   1.47698     23.8178   169.4   
15   61  123.145   1.45476     23.4595   169.4   
15   62  122.651   1.46583     23.6379   169.4   
15   63  123.05    1.44566     23.3128   169.4   
15   64  123.747   1.42248     22.9389   169.4   
15   65  123.114   1.4618      23.5729   169.4   
15   66  122.743   1.4724      23.744    169.4   
15   67  122.582   1.47075     23.7173   169.4   
15   68  122.891   1.48178     23.8952   169.4   
15   69  123.068   1.47858     23.8436   169.4   
15   70  123.271   1.44201     23.2539   169.4   
15   71  123.594   1.46831     23.6779   169.4   
15   72  123.212   1.45654     23.4881   169.4   
15   73  123.08    1.47832     23.8394   169.4   
15   74  123.431   1.46418     23.6114   169.4   
15   75  123.014   1.497       24.1406   170.2   
15   76  123.83    1.46842     23.6797   170.2   
15   77  123.078   1.47657     23.8111   170.2   
15   78  123.935   1.45194     23.4139   170.2   
15   79  122.876   1.49753     24.1492   170.2   
15   80  123.356   1.44669     23.3293   170.2   
15   81  122.74    1.50721     24.3053   170.2   
15   82  123.371   1.44323     23.2735   170.2   
15   83  123.871   1.443       23.2698   170.2   
15   84  123.509   1.47018     23.7082   170.2   
15   85  123.363   1.44299     23.2696   170.2   
15   86  122.831   1.49432     24.0974   170.2   
15   87  123.617   1.45591     23.4779   170.2   
15   88  123.3     1.45639     23.4857   170.2   
15   89  123.459   1.45068     23.3937   170.2   
15   90  123.705   1.45812     23.5137   170.2   
15   91  123.7     1.46764     23.6672   170.2   
15   92  123.093   1.44137     23.2435   170.2   
15   93  123.718   1.43239     23.0986   170.2   
15   94  123.472   1.46422     23.612    170.2   
15   95  123.261   1.48691     23.978    170.2   
15   96  122.843   1.48361     23.9247   170.2   
15   97  123.712   1.45149     23.4067   170.2   
15   98  123.18    1.47277     23.7499   170.2   
15   99  123.32    1.48783     23.9928   170.2   
15   100 123.571   1.4755      23.7939   170.2   
Done run 15 of 29

Beginning Run 16 of 29
Run  RI  Mean      95% CI      SD        Best    
16   0   22.9502   0.200603    3.23493   37      
16   1   50.8034   0.523326    8.43915   92.6    
16   2   91.4986   0.763798    12.317    130.2   
16   3   108.782   0.941158    15.1771   154.4   
16   4   113.52    1.10791     17.8662   154.4   
16   5   115.45    1.13113     18.2406   154.4   
16   6   116.308   1.20039     19.3575   154.4   
16   7   117.637   1.23214     19.8695   154.4   
16   8   119.187   1.22551     19.7627   154.8   
16   9   117.972   1.30618     21.0634   154.8   
16   10  118.468   1.30619     21.0636   157.2   
16   11  119.449   1.28425     20.7098   161     
16   12  119.1     1.30628     21.0651   161     
16   13  119.866   1.31599     21.2216   161     
16   14  119.599   1.35567     21.8615   161     
16   15  119.994   1.31624     21.2257   161     
16   16  119.825   1.35305     21.8193   161     
16   17  120.011   1.35881     21.9122   161     
16   18  119.787   1.38815     22.3853   161     
16   19  120.045   1.35547     21.8583   161     
16   20  120.588   1.33807     21.5776   161     
16   21  120.266   1.39293     22.4624   163     
16   22  120.604   1.39321     22.4669   163     
16   23  120.762   1.40034     22.5818   163.6   
16   24  120.523   1.39903     22.5607   163.6   
16   25  121.216   1.35512     21.8527   165.6   
16   26  121.094   1.35794     21.8982   165.6   
16   27  120.825   1.39738     22.5341   165.6   
16   28  121.525   1.38165     22.2805   165.6   
16   29  121.34    1.40776     22.7016   167.8   
16   30  121.361   1.39607     22.5131   167.8   
16   31  121.376   1.41123     22.7575   167.8   
16   32  121.628   1.41078     22.7502   167.8   
16   33  120.987   1.43139     23.0827   167.8   
16   34  122.344   1.39259     22.4569   167.8   
16   35  122.015   1.4153      22.8231   167.8   
16   36  122.182   1.43661     23.1668   167.8   
16   37  122.397   1.41441     22.8088   167.8   
16   38  122.343   1.38919     22.402    167.8   
16   39  122.002   1.38202     22.2864   167.8   
16   40  121.517   1.41879     22.8795   167.8   
16   41  121.568   1.41706     22.8515   167.8   
16   42  121.916   1.43044     23.0673   169     
16   43  121.425   1.44095     23.2368   169     
16   44  122.156   1.38287     22.3002   169     
16   45  121.258   1.46081     23.5571   169     
16   46  121.971   1.44697     23.3339   169     
16   47  122.101   1.4573      23.5004   169     
16   48  123.19    1.4225      22.9392   169     
16   49  122.525   1.42415     22.9658   169     
16   50  122.087   1.45724     23.4994   169     
16   51  122.187   1.47292     23.7523   169     
16   52  122.11    1.43743     23.18     169     
16   53  123.292   1.434       23.1247   169     
16   54  122.16    1.4632      23.5956   169     
16   55  122.786   1.44132     23.2427   169     
16   56  122.783   1.42984     23.0576   169     
16   57  122.771   1.45393     23.4461   169     
16   58  123.781   1.42979     23.0568   169     
16   59  122.262   1.48817     23.9983   169     
16   60  122.702   1.44853     23.3589   169     
16   61  122.87    1.46211     23.5779   169     
16   62  123.543   1.43789     23.1874   169     
16   63  122.379   1.48742     23.9862   169     
16   64  122.951   1.47561     23.7957   169     
16   65  122.437   1.46162     23.5701   169     
16   66  122.72    1.47625     23.806    169     
16   67  122.238   1.48019     23.8696   169     
16   68  123.191   1.42433     22.9688   169     
16   69  122.798   1.46384     23.6059   169     
16   70  122.428   1.46407     23.6096   169     
16   71  123.302   1.43758     23.1824   169     
16   72  123.131   1.4641      23.6101   169     
16   73  123.017   1.4737      23.7648   169     
16   74  122.975   1.48713     23.9815   169     
16   75  123.304   1.45364     23.4414   169     
16   76  122.895   1.46043     23.5508   172.2   
16   77  122.956   1.43817     23.1919   172.2   
16   78  123.786   1.47327     23.758    172.2   
16   79  123.69    1.41812     22.8686   172.2   
16   80  122.867   1.47568     23.7969   172.2   
16   81  123.29    1.45911     23.5296   172.2   
16   82  123.69    1.44077     23.2339   172.2   
16   83  122.145   1.48788     23.9936   172.2   
16   84  123.279   1.48543     23.9541   172.2   
16   85  123.661   1.46485     23.6221   172.2   
16   86  124.281   1.46029     23.5486   172.2   
16   87  123.443   1.48724     23.9832   172.2   
16   88  123.984   1.47299     23.7535   172.2   
16   89  123.205   1.50376     24.2497   172.2   
16   90  123.556   1.45121     23.4022   172.2   
16   91  123.239   1.46749     23.6647   172.2   
16   92  123.115   1.48908     24.0129   172.2   
16   93  123.76    1.45212     23.4169   172.2   
16   94  124.359   1.44222     23.2573   172.2   
16   95  123.167   1.47247     23.7451   172.2   
16   96  122.702   1.48967     24.0223   172.2   
16   97  123.212   1.48459     23.9405   172.2   
16   98  123.295   1.48526     23.9513   172.2   
16   99  123.828   1.47885     23.8479   172.2   
16   100 122.955   1.47915     23.8528   172.2   
Done run 16 of 29

Beginning Run 17 of 29
Run  RI  Mean      95% CI      SD        Best    
17   0   22.7584   0.205557    3.31481   35.6    
17   1   48.9682   0.504024    8.12789   81.6    
17   2   88.9596   0.768291    12.3895   135.8   
17   3   106.515   0.914873    14.7532   144.4   
17   4   110.82    1.03805     16.7396   159.8   
17   5   113.38    1.08816     17.5476   159.8   
17   6   115.168   1.11513     17.9826   159.8   
17   7   115.367   1.20858     19.4895   159.8   
17   8   116.337   1.23784     19.9614   159.8   
17   9   116.596   1.26822     20.4513   159.8   
17   10  117.678   1.24233     20.0338   159.8   
17   11  118.256   1.2666      20.4252   159.8   
17   12  118.461   1.2796      20.6348   159.8   
17   13  118.589   1.32481     21.3639   159.8   
17   14  119.946   1.26093     20.3338   159.8   
17   15  118.893   1.33859     21.5861   159.8   
17   16  119.719   1.31657     21.2311   160.8   
17   17  119.706   1.3398      21.6056   160.8   
17   18  120.33    1.35001     21.7703   160.8   
17   19  120.623   1.33979     21.6055   169.6   
17   20  120.092   1.34935     21.7596   169.6   
17   21  121.065   1.31777     21.2503   169.6   
17   22  121.355   1.36431     22.0008   169.6   
17   23  120.888   1.39023     22.4188   169.6   
17   24  120.596   1.40297     22.6243   169.6   
17   25  121.333   1.39367     22.4743   169.6   
17   26  120.852   1.39718     22.5309   169.6   
17   27  121.528   1.40225     22.6127   169.6   
17   28  120.674   1.41849     22.8746   169.6   
17   29  121.561   1.38535     22.3402   169.6   
17   30  121.485   1.40313     22.6269   169.6   
17   31  122.069   1.37785     22.2193   169.6   
17   32  122.071   1.41434     22.8077   169.6   
17   33  121.764   1.40661     22.6829   169.6   
17   34  121.536   1.40048     22.5841   169.6   
17   35  121.744   1.40748     22.697    169.6   
17   36  122.821   1.39524     22.4996   169.6   
17   37  121.479   1.43523     23.1445   169.6   
17   38  121.883   1.44593     23.3171   169.6   
17   39  121.67    1.42994     23.0593   169.6   
17   40  121.898   1.44211     23.2555   169.6   
17   41  122.167   1.43931     23.2103   169.6   
17   42  122.257   1.44727     23.3386   169.6   
17   43  123.718   1.42563     22.9897   169.6   
17   44  123.352   1.44529     23.3067   173.4   
17   45  122.903   1.42833     23.0333   173.4   
17   46  123.581   1.41959     22.8924   173.4   
17   47  122.847   1.46597     23.6402   173.4   
17   48  123.983   1.43425     23.1287   173.4   
17   49  123.167   1.45886     23.5255   173.4   
17   50  123.194   1.47226     23.7417   173.4   
17   51  123.331   1.46092     23.5589   173.4   
17   52  123.125   1.4502      23.3859   173.4   
17   53  122.767   1.4554      23.4697   173.4   
17   54  123.112   1.44625     23.3222   173.4   
17   55  122.632   1.46927     23.6934   173.4   
17   56  123.442   1.47128     23.7259   173.4   
17   57  123.827   1.44724     23.3381   173.4   
17   58  123.588   1.45814     23.514    173.4   
17   59  124.128   1.45933     23.5332   173.4   
17   60  124.198   1.41196     22.7693   173.4   
17   61  123.181   1.4861      23.9649   173.4   
17   62  124.041   1.44678     23.3307   173.4   
17   63  123.572   1.45353     23.4396   173.4   
17   64  123.612   1.50553     24.2782   173.4   
17   65  123.336   1.47394     23.7688   173.4   
17   66  124.801   1.42839     23.0342   173.4   
17   67  124.303   1.46712     23.6587   173.4   
17   68  123.511   1.50486     24.2674   173.4   
17   69  123.432   1.49425     24.0963   173.4   
17   70  124.01    1.45406     23.4481   173.4   
17   71  123.901   1.48856     24.0045   173.4   
17   72  123.381   1.5086      24.3277   173.4   
17   73  124.041   1.47557     23.7951   173.4   
17   74  123.452   1.52345     24.5672   173.4   
17   75  124.234   1.47466     23.7803   173.4   
slurmstepd: error: *** JOB 2895695 ON gra1234 CANCELLED AT 2023-01-23T15:47:11 DUE TO TIME LIMIT ***
