23; ./512PM ./PM512/P7/ps2/ ./Profiles/Profile7_512.dat 7 0.00564563 0.00163256 0.0132752 0.00318104 0.027216 0.017681 0.811454 0.0213773 0.0985377
Graph Evolution Tool.
Initial Graph: Ring with m = 2
Fitness Function: Profile Matching
Representation: THADS-N with Operation Densities
Densities: 0.00564563 0.00163256 0.0132752 0.00318104 0.027216 0.017681 0.811454 0.0213773 0.0985377 
Profile: 1 12 40 60 56 32 20 16 16 16 20 32 56 56 44 28 8 
Check readme.dat for more information about parameters/output.

Beginning Run 0 of 29
Run  RI  Mean      95% CI      SD        Best    
0    0   25.0697   0.114269    1.8427    20.524      	Dead: 0
0    1   23.9951   0.0968547   1.56188   19.3465     	Dead: 0
0    2   23.328    0.0896295   1.44537   18.9167     	Dead: 0
0    3   22.7485   0.0924865   1.49144   18.7101     	Dead: 0
0    4   22.1969   0.0859697   1.38635   18.4162     	Dead: 0
0    5   21.7124   0.0899857   1.45111   17.3569     	Dead: 0
0    6   21.2542   0.0942248   1.51947   17.3569     	Dead: 0
0    7   20.8268   0.0892624   1.43945   17.3569     	Dead: 0
0    8   20.5992   0.092984    1.49946   16.3768     	Dead: 0
0    9   20.2491   0.086381    1.39298   16.3768     	Dead: 0
0    10  20.0225   0.0919345   1.48254   16.3768     	Dead: 0
0    11  19.7481   0.0899972   1.45129   16.3768     	Dead: 0
0    12  19.535    0.090104    1.45302   16.3768     	Dead: 0
0    13  19.3828   0.0923527   1.48928   16.1437     	Dead: 0
0    14  19.1822   0.0921828   1.48654   15.2944     	Dead: 0
0    15  19.0255   0.0925329   1.49219   15.2102     	Dead: 0
0    16  18.8006   0.0887123   1.43057   15.2102     	Dead: 0
0    17  18.6679   0.0939683   1.51533   15.2102     	Dead: 0
0    18  18.5694   0.0952982   1.53678   15.1741     	Dead: 0
0    19  18.4279   0.0925832   1.493     15.1741     	Dead: 0
0    20  18.2954   0.0905739   1.4606    15.1741     	Dead: 0
0    21  18.2002   0.0931445   1.50205   15.137      	Dead: 0
0    22  18.0989   0.0946315   1.52603   14.9961     	Dead: 0
0    23  17.9916   0.0934887   1.5076    14.7616     	Dead: 0
0    24  17.8929   0.0937699   1.51213   14.6647     	Dead: 0
0    25  17.7486   0.0912806   1.47199   14.5297     	Dead: 0
0    26  17.6996   0.0957844   1.54462   14.4871     	Dead: 0
0    27  17.6517   0.0987341   1.59219   14.4871     	Dead: 0
0    28  17.5668   0.0988697   1.59437   14.2089     	Dead: 0
0    29  17.4137   0.0967978   1.56096   13.3047     	Dead: 0
0    30  17.4007   0.099968    1.61208   13.3047     	Dead: 0
0    31  17.3298   0.102272    1.64923   13.3047     	Dead: 0
0    32  17.1529   0.0975104   1.57245   13.3047     	Dead: 0
0    33  17.1108   0.103117    1.66286   13.3047     	Dead: 0
0    34  16.9879   0.0971783   1.5671    13.3047     	Dead: 0
0    35  16.881    0.0984687   1.58791   13.3047     	Dead: 0
0    36  16.7773   0.100522    1.62102   13.3047     	Dead: 0
0    37  16.6767   0.0996493   1.60694   13.2876     	Dead: 0
0    38  16.5934   0.098866    1.59431   13.2876     	Dead: 0
0    39  16.4438   0.0957974   1.54483   12.9091     	Dead: 0
0    40  16.4146   0.101559    1.63775   12.7735     	Dead: 0
0    41  16.2005   0.0989693   1.59598   12.7735     	Dead: 0
0    42  16.124    0.0985302   1.5889    12.7735     	Dead: 0
0    43  16.0526   0.0979379   1.57935   12.7735     	Dead: 0
0    44  15.9354   0.0965614   1.55715   12.6254     	Dead: 0
0    45  15.854    0.0982035   1.58363   12.3748     	Dead: 0
0    46  15.7958   0.100246    1.61656   12.3748     	Dead: 0
0    47  15.703    0.100011    1.61277   12.3748     	Dead: 0
0    48  15.6085   0.101451    1.636     12.2341     	Dead: 0
0    49  15.5511   0.105122    1.69519   10.761      	Dead: 0
0    50  15.402    0.103602    1.67068   10.761      	Dead: 0
0    51  15.3536   0.10448     1.68485   10.761      	Dead: 0
0    52  15.215    0.102617    1.6548    10.761      	Dead: 0
0    53  15.165    0.105293    1.69796   10.761      	Dead: 0
0    54  15.0348   0.101197    1.6319    10.761      	Dead: 0
0    55  14.9784   0.105388    1.69949   10.761      	Dead: 0
0    56  14.9629   0.105007    1.69334   10.761      	Dead: 0
0    57  14.8626   0.106927    1.7243    10.761      	Dead: 0
0    58  14.746    0.109976    1.77348   10.761      	Dead: 0
0    59  14.4947   0.100149    1.61501   10.761      	Dead: 0
0    60  14.3526   0.101729    1.64048   10.7565     	Dead: 0
0    61  14.2651   0.104818    1.69029   10.7565     	Dead: 0
0    62  14.2265   0.111099    1.79158   10.6941     	Dead: 0
0    63  14.0585   0.109122    1.75971   10.6941     	Dead: 0
0    64  13.975    0.10696     1.72484   10.5527     	Dead: 0
0    65  13.8348   0.101532    1.63731   10.5527     	Dead: 0
0    66  13.7874   0.108974    1.75732   10.5527     	Dead: 0
0    67  13.7226   0.105686    1.70429   10.5527     	Dead: 0
0    68  13.6981   0.110443    1.781     10.5527     	Dead: 0
0    69  13.6127   0.108565    1.75072   10.5527     	Dead: 0
0    70  13.5736   0.109022    1.75809   10.5527     	Dead: 0
0    71  13.4734   0.10489     1.69145   10.1949     	Dead: 0
0    72  13.5441   0.113225    1.82586   10.1949     	Dead: 0
0    73  13.4187   0.107685    1.73653   10.0536     	Dead: 0
0    74  13.386    0.108952    1.75696   10.0536     	Dead: 0
0    75  13.2794   0.103253    1.66505   10.0536     	Dead: 0
0    76  13.2483   0.109076    1.75895   10.0536     	Dead: 0
0    77  13.28     0.115743    1.86647   10.0536     	Dead: 0
0    78  13.2745   0.11666     1.88126   10.0536     	Dead: 0
0    79  13.2271   0.110831    1.78726   10.0536     	Dead: 0
0    80  13.1902   0.11245     1.81337   9.8941      	Dead: 0
0    81  13.1467   0.113781    1.83483   8.40997     	Dead: 0
0    82  13.0916   0.112432    1.81308   8.40997     	Dead: 0
0    83  13.0449   0.112779    1.81868   8.40997     	Dead: 0
0    84  12.9524   0.112398    1.81254   8.40997     	Dead: 0
0    85  12.8993   0.108445    1.74879   8.40997     	Dead: 0
0    86  12.9402   0.11259     1.81562   8.40997     	Dead: 0
0    87  12.9332   0.117153    1.8892    8.40997     	Dead: 0
0    88  12.8274   0.110458    1.78124   8.40997     	Dead: 0
0    89  12.7821   0.10902     1.75806   8.40997     	Dead: 0
0    90  12.7395   0.110879    1.78804   8.40997     	Dead: 0
0    91  12.7015   0.109661    1.76839   8.40997     	Dead: 0
0    92  12.7149   0.113515    1.83055   8.40997     	Dead: 0
0    93  12.6388   0.1132      1.82546   8.40997     	Dead: 0
0    94  12.4996   0.11314     1.8245    8.40997     	Dead: 0
0    95  12.5156   0.114296    1.84314   8.40997     	Dead: 0
0    96  12.4946   0.115972    1.87016   8.40997     	Dead: 0
0    97  12.4406   0.114011    1.83854   8.40997     	Dead: 0
0    98  12.2783   0.106841    1.72292   8.40997     	Dead: 0
0    99  12.2681   0.111413    1.79665   8.40997     	Dead: 0
0    100 12.2056   0.113295    1.827     8.40997     	Dead: 0
Done run 0 of 29

Beginning Run 1 of 29
Run  RI  Mean      95% CI      SD        Best    
1    0   25.1045   0.118055    1.90375   18.2738     	Dead: 0
1    1   24.0587   0.101732    1.64053   18.2738     	Dead: 0
1    2   23.3423   0.0842032   1.35786   18.2738     	Dead: 0
1    3   22.8359   0.0849425   1.36978   18.2738     	Dead: 0
1    4   22.476    0.0845832   1.36399   18.2738     	Dead: 0
1    5   22.1139   0.0854834   1.37851   17.3766     	Dead: 0
1    6   21.7858   0.0932696   1.50407   17.3766     	Dead: 0
1    7   21.4477   0.0906262   1.46144   17.3766     	Dead: 0
1    8   21.2171   0.0987594   1.59259   17.3248     	Dead: 0
1    9   20.9256   0.0940094   1.516     17.3248     	Dead: 0
1    10  20.6623   0.0913005   1.47231   16.895      	Dead: 0
1    11  20.4577   0.0919822   1.4833    15.3031     	Dead: 0
1    12  20.2788   0.0932426   1.50363   15.3031     	Dead: 0
1    13  20.1207   0.0962586   1.55227   15.3031     	Dead: 0
1    14  19.9815   0.0992814   1.60101   15.3031     	Dead: 0
1    15  19.8374   0.10122     1.63228   15.3031     	Dead: 0
1    16  19.7093   0.107985    1.74137   15.3031     	Dead: 0
1    17  19.5229   0.103134    1.66314   15.3031     	Dead: 0
1    18  19.3556   0.103298    1.66578   15.3031     	Dead: 0
1    19  19.1364   0.0981216   1.58231   14.6258     	Dead: 0
1    20  19.0136   0.101895    1.64316   14.3996     	Dead: 0
1    21  18.8788   0.103208    1.66433   14.3996     	Dead: 0
1    22  18.7155   0.103996    1.67704   14.3996     	Dead: 0
1    23  18.4916   0.10354     1.66969   14.3996     	Dead: 0
1    24  18.348    0.102466    1.65236   14.3996     	Dead: 0
1    25  18.1408   0.0998042   1.60944   14.3996     	Dead: 0
1    26  17.918    0.100256    1.61673   13.9208     	Dead: 0
1    27  17.716    0.0979449   1.57946   13.9208     	Dead: 0
1    28  17.505    0.0990731   1.59765   13.559      	Dead: 0
1    29  17.3096   0.0969563   1.56352   13.559      	Dead: 0
1    30  17.1052   0.0981348   1.58252   12.6432     	Dead: 0
1    31  16.9142   0.0987207   1.59197   12.6432     	Dead: 0
1    32  16.6391   0.0925919   1.49314   12.6432     	Dead: 0
1    33  16.3627   0.0942599   1.52003   12.6432     	Dead: 0
1    34  16.094    0.0932763   1.50417   12.5872     	Dead: 0
1    35  15.8689   0.0940272   1.51628   12.5872     	Dead: 0
1    36  15.6973   0.0934136   1.50639   12.5872     	Dead: 0
1    37  15.5524   0.0923164   1.48869   12.0157     	Dead: 0
1    38  15.4047   0.0931493   1.50213   12.0157     	Dead: 0
1    39  15.2499   0.0944357   1.52287   11.8683     	Dead: 0
1    40  15.0859   0.0913712   1.47345   11.8683     	Dead: 0
1    41  14.9381   0.0923878   1.48985   11.8278     	Dead: 0
1    42  14.7932   0.0906269   1.46145   11.8278     	Dead: 0
1    43  14.6827   0.091756    1.47966   11.8278     	Dead: 0
1    44  14.6698   0.100816    1.62576   11.8278     	Dead: 0
1    45  14.491    0.0960398   1.54874   10.8521     	Dead: 0
1    46  14.3834   0.0960711   1.54924   10.8521     	Dead: 0
1    47  14.2952   0.0951605   1.53456   10.8521     	Dead: 0
1    48  14.1941   0.0938819   1.51394   10.8521     	Dead: 0
1    49  14.0722   0.0970446   1.56494   10.5185     	Dead: 0
1    50  13.949    0.095117    1.53386   10.5185     	Dead: 0
1    51  13.8904   0.0956114   1.54183   10.5185     	Dead: 0
1    52  13.7613   0.0972052   1.56753   9.28537     	Dead: 0
1    53  13.709    0.0980304   1.58084   9.28537     	Dead: 0
1    54  13.5921   0.0929325   1.49863   9.28537     	Dead: 0
1    55  13.5999   0.099015    1.59672   9.28537     	Dead: 0
1    56  13.4897   0.0938624   1.51363   9.28537     	Dead: 0
1    57  13.4768   0.101117    1.63061   9.28537     	Dead: 0
1    58  13.4021   0.100532    1.62118   9.28537     	Dead: 0
1    59  13.3941   0.101396    1.63512   9.28537     	Dead: 0
1    60  13.2407   0.0970045   1.56429   9.28537     	Dead: 0
1    61  13.2777   0.102239    1.64871   9.28537     	Dead: 0
1    62  13.2032   0.0987135   1.59185   9.28537     	Dead: 0
1    63  13.1963   0.103497    1.66899   9.28537     	Dead: 0
1    64  13.1494   0.104329    1.6824    9.28537     	Dead: 0
1    65  13.1186   0.104293    1.68182   9.28537     	Dead: 0
1    66  13.102    0.107043    1.72617   9.25879     	Dead: 0
1    67  13.0109   0.102208    1.6482    9.25879     	Dead: 0
1    68  12.9919   0.104095    1.67863   9.25879     	Dead: 0
1    69  12.9827   0.10771     1.73693   9.25879     	Dead: 0
1    70  12.8858   0.102398    1.65127   9.25879     	Dead: 0
1    71  12.8927   0.106582    1.71874   9.25879     	Dead: 0
1    72  12.8316   0.105284    1.69781   9.25879     	Dead: 0
1    73  12.7177   0.0985212   1.58875   9.25879     	Dead: 0
1    74  12.8085   0.106032    1.70987   9.25879     	Dead: 0
1    75  12.7319   0.105135    1.69541   9.25879     	Dead: 0
1    76  12.7714   0.108164    1.74425   9.25879     	Dead: 0
1    77  12.7382   0.10548     1.70098   8.71718     	Dead: 0
1    78  12.7319   0.108144    1.74394   8.71718     	Dead: 0
1    79  12.7196   0.108165    1.74426   8.71718     	Dead: 0
1    80  12.7146   0.107409    1.73208   8.71718     	Dead: 0
1    81  12.7025   0.108705    1.75298   8.71718     	Dead: 0
1    82  12.6425   0.106581    1.71873   8.71718     	Dead: 0
1    83  12.5633   0.103       1.66097   8.71718     	Dead: 0
1    84  12.6449   0.108144    1.74393   8.71718     	Dead: 0
1    85  12.6367   0.109922    1.7726    8.71718     	Dead: 0
1    86  12.5836   0.107295    1.73023   8.71718     	Dead: 0
1    87  12.5811   0.113632    1.83243   8.71718     	Dead: 0
1    88  12.523    0.111942    1.80518   8.71718     	Dead: 0
1    89  12.5096   0.109681    1.76872   8.71718     	Dead: 0
1    90  12.5339   0.111063    1.791     8.71718     	Dead: 0
1    91  12.4763   0.111984    1.80585   8.71718     	Dead: 0
1    92  12.4479   0.110907    1.78849   8.71718     	Dead: 0
1    93  12.4438   0.11183     1.80337   8.71718     	Dead: 0
1    94  12.488    0.1133      1.82708   8.68897     	Dead: 0
1    95  12.4257   0.111522    1.7984    8.68897     	Dead: 0
1    96  12.3634   0.110189    1.7769    8.68897     	Dead: 0
1    97  12.3394   0.108125    1.74362   8.68897     	Dead: 0
1    98  12.4482   0.113609    1.83205   8.68897     	Dead: 0
1    99  12.4116   0.11409     1.83981   8.68897     	Dead: 0
1    100 12.34     0.110208    1.77722   8.68897     	Dead: 0
Done run 1 of 29

Beginning Run 2 of 29
Run  RI  Mean      95% CI      SD        Best    
2    0   25.0056   0.116016    1.87087   20.305      	Dead: 0
2    1   24.0201   0.0991139   1.59831   19.0573     	Dead: 0
2    2   23.279    0.0911027   1.46912   19.0573     	Dead: 0
2    3   22.8023   0.0863514   1.3925    19.0573     	Dead: 0
2    4   22.34     0.0834594   1.34587   18.8533     	Dead: 0
2    5   21.97     0.0816922   1.31737   18.6233     	Dead: 0
2    6   21.6954   0.0935814   1.50909   18.4671     	Dead: 0
2    7   21.2925   0.0882913   1.42379   17.5105     	Dead: 0
2    8   20.7747   0.0837104   1.34991   16.8842     	Dead: 0
2    9   20.3281   0.0838669   1.35244   16.8842     	Dead: 0
2    10  19.8746   0.0842539   1.35868   16.6441     	Dead: 0
2    11  19.5748   0.0878417   1.41654   15.9232     	Dead: 0
2    12  19.2205   0.0880086   1.41923   15.6023     	Dead: 0
2    13  18.8939   0.0877631   1.41527   15.1757     	Dead: 0
2    14  18.5921   0.0889485   1.43438   15.1757     	Dead: 0
2    15  18.2301   0.0868179   1.40003   14.5802     	Dead: 0
2    16  17.9552   0.0862534   1.39092   14.5802     	Dead: 0
2    17  17.7076   0.0870575   1.40389   14.5036     	Dead: 0
2    18  17.4337   0.0856147   1.38062   14.4443     	Dead: 0
2    19  17.2274   0.0841587   1.35714   14.4443     	Dead: 0
2    20  17.0752   0.0842616   1.3588    13.7915     	Dead: 0
2    21  16.8955   0.0872497   1.40699   13.7915     	Dead: 0
2    22  16.6952   0.0845103   1.36281   13.7915     	Dead: 0
2    23  16.4716   0.0821362   1.32453   13.6339     	Dead: 0
2    24  16.4038   0.0906848   1.46238   12.6927     	Dead: 0
2    25  16.2603   0.0885988   1.42874   12.2772     	Dead: 0
2    26  16.1947   0.0924577   1.49097   12.2772     	Dead: 0
2    27  16.0762   0.0863978   1.39325   12.2772     	Dead: 0
2    28  15.8981   0.0850773   1.37196   12.2772     	Dead: 0
2    29  15.8658   0.09414     1.5181    12.2772     	Dead: 0
2    30  15.6938   0.0907132   1.46284   12.2772     	Dead: 0
2    31  15.5176   0.0898953   1.44965   12.2317     	Dead: 0
2    32  15.4406   0.0952645   1.53623   12.2025     	Dead: 0
2    33  15.2689   0.0920377   1.4842    11.1443     	Dead: 0
2    34  15.1126   0.0939706   1.51537   11.1443     	Dead: 0
2    35  14.9301   0.0928479   1.49727   10.0633     	Dead: 0
2    36  14.8167   0.0924659   1.49111   10.0633     	Dead: 0
2    37  14.7323   0.0956556   1.54254   10.0633     	Dead: 0
2    38  14.5866   0.0925387   1.49228   10.0633     	Dead: 0
2    39  14.4424   0.0929837   1.49946   10.0633     	Dead: 0
2    40  14.3632   0.0954769   1.53966   10.0633     	Dead: 0
2    41  14.2304   0.0952971   1.53676   10.0633     	Dead: 0
2    42  14.1439   0.0968439   1.5617    10.0633     	Dead: 0
2    43  14.1004   0.102202    1.64812   10.0633     	Dead: 0
2    44  13.9285   0.0973167   1.56933   10.0633     	Dead: 0
2    45  13.7749   0.0956674   1.54273   10.0633     	Dead: 0
2    46  13.6792   0.0949845   1.53172   10.0633     	Dead: 0
2    47  13.7196   0.106212    1.71277   10.0633     	Dead: 0
2    48  13.5717   0.102395    1.65122   9.87393     	Dead: 0
2    49  13.49     0.10129     1.6334    9.87393     	Dead: 0
2    50  13.4147   0.0994813   1.60424   9.87393     	Dead: 0
2    51  13.3423   0.0988661   1.59431   9.87393     	Dead: 0
2    52  13.3118   0.100926    1.62754   9.87393     	Dead: 0
2    53  13.264    0.105222    1.69681   9.87393     	Dead: 0
2    54  13.1985   0.104541    1.68582   9.87393     	Dead: 0
2    55  13.1549   0.106414    1.71604   9.87393     	Dead: 0
2    56  13.0795   0.102502    1.65296   9.87393     	Dead: 0
2    57  12.9781   0.0986293   1.5905    9.58536     	Dead: 0
2    58  12.8938   0.0962063   1.55142   9.58536     	Dead: 0
2    59  12.8704   0.100612    1.62247   9.58536     	Dead: 0
2    60  12.8818   0.105098    1.69482   9.58536     	Dead: 0
2    61  12.8237   0.10446     1.68452   9.58536     	Dead: 0
2    62  12.7402   0.101336    1.63415   9.10485     	Dead: 0
2    63  12.7393   0.103209    1.66436   9.10485     	Dead: 0
2    64  12.758    0.105754    1.7054    9.10485     	Dead: 0
2    65  12.6585   0.102165    1.64751   9.10485     	Dead: 0
2    66  12.633    0.101853    1.64248   9.10485     	Dead: 0
2    67  12.551    0.103007    1.66109   9.10485     	Dead: 0
2    68  12.4473   0.0986874   1.59143   9.10485     	Dead: 0
2    69  12.5288   0.108554    1.75054   9.10485     	Dead: 0
2    70  12.4425   0.105649    1.70369   9.10485     	Dead: 0
2    71  12.4408   0.104262    1.68133   9.10485     	Dead: 0
2    72  12.3698   0.102785    1.65751   9.10485     	Dead: 0
2    73  12.4076   0.107681    1.73647   9.10485     	Dead: 0
2    74  12.3453   0.103635    1.67122   9.10485     	Dead: 0
2    75  12.3597   0.109259    1.76191   9.10485     	Dead: 0
2    76  12.3387   0.108439    1.74869   9.10485     	Dead: 0
2    77  12.2491   0.104841    1.69067   9.10485     	Dead: 0
2    78  12.2358   0.107419    1.73223   9.10334     	Dead: 0
2    79  12.1622   0.106906    1.72397   9.10334     	Dead: 0
2    80  12.1374   0.106252    1.71343   9.10334     	Dead: 0
2    81  12.1153   0.104754    1.68927   8.57597     	Dead: 0
2    82  12.1204   0.106235    1.71315   8.57597     	Dead: 0
2    83  12.0796   0.105304    1.69813   8.57597     	Dead: 0
2    84  12.0562   0.105632    1.70342   8.57597     	Dead: 0
2    85  12.0069   0.105596    1.70284   8.57597     	Dead: 0
2    86  11.9473   0.104446    1.6843    8.57597     	Dead: 0
2    87  11.9623   0.106728    1.7211    8.57597     	Dead: 0
2    88  11.9875   0.107909    1.74014   8.57597     	Dead: 0
2    89  11.9645   0.107362    1.73132   8.57597     	Dead: 0
2    90  11.9592   0.11032     1.77902   8.57597     	Dead: 0
2    91  11.9809   0.113198    1.82542   8.57597     	Dead: 0
2    92  11.87     0.107869    1.7395    8.57597     	Dead: 0
2    93  11.8668   0.104504    1.68524   8.57597     	Dead: 0
2    94  11.871    0.107246    1.72945   8.55062     	Dead: 0
2    95  11.8612   0.109439    1.76482   8.55062     	Dead: 0
2    96  11.8133   0.10591     1.70791   8.55062     	Dead: 0
2    97  11.8102   0.10887     1.75564   8.55062     	Dead: 0
2    98  11.8156   0.109784    1.77038   8.55062     	Dead: 0
2    99  11.7102   0.108204    1.7449    8.55062     	Dead: 0
2    100 11.754    0.108936    1.7567    8.55062     	Dead: 0
Done run 2 of 29

Beginning Run 3 of 29
Run  RI  Mean      95% CI      SD        Best    
3    0   24.9615   0.114265    1.84264   20.6015     	Dead: 0
3    1   24.069    0.0982534   1.58443   19.9152     	Dead: 0
3    2   23.3243   0.0884898   1.42699   19.7534     	Dead: 0
3    3   22.8547   0.0879816   1.41879   17.9591     	Dead: 0
3    4   22.4201   0.0900875   1.45275   17.9591     	Dead: 0
3    5   21.9979   0.093625    1.5098    17.7753     	Dead: 0
3    6   21.5601   0.0963843   1.55429   17.6755     	Dead: 0
3    7   21.1974   0.0995165   1.6048    17.0947     	Dead: 0
3    8   20.6208   0.0956483   1.54242   17.0947     	Dead: 0
3    9   20.1496   0.0947268   1.52756   16.2806     	Dead: 0
3    10  19.8057   0.0984494   1.5876    16.2806     	Dead: 0
3    11  19.4211   0.0920943   1.48511   15.856      	Dead: 0
3    12  19.142    0.0967933   1.56089   15.856      	Dead: 0
3    13  18.8864   0.0931554   1.50222   15.513      	Dead: 0
3    14  18.6137   0.0901069   1.45306   15.0586     	Dead: 0
3    15  18.4272   0.0919034   1.48203   15.0586     	Dead: 0
3    16  18.3313   0.0971664   1.5669    14.0588     	Dead: 0
3    17  18.0776   0.0905207   1.45974   14.0588     	Dead: 0
3    18  18.0124   0.101141    1.631     14.0588     	Dead: 0
3    19  17.8648   0.102742    1.65682   14.0588     	Dead: 0
3    20  17.7497   0.100354    1.61831   14.0588     	Dead: 0
3    21  17.6332   0.10028     1.61712   14.0588     	Dead: 0
3    22  17.4729   0.1002      1.61582   14.0588     	Dead: 0
3    23  17.37     0.100474    1.62024   14.0588     	Dead: 0
3    24  17.2045   0.0948835   1.53009   13.7383     	Dead: 0
3    25  17.0891   0.098024    1.58074   13.7383     	Dead: 0
3    26  16.8769   0.0955519   1.54087   12.5024     	Dead: 0
3    27  16.7971   0.0972627   1.56846   12.5024     	Dead: 0
3    28  16.7292   0.101617    1.63868   12.5024     	Dead: 0
3    29  16.617    0.101838    1.64224   12.5024     	Dead: 0
3    30  16.4402   0.100565    1.62171   12.5024     	Dead: 0
3    31  16.2401   0.0991321   1.5986    12.5024     	Dead: 0
3    32  16.0494   0.100761    1.62487   12.5024     	Dead: 0
3    33  15.786    0.100452    1.61989   12.0242     	Dead: 0
3    34  15.5226   0.098656    1.59093   11.8899     	Dead: 0
3    35  15.209    0.0956272   1.54208   11.8899     	Dead: 0
3    36  14.9745   0.0924393   1.49068   11.5933     	Dead: 0
3    37  14.743    0.0892113   1.43862   11.5933     	Dead: 0
3    38  14.5632   0.0917481   1.47953   11.4543     	Dead: 0
3    39  14.3742   0.0859543   1.3861    11.1011     	Dead: 0
3    40  14.2996   0.0905735   1.46059   11.1011     	Dead: 0
3    41  14.1605   0.0893125   1.44025   11.1011     	Dead: 0
3    42  14.0389   0.0875864   1.41242   11.1011     	Dead: 0
3    43  13.9627   0.089904    1.44979   11.1011     	Dead: 0
3    44  13.913    0.0882799   1.4236    11.1011     	Dead: 0
3    45  13.7236   0.0852012   1.37396   11.1011     	Dead: 0
3    46  13.76     0.0914343   1.47447   11.1011     	Dead: 0
3    47  13.6757   0.0900709   1.45248   11.1011     	Dead: 0
3    48  13.4751   0.0803279   1.29537   11.1011     	Dead: 0
3    49  13.5179   0.0895872   1.44468   10.8869     	Dead: 0
3    50  13.4585   0.0894153   1.44191   10.8869     	Dead: 0
3    51  13.3886   0.0898234   1.44849   10.292      	Dead: 0
3    52  13.3142   0.0908747   1.46544   10.292      	Dead: 0
3    53  13.2418   0.0884885   1.42697   10.292      	Dead: 0
3    54  13.2054   0.0875258   1.41144   10.2599     	Dead: 0
3    55  13.1769   0.0879534   1.41834   10.2599     	Dead: 0
3    56  13.1372   0.0881575   1.42163   10.2599     	Dead: 0
3    57  13.0673   0.0871392   1.40521   10.2599     	Dead: 0
3    58  13.1121   0.0915182   1.47582   10.2599     	Dead: 0
3    59  13.0414   0.0899459   1.45047   10.2599     	Dead: 0
3    60  12.9449   0.0862271   1.3905    10.2599     	Dead: 0
3    61  12.915    0.0883221   1.42428   10.2599     	Dead: 0
3    62  12.8767   0.0911953   1.47061   10.2599     	Dead: 0
3    63  12.8496   0.0899629   1.45074   10.2599     	Dead: 0
3    64  12.792    0.0921588   1.48615   9.76921     	Dead: 0
3    65  12.7984   0.0919492   1.48277   9.76921     	Dead: 0
3    66  12.748    0.0904189   1.45809   9.76921     	Dead: 0
3    67  12.7634   0.0937972   1.51257   9.76921     	Dead: 0
3    68  12.73     0.0934813   1.50748   9.76921     	Dead: 0
3    69  12.6816   0.0940637   1.51687   9.76921     	Dead: 0
3    70  12.5794   0.0911949   1.47061   9.76921     	Dead: 0
3    71  12.5591   0.0910347   1.46803   9.76921     	Dead: 0
3    72  12.4903   0.0904774   1.45904   9.23784     	Dead: 0
3    73  12.4572   0.089673    1.44607   9.23784     	Dead: 0
3    74  12.4221   0.0919396   1.48262   9.23784     	Dead: 0
3    75  12.4034   0.0940377   1.51645   9.23784     	Dead: 0
3    76  12.3435   0.0936946   1.51092   9.23784     	Dead: 0
3    77  12.2389   0.0919651   1.48303   8.29569     	Dead: 0
3    78  12.2141   0.0923897   1.48988   8.29569     	Dead: 0
3    79  12.2588   0.0982296   1.58405   8.29569     	Dead: 0
3    80  12.08     0.0887635   1.4314    8.29569     	Dead: 0
3    81  12.0166   0.0876562   1.41354   8.29569     	Dead: 0
3    82  11.9522   0.0904463   1.45854   8.29569     	Dead: 0
3    83  11.9252   0.0965043   1.55623   8.29569     	Dead: 0
3    84  11.8392   0.0907896   1.46407   8.29569     	Dead: 0
3    85  11.7598   0.0937933   1.51251   7.33591     	Dead: 0
3    86  11.7141   0.093375    1.50577   7.33591     	Dead: 0
3    87  11.6105   0.0912188   1.47099   7.33591     	Dead: 0
3    88  11.4888   0.0873465   1.40855   7.33591     	Dead: 0
3    89  11.4353   0.0901321   1.45347   7.33591     	Dead: 0
3    90  11.3709   0.0894791   1.44294   7.33591     	Dead: 0
3    91  11.3587   0.0923923   1.48992   7.33591     	Dead: 0
3    92  11.3277   0.0925019   1.49168   7.33591     	Dead: 0
3    93  11.2481   0.0874316   1.40992   7.33591     	Dead: 0
3    94  11.2456   0.0927082   1.49501   7.33591     	Dead: 0
3    95  11.243    0.0957962   1.54481   7.33591     	Dead: 0
3    96  11.1442   0.0913637   1.47333   7.33591     	Dead: 0
3    97  11.1392   0.091044    1.46818   7.33591     	Dead: 0
3    98  11.0743   0.0888082   1.43212   7.33591     	Dead: 0
3    99  11.057    0.0920559   1.48449   7.33591     	Dead: 0
3    100 11.0132   0.0917484   1.47953   7.33591     	Dead: 0
Done run 3 of 29

Beginning Run 4 of 29
Run  RI  Mean      95% CI      SD        Best    
4    0   24.9194   0.111143    1.7923    19.6934     	Dead: 0
4    1   23.9138   0.0927278   1.49533   19.668      	Dead: 0
4    2   23.3369   0.090603    1.46106   18.7134     	Dead: 0
4    3   22.8236   0.0946164   1.52578   18.4187     	Dead: 0
4    4   22.1253   0.0890162   1.43548   17.7113     	Dead: 0
4    5   21.5638   0.0942151   1.51931   16.78       	Dead: 0
4    6   21.0034   0.0909458   1.46659   16.78       	Dead: 0
4    7   20.6336   0.0967812   1.56069   16.3672     	Dead: 0
4    8   20.1759   0.0923659   1.48949   16.0393     	Dead: 0
4    9   19.8646   0.096319    1.55324   16.0393     	Dead: 0
4    10  19.5156   0.0995315   1.60505   15.1393     	Dead: 0
4    11  19.1316   0.090942    1.46653   15.1393     	Dead: 0
4    12  18.8609   0.0926582   1.49421   14.4378     	Dead: 0
4    13  18.4923   0.0918281   1.48082   14.3431     	Dead: 0
4    14  18.2026   0.0902137   1.45479   14.1088     	Dead: 0
4    15  17.9239   0.0903396   1.45682   14.1088     	Dead: 0
4    16  17.6996   0.0969537   1.56348   14.1088     	Dead: 0
4    17  17.4632   0.0945502   1.52472   14.1088     	Dead: 0
4    18  17.2426   0.0996916   1.60763   13.8665     	Dead: 0
4    19  16.9557   0.095872    1.54603   13.7416     	Dead: 0
4    20  16.6721   0.093191    1.5028    12.9295     	Dead: 0
4    21  16.4363   0.0907859   1.46401   12.8673     	Dead: 0
4    22  16.2038   0.0994599   1.60389   12.2613     	Dead: 0
4    23  15.9324   0.0934792   1.50745   12.0533     	Dead: 0
4    24  15.6639   0.0965175   1.55644   11.6096     	Dead: 0
4    25  15.3963   0.0954464   1.53917   11.4089     	Dead: 0
4    26  15.1831   0.0946507   1.52634   11.4089     	Dead: 0
4    27  15.0334   0.0980291   1.58082   11.1878     	Dead: 0
4    28  14.765    0.0964274   1.55499   11.1598     	Dead: 0
4    29  14.6424   0.097789    1.57694   10.2383     	Dead: 0
4    30  14.4175   0.0943906   1.52214   10.2383     	Dead: 0
4    31  14.2818   0.0949999   1.53197   10.2383     	Dead: 0
4    32  14.1466   0.09535     1.53761   10.2383     	Dead: 0
4    33  14.0775   0.0985192   1.58872   10.2383     	Dead: 0
4    34  13.938    0.0987167   1.59191   10.2383     	Dead: 0
4    35  13.8028   0.0979952   1.58027   10.2383     	Dead: 0
4    36  13.7089   0.0970026   1.56426   10.2383     	Dead: 0
4    37  13.5484   0.0925311   1.49216   10.2383     	Dead: 0
4    38  13.4476   0.0975961   1.57384   9.9364      	Dead: 0
4    39  13.3753   0.0969371   1.56321   9.9364      	Dead: 0
4    40  13.2585   0.095572    1.54119   9.9364      	Dead: 0
4    41  13.2538   0.101651    1.63922   9.9364      	Dead: 0
4    42  13.1506   0.0977122   1.57571   9.81977     	Dead: 0
4    43  13.103    0.0976187   1.5742    9.81977     	Dead: 0
4    44  13.0732   0.0988482   1.59403   9.81977     	Dead: 0
4    45  13.0385   0.102024    1.64524   9.41978     	Dead: 0
4    46  12.9348   0.0994098   1.60308   9.41978     	Dead: 0
4    47  12.9435   0.104201    1.68034   9.41978     	Dead: 0
4    48  12.8246   0.0978852   1.5785    9.41978     	Dead: 0
4    49  12.7809   0.0993592   1.60227   9.41978     	Dead: 0
4    50  12.7625   0.102348    1.65047   9.41978     	Dead: 0
4    51  12.7268   0.100981    1.62843   9.41978     	Dead: 0
4    52  12.7165   0.0999688   1.6121    9.41978     	Dead: 0
4    53  12.6645   0.0977126   1.57571   9.41978     	Dead: 0
4    54  12.6034   0.0994735   1.60411   9.41978     	Dead: 0
4    55  12.5288   0.0963456   1.55367   9.41978     	Dead: 0
4    56  12.5231   0.100573    1.62185   9.41978     	Dead: 0
4    57  12.473    0.100784    1.62525   9.2411      	Dead: 0
4    58  12.4386   0.101763    1.64103   9.2411      	Dead: 0
4    59  12.5107   0.110993    1.78988   9.2411      	Dead: 0
4    60  12.5063   0.114129    1.84044   9.2411      	Dead: 0
4    61  12.3774   0.10596     1.70871   9.2411      	Dead: 0
4    62  12.3837   0.1058      1.70614   9.2411      	Dead: 0
4    63  12.3346   0.104694    1.6883    8.98313     	Dead: 0
4    64  12.296    0.103752    1.67311   8.98313     	Dead: 0
4    65  12.2974   0.104045    1.67782   8.98313     	Dead: 0
4    66  12.282    0.102254    1.64895   8.98313     	Dead: 0
4    67  12.2563   0.102991    1.66083   8.98313     	Dead: 0
4    68  12.2629   0.107825    1.73879   8.98313     	Dead: 0
4    69  12.1889   0.103525    1.66944   8.98313     	Dead: 0
4    70  12.1621   0.10219     1.64792   8.98313     	Dead: 0
4    71  12.1698   0.10504     1.69388   8.98313     	Dead: 0
4    72  12.223    0.106838    1.72286   8.98313     	Dead: 0
4    73  12.1718   0.107783    1.73811   8.95879     	Dead: 0
4    74  12.0886   0.106579    1.71869   8.95879     	Dead: 0
4    75  12.0877   0.109003    1.75778   8.95879     	Dead: 0
4    76  12.0944   0.110681    1.78484   8.95879     	Dead: 0
4    77  12.0308   0.107198    1.72868   8.95879     	Dead: 0
4    78  11.9509   0.103729    1.67273   8.95879     	Dead: 0
4    79  11.9799   0.107069    1.72659   7.8685      	Dead: 0
4    80  12.0183   0.108876    1.75573   7.8685      	Dead: 0
4    81  11.9619   0.106774    1.72184   7.8685      	Dead: 0
4    82  11.9555   0.109545    1.76652   7.8685      	Dead: 0
4    83  11.9905   0.112383    1.81228   7.8685      	Dead: 0
4    84  11.8845   0.107132    1.72762   7.8685      	Dead: 0
4    85  11.9512   0.111853    1.80374   7.8685      	Dead: 0
4    86  11.9361   0.110323    1.77907   7.8685      	Dead: 0
4    87  11.8793   0.106818    1.72255   7.8685      	Dead: 0
4    88  11.8428   0.107947    1.74076   7.8685      	Dead: 0
4    89  11.7869   0.107418    1.73222   7.8685      	Dead: 0
4    90  11.7852   0.109574    1.76699   7.8685      	Dead: 0
4    91  11.8093   0.111189    1.79303   7.8685      	Dead: 0
4    92  11.8373   0.114986    1.85426   7.8685      	Dead: 0
4    93  11.7809   0.110975    1.78959   7.8685      	Dead: 0
4    94  11.7069   0.109161    1.76033   7.8685      	Dead: 0
4    95  11.669    0.107665    1.73621   7.8685      	Dead: 0
4    96  11.6925   0.109261    1.76194   7.8685      	Dead: 0
4    97  11.698    0.111098    1.79157   7.8685      	Dead: 0
4    98  11.6841   0.111163    1.79261   7.8685      	Dead: 0
4    99  11.6201   0.109233    1.76149   7.8685      	Dead: 0
4    100 11.6271   0.113399    1.82867   7.8685      	Dead: 0
Done run 4 of 29

Beginning Run 5 of 29
Run  RI  Mean      95% CI      SD        Best    
5    0   25.0259   0.12218     1.97028   20.0357     	Dead: 0
5    1   23.9591   0.0968146   1.56123   19.5758     	Dead: 0
5    2   23.3119   0.090559    1.46035   19.4066     	Dead: 0
5    3   22.7854   0.0886055   1.42885   18.9188     	Dead: 0
5    4   22.3475   0.0934441   1.50688   18.8583     	Dead: 0
5    5   21.8728   0.0897946   1.44803   17.9757     	Dead: 0
5    6   21.4035   0.0918277   1.48081   16.7268     	Dead: 0
5    7   20.9339   0.0952538   1.53606   16.7268     	Dead: 0
5    8   20.4399   0.0892445   1.43916   16.3539     	Dead: 0
5    9   20.1341   0.0938366   1.51321   16.0695     	Dead: 0
5    10  19.6665   0.0943253   1.52109   16.0695     	Dead: 0
5    11  19.4053   0.100001    1.61261   15.8606     	Dead: 0
5    12  19.0456   0.0976063   1.574     15.6439     	Dead: 0
5    13  18.698    0.0905117   1.45959   15.6013     	Dead: 0
5    14  18.5575   0.102314    1.64991   15.3051     	Dead: 0
5    15  18.2033   0.0950127   1.53218   14.5071     	Dead: 0
5    16  18.0591   0.101737    1.64062   14.4319     	Dead: 0
5    17  17.8355   0.101722    1.64037   13.8713     	Dead: 0
5    18  17.5427   0.0980351   1.58091   13.8713     	Dead: 0
5    19  17.2829   0.0958828   1.54621   13.3329     	Dead: 0
5    20  17.0683   0.096744    1.56009   13.3329     	Dead: 0
5    21  16.8596   0.0944518   1.52313   13.1431     	Dead: 0
5    22  16.6342   0.0963138   1.55316   13.1431     	Dead: 0
5    23  16.455    0.0950988   1.53356   13.1431     	Dead: 0
5    24  16.2949   0.0953708   1.53795   13.1431     	Dead: 0
5    25  16.1239   0.0972729   1.56862   12.7615     	Dead: 0
5    26  16.01     0.101212    1.63214   11.7758     	Dead: 0
5    27  15.9114   0.103519    1.66934   11.7758     	Dead: 0
5    28  15.696    0.0960838   1.54945   11.7758     	Dead: 0
5    29  15.5732   0.094345    1.52141   11.7758     	Dead: 0
5    30  15.4734   0.09805     1.58115   11.7758     	Dead: 0
5    31  15.3276   0.0917548   1.47964   11.7758     	Dead: 0
5    32  15.2695   0.096718    1.55967   11.7758     	Dead: 0
5    33  15.136    0.0973856   1.57044   10.7529     	Dead: 0
5    34  15.0782   0.0985306   1.5889    10.7529     	Dead: 0
5    35  14.9377   0.0980751   1.58156   10.7529     	Dead: 0
5    36  14.8418   0.0991754   1.5993    10.7529     	Dead: 0
5    37  14.7723   0.0977578   1.57644   10.7529     	Dead: 0
5    38  14.7006   0.0975112   1.57247   10.7529     	Dead: 0
5    39  14.5799   0.0972578   1.56838   10.37       	Dead: 0
5    40  14.5054   0.0997196   1.60808   10.37       	Dead: 0
5    41  14.346    0.0935083   1.50791   10.37       	Dead: 0
5    42  14.3076   0.0993887   1.60274   10.37       	Dead: 0
5    43  14.1984   0.102226    1.6485    10.37       	Dead: 0
5    44  14.1947   0.106967    1.72495   10.37       	Dead: 0
5    45  14.053    0.101825    1.64203   10.37       	Dead: 0
5    46  13.9683   0.101842    1.6423    10.37       	Dead: 0
5    47  13.8572   0.102844    1.65846   9.36441     	Dead: 0
5    48  13.7151   0.100788    1.62531   9.36441     	Dead: 0
5    49  13.5941   0.105157    1.69576   9.36441     	Dead: 0
5    50  13.6242   0.108484    1.74941   9.30845     	Dead: 0
5    51  13.4649   0.102258    1.64902   9.30845     	Dead: 0
5    52  13.289    0.0998382   1.60999   9.30845     	Dead: 0
5    53  13.2103   0.100027    1.61304   9.30845     	Dead: 0
5    54  13.097    0.100137    1.61481   9.30845     	Dead: 0
5    55  13.0265   0.104344    1.68264   9.30845     	Dead: 0
5    56  12.9057   0.102639    1.65516   9.30845     	Dead: 0
5    57  12.7628   0.103108    1.66272   9.30845     	Dead: 0
5    58  12.6125   0.100662    1.62327   9.30845     	Dead: 0
5    59  12.6096   0.107393    1.73181   9.30845     	Dead: 0
5    60  12.5086   0.103339    1.66645   8.45257     	Dead: 0
5    61  12.444    0.10696     1.72483   8.45257     	Dead: 0
5    62  12.4072   0.108214    1.74506   8.45257     	Dead: 0
5    63  12.3429   0.106642    1.7197    8.45257     	Dead: 0
5    64  12.2546   0.110126    1.7759    8.45257     	Dead: 0
5    65  12.209    0.11069     1.78498   8.45257     	Dead: 0
5    66  12.1752   0.109413    1.76439   8.45257     	Dead: 0
5    67  12.2133   0.116487    1.87848   8.45257     	Dead: 0
5    68  12.02     0.110969    1.78948   8.45257     	Dead: 0
5    69  11.9853   0.111908    1.80463   8.45257     	Dead: 0
5    70  11.9588   0.115453    1.8618    8.32241     	Dead: 0
5    71  11.9036   0.116665    1.88134   8.32241     	Dead: 0
5    72  11.8697   0.118925    1.91779   8.32241     	Dead: 0
5    73  11.8223   0.117436    1.89378   8.32241     	Dead: 0
5    74  11.8115   0.119375    1.92504   8.08837     	Dead: 0
5    75  11.7262   0.121381    1.9574    8.08837     	Dead: 0
5    76  11.7799   0.129286    2.08487   8.08837     	Dead: 0
5    77  11.5624   0.118199    1.90608   8.08837     	Dead: 0
5    78  11.5927   0.122039    1.96801   8.08837     	Dead: 0
5    79  11.485    0.117752    1.89888   8.08837     	Dead: 0
5    80  11.4577   0.11946     1.92641   8.08837     	Dead: 0
5    81  11.5725   0.131552    2.12141   8.08837     	Dead: 0
5    82  11.4873   0.123901    1.99802   8.08837     	Dead: 0
5    83  11.4266   0.126015    2.03212   8.04968     	Dead: 0
5    84  11.4379   0.128123    2.06612   8.04968     	Dead: 0
5    85  11.4045   0.126185    2.03486   8.04968     	Dead: 0
5    86  11.3966   0.127361    2.05383   8.04968     	Dead: 0
5    87  11.3691   0.12747     2.05558   8.04968     	Dead: 0
5    88  11.3638   0.125654    2.02629   8.04968     	Dead: 0
5    89  11.3189   0.130992    2.11238   8.04968     	Dead: 0
5    90  11.3096   0.129557    2.08924   7.86489     	Dead: 0
5    91  11.2833   0.131375    2.11856   7.86489     	Dead: 0
5    92  11.263    0.130154    2.09886   7.86489     	Dead: 0
5    93  11.2919   0.130886    2.11066   7.86489     	Dead: 0
5    94  11.2418   0.128546    2.07293   7.86489     	Dead: 0
5    95  11.2885   0.131476    2.12017   7.86489     	Dead: 0
5    96  11.2856   0.132829    2.14201   7.86489     	Dead: 0
5    97  11.2095   0.132233    2.13238   7.86489     	Dead: 0
5    98  11.0989   0.127006    2.04809   7.85627     	Dead: 0
5    99  11.0886   0.128745    2.07615   7.85627     	Dead: 0
5    100 11.1423   0.132523    2.13706   7.85627     	Dead: 0
Done run 5 of 29

Beginning Run 6 of 29
Run  RI  Mean      95% CI      SD        Best    
6    0   25.0177   0.107964    1.74103   20.3699     	Dead: 0
6    1   24.0726   0.092959    1.49906   20.3699     	Dead: 0
6    2   23.4366   0.0882881   1.42373   18.754      	Dead: 0
6    3   22.9758   0.0949058   1.53045   18.0806     	Dead: 0
6    4   22.4976   0.0914935   1.47543   18.0806     	Dead: 0
6    5   22.1097   0.0881177   1.42099   18.0806     	Dead: 0
6    6   21.7139   0.086129    1.38892   18.0806     	Dead: 0
6    7   21.402    0.0897304   1.44699   17.2422     	Dead: 0
6    8   21.1095   0.0900742   1.45254   17.0944     	Dead: 0
6    9   20.8057   0.0940257   1.51626   17.0321     	Dead: 0
6    10  20.5202   0.0991576   1.59901   16.343      	Dead: 0
6    11  20.1964   0.10149     1.63664   16.1579     	Dead: 0
6    12  19.7842   0.0929896   1.49955   16.1579     	Dead: 0
6    13  19.4164   0.0925651   1.4927    15.7261     	Dead: 0
6    14  19.0083   0.0947725   1.5283    14.2165     	Dead: 0
6    15  18.6577   0.0963064   1.55304   14.2165     	Dead: 0
6    16  18.2321   0.0873714   1.40895   14.2165     	Dead: 0
6    17  17.7934   0.0824169   1.32905   14.2165     	Dead: 0
6    18  17.5187   0.08376     1.35071   13.9381     	Dead: 0
6    19  17.1401   0.079099    1.27555   13.9381     	Dead: 0
6    20  16.8042   0.0765585   1.23458   13.3208     	Dead: 0
6    21  16.5665   0.0783202   1.26299   13.2684     	Dead: 0
6    22  16.2959   0.0790123   1.27415   12.9162     	Dead: 0
6    23  16.1305   0.0804776   1.29778   12.9162     	Dead: 0
6    24  15.8694   0.081474    1.31385   12.8722     	Dead: 0
6    25  15.6141   0.080485    1.2979    11.9451     	Dead: 0
6    26  15.4065   0.0807107   1.30154   11.9451     	Dead: 0
6    27  15.1901   0.0802438   1.29401   11.6958     	Dead: 0
6    28  15.0269   0.0808686   1.30409   11.6958     	Dead: 0
6    29  14.8485   0.0807129   1.30158   11.6958     	Dead: 0
6    30  14.7804   0.0858851   1.38498   11.2657     	Dead: 0
6    31  14.6734   0.0846215   1.36461   11.2657     	Dead: 0
6    32  14.6724   0.0916165   1.47741   11.2657     	Dead: 0
6    33  14.5598   0.0890334   1.43575   11.2657     	Dead: 0
6    34  14.4556   0.0866556   1.39741   11.2657     	Dead: 0
6    35  14.3882   0.0853038   1.37561   11.2657     	Dead: 0
6    36  14.3438   0.0876319   1.41315   11.2657     	Dead: 0
6    37  14.2945   0.088963    1.43462   11.2657     	Dead: 0
6    38  14.2052   0.0889342   1.43415   11.1131     	Dead: 0
6    39  14.1518   0.090899    1.46584   10.9345     	Dead: 0
6    40  14.0303   0.0864235   1.39367   10.9345     	Dead: 0
6    41  14.0225   0.090386    1.45756   10.7018     	Dead: 0
6    42  13.9457   0.0889174   1.43388   10.7018     	Dead: 0
6    43  14.0113   0.0920743   1.48479   10.7018     	Dead: 0
6    44  14.0048   0.0989946   1.59639   10.7018     	Dead: 0
6    45  13.9522   0.0952116   1.53538   10.7018     	Dead: 0
6    46  13.8878   0.0908565   1.46515   10.7018     	Dead: 0
6    47  13.8777   0.0891945   1.43835   10.7018     	Dead: 0
6    48  13.935    0.0963275   1.55338   10.7018     	Dead: 0
6    49  13.8561   0.0965803   1.55745   10.7018     	Dead: 0
6    50  13.8      0.0947204   1.52746   10.7018     	Dead: 0
6    51  13.5917   0.0894527   1.44251   10.7018     	Dead: 0
6    52  13.4523   0.0880025   1.41913   9.637       	Dead: 0
6    53  13.3649   0.0853757   1.37677   9.637       	Dead: 0
6    54  13.3881   0.0922566   1.48773   9.637       	Dead: 0
6    55  13.3143   0.0949864   1.53175   9.637       	Dead: 0
6    56  13.2637   0.0948082   1.52888   9.637       	Dead: 0
6    57  13.1739   0.0908044   1.46431   9.637       	Dead: 0
6    58  13.1144   0.0916504   1.47795   9.637       	Dead: 0
6    59  13.0765   0.0923425   1.48911   9.637       	Dead: 0
6    60  13.0805   0.0939587   1.51518   9.637       	Dead: 0
6    61  13.0175   0.0934688   1.50728   9.637       	Dead: 0
6    62  13.0311   0.0958736   1.54606   9.637       	Dead: 0
6    63  12.9647   0.0957141   1.54348   9.637       	Dead: 0
6    64  13.0237   0.0978167   1.57739   9.637       	Dead: 0
6    65  13.0483   0.101509    1.63694   9.637       	Dead: 0
6    66  12.9402   0.0981567   1.58287   9.637       	Dead: 0
6    67  12.9164   0.0975113   1.57247   9.637       	Dead: 0
6    68  12.8907   0.0992049   1.59978   9.637       	Dead: 0
6    69  12.8965   0.0985032   1.58846   9.637       	Dead: 0
6    70  12.8456   0.097477    1.57191   9.637       	Dead: 0
6    71  12.8207   0.0987792   1.59291   9.637       	Dead: 0
6    72  12.7823   0.0983262   1.58561   9.637       	Dead: 0
6    73  12.7818   0.102276    1.64931   8.80324     	Dead: 0
6    74  12.6956   0.0969031   1.56266   8.80324     	Dead: 0
6    75  12.7595   0.0998626   1.61038   8.80324     	Dead: 0
6    76  12.7027   0.0978408   1.57778   8.80324     	Dead: 0
6    77  12.7065   0.0992545   1.60058   8.80324     	Dead: 0
6    78  12.7437   0.104292    1.68182   8.80324     	Dead: 0
6    79  12.7036   0.105639    1.70354   8.80324     	Dead: 0
6    80  12.7198   0.104259    1.68129   8.80324     	Dead: 0
6    81  12.6686   0.101386    1.63495   8.80324     	Dead: 0
6    82  12.7571   0.107317    1.73059   8.80324     	Dead: 0
6    83  12.6895   0.107709    1.73691   8.80324     	Dead: 0
6    84  12.5971   0.100891    1.62698   8.80324     	Dead: 0
6    85  12.6306   0.105907    1.70786   8.80324     	Dead: 0
6    86  12.6155   0.10376     1.67323   8.80324     	Dead: 0
6    87  12.6337   0.104294    1.68184   8.80324     	Dead: 0
6    88  12.6026   0.104409    1.68369   8.80324     	Dead: 0
6    89  12.5685   0.103306    1.66592   8.80324     	Dead: 0
6    90  12.4928   0.101574    1.63798   8.80324     	Dead: 0
6    91  12.4525   0.102188    1.64788   8.80324     	Dead: 0
6    92  12.3977   0.0990504   1.59729   8.80324     	Dead: 0
6    93  12.4332   0.104529    1.68564   8.80324     	Dead: 0
6    94  12.5024   0.107985    1.74137   8.80324     	Dead: 0
6    95  12.4672   0.105987    1.70915   8.80324     	Dead: 0
6    96  12.4185   0.105107    1.69495   8.80324     	Dead: 0
6    97  12.427    0.10832     1.74677   8.80324     	Dead: 0
6    98  12.4644   0.108704    1.75296   8.80324     	Dead: 0
6    99  12.3766   0.104184    1.68007   8.80324     	Dead: 0
6    100 12.4523   0.106357    1.71511   8.80324     	Dead: 0
Done run 6 of 29

Beginning Run 7 of 29
Run  RI  Mean      95% CI      SD        Best    
7    0   24.9989   0.116124    1.87262   18.4819     	Dead: 0
7    1   23.8796   0.097936    1.57932   18.4819     	Dead: 0
7    2   23.1233   0.086188    1.38987   18.4819     	Dead: 0
7    3   22.6374   0.0879165   1.41774   18.4819     	Dead: 0
7    4   22.1672   0.0872622   1.40719   18.089      	Dead: 0
7    5   21.8304   0.0904783   1.45905   17.3581     	Dead: 0
7    6   21.5508   0.0959322   1.547     17.3581     	Dead: 0
7    7   21.1537   0.0924141   1.49027   17.3581     	Dead: 0
7    8   20.8022   0.0971913   1.56731   15.782      	Dead: 0
7    9   20.4579   0.103996    1.67703   15.782      	Dead: 0
7    10  19.942    0.0978172   1.5774    15.7791     	Dead: 0
7    11  19.4063   0.0938982   1.5142    14.985      	Dead: 0
7    12  18.9287   0.0901439   1.45366   14.985      	Dead: 0
7    13  18.4978   0.085558    1.37971   14.9704     	Dead: 0
7    14  18.2414   0.0876047   1.41271   14.9704     	Dead: 0
7    15  18.0195   0.0900289   1.45181   14.1759     	Dead: 0
7    16  17.7816   0.0894898   1.44311   14.1759     	Dead: 0
7    17  17.59     0.0929162   1.49837   13.2338     	Dead: 0
7    18  17.3502   0.0914373   1.47452   13.2338     	Dead: 0
7    19  17.1655   0.0925305   1.49215   13.2338     	Dead: 0
7    20  16.9579   0.0919427   1.48267   13.2338     	Dead: 0
7    21  16.7317   0.0901558   1.45385   13.2338     	Dead: 0
7    22  16.5157   0.0880155   1.41934   12.6502     	Dead: 0
7    23  16.3587   0.090591    1.46087   12.6502     	Dead: 0
7    24  16.0691   0.086347    1.39243   12.6502     	Dead: 0
7    25  15.8916   0.0870858   1.40435   12.6502     	Dead: 0
7    26  15.7652   0.0895373   1.44388   12.6502     	Dead: 0
7    27  15.5371   0.0874366   1.41      12.6502     	Dead: 0
7    28  15.4564   0.0888391   1.43262   12.1941     	Dead: 0
7    29  15.3814   0.091673    1.47832   11.892      	Dead: 0
7    30  15.2789   0.0926359   1.49385   11.892      	Dead: 0
7    31  15.1156   0.0904232   1.45817   11.892      	Dead: 0
7    32  14.9569   0.0864165   1.39355   11.5045     	Dead: 0
7    33  14.8488   0.0849073   1.36922   11.5045     	Dead: 0
7    34  14.7748   0.0853603   1.37652   11.5045     	Dead: 0
7    35  14.7398   0.0898854   1.44949   11.5045     	Dead: 0
7    36  14.6339   0.0888848   1.43336   11.5045     	Dead: 0
7    37  14.5425   0.0895287   1.44374   11.5045     	Dead: 0
7    38  14.4478   0.088237    1.42291   11.5045     	Dead: 0
7    39  14.3942   0.0931872   1.50274   11.5045     	Dead: 0
7    40  14.3251   0.0943126   1.52089   11.5045     	Dead: 0
7    41  14.2579   0.0937376   1.51161   11.5045     	Dead: 0
7    42  14.191    0.094153    1.51831   11.5045     	Dead: 0
7    43  14.1084   0.0881334   1.42124   11.5045     	Dead: 0
7    44  14.0805   0.0947153   1.52738   11.5045     	Dead: 0
7    45  14.034    0.0959493   1.54728   11.18       	Dead: 0
7    46  13.9159   0.0933539   1.50543   11.1466     	Dead: 0
7    47  13.8487   0.095171    1.53473   10.5384     	Dead: 0
7    48  13.7948   0.0943427   1.52137   10.5384     	Dead: 0
7    49  13.6895   0.093193    1.50283   10.5384     	Dead: 0
7    50  13.5835   0.0890379   1.43583   10.5384     	Dead: 0
7    51  13.6004   0.0974579   1.57161   10.5384     	Dead: 0
7    52  13.5328   0.0965781   1.55742   10.2804     	Dead: 0
7    53  13.4297   0.0955507   1.54085   10.2804     	Dead: 0
7    54  13.3098   0.0913708   1.47345   10.2804     	Dead: 0
7    55  13.1963   0.0902136   1.45478   10.2804     	Dead: 0
7    56  13.1039   0.0877154   1.4145    9.78272     	Dead: 0
7    57  13.0021   0.0861506   1.38926   9.78272     	Dead: 0
7    58  12.9982   0.090225    1.45497   9.75671     	Dead: 0
7    59  12.9482   0.0918632   1.48139   9.75671     	Dead: 0
7    60  12.8264   0.0884444   1.42625   9.75671     	Dead: 0
7    61  12.8405   0.0941961   1.51901   9.75671     	Dead: 0
7    62  12.7244   0.090748    1.4634    9.75671     	Dead: 0
7    63  12.7499   0.0974868   1.57207   9.28301     	Dead: 0
7    64  12.6377   0.094128    1.51791   9.28301     	Dead: 0
7    65  12.617    0.0967114   1.55957   9.28301     	Dead: 0
7    66  12.5438   0.0935192   1.50809   9.28301     	Dead: 0
7    67  12.5078   0.0952751   1.53641   9.28301     	Dead: 0
7    68  12.4589   0.0934827   1.5075    9.28301     	Dead: 0
7    69  12.428    0.0955499   1.54084   9.28301     	Dead: 0
7    70  12.3902   0.0941577   1.51839   9.28301     	Dead: 0
7    71  12.3175   0.0940831   1.51718   9.28301     	Dead: 0
7    72  12.3958   0.102002    1.64488   8.98219     	Dead: 0
7    73  12.2831   0.0966794   1.55905   8.98219     	Dead: 0
7    74  12.2445   0.0981262   1.58238   8.98219     	Dead: 0
7    75  12.2296   0.0969815   1.56392   8.98219     	Dead: 0
7    76  12.171    0.0948905   1.5302    8.98219     	Dead: 0
7    77  12.1548   0.096391    1.5544    8.98219     	Dead: 0
7    78  12.1061   0.0957207   1.54359   8.98219     	Dead: 0
7    79  12.0958   0.0960352   1.54866   8.98219     	Dead: 0
7    80  12.1333   0.102504    1.65298   8.98219     	Dead: 0
7    81  12.1045   0.0983815   1.5865    8.98219     	Dead: 0
7    82  12.0554   0.098286    1.58496   8.98219     	Dead: 0
7    83  11.9879   0.0960837   1.54945   8.98219     	Dead: 0
7    84  11.9487   0.0920185   1.48389   8.98219     	Dead: 0
7    85  11.9174   0.095763    1.54427   8.98219     	Dead: 0
7    86  11.9547   0.102728    1.6566    8.95979     	Dead: 0
7    87  11.9361   0.102979    1.66064   8.95979     	Dead: 0
7    88  11.8693   0.101005    1.62881   8.95979     	Dead: 0
7    89  11.8317   0.100771    1.62503   8.95979     	Dead: 0
7    90  11.7857   0.0993679   1.60241   8.95979     	Dead: 0
7    91  11.7588   0.10111     1.6305    7.91603     	Dead: 0
7    92  11.6505   0.0936831   1.51073   7.91603     	Dead: 0
7    93  11.6248   0.0955994   1.54164   7.91603     	Dead: 0
7    94  11.6394   0.100879    1.62677   7.91603     	Dead: 0
7    95  11.6721   0.105251    1.69729   7.91603     	Dead: 0
7    96  11.5513   0.0990058   1.59657   7.91603     	Dead: 0
7    97  11.5381   0.09951     1.6047    7.91603     	Dead: 0
7    98  11.4642   0.0982364   1.58416   7.91603     	Dead: 0
7    99  11.3407   0.0929726   1.49928   7.91603     	Dead: 0
7    100 11.3569   0.0966233   1.55815   7.91603     	Dead: 0
Done run 7 of 29

Beginning Run 8 of 29
Run  RI  Mean      95% CI      SD        Best    
8    0   24.8836   0.11568     1.86546   19.867      	Dead: 0
8    1   23.9152   0.0992385   1.60032   19.1802     	Dead: 0
8    2   23.3503   0.0891031   1.43688   19.1802     	Dead: 0
8    3   22.9338   0.0896985   1.44648   19.1802     	Dead: 0
8    4   22.5507   0.0938695   1.51374   18.5981     	Dead: 0
8    5   22.1593   0.0955187   1.54034   18.2971     	Dead: 0
8    6   21.7523   0.0979861   1.58012   17.8636     	Dead: 0
8    7   21.3235   0.0932554   1.50384   17.3757     	Dead: 0
8    8   21.0566   0.0947533   1.52799   17.3757     	Dead: 0
8    9   20.7068   0.0968301   1.56148   17.3542     	Dead: 0
8    10  20.3711   0.0926221   1.49362   16.9349     	Dead: 0
8    11  20.1476   0.0995496   1.60534   16.2128     	Dead: 0
8    12  19.8207   0.094164    1.51849   15.8719     	Dead: 0
8    13  19.4666   0.0896451   1.44562   15.8719     	Dead: 0
8    14  19.0568   0.0856077   1.38051   15.5052     	Dead: 0
8    15  18.7061   0.089553    1.44413   14.67       	Dead: 0
8    16  18.3472   0.0867074   1.39824   14.67       	Dead: 0
8    17  18.0808   0.0879736   1.41866   14.67       	Dead: 0
8    18  17.8433   0.0872025   1.40623   14.3046     	Dead: 0
8    19  17.607    0.0874295   1.40989   14.3046     	Dead: 0
8    20  17.5048   0.0921279   1.48565   14.3046     	Dead: 0
8    21  17.3728   0.088323    1.4243    14.3046     	Dead: 0
8    22  17.2738   0.0917983   1.48034   13.7977     	Dead: 0
8    23  17.0705   0.0876892   1.41408   13.7977     	Dead: 0
8    24  17.0097   0.0862618   1.39106   13.7977     	Dead: 0
8    25  16.9912   0.0918916   1.48184   13.7977     	Dead: 0
8    26  16.8738   0.0893786   1.44132   13.7787     	Dead: 0
8    27  16.817    0.085159    1.37327   13.7787     	Dead: 0
8    28  16.7708   0.0889701   1.43473   13.7787     	Dead: 0
8    29  16.7214   0.0884576   1.42647   13.7787     	Dead: 0
8    30  16.6667   0.0889803   1.4349    13.7787     	Dead: 0
8    31  16.6464   0.0897385   1.44712   13.3752     	Dead: 0
8    32  16.5102   0.0894183   1.44196   13.0117     	Dead: 0
8    33  16.4618   0.0878937   1.41737   13.0117     	Dead: 0
8    34  16.3682   0.0904578   1.45872   13.0117     	Dead: 0
8    35  16.3043   0.0896506   1.44571   13.0117     	Dead: 0
8    36  16.3008   0.092716    1.49514   13.0117     	Dead: 0
8    37  16.189    0.091605    1.47722   12.5732     	Dead: 0
8    38  16.1523   0.0950749   1.53318   12.5732     	Dead: 0
8    39  16.0001   0.0899971   1.45129   12.5732     	Dead: 0
8    40  15.9588   0.0947994   1.52874   12.5732     	Dead: 0
8    41  15.8711   0.092791    1.49635   12.5732     	Dead: 0
8    42  15.8166   0.0924592   1.491     12.5732     	Dead: 0
8    43  15.7403   0.0964097   1.5547    12.5732     	Dead: 0
8    44  15.6401   0.0949793   1.53164   12.4578     	Dead: 0
8    45  15.4628   0.0938399   1.51326   12.2145     	Dead: 0
8    46  15.292    0.0888374   1.43259   10.7825     	Dead: 0
8    47  15.2456   0.0925106   1.49183   10.7825     	Dead: 0
8    48  15.0659   0.0872192   1.4065    10.7825     	Dead: 0
8    49  14.9371   0.0819162   1.32098   10.7825     	Dead: 0
8    50  14.9415   0.0913192   1.47261   10.7825     	Dead: 0
8    51  14.7715   0.0841949   1.35773   10.7825     	Dead: 0
8    52  14.7369   0.0893809   1.44136   10.7825     	Dead: 0
8    53  14.6474   0.0845613   1.36364   10.7825     	Dead: 0
8    54  14.6209   0.0865933   1.3964    10.7825     	Dead: 0
8    55  14.4721   0.0810937   1.30772   10.7825     	Dead: 0
8    56  14.4528   0.0808844   1.30434   10.7825     	Dead: 0
8    57  14.4678   0.0860336   1.38738   10.7825     	Dead: 0
8    58  14.4151   0.0874292   1.40988   10.7825     	Dead: 0
8    59  14.3778   0.089187    1.43823   10.7825     	Dead: 0
8    60  14.3548   0.0911314   1.46959   10.7825     	Dead: 0
8    61  14.2508   0.0877471   1.41501   10.7825     	Dead: 0
8    62  14.1745   0.0820463   1.32308   10.7825     	Dead: 0
8    63  14.1535   0.08832     1.42425   10.7825     	Dead: 0
8    64  14.1886   0.089756    1.4474    10.7825     	Dead: 0
8    65  14.1586   0.0899335   1.45027   10.7825     	Dead: 0
8    66  14.1578   0.0916581   1.47808   10.7825     	Dead: 0
8    67  14.1076   0.0896322   1.44541   10.7825     	Dead: 0
8    68  14.055    0.0892225   1.4388    10.7825     	Dead: 0
8    69  14.0014   0.0878959   1.41741   10.7825     	Dead: 0
8    70  13.9494   0.0853329   1.37608   10.7825     	Dead: 0
8    71  13.962    0.0894391   1.44229   10.7825     	Dead: 0
8    72  13.9677   0.0916431   1.47784   10.7825     	Dead: 0
8    73  13.8789   0.08502     1.37103   10.7825     	Dead: 0
8    74  13.8685   0.0862753   1.39128   10.7825     	Dead: 0
8    75  13.8689   0.0872293   1.40666   10.7825     	Dead: 0
8    76  13.859    0.0901362   1.45354   10.7825     	Dead: 0
8    77  13.8458   0.0884495   1.42634   10.7825     	Dead: 0
8    78  13.8568   0.0892143   1.43867   10.7825     	Dead: 0
8    79  13.7582   0.0863738   1.39286   10.7825     	Dead: 0
8    80  13.759    0.0888845   1.43335   10.7825     	Dead: 0
8    81  13.7716   0.0920004   1.4836    10.7825     	Dead: 0
8    82  13.7564   0.0895092   1.44342   10.7825     	Dead: 0
8    83  13.7214   0.0917601   1.47972   10.7825     	Dead: 0
8    84  13.6784   0.0867159   1.39838   10.7825     	Dead: 0
8    85  13.7475   0.0925513   1.49248   10.7825     	Dead: 0
8    86  13.6706   0.0893051   1.44013   10.7803     	Dead: 0
8    87  13.6431   0.0894501   1.44247   10.7803     	Dead: 0
8    88  13.629    0.0881271   1.42114   10.7803     	Dead: 0
8    89  13.6615   0.0938641   1.51365   10.7803     	Dead: 0
8    90  13.64     0.0911735   1.47026   10.7803     	Dead: 0
8    91  13.5784   0.0877971   1.41582   10.7803     	Dead: 0
8    92  13.625    0.0914969   1.47548   10.7803     	Dead: 0
8    93  13.5943   0.0892453   1.43917   10.7803     	Dead: 0
8    94  13.656    0.0939229   1.5146    10.7803     	Dead: 0
8    95  13.6278   0.0954661   1.53949   10.7803     	Dead: 0
8    96  13.5154   0.087789    1.41569   10.7803     	Dead: 0
8    97  13.5628   0.0924666   1.49112   10.5211     	Dead: 0
8    98  13.5357   0.090035    1.4519    10.5211     	Dead: 0
8    99  13.4709   0.0913696   1.47343   10.5211     	Dead: 0
8    100 13.4773   0.0912777   1.47194   10.5211     	Dead: 0
Done run 8 of 29

Beginning Run 9 of 29
Run  RI  Mean      95% CI      SD        Best    
9    0   25.004    0.115536    1.86313   19.3351     	Dead: 0
9    1   23.995    0.10244     1.65195   19.3351     	Dead: 0
9    2   23.2951   0.0891692   1.43794   19.2823     	Dead: 0
9    3   22.7567   0.0904122   1.45799   18.8142     	Dead: 0
9    4   22.2489   0.0873095   1.40795   18.8142     	Dead: 0
9    5   21.8929   0.0905028   1.45945   18.8142     	Dead: 0
9    6   21.5098   0.0879727   1.41865   18.408      	Dead: 0
9    7   21.1159   0.0871138   1.4048    16.9509     	Dead: 0
9    8   20.7762   0.0870927   1.40446   16.9509     	Dead: 0
9    9   20.49     0.0889138   1.43382   16.9509     	Dead: 0
9    10  20.2169   0.0909463   1.4666    16.8705     	Dead: 0
9    11  19.9977   0.0928839   1.49785   16.8705     	Dead: 0
9    12  19.7719   0.0918516   1.4812    16.4497     	Dead: 0
9    13  19.601    0.0956923   1.54313   15.566      	Dead: 0
9    14  19.4748   0.0971553   1.56673   15.566      	Dead: 0
9    15  19.2284   0.0973878   1.57048   15.3533     	Dead: 0
9    16  18.996    0.0940568   1.51676   15.3533     	Dead: 0
9    17  18.8135   0.0941653   1.51851   14.9892     	Dead: 0
9    18  18.6992   0.097705    1.57559   14.9892     	Dead: 0
9    19  18.4754   0.0966922   1.55926   14.9892     	Dead: 0
9    20  18.3425   0.10085     1.62631   14.9892     	Dead: 0
9    21  18.0379   0.0954166   1.53869   14.9655     	Dead: 0
9    22  17.7829   0.0986213   1.59037   13.7667     	Dead: 0
9    23  17.4692   0.0985615   1.5894    13.7541     	Dead: 0
9    24  17.1307   0.0965722   1.55732   13.4096     	Dead: 0
9    25  16.7773   0.0962411   1.55198   11.8843     	Dead: 0
9    26  16.4062   0.0954662   1.53949   11.8843     	Dead: 0
9    27  16.0465   0.0931631   1.50235   11.8843     	Dead: 0
9    28  15.5779   0.0923667   1.48951   10.9886     	Dead: 0
9    29  15.156    0.0899442   1.45044   10.9886     	Dead: 0
9    30  14.7068   0.0856323   1.38091   10.9886     	Dead: 0
9    31  14.2744   0.0825433   1.33109   9.97791     	Dead: 0
9    32  13.9689   0.0864057   1.39338   9.97791     	Dead: 0
9    33  13.6529   0.0797701   1.28637   9.97791     	Dead: 0
9    34  13.5244   0.0848584   1.36843   9.97791     	Dead: 0
9    35  13.328    0.0863336   1.39222   9.97791     	Dead: 0
9    36  13.1765   0.0878441   1.41657   9.97791     	Dead: 0
9    37  13.0678   0.0848731   1.36866   9.97791     	Dead: 0
9    38  12.9741   0.0876471   1.4134    9.97791     	Dead: 0
9    39  12.9407   0.0890217   1.43556   9.82988     	Dead: 0
9    40  12.9279   0.0953582   1.53775   9.82988     	Dead: 0
9    41  12.8256   0.0926777   1.49452   9.63122     	Dead: 0
9    42  12.8092   0.0947617   1.52813   9.63122     	Dead: 0
9    43  12.7225   0.0945963   1.52546   9.63122     	Dead: 0
9    44  12.7283   0.0952019   1.53523   9.44053     	Dead: 0
9    45  12.7105   0.0983768   1.58642   9.44053     	Dead: 0
9    46  12.6471   0.0962523   1.55216   9.44053     	Dead: 0
9    47  12.6514   0.100007    1.61272   9.44053     	Dead: 0
9    48  12.5358   0.0953385   1.53743   9.44053     	Dead: 0
9    49  12.5131   0.0968844   1.56236   9.41383     	Dead: 0
9    50  12.5347   0.101764    1.64105   9.41383     	Dead: 0
9    51  12.5007   0.0996299   1.60663   9.41383     	Dead: 0
9    52  12.4477   0.0992847   1.60106   9.11944     	Dead: 0
9    53  12.4369   0.102967    1.66045   9.11944     	Dead: 0
9    54  12.3914   0.0997328   1.60829   9.11944     	Dead: 0
9    55  12.3973   0.100235    1.61639   9.11944     	Dead: 0
9    56  12.338    0.100222    1.61619   9.11944     	Dead: 0
9    57  12.3067   0.100721    1.62422   9.11944     	Dead: 0
9    58  12.2811   0.0974866   1.57207   9.11944     	Dead: 0
9    59  12.3122   0.10318     1.66388   9.11944     	Dead: 0
9    60  12.2063   0.100288    1.61725   9.11944     	Dead: 0
9    61  12.1577   0.100078    1.61385   9.11944     	Dead: 0
9    62  12.0927   0.0974906   1.57213   9.11944     	Dead: 0
9    63  12.1155   0.103173    1.66377   9.11944     	Dead: 0
9    64  12.031    0.100657    1.62319   8.64968     	Dead: 0
9    65  11.9901   0.0986126   1.59023   8.64968     	Dead: 0
9    66  11.9788   0.102933    1.6599    8.64968     	Dead: 0
9    67  12.0129   0.102159    1.64741   8.64968     	Dead: 0
9    68  12.0124   0.102982    1.66069   8.64968     	Dead: 0
9    69  12.0197   0.103262    1.6652    8.64968     	Dead: 0
9    70  11.9873   0.102638    1.65514   8.64968     	Dead: 0
9    71  11.9695   0.105199    1.69644   8.64968     	Dead: 0
9    72  11.9443   0.105053    1.69409   8.64968     	Dead: 0
9    73  11.9127   0.10409     1.67856   8.5417      	Dead: 0
9    74  11.8515   0.103556    1.66994   8.5417      	Dead: 0
9    75  11.8136   0.100831    1.626     8.5417      	Dead: 0
9    76  11.8266   0.104013    1.67732   8.5417      	Dead: 0
9    77  11.7658   0.104433    1.68409   8.5417      	Dead: 0
9    78  11.7633   0.10349     1.66888   8.5417      	Dead: 0
9    79  11.745    0.103542    1.66971   8.5417      	Dead: 0
9    80  11.7922   0.106466    1.71686   8.5417      	Dead: 0
9    81  11.7518   0.105044    1.69394   8.5417      	Dead: 0
9    82  11.7315   0.109864    1.77166   8.5417      	Dead: 0
9    83  11.6966   0.106214    1.7128    8.5417      	Dead: 0
9    84  11.6299   0.10238     1.65097   8.30706     	Dead: 0
9    85  11.6325   0.105497    1.70125   8.30706     	Dead: 0
9    86  11.6265   0.106412    1.716     8.30706     	Dead: 0
9    87  11.5663   0.106341    1.71486   8.30706     	Dead: 0
9    88  11.6038   0.106403    1.71586   8.30706     	Dead: 0
9    89  11.5799   0.104623    1.68714   8.30706     	Dead: 0
9    90  11.5497   0.105675    1.70412   8.30706     	Dead: 0
9    91  11.5991   0.10854     1.75032   8.30706     	Dead: 0
9    92  11.5248   0.104891    1.69147   8.30706     	Dead: 0
9    93  11.481    0.105536    1.70187   8.30706     	Dead: 0
9    94  11.4589   0.103034    1.66152   8.30706     	Dead: 0
9    95  11.406    0.102445    1.65202   8.30706     	Dead: 0
9    96  11.3463   0.100807    1.62562   8.30706     	Dead: 0
9    97  11.3843   0.104414    1.68378   8.30706     	Dead: 0
9    98  11.379    0.104718    1.68868   8.30706     	Dead: 0
9    99  11.3759   0.103689    1.67209   8.30706     	Dead: 0
9    100 11.3158   0.101033    1.62925   8.30706     	Dead: 0
Done run 9 of 29

Beginning Run 10 of 29
Run  RI  Mean      95% CI      SD        Best    
10   0   25.0163   0.106534    1.71797   20.4847     	Dead: 0
10   1   24.0572   0.0950886   1.5334    18.8427     	Dead: 0
10   2   23.2989   0.0890618   1.43621   18.8427     	Dead: 0
10   3   22.8866   0.0963008   1.55295   18.8427     	Dead: 0
10   4   22.4394   0.0885602   1.42812   18.2984     	Dead: 0
10   5   21.9469   0.0918734   1.48155   16.2271     	Dead: 0
10   6   21.585    0.098851    1.59407   16.2271     	Dead: 0
10   7   21.1292   0.0970304   1.56471   16.2271     	Dead: 0
10   8   20.75     0.0940662   1.51691   16.2271     	Dead: 0
10   9   20.4011   0.10224     1.64873   15.5091     	Dead: 0
10   10  20.0406   0.0992192   1.60001   15.5091     	Dead: 0
10   11  19.6946   0.0969884   1.56404   15.5091     	Dead: 0
10   12  19.4711   0.0953759   1.53803   15.426      	Dead: 0
10   13  19.1942   0.0972094   1.5676    15.1336     	Dead: 0
10   14  18.9908   0.0982754   1.58479   14.7719     	Dead: 0
10   15  18.8096   0.102267    1.64916   14.4368     	Dead: 0
10   16  18.6288   0.0988277   1.5937    13.7193     	Dead: 0
10   17  18.339    0.0975096   1.57244   13.7193     	Dead: 0
10   18  18.1652   0.102119    1.64678   13.7193     	Dead: 0
10   19  17.9706   0.10372     1.67258   13.7193     	Dead: 0
10   20  17.7022   0.099961    1.61197   13.7193     	Dead: 0
10   21  17.5361   0.100924    1.62751   13.7193     	Dead: 0
10   22  17.352    0.100665    1.62332   13.7193     	Dead: 0
10   23  17.1889   0.103401    1.66744   13.7193     	Dead: 0
10   24  16.9989   0.104127    1.67916   12.9051     	Dead: 0
10   25  16.8141   0.10253     1.6534    12.4474     	Dead: 0
10   26  16.6044   0.101767    1.64109   12.4474     	Dead: 0
10   27  16.4537   0.101791    1.64148   12.4474     	Dead: 0
10   28  16.261    0.1041      1.67872   12.4474     	Dead: 0
10   29  16.193    0.106001    1.70937   12.4474     	Dead: 0
10   30  16.0034   0.099171    1.59923   12.4474     	Dead: 0
10   31  15.8584   0.096757    1.5603    12.4474     	Dead: 0
10   32  15.6757   0.0959509   1.5473    12.2019     	Dead: 0
10   33  15.5534   0.0961252   1.55011   11.8498     	Dead: 0
10   34  15.4111   0.0994198   1.60324   11.8498     	Dead: 0
10   35  15.2989   0.0989912   1.59633   11.8498     	Dead: 0
10   36  15.1613   0.097553    1.57314   11.8498     	Dead: 0
10   37  15.0913   0.0973444   1.56978   11.8086     	Dead: 0
10   38  15.0078   0.09967     1.60728   11.7717     	Dead: 0
10   39  14.9305   0.102919    1.65967   11.4912     	Dead: 0
10   40  14.8281   0.0997745   1.60896   11.4912     	Dead: 0
10   41  14.7969   0.101418    1.63547   11.4912     	Dead: 0
10   42  14.6696   0.100737    1.62449   11.4028     	Dead: 0
10   43  14.6247   0.096183    1.55105   11.4028     	Dead: 0
10   44  14.5514   0.0955312   1.54054   11.4028     	Dead: 0
10   45  14.4681   0.0969075   1.56273   11.4028     	Dead: 0
10   46  14.3497   0.0960822   1.54942   11.4028     	Dead: 0
10   47  14.3      0.0950904   1.53343   11.3419     	Dead: 0
10   48  14.2367   0.0956514   1.54247   11.3419     	Dead: 0
10   49  14.2347   0.100609    1.62242   11.3419     	Dead: 0
10   50  14.1219   0.0974205   1.571     11.3419     	Dead: 0
10   51  14.1238   0.0991111   1.59826   10.9144     	Dead: 0
10   52  14.1858   0.101383    1.6349    10.9144     	Dead: 0
10   53  14.102    0.102266    1.64914   10.9144     	Dead: 0
10   54  14.0964   0.105574    1.70248   10.9144     	Dead: 0
10   55  14.0958   0.106873    1.72344   10.9144     	Dead: 0
10   56  13.9923   0.106654    1.7199    10.9144     	Dead: 0
10   57  13.9566   0.107454    1.7328    10.9144     	Dead: 0
10   58  13.9175   0.104084    1.67846   10.9144     	Dead: 0
10   59  13.7844   0.100919    1.62742   10.7718     	Dead: 0
10   60  13.8197   0.109451    1.76501   10.7718     	Dead: 0
10   61  13.707    0.103336    1.6664    10.5673     	Dead: 0
10   62  13.6872   0.103937    1.67609   10.5673     	Dead: 0
10   63  13.7031   0.108884    1.75587   10.5673     	Dead: 0
10   64  13.5852   0.10377     1.67339   10.5673     	Dead: 0
10   65  13.6152   0.109621    1.76775   10.5673     	Dead: 0
10   66  13.5604   0.106711    1.72081   10.5673     	Dead: 0
10   67  13.5335   0.109117    1.75961   10.2614     	Dead: 0
10   68  13.5059   0.108241    1.7455    10.2614     	Dead: 0
10   69  13.4278   0.107125    1.72751   10.2614     	Dead: 0
10   70  13.3389   0.0999018   1.61102   10.2614     	Dead: 0
10   71  13.37     0.105801    1.70615   10.2614     	Dead: 0
10   72  13.294    0.105205    1.69653   10.1079     	Dead: 0
10   73  13.3762   0.112197    1.80928   10.1079     	Dead: 0
10   74  13.2624   0.107241    1.72938   10.1079     	Dead: 0
10   75  13.2464   0.108477    1.74931   9.92868     	Dead: 0
10   76  13.2222   0.111051    1.79081   9.92868     	Dead: 0
10   77  13.1685   0.109182    1.76067   9.81583     	Dead: 0
10   78  13.2283   0.111938    1.8051    9.81583     	Dead: 0
10   79  13.1055   0.108579    1.75095   9.81583     	Dead: 0
10   80  13.1026   0.110832    1.78728   9.13488     	Dead: 0
10   81  12.9637   0.102579    1.65418   9.13488     	Dead: 0
10   82  12.9752   0.106448    1.71657   9.13488     	Dead: 0
10   83  12.9894   0.113514    1.83053   9.13488     	Dead: 0
10   84  12.9214   0.111358    1.79575   9.13488     	Dead: 0
10   85  12.9227   0.110953    1.78924   9.13488     	Dead: 0
10   86  12.9324   0.113014    1.82247   9.13488     	Dead: 0
10   87  12.9345   0.11666     1.88127   9.13488     	Dead: 0
10   88  12.9258   0.11438     1.84449   9.0386      	Dead: 0
10   89  12.8533   0.115348    1.8601    9.0386      	Dead: 0
10   90  12.8436   0.118002    1.9029    9.0386      	Dead: 0
10   91  12.7665   0.112874    1.82021   9.0386      	Dead: 0
10   92  12.7263   0.117522    1.89517   9.0386      	Dead: 0
10   93  12.6696   0.115287    1.85911   9.0386      	Dead: 0
10   94  12.6259   0.117056    1.88765   8.78652     	Dead: 0
10   95  12.5632   0.114134    1.84052   8.78652     	Dead: 0
10   96  12.563    0.116403    1.87711   8.78652     	Dead: 0
10   97  12.5155   0.116647    1.88106   8.78652     	Dead: 0
10   98  12.4786   0.118089    1.90431   8.78652     	Dead: 0
10   99  12.3956   0.119502    1.92709   8.78652     	Dead: 0
10   100 12.3303   0.11643     1.87754   8.78652     	Dead: 0
Done run 10 of 29

Beginning Run 11 of 29
Run  RI  Mean      95% CI      SD        Best    
11   0   25.0005   0.112193    1.80923   20.5887     	Dead: 0
11   1   23.9005   0.0934667   1.50724   19.5798     	Dead: 0
11   2   23.2397   0.0870273   1.4034    18.8138     	Dead: 0
11   3   22.7035   0.0917475   1.47952   18.3138     	Dead: 0
11   4   22.2134   0.0947054   1.52722   18.1547     	Dead: 0
11   5   21.7869   0.0962512   1.55215   18.1547     	Dead: 0
11   6   21.2921   0.0913734   1.47349   16.3905     	Dead: 0
11   7   20.8719   0.0893401   1.4407    16.3905     	Dead: 0
11   8   20.6217   0.0973778   1.57031   15.9458     	Dead: 0
11   9   20.3099   0.0947227   1.5275    15.9458     	Dead: 0
11   10  19.981    0.0952551   1.53608   15.9458     	Dead: 0
11   11  19.701    0.0964292   1.55502   15.9458     	Dead: 0
11   12  19.4431   0.10088     1.6268    15.1894     	Dead: 0
11   13  19.1457   0.0941837   1.51881   15.1894     	Dead: 0
11   14  18.8145   0.0967549   1.56027   15.016      	Dead: 0
11   15  18.5141   0.0929257   1.49852   14.7689     	Dead: 0
11   16  18.1945   0.092071    1.48474   14.7689     	Dead: 0
11   17  17.9457   0.0949394   1.53099   14.2028     	Dead: 0
11   18  17.7484   0.0928579   1.49743   14.0506     	Dead: 0
11   19  17.5584   0.0968534   1.56186   14.038      	Dead: 0
11   20  17.3398   0.0963861   1.55432   13.8573     	Dead: 0
11   21  17.1098   0.0967499   1.56019   13.8573     	Dead: 0
11   22  16.8302   0.0925783   1.49292   12.5715     	Dead: 0
11   23  16.5554   0.0913745   1.47351   12.5715     	Dead: 0
11   24  16.3554   0.0906364   1.4616    12.5715     	Dead: 0
11   25  16.133    0.0891498   1.43763   12.5715     	Dead: 0
11   26  15.9029   0.0864959   1.39483   12.5715     	Dead: 0
11   27  15.7528   0.089879    1.44939   12.5715     	Dead: 0
11   28  15.6229   0.0898664   1.44919   11.8735     	Dead: 0
11   29  15.5115   0.0889955   1.43514   11.3201     	Dead: 0
11   30  15.4124   0.0916524   1.47799   11.3201     	Dead: 0
11   31  15.2789   0.0878062   1.41596   11.3201     	Dead: 0
11   32  15.1696   0.0906943   1.46254   11.3201     	Dead: 0
11   33  15.0512   0.0882936   1.42382   11.3201     	Dead: 0
11   34  15.0139   0.0945376   1.52451   11.3201     	Dead: 0
11   35  14.9517   0.0956463   1.54239   11.3201     	Dead: 0
11   36  14.8436   0.0952724   1.53636   11.3201     	Dead: 0
11   37  14.6459   0.0909919   1.46734   11.3201     	Dead: 0
11   38  14.5592   0.0911168   1.46935   11.3201     	Dead: 0
11   39  14.4791   0.0945567   1.52482   11.3201     	Dead: 0
11   40  14.4017   0.0926031   1.49332   11.3201     	Dead: 0
11   41  14.3573   0.0941864   1.51885   11.3201     	Dead: 0
11   42  14.2537   0.0930621   1.50072   11.3201     	Dead: 0
11   43  14.2017   0.0942528   1.51992   10.6798     	Dead: 0
11   44  14.1085   0.0935327   1.50831   10.6798     	Dead: 0
11   45  14.0485   0.091005    1.46755   10.6798     	Dead: 0
11   46  13.9842   0.093144    1.50204   10.6798     	Dead: 0
11   47  13.9116   0.0938576   1.51355   10.6798     	Dead: 0
11   48  13.9027   0.100074    1.61379   10.6798     	Dead: 0
11   49  13.7533   0.0955959   1.54158   10.6798     	Dead: 0
11   50  13.6348   0.0960298   1.54858   10.3956     	Dead: 0
11   51  13.5403   0.0936304   1.50988   10.3956     	Dead: 0
11   52  13.4097   0.0904911   1.45926   9.80214     	Dead: 0
11   53  13.3728   0.0929485   1.49889   9.80214     	Dead: 0
11   54  13.3353   0.0934867   1.50757   9.78507     	Dead: 0
11   55  13.2189   0.0940788   1.51711   9.78507     	Dead: 0
11   56  13.1674   0.0961573   1.55063   9.78507     	Dead: 0
11   57  13.0297   0.0915266   1.47596   9.78507     	Dead: 0
11   58  12.9823   0.0948634   1.52977   9.78507     	Dead: 0
11   59  12.9876   0.0971728   1.56701   9.45228     	Dead: 0
11   60  12.9349   0.0994154   1.60317   9.45228     	Dead: 0
11   61  12.8669   0.0984585   1.58774   9.45228     	Dead: 0
11   62  12.7779   0.0961362   1.55029   9.23527     	Dead: 0
11   63  12.6652   0.0979127   1.57894   9.23527     	Dead: 0
11   64  12.5885   0.0976464   1.57465   9.23527     	Dead: 0
11   65  12.5375   0.0970535   1.56508   9.23527     	Dead: 0
11   66  12.4028   0.0946892   1.52696   9.23527     	Dead: 0
11   67  12.3259   0.0953681   1.53791   9.23527     	Dead: 0
11   68  12.312    0.0968124   1.5612    9.23527     	Dead: 0
11   69  12.2686   0.0954668   1.5395    9.23527     	Dead: 0
11   70  12.1858   0.0958266   1.5453    9.23527     	Dead: 0
11   71  12.1705   0.0946868   1.52692   9.23527     	Dead: 0
11   72  12.1041   0.0970506   1.56504   9.23527     	Dead: 0
11   73  11.9906   0.0943342   1.52123   8.94507     	Dead: 0
11   74  11.9543   0.095423    1.53879   8.94507     	Dead: 0
11   75  11.917    0.0983369   1.58578   8.94507     	Dead: 0
11   76  11.8839   0.0988021   1.59328   8.5825      	Dead: 0
11   77  11.811    0.0970696   1.56534   8.50898     	Dead: 0
11   78  11.6985   0.0929985   1.49969   8.50898     	Dead: 0
11   79  11.6982   0.0945003   1.52391   8.50898     	Dead: 0
11   80  11.6561   0.0966588   1.55872   8.50898     	Dead: 0
11   81  11.5884   0.0959984   1.54807   8.50898     	Dead: 0
11   82  11.5288   0.0944323   1.52282   8.50898     	Dead: 0
11   83  11.4827   0.0942274   1.51951   8.40727     	Dead: 0
11   84  11.4698   0.0976992   1.5755    8.40727     	Dead: 0
11   85  11.4626   0.0988106   1.59342   8.40727     	Dead: 0
11   86  11.3991   0.0969737   1.5638    8.40727     	Dead: 0
11   87  11.4125   0.100144    1.61492   8.40727     	Dead: 0
11   88  11.3358   0.0974466   1.57142   8.40727     	Dead: 0
11   89  11.344    0.0992911   1.60117   8.40727     	Dead: 0
11   90  11.258    0.0959182   1.54678   8.40727     	Dead: 0
11   91  11.2399   0.0973422   1.56974   8.40727     	Dead: 0
11   92  11.2082   0.0962715   1.55247   8.40727     	Dead: 0
11   93  11.2161   0.0980864   1.58174   8.40727     	Dead: 0
11   94  11.1337   0.096725    1.55979   8.35976     	Dead: 0
11   95  11.1575   0.0964782   1.55581   8.06566     	Dead: 0
11   96  11.1876   0.0984685   1.5879    8.06566     	Dead: 0
11   97  11.1556   0.0975529   1.57314   8.06566     	Dead: 0
11   98  11.0767   0.0936789   1.51067   8.06566     	Dead: 0
11   99  11.0723   0.093866    1.51368   8.06566     	Dead: 0
11   100 11.0762   0.096509    1.5563    8.06566     	Dead: 0
Done run 11 of 29

Beginning Run 12 of 29
Run  RI  Mean      95% CI      SD        Best    
12   0   24.95     0.110234    1.77763   20.505      	Dead: 0
12   1   23.9602   0.0923215   1.48878   19.9847     	Dead: 0
12   2   23.3737   0.0866613   1.3975    19.4576     	Dead: 0
12   3   22.8529   0.0882841   1.42367   18.6962     	Dead: 0
12   4   22.3394   0.0826387   1.33263   18.452      	Dead: 0
12   5   21.8625   0.0859522   1.38606   17.1427     	Dead: 0
12   6   21.4483   0.0864769   1.39453   17.1427     	Dead: 0
12   7   21.0128   0.089302    1.44008   17.1427     	Dead: 0
12   8   20.5478   0.0905626   1.46041   16.8949     	Dead: 0
12   9   20.0847   0.0853845   1.37691   15.7474     	Dead: 0
12   10  19.7684   0.0910064   1.46757   15.7474     	Dead: 0
12   11  19.3732   0.089814    1.44834   15.7255     	Dead: 0
12   12  18.9397   0.089169    1.43794   15.2294     	Dead: 0
12   13  18.4926   0.0837366   1.35034   15.2294     	Dead: 0
12   14  18.1502   0.0878666   1.41694   14.4353     	Dead: 0
12   15  17.849    0.0887849   1.43175   13.3013     	Dead: 0
12   16  17.5994   0.0868842   1.40109   13.3013     	Dead: 0
12   17  17.2952   0.0890977   1.43679   13.3013     	Dead: 0
12   18  17.0203   0.0892399   1.43908   13.3013     	Dead: 0
12   19  16.7632   0.0881392   1.42133   12.9501     	Dead: 0
12   20  16.5588   0.0899148   1.44997   12.9501     	Dead: 0
12   21  16.3239   0.0862412   1.39073   12.9501     	Dead: 0
12   22  16.0825   0.083124    1.34046   12.9501     	Dead: 0
12   23  15.8463   0.0806089   1.2999    12.5282     	Dead: 0
12   24  15.7577   0.0842206   1.35814   12.5282     	Dead: 0
12   25  15.5501   0.0854717   1.37832   12.1433     	Dead: 0
12   26  15.3669   0.0833829   1.34463   12.1433     	Dead: 0
12   27  15.2062   0.0855429   1.37947   11.8985     	Dead: 0
12   28  15.1167   0.0853266   1.37598   11.8985     	Dead: 0
12   29  15.0284   0.0913529   1.47316   11.7783     	Dead: 0
12   30  14.8078   0.0873537   1.40867   11.4957     	Dead: 0
12   31  14.6384   0.0847078   1.366     11.4957     	Dead: 0
12   32  14.5992   0.0906213   1.46136   11.0847     	Dead: 0
12   33  14.4726   0.0916084   1.47728   11.0847     	Dead: 0
12   34  14.2615   0.0884613   1.42653   11.0847     	Dead: 0
12   35  14.0895   0.0855703   1.37991   11.0847     	Dead: 0
12   36  13.9586   0.0898749   1.44932   10.8523     	Dead: 0
12   37  13.8616   0.089829    1.44858   10.494      	Dead: 0
12   38  13.7072   0.088899    1.43359   10.494      	Dead: 0
12   39  13.6312   0.0908334   1.46478   9.84166     	Dead: 0
12   40  13.4824   0.0908433   1.46494   9.84166     	Dead: 0
12   41  13.4286   0.0911921   1.47056   9.84166     	Dead: 0
12   42  13.2541   0.0908838   1.46559   9.84166     	Dead: 0
12   43  13.1175   0.0885696   1.42827   9.84166     	Dead: 0
12   44  13.0627   0.0918581   1.4813    9.32484     	Dead: 0
12   45  13.0763   0.096147    1.55047   9.32484     	Dead: 0
12   46  13.0157   0.0971376   1.56644   9.32484     	Dead: 0
12   47  12.8714   0.0925419   1.49233   9.21974     	Dead: 0
12   48  12.8182   0.0944701   1.52343   9.21974     	Dead: 0
12   49  12.7066   0.0918697   1.48149   9.21974     	Dead: 0
12   50  12.715    0.098155    1.58285   9.21974     	Dead: 0
12   51  12.6366   0.0972977   1.56902   9.21974     	Dead: 0
12   52  12.5177   0.0964943   1.55607   9.18522     	Dead: 0
12   53  12.4008   0.0917248   1.47915   9.18522     	Dead: 0
12   54  12.3968   0.0961082   1.54984   9.18522     	Dead: 0
12   55  12.3907   0.100803    1.62555   9.18522     	Dead: 0
12   56  12.3236   0.0974536   1.57154   9.18522     	Dead: 0
12   57  12.2976   0.0978809   1.57843   9.18522     	Dead: 0
12   58  12.1997   0.0955538   1.5409    9.18522     	Dead: 0
12   59  12.1224   0.0950779   1.53323   8.98229     	Dead: 0
12   60  12.1007   0.0976      1.5739    8.98229     	Dead: 0
12   61  12.0432   0.0979919   1.58022   8.74775     	Dead: 0
12   62  11.9596   0.0965626   1.55717   8.74775     	Dead: 0
12   63  11.8613   0.0940816   1.51716   8.46945     	Dead: 0
12   64  11.8387   0.0961832   1.55105   8.46945     	Dead: 0
12   65  11.8215   0.0983906   1.58665   8.46945     	Dead: 0
12   66  11.7676   0.0996901   1.6076    8.46945     	Dead: 0
12   67  11.6385   0.0947928   1.52863   8.46945     	Dead: 0
12   68  11.5958   0.0909223   1.46621   8.46945     	Dead: 0
12   69  11.6191   0.0973627   1.57007   8.46945     	Dead: 0
12   70  11.5546   0.0973633   1.57008   8.46945     	Dead: 0
12   71  11.4642   0.0953992   1.53841   8.46945     	Dead: 0
12   72  11.4632   0.0981579   1.58289   8.46945     	Dead: 0
12   73  11.3422   0.0934452   1.5069    8.46945     	Dead: 0
12   74  11.3664   0.0951012   1.5336    7.92536     	Dead: 0
12   75  11.3203   0.095922    1.54684   7.92536     	Dead: 0
12   76  11.292    0.098103    1.58201   7.92536     	Dead: 0
12   77  11.207    0.0939402   1.51488   7.92536     	Dead: 0
12   78  11.2121   0.0970864   1.56562   7.92536     	Dead: 0
12   79  11.1588   0.098028    1.5808    7.92536     	Dead: 0
12   80  11.1169   0.0959065   1.54659   7.92536     	Dead: 0
12   81  11.1      0.0950066   1.53208   7.92536     	Dead: 0
12   82  11.121    0.0992072   1.59982   7.92536     	Dead: 0
12   83  11.0823   0.0974097   1.57083   7.92536     	Dead: 0
12   84  11.0296   0.0979054   1.57882   7.92536     	Dead: 0
12   85  10.956    0.0939604   1.51521   7.92536     	Dead: 0
12   86  10.9598   0.0948918   1.53022   7.92536     	Dead: 0
12   87  10.9264   0.0933111   1.50473   7.92536     	Dead: 0
12   88  10.9533   0.0996539   1.60702   7.92536     	Dead: 0
12   89  10.8809   0.0986837   1.59137   7.92536     	Dead: 0
12   90  10.8495   0.0982896   1.58502   7.92536     	Dead: 0
12   91  10.822    0.0961421   1.55039   7.92536     	Dead: 0
12   92  10.8082   0.096471    1.55569   7.92536     	Dead: 0
12   93  10.7818   0.0988446   1.59397   7.92536     	Dead: 0
12   94  10.7605   0.0974723   1.57184   7.92536     	Dead: 0
12   95  10.7462   0.0976069   1.57401   7.80651     	Dead: 0
12   96  10.7182   0.100626    1.6227    7.80651     	Dead: 0
12   97  10.6328   0.0969427   1.5633    7.80651     	Dead: 0
12   98  10.5871   0.0952103   1.53536   7.80651     	Dead: 0
12   99  10.6542   0.0973918   1.57054   7.80651     	Dead: 0
12   100 10.649    0.0964117   1.55473   7.80651     	Dead: 0
Done run 12 of 29

Beginning Run 13 of 29
Run  RI  Mean      95% CI      SD        Best    
13   0   24.9293   0.11289     1.82046   20.4685     	Dead: 0
13   1   23.9831   0.0939744   1.51543   19.3016     	Dead: 0
13   2   23.4077   0.0921768   1.48644   19.3016     	Dead: 0
13   3   22.8753   0.0915338   1.47607   19.3016     	Dead: 0
13   4   22.403    0.090057    1.45226   19.0591     	Dead: 0
13   5   21.975    0.0920732   1.48477   17.97       	Dead: 0
13   6   21.5779   0.087901    1.41749   17.97       	Dead: 0
13   7   21.2802   0.090623    1.46139   17.7622     	Dead: 0
13   8   20.95     0.0970627   1.56523   16.3243     	Dead: 0
13   9   20.6283   0.0929568   1.49902   16.3243     	Dead: 0
13   10  20.3068   0.0947165   1.5274    16.0527     	Dead: 0
13   11  19.9376   0.0925619   1.49265   15.212      	Dead: 0
13   12  19.5749   0.0918188   1.48067   15.212      	Dead: 0
13   13  19.2399   0.0922454   1.48755   15.212      	Dead: 0
13   14  18.9326   0.097304    1.56912   15.212      	Dead: 0
13   15  18.6241   0.0959523   1.54733   14.5951     	Dead: 0
13   16  18.2705   0.0893386   1.44067   14.5951     	Dead: 0
13   17  17.9915   0.0922621   1.48782   13.5276     	Dead: 0
13   18  17.6574   0.0903793   1.45746   13.2754     	Dead: 0
13   19  17.3545   0.0894033   1.44172   13.1615     	Dead: 0
13   20  17.1077   0.091461    1.4749    13.1615     	Dead: 0
13   21  16.745    0.0913157   1.47256   12.4003     	Dead: 0
13   22  16.4009   0.093321    1.50489   11.6303     	Dead: 0
13   23  16.0565   0.0969236   1.56299   11.5727     	Dead: 0
13   24  15.7224   0.0925777   1.49291   11.5727     	Dead: 0
13   25  15.4068   0.0969074   1.56273   11.2113     	Dead: 0
13   26  15.1084   0.0945309   1.52441   10.3899     	Dead: 0
13   27  14.7806   0.0921353   1.48577   10.3899     	Dead: 0
13   28  14.5988   0.10274     1.65678   10.3899     	Dead: 0
13   29  14.2888   0.0998254   1.60978   9.96827     	Dead: 0
13   30  14.0199   0.0989648   1.59591   9.96827     	Dead: 0
13   31  13.8379   0.100664    1.62332   9.96827     	Dead: 0
13   32  13.627    0.0983311   1.58569   9.96827     	Dead: 0
13   33  13.4644   0.0999649   1.61203   9.7415      	Dead: 0
13   34  13.2506   0.097897    1.57869   9.18292     	Dead: 0
13   35  13.0955   0.102325    1.6501    9.18292     	Dead: 0
13   36  12.9326   0.10033     1.61792   8.8255      	Dead: 0
13   37  12.755    0.101151    1.63116   8.8255      	Dead: 0
13   38  12.5787   0.0948397   1.52939   8.8255      	Dead: 0
13   39  12.4799   0.0991173   1.59836   8.8255      	Dead: 0
13   40  12.3508   0.0964028   1.55459   8.8255      	Dead: 0
13   41  12.2609   0.101103    1.63039   8.8255      	Dead: 0
13   42  12.197    0.0999168   1.61126   8.8255      	Dead: 0
13   43  12.1283   0.103184    1.66394   8.57046     	Dead: 0
13   44  12.0875   0.106308    1.71432   8.57046     	Dead: 0
13   45  11.9411   0.0997036   1.60782   8.57046     	Dead: 0
13   46  11.9168   0.101934    1.64379   8.57046     	Dead: 0
13   47  11.9271   0.106704    1.72071   8.57046     	Dead: 0
13   48  11.9344   0.10804     1.74225   8.57046     	Dead: 0
13   49  11.7861   0.101846    1.64236   8.01928     	Dead: 0
13   50  11.7896   0.104247    1.68109   8.01928     	Dead: 0
13   51  11.7608   0.102395    1.65122   8.01928     	Dead: 0
13   52  11.6952   0.103532    1.66956   8.01928     	Dead: 0
13   53  11.6609   0.104557    1.68608   8.01928     	Dead: 0
13   54  11.6139   0.1037      1.67226   8.01928     	Dead: 0
13   55  11.5963   0.104022    1.67746   8.01928     	Dead: 0
13   56  11.579    0.108216    1.74509   8.01928     	Dead: 0
13   57  11.5197   0.106746    1.72138   8.01928     	Dead: 0
13   58  11.4833   0.104228    1.68078   8.01928     	Dead: 0
13   59  11.5071   0.104878    1.69126   8.01928     	Dead: 0
13   60  11.5286   0.106626    1.71944   8.01928     	Dead: 0
13   61  11.5154   0.111511    1.79823   8.01928     	Dead: 0
13   62  11.4759   0.105213    1.69666   8.01928     	Dead: 0
13   63  11.4127   0.106243    1.71328   8.01928     	Dead: 0
13   64  11.4236   0.10928     1.76224   8.01928     	Dead: 0
13   65  11.4615   0.108726    1.75331   8.01928     	Dead: 0
13   66  11.4164   0.106731    1.72114   8.01928     	Dead: 0
13   67  11.4242   0.108271    1.74597   8.01928     	Dead: 0
13   68  11.3095   0.104342    1.68262   8.01928     	Dead: 0
13   69  11.3022   0.105299    1.69805   8.01928     	Dead: 0
13   70  11.3408   0.110103    1.77553   8.01928     	Dead: 0
13   71  11.3185   0.11074     1.78579   8.01928     	Dead: 0
13   72  11.3172   0.110417    1.78058   8.01928     	Dead: 0
13   73  11.2842   0.107532    1.73405   8.01928     	Dead: 0
13   74  11.3003   0.110973    1.78954   8.01928     	Dead: 0
13   75  11.3444   0.116402    1.8771    8.01928     	Dead: 0
13   76  11.2892   0.11058     1.78321   8.01928     	Dead: 0
13   77  11.241    0.111078    1.79124   8.01928     	Dead: 0
13   78  11.2751   0.113155    1.82474   8.01928     	Dead: 0
13   79  11.3267   0.115365    1.86038   8.01928     	Dead: 0
13   80  11.2239   0.112115    1.80796   8.01928     	Dead: 0
13   81  11.1773   0.109262    1.76196   8.01928     	Dead: 0
13   82  11.1709   0.111993    1.806     8.01928     	Dead: 0
13   83  11.13     0.109779    1.77029   8.01928     	Dead: 0
13   84  11.172    0.111978    1.80575   8.01928     	Dead: 0
13   85  11.1429   0.110949    1.78917   8.01928     	Dead: 0
13   86  11.1168   0.108967    1.75719   7.54928     	Dead: 0
13   87  11.1293   0.112196    1.80928   7.54928     	Dead: 0
13   88  11.1069   0.109845    1.77137   7.54928     	Dead: 0
13   89  11.1068   0.111777    1.80251   7.54928     	Dead: 0
13   90  11.111    0.11417     1.84111   7.54928     	Dead: 0
13   91  11.1775   0.1176      1.89642   7.54928     	Dead: 0
13   92  11.1195   0.112991    1.82209   7.54928     	Dead: 0
13   93  11.1034   0.11101     1.79014   7.54928     	Dead: 0
13   94  11.0806   0.112224    1.80973   7.54928     	Dead: 0
13   95  11.0445   0.113233    1.826     7.54928     	Dead: 0
13   96  10.9824   0.111993    1.806     7.54928     	Dead: 0
13   97  11.0375   0.117415    1.89344   7.54928     	Dead: 0
13   98  10.9949   0.110771    1.78629   7.54928     	Dead: 0
13   99  10.9687   0.11233     1.81143   7.54928     	Dead: 0
13   100 10.8964   0.108554    1.75053   7.54928     	Dead: 0
Done run 13 of 29

Beginning Run 14 of 29
Run  RI  Mean      95% CI      SD        Best    
14   0   24.9657   0.116293    1.87534   20.5001     	Dead: 0
14   1   23.8604   0.0952254   1.5356    19.105      	Dead: 0
14   2   23.1229   0.0900847   1.45271   18.2872     	Dead: 0
14   3   22.5425   0.0856625   1.38139   18.2872     	Dead: 0
14   4   22.0604   0.0913214   1.47265   17.484      	Dead: 0
14   5   21.6208   0.0891877   1.43824   17.484      	Dead: 0
14   6   21.094    0.0869622   1.40235   16.8915     	Dead: 0
14   7   20.7358   0.0907257   1.46304   16.8915     	Dead: 0
14   8   20.3949   0.0905543   1.46028   16.8915     	Dead: 0
14   9   20.0614   0.0948101   1.52891   15.9602     	Dead: 0
14   10  19.7935   0.0983455   1.58592   15.9602     	Dead: 0
14   11  19.5157   0.0970591   1.56518   15.951      	Dead: 0
14   12  19.1947   0.0969707   1.56375   15.8712     	Dead: 0
14   13  18.9394   0.0960364   1.54868   14.4661     	Dead: 0
14   14  18.7253   0.0964671   1.55563   14.4661     	Dead: 0
14   15  18.5514   0.0955241   1.54042   14.4661     	Dead: 0
14   16  18.4099   0.0982502   1.58438   14.4661     	Dead: 0
14   17  18.2778   0.0961876   1.55112   14.4661     	Dead: 0
14   18  18.188    0.0995586   1.60548   14.4661     	Dead: 0
14   19  18.0962   0.101279    1.63322   14.4661     	Dead: 0
14   20  17.9485   0.0992368   1.60029   14.4661     	Dead: 0
14   21  17.8308   0.100062    1.61359   14.4661     	Dead: 0
14   22  17.7216   0.103461    1.66841   14.4661     	Dead: 0
14   23  17.6313   0.104413    1.68377   13.1097     	Dead: 0
14   24  17.3655   0.0968769   1.56224   13.1097     	Dead: 0
14   25  17.2452   0.0998767   1.61061   13.1097     	Dead: 0
14   26  17.0841   0.101055    1.62961   13.1097     	Dead: 0
14   27  16.9177   0.104965    1.69266   13.1097     	Dead: 0
14   28  16.7347   0.103792    1.67375   12.8448     	Dead: 0
14   29  16.5708   0.100897    1.62706   12.8448     	Dead: 0
14   30  16.4121   0.10168     1.63969   12.8448     	Dead: 0
14   31  16.2214   0.107633    1.73569   12.6451     	Dead: 0
14   32  15.9083   0.102997    1.66093   12.0759     	Dead: 0
14   33  15.6502   0.102448    1.65208   12.049      	Dead: 0
14   34  15.4519   0.0986623   1.59103   11.9036     	Dead: 0
14   35  15.2218   0.0963818   1.55425   11.9036     	Dead: 0
14   36  15.0761   0.098699    1.59162   11.9036     	Dead: 0
14   37  14.9227   0.0950222   1.53233   11.4854     	Dead: 0
14   38  14.731    0.090002    1.45137   11.4854     	Dead: 0
14   39  14.6117   0.0926177   1.49355   11.4854     	Dead: 0
14   40  14.4822   0.0928192   1.4968    10.7967     	Dead: 0
14   41  14.2784   0.0908008   1.46425   10.7967     	Dead: 0
14   42  14.2169   0.0956947   1.54317   10.7967     	Dead: 0
14   43  14.0052   0.0914085   1.47405   10.7967     	Dead: 0
14   44  13.9139   0.0915495   1.47633   10.7967     	Dead: 0
14   45  13.823    0.092883    1.49783   10.5072     	Dead: 0
14   46  13.8691   0.101743    1.64071   10.5072     	Dead: 0
14   47  13.7526   0.0994719   1.60408   10.5072     	Dead: 0
14   48  13.6515   0.0977493   1.5763    9.784       	Dead: 0
14   49  13.5325   0.0967784   1.56065   9.784       	Dead: 0
14   50  13.4317   0.0978599   1.57809   9.784       	Dead: 0
14   51  13.3416   0.0962893   1.55276   9.60175     	Dead: 0
14   52  13.2498   0.0972298   1.56793   9.60175     	Dead: 0
14   53  13.2425   0.100911    1.62728   9.60175     	Dead: 0
14   54  13.1378   0.100165    1.61526   9.60175     	Dead: 0
14   55  13.0939   0.0997186   1.60806   9.33766     	Dead: 0
14   56  12.9947   0.0971027   1.56588   9.33766     	Dead: 0
14   57  12.9654   0.101501    1.63681   9.33766     	Dead: 0
14   58  12.8306   0.096574    1.55735   9.33766     	Dead: 0
14   59  12.8299   0.0996039   1.60621   9.33766     	Dead: 0
14   60  12.7592   0.0995202   1.60486   9.33766     	Dead: 0
14   61  12.7227   0.102521    1.65325   9.33766     	Dead: 0
14   62  12.6711   0.100433    1.61958   9.33766     	Dead: 0
14   63  12.7025   0.106765    1.72169   9.33766     	Dead: 0
14   64  12.6042   0.102196    1.64802   9.33766     	Dead: 0
14   65  12.5344   0.101359    1.63451   9.33766     	Dead: 0
14   66  12.527    0.104344    1.68265   8.99095     	Dead: 0
14   67  12.4535   0.101743    1.6407    8.99095     	Dead: 0
14   68  12.3986   0.101542    1.63746   8.51051     	Dead: 0
14   69  12.3811   0.104607    1.68689   8.51051     	Dead: 0
14   70  12.3296   0.102854    1.65863   8.51051     	Dead: 0
14   71  12.2503   0.102126    1.64688   8.51051     	Dead: 0
14   72  12.2211   0.0995548   1.60542   8.51051     	Dead: 0
14   73  12.1645   0.0989226   1.59523   8.51051     	Dead: 0
14   74  12.2046   0.105197    1.69641   7.92418     	Dead: 0
14   75  12.1928   0.106655    1.71991   7.92418     	Dead: 0
14   76  12.0927   0.100965    1.62816   7.92418     	Dead: 0
14   77  12.0978   0.104871    1.69115   7.92418     	Dead: 0
14   78  12.0721   0.106312    1.71439   7.92418     	Dead: 0
14   79  12.0224   0.107298    1.73029   7.92418     	Dead: 0
14   80  11.9684   0.105091    1.6947    7.92418     	Dead: 0
14   81  12.0209   0.108534    1.75021   7.92418     	Dead: 0
14   82  11.963    0.108397    1.74801   7.92418     	Dead: 0
14   83  11.9471   0.107341    1.73098   7.92418     	Dead: 0
14   84  11.8727   0.103654    1.67153   7.92418     	Dead: 0
14   85  11.829    0.105502    1.70133   7.92418     	Dead: 0
14   86  11.8661   0.107206    1.7288    7.92418     	Dead: 0
14   87  11.8084   0.106337    1.71479   7.92418     	Dead: 0
14   88  11.7583   0.104636    1.68736   7.92418     	Dead: 0
14   89  11.7786   0.106426    1.71623   7.92418     	Dead: 0
14   90  11.7108   0.102923    1.65973   7.92418     	Dead: 0
14   91  11.7382   0.107823    1.73875   7.92418     	Dead: 0
14   92  11.7188   0.109978    1.7735    7.92418     	Dead: 0
14   93  11.649    0.109301    1.76258   7.92418     	Dead: 0
14   94  11.6281   0.107858    1.73931   7.92418     	Dead: 0
14   95  11.5893   0.105914    1.70797   7.92418     	Dead: 0
14   96  11.617    0.109855    1.77153   7.92418     	Dead: 0
14   97  11.5304   0.105986    1.70914   7.92418     	Dead: 0
14   98  11.5142   0.109479    1.76545   7.92418     	Dead: 0
14   99  11.5051   0.111275    1.79441   7.92418     	Dead: 0
14   100 11.443    0.108645    1.75202   7.56305     	Dead: 0
Done run 14 of 29

Beginning Run 15 of 29
Run  RI  Mean      95% CI      SD        Best    
15   0   25.0718   0.122257    1.97152   20.1578     	Dead: 0
15   1   23.9774   0.103877    1.67512   20.058      	Dead: 0
15   2   23.3019   0.0955651   1.54108   18.222      	Dead: 0
15   3   22.728    0.0843731   1.3606    18.222      	Dead: 0
15   4   22.2886   0.0885091   1.4273    18.222      	Dead: 0
15   5   21.923    0.0949411   1.53102   18.222      	Dead: 0
15   6   21.5563   0.0972989   1.56904   17.8385     	Dead: 0
15   7   21.2273   0.0970695   1.56534   17.3877     	Dead: 0
15   8   20.9322   0.0980275   1.58079   17.3877     	Dead: 0
15   9   20.6284   0.0969253   1.56302   16.5018     	Dead: 0
15   10  20.417    0.101302    1.63359   16.5018     	Dead: 0
15   11  20.1933   0.103774    1.67346   16.5018     	Dead: 0
15   12  20.0466   0.103121    1.66293   15.2767     	Dead: 0
15   13  19.8513   0.1003      1.61745   15.2767     	Dead: 0
15   14  19.6904   0.10221     1.64824   15.2767     	Dead: 0
15   15  19.4663   0.100675    1.62348   15.2767     	Dead: 0
15   16  19.3198   0.0994003   1.60293   15.2767     	Dead: 0
15   17  19.1743   0.102973    1.66055   14.9341     	Dead: 0
15   18  19.0138   0.103724    1.67265   14.9341     	Dead: 0
15   19  18.7503   0.0997905   1.60922   14.9341     	Dead: 0
15   20  18.6156   0.106003    1.70941   14.6797     	Dead: 0
15   21  18.4122   0.102129    1.64694   14.3951     	Dead: 0
15   22  18.2336   0.106315    1.71444   14.0643     	Dead: 0
15   23  17.9231   0.101994    1.64475   14.0643     	Dead: 0
15   24  17.7777   0.111695    1.80119   13.9556     	Dead: 0
15   25  17.3538   0.097368    1.57016   13.8682     	Dead: 0
15   26  17.0406   0.0966199   1.55809   13.8031     	Dead: 0
15   27  16.7453   0.103259    1.66515   13.5886     	Dead: 0
15   28  16.4784   0.0995659   1.6056    13.1788     	Dead: 0
15   29  16.0899   0.0930617   1.50071   12.6592     	Dead: 0
15   30  15.8053   0.0895395   1.44391   12.357      	Dead: 0
15   31  15.4846   0.0908583   1.46518   11.9486     	Dead: 0
15   32  15.2824   0.0939829   1.51557   11.9486     	Dead: 0
15   33  15.0213   0.0929635   1.49913   11.5037     	Dead: 0
15   34  14.8617   0.0892406   1.43909   11.5037     	Dead: 0
15   35  14.6704   0.0889391   1.43423   11.5037     	Dead: 0
15   36  14.4575   0.0868162   1.4       11.5037     	Dead: 0
15   37  14.3197   0.0880828   1.42042   11.5037     	Dead: 0
15   38  14.159    0.0855085   1.37891   10.9215     	Dead: 0
15   39  14.0747   0.0853568   1.37646   10.9215     	Dead: 0
15   40  14.0166   0.0873759   1.40902   10.9215     	Dead: 0
15   41  13.9828   0.0896322   1.44541   10.9215     	Dead: 0
15   42  13.8643   0.0868592   1.40069   10.9215     	Dead: 0
15   43  13.7675   0.0910575   1.46839   10.9215     	Dead: 0
15   44  13.6586   0.0923597   1.48939   10.2275     	Dead: 0
15   45  13.5551   0.0891076   1.43695   10.2275     	Dead: 0
15   46  13.5227   0.0904932   1.45929   9.77192     	Dead: 0
15   47  13.4812   0.0909615   1.46685   9.77192     	Dead: 0
15   48  13.4383   0.0945668   1.52499   9.77192     	Dead: 0
15   49  13.4      0.0929918   1.49959   9.77192     	Dead: 0
15   50  13.3434   0.0933556   1.50545   9.77192     	Dead: 0
slurmstepd: error: *** JOB 2896309 ON gra307 CANCELLED AT 2023-01-23T16:01:23 DUE TO TIME LIMIT ***
