8; ./512ED ./ED512/ps6/ 1 0.01221 0.01963 0.38384 0.09418 0.00695 0.00673 0.03030 0.01730 0.42884
Graph Evolution Tool.
Initial Graph: Ring with m = 2
Fitness Function: Epidemic Length
Representation: THADS-N with Operation Densities
Densities: 0.01221 0.01963 0.38384 0.09418 0.00695 0.00673 0.0303 0.0173 0.42884 
Check readme.dat for more information about parameters/output.

Beginning Run 0 of 29
Run  RI  Mean      95% CI      SD        Best    
0    0   9.8462    0.0323167   0.521139  11.6    
0    1   12.043    0.0369847   0.596415  13.8    
0    2   14.6984   0.0437258   0.705122  17      
0    3   16.5702   0.0486842   0.785081  19      
0    4   17.9592   0.0612886   0.98834   22.2    
0    5   19.1252   0.0737559   1.18939   23      
0    6   19.9758   0.091398    1.47388   24.2    
0    7   20.511    0.0944297   1.52277   24.6    
0    8   20.9424   0.09276     1.49585   24.6    
0    9   21.0672   0.104081    1.67842   25.8    
0    10  21.1928   0.109292    1.76244   25.8    
0    11  21.3658   0.109132    1.75986   25.8    
0    12  21.4368   0.114085    1.83974   25.8    
0    13  21.507    0.11295     1.82144   25.8    
0    14  21.613    0.119657    1.92959   26      
0    15  21.6882   0.123502    1.99159   26      
0    16  21.7662   0.122763    1.97968   26.2    
0    17  21.9136   0.125669    2.02654   26.4    
0    18  22.0556   0.118609    1.91268   26.8    
0    19  22.2522   0.121904    1.96582   26.8    
0    20  22.4426   0.126973    2.04757   30.4    
0    21  22.7312   0.129673    2.0911    30.4    
0    22  23.0146   0.133148    2.14714   30.4    
0    23  23.4568   0.136061    2.19411   30.4    
0    24  23.8488   0.139909    2.25618   30.6    
0    25  24.229    0.146375    2.36044   30.6    
0    26  24.6786   0.153386    2.4735    31      
0    27  24.8162   0.172009    2.77381   31      
0    28  25.1304   0.175119    2.82398   31.6    
0    29  25.4082   0.178275    2.87487   32.4    
0    30  25.5426   0.183592    2.96061   32.4    
0    31  25.9974   0.189765    3.06015   33.2    
0    32  26.4582   0.18695     3.01475   34.4    
0    33  26.6662   0.194205    3.13176   34.4    
0    34  27.0558   0.197968    3.19244   34.6    
0    35  27.3604   0.20387     3.28761   36.6    
0    36  27.7408   0.198211    3.19635   36.6    
0    37  27.9366   0.205975    3.32156   36.6    
0    38  28.184    0.213647    3.44527   36.6    
0    39  28.4514   0.213073    3.43601   36.6    
0    40  28.5438   0.216156    3.48573   37      
0    41  28.7396   0.216649    3.49368   37      
0    42  28.859    0.219619    3.54157   37      
0    43  29.0072   0.210414    3.39314   37      
0    44  29.2206   0.214135    3.45314   37      
0    45  29.2908   0.217678    3.51027   37      
0    46  29.3072   0.228074    3.67792   37      
0    47  29.3262   0.226739    3.65639   37      
0    48  29.3476   0.22878     3.6893    37      
0    49  29.3978   0.231226    3.72876   37      
0    50  29.5324   0.234329    3.77878   37      
0    51  29.5578   0.228026    3.67714   37      
0    52  29.494    0.230367    3.71491   37      
0    53  29.6134   0.241316    3.89146   37      
0    54  29.6952   0.228519    3.68509   37      
0    55  29.7548   0.223735    3.60795   37      
0    56  29.5694   0.240325    3.87548   37      
0    57  29.6952   0.239943    3.86932   37      
0    58  29.757    0.237818    3.83505   38.2    
0    59  29.8038   0.243963    3.93414   38.2    
0    60  29.6686   0.241993    3.90239   38.2    
0    61  29.9042   0.233687    3.76844   38.2    
0    62  29.6888   0.247047    3.98388   38.2    
0    63  29.7876   0.254202    4.09926   39.6    
0    64  29.9952   0.237907    3.8365    39.6    
0    65  29.8216   0.246031    3.9675    39.6    
0    66  29.8416   0.24989     4.02972   39.6    
0    67  29.9796   0.2448      3.94765   39.6    
0    68  29.8906   0.247406    3.98968   39.6    
0    69  29.9504   0.242115    3.90434   39.6    
0    70  30.0214   0.240372    3.87623   39.6    
0    71  29.9716   0.242777    3.91502   39.6    
0    72  30.0294   0.240397    3.87663   39.6    
0    73  29.941    0.249858    4.0292    39.6    
0    74  29.9702   0.245968    3.96648   39.6    
0    75  29.9688   0.245748    3.96294   39.6    
0    76  30.0152   0.249249    4.01939   39.6    
0    77  29.9694   0.252174    4.06656   39.6    
0    78  30.0242   0.2519      4.06214   39.6    
0    79  30.01     0.260761    4.20503   39.6    
0    80  30.0022   0.25597     4.12777   39.6    
0    81  29.9994   0.259962    4.19214   39.6    
0    82  30.0038   0.256946    4.14351   39.6    
0    83  30.0402   0.256755    4.14044   39.6    
0    84  30.0476   0.251005    4.04771   39.6    
0    85  30.066    0.250304    4.03641   39.6    
0    86  30.0106   0.258266    4.1648    39.6    
0    87  30.1168   0.252987    4.07967   39.6    
0    88  30.2198   0.250183    4.03446   39.6    
0    89  30.1042   0.247782    3.99573   39.6    
0    90  30.083    0.247523    3.99155   39.6    
0    91  30.2122   0.249235    4.01917   39.6    
0    92  30.1952   0.245982    3.9667    39.6    
0    93  30.1234   0.258051    4.16133   39.6    
0    94  30.304    0.247298    3.98793   39.6    
0    95  30.26     0.252632    4.07394   39.6    
0    96  30.249    0.257314    4.14944   39.6    
0    97  30.1982   0.250783    4.04413   39.6    
0    98  29.9776   0.269068    4.33899   39.6    
0    99  30.2018   0.253994    4.0959    39.6    
0    100 30.1212   0.261743    4.22087   39.6    
Done run 0 of 29

Beginning Run 1 of 29
Run  RI  Mean      95% CI      SD        Best    
1    0   9.8864    0.034632    0.558476  12.4    
1    1   12.088    0.0358477   0.57808   14      
1    2   14.3084   0.0383636   0.618651  16.6    
1    3   16.3902   0.0547175   0.882374  21.2    
1    4   18.8234   0.0699708   1.12835   21.8    
1    5   19.871    0.0716217   1.15497   22.8    
1    6   20.3384   0.080452    1.29737   23.6    
1    7   20.8042   0.0801526   1.29254   24      
1    8   21.124    0.0848936   1.36899   24.6    
1    9   21.3186   0.0858734   1.38479   24.6    
1    10  21.5676   0.0865037   1.39496   24.6    
1    11  21.7004   0.0934366   1.50676   26      
1    12  21.8714   0.0907555   1.46352   26      
1    13  21.9726   0.0936292   1.50986   26      
1    14  22.193    0.0954253   1.53883   26      
1    15  22.5976   0.0936223   1.50975   27.2    
1    16  23.072    0.0975019   1.57232   27.2    
1    17  23.6586   0.10352     1.66936   27.2    
1    18  24.0574   0.0956642   1.54268   28.8    
1    19  24.348    0.1038      1.67387   28.8    
1    20  24.7836   0.103136    1.66317   29.4    
1    21  25.1528   0.11149     1.79789   30.2    
1    22  25.778    0.105679    1.70418   30.2    
1    23  26.331    0.107146    1.72784   30.2    
1    24  26.7982   0.104672    1.68794   30.8    
1    25  27.031    0.115714    1.866     31.2    
1    26  27.3134   0.116719    1.88221   31.2    
1    27  27.3538   0.125159    2.01831   31.4    
1    28  27.6674   0.112992    1.8221    32      
1    29  27.7338   0.122552    1.97627   32      
1    30  27.883    0.135798    2.18987   32      
1    31  28.148    0.131599    2.12217   32.6    
1    32  28.3586   0.132573    2.13787   32.6    
1    33  28.5956   0.128723    2.07578   32.8    
1    34  28.7078   0.141712    2.28524   33.2    
1    35  28.9994   0.131701    2.12382   33.2    
1    36  29.154    0.136034    2.19369   33.4    
1    37  29.4326   0.130599    2.10603   34.6    
1    38  29.5112   0.138427    2.23228   34.6    
1    39  29.763    0.1396      2.25119   34.6    
1    40  29.75     0.157119    2.5337    34.6    
1    41  30.1638   0.145771    2.3507    34.6    
1    42  30.3806   0.149776    2.41528   35.2    
1    43  30.7656   0.148242    2.39055   36      
1    44  30.9562   0.14592     2.3531    37      
1    45  31.352    0.15343     2.47421   37      
1    46  31.7574   0.142451    2.29716   37      
1    47  32.0884   0.144958    2.33759   37      
1    48  32.1304   0.152374    2.45718   37      
1    49  32.2376   0.169093    2.72679   38      
1    50  32.44     0.150162    2.42152   38      
1    51  33.014    0.161427    2.60318   39.4    
1    52  33.192    0.175711    2.83352   41.4    
1    53  33.359    0.179177    2.88941   41.4    
1    54  33.499    0.18427     2.97154   41.4    
1    55  33.6344   0.187984    3.03144   41.4    
1    56  33.551    0.195725    3.15626   41.4    
1    57  33.7236   0.196599    3.17035   41.4    
1    58  33.7338   0.199564    3.21817   41.4    
1    59  33.7846   0.200216    3.22869   41.4    
1    60  33.8186   0.198994    3.20898   41.6    
1    61  33.9318   0.196744    3.17269   41.6    
1    62  34.0168   0.197154    3.1793    41.6    
1    63  34.0286   0.200089    3.22664   41.6    
1    64  33.9704   0.205963    3.32136   41.6    
1    65  34.2246   0.199509    3.21728   41.6    
1    66  34.1776   0.204448    3.29693   41.6    
1    67  34.0978   0.207391    3.34439   41.6    
1    68  34.1758   0.216069    3.48433   41.6    
1    69  34.2792   0.212487    3.42656   41.8    
1    70  34.1716   0.221383    3.57002   41.8    
1    71  34.3232   0.211825    3.4159    41.8    
1    72  34.3652   0.217945    3.51459   41.8    
1    73  34.3542   0.219576    3.54088   41.8    
1    74  34.5932   0.215884    3.48134   41.8    
1    75  34.509    0.222584    3.5894    42.2    
1    76  34.4866   0.226093    3.64597   44.4    
1    77  34.6078   0.2231      3.59772   44.4    
1    78  34.6018   0.218957    3.5309    44.4    
1    79  34.7036   0.224023    3.61259   44.4    
1    80  34.6274   0.235781    3.80221   44.4    
1    81  34.7244   0.225575    3.63762   44.4    
1    82  35.0016   0.218204    3.51876   44.4    
1    83  34.8414   0.229147    3.69523   44.4    
1    84  34.9166   0.217713    3.51084   44.4    
1    85  35.0412   0.223704    3.60746   44.4    
1    86  34.8686   0.234016    3.77374   44.4    
1    87  34.9516   0.229815    3.70599   44.4    
1    88  35.093    0.227848    3.67427   44.4    
1    89  35.0836   0.235885    3.80389   44.4    
1    90  35.2958   0.223221    3.59966   44.4    
1    91  35.294    0.229506    3.70101   44.4    
1    92  35.3704   0.221177    3.5667    44.4    
1    93  35.5144   0.229005    3.69294   44.4    
1    94  35.4882   0.232829    3.75459   44.4    
1    95  35.658    0.22473     3.624     44.4    
1    96  35.605    0.231335    3.7305    44.4    
1    97  35.6398   0.236065    3.80679   44.4    
1    98  35.8096   0.230925    3.72389   44.4    
1    99  35.762    0.237339    3.82733   44.4    
1    100 35.84     0.23179     3.73784   45.8    
Done run 1 of 29

Beginning Run 2 of 29
Run  RI  Mean      95% CI      SD        Best    
2    0   9.848     0.0333214   0.537342  12.2    
2    1   12.0944   0.0353308   0.569744  14.4    
2    2   14.1136   0.035682    0.575409  16.2    
2    3   15.9128   0.0482001   0.777275  18.6    
2    4   17.9068   0.0587782   0.947857  20.8    
2    5   19.2986   0.071483    1.15274   23      
2    6   20.1702   0.0866272   1.39695   24.4    
2    7   20.6208   0.0996033   1.6062    25.2    
2    8   20.9814   0.107106    1.7272    25.2    
2    9   21.3162   0.105303    1.69811   25.4    
2    10  21.398    0.11887     1.91689   26      
2    11  21.672    0.122279    1.97187   27.2    
2    12  21.8498   0.126912    2.04659   27.2    
2    13  22.0642   0.128853    2.07788   27.2    
2    14  22.2694   0.127892    2.06239   27.4    
2    15  22.4136   0.12807     2.06525   27.4    
2    16  22.5844   0.140832    2.27105   27.8    
2    17  22.7136   0.141421    2.28056   27.8    
2    18  23.0044   0.133831    2.15816   28      
2    19  23.1136   0.140101    2.25927   28      
2    20  23.3636   0.137712    2.22075   28      
2    21  23.502    0.141858    2.2876    28.4    
2    22  23.6766   0.140575    2.26691   29.2    
2    23  23.8682   0.144148    2.32454   29.4    
2    24  23.9736   0.152006    2.45124   29.6    
2    25  24.0588   0.156017    2.51593   30      
2    26  24.2038   0.152386    2.45737   30      
2    27  24.3224   0.160834    2.5936    30      
2    28  24.492    0.150724    2.43058   30.6    
2    29  24.5324   0.164596    2.65428   30.6    
2    30  24.712    0.160375    2.58621   30.6    
2    31  24.871    0.161324    2.60151   31.2    
2    32  24.8866   0.160866    2.59413   31.2    
2    33  24.9852   0.1673      2.69788   31.2    
2    34  25.1584   0.170034    2.74196   31.8    
2    35  25.3      0.16661     2.68675   34      
2    36  25.3538   0.17333     2.79512   34      
2    37  25.4412   0.17261     2.78351   34      
2    38  25.4462   0.177427    2.86119   34      
2    39  25.6558   0.167906    2.70766   34      
2    40  25.4928   0.181235    2.92259   34      
2    41  25.5846   0.178881    2.88464   34      
2    42  25.6108   0.182353    2.94062   34      
2    43  25.6576   0.175781    2.83465   34      
2    44  25.8116   0.176516    2.84649   34      
2    45  25.6938   0.183567    2.9602    34      
2    46  25.7354   0.18668     3.0104    34      
2    47  25.7552   0.182233    2.93869   34      
2    48  25.785    0.19536     3.15037   34      
2    49  25.8564   0.187504    3.02368   34      
2    50  25.8616   0.192592    3.10574   34      
2    51  26.2316   0.170678    2.75236   34      
2    52  26.1968   0.185987    2.99922   34      
2    53  26.3602   0.177253    2.85839   34      
2    54  26.4426   0.172461    2.78111   34      
2    55  26.3538   0.186063    3.00045   34      
2    56  26.4502   0.184381    2.97333   34      
2    57  26.6084   0.176646    2.84859   34      
2    58  26.586    0.183686    2.96211   34      
2    59  26.6606   0.187235    3.01936   34      
2    60  26.7076   0.188371    3.03767   35      
2    61  26.8412   0.190136    3.06613   35      
2    62  26.8486   0.199188    3.2121    35      
2    63  26.9524   0.194931    3.14346   35      
2    64  27.1278   0.193652    3.12284   35      
2    65  27.267    0.191632    3.09026   35      
2    66  27.2758   0.201482    3.24911   35      
2    67  27.3636   0.200138    3.22743   35      
2    68  27.3862   0.197552    3.18572   35      
2    69  27.4012   0.208373    3.36023   35      
2    70  27.4622   0.206403    3.32846   35      
2    71  27.705    0.193673    3.12317   35.2    
2    72  27.8344   0.189621    3.05783   35.4    
2    73  27.7092   0.204084    3.29107   35.4    
2    74  27.8814   0.202269    3.26179   35.4    
2    75  27.9444   0.203541    3.28231   35.4    
2    76  27.7434   0.214247    3.45495   35.4    
2    77  27.8874   0.207791    3.35083   35.4    
2    78  27.9792   0.212515    3.42702   35.4    
2    79  28.0286   0.211834    3.41604   35.4    
2    80  28.0226   0.214588    3.46045   35.4    
2    81  27.9766   0.209378    3.37643   35.4    
2    82  28.007    0.213622    3.44487   35.4    
2    83  28.2444   0.199156    3.21158   36.2    
2    84  28.2118   0.207141    3.34036   36.2    
2    85  28.269    0.209476    3.37801   36.2    
2    86  28.2332   0.215228    3.47077   36.2    
2    87  28.1912   0.213244    3.43877   36.2    
2    88  28.1708   0.215694    3.47828   37.2    
2    89  28.3114   0.21441     3.45758   37.2    
2    90  28.2838   0.215522    3.47551   37.2    
2    91  28.3358   0.217728    3.51108   37.2    
2    92  28.2688   0.216669    3.494     37.2    
2    93  28.3724   0.216517    3.49155   37.2    
2    94  28.4096   0.21341     3.44145   37.2    
2    95  28.2676   0.223781    3.60869   37.2    
2    96  28.3194   0.212451    3.42599   37.2    
2    97  28.5534   0.203365    3.27947   37.2    
2    98  28.3822   0.219022    3.53195   37.2    
2    99  28.4244   0.219137    3.53381   37.2    
2    100 28.4318   0.220819    3.56093   37.2    
Done run 2 of 29

Beginning Run 3 of 29
Run  RI  Mean      95% CI      SD        Best    
3    0   9.8496    0.0335196   0.540537  11.8    
3    1   11.9484   0.0339322   0.54719   14.2    
3    2   14.101    0.0452744   0.730095  16.8    
3    3   16.9462   0.0557948   0.899747  19.6    
3    4   18.8568   0.0621075   1.00155   23.4    
3    5   19.528    0.0780031   1.25788   23.6    
3    6   20.0514   0.0790555   1.27485   23.6    
3    7   20.3988   0.0859026   1.38526   24.2    
3    8   20.7596   0.0936168   1.50966   25.6    
3    9   20.978    0.0998059   1.60947   25.6    
3    10  21.2276   0.105792    1.706     25.6    
3    11  21.321    0.109612    1.76761   25.6    
3    12  21.623    0.104732    1.6889    25.6    
3    13  21.6914   0.105427    1.70012   25.6    
3    14  21.8078   0.10731     1.73047   25.6    
3    15  21.823    0.115573    1.86374   26.6    
3    16  21.9454   0.111282    1.79453   26.6    
3    17  22.054    0.112959    1.82157   26.6    
3    18  22.056    0.117085    1.88811   26.6    
3    19  22.1698   0.114756    1.85056   26.6    
3    20  22.2028   0.121481    1.959     26.6    
3    21  22.248    0.124463    2.00709   26.8    
3    22  22.334    0.123004    1.98356   26.8    
3    23  22.4734   0.119735    1.93085   26.8    
3    24  22.4792   0.129458    2.08763   26.8    
3    25  22.6408   0.121306    1.95618   26.8    
3    26  22.6788   0.126808    2.0449    27.4    
3    27  22.7326   0.127421    2.05478   27.4    
3    28  22.7444   0.130247    2.10037   27.4    
3    29  22.7926   0.131073    2.11369   27.4    
3    30  22.8084   0.132023    2.129     27.8    
3    31  22.8598   0.13278     2.14121   27.8    
3    32  22.953    0.134307    2.16584   28.8    
3    33  23.0652   0.133154    2.14724   28.8    
3    34  23.0072   0.135793    2.1898    28.8    
3    35  23.0852   0.132829    2.142     28.8    
3    36  23.1184   0.135323    2.18221   28.8    
3    37  23.1954   0.137307    2.21421   28.8    
3    38  23.257    0.137375    2.21531   28.8    
3    39  23.2714   0.141385    2.27998   28.8    
3    40  23.3702   0.136657    2.20373   28.8    
3    41  23.3424   0.140537    2.2663    28.8    
3    42  23.361    0.144874    2.33624   28.8    
3    43  23.5346   0.138806    2.23839   28.8    
3    44  23.5982   0.135111    2.1788    28.8    
3    45  23.5632   0.139085    2.24289   28.8    
3    46  23.6856   0.139328    2.2468    29.8    
3    47  23.703    0.147273    2.37492   29.8    
3    48  23.9582   0.13815     2.2278    29.8    
3    49  23.9016   0.141345    2.27933   30      
3    50  23.943    0.149479    2.41049   30      
3    51  24.3116   0.14254     2.2986    30      
3    52  24.37     0.14211     2.29167   30      
3    53  24.5654   0.139015    2.24176   30      
3    54  24.5746   0.149261    2.40698   30      
3    55  24.7994   0.153013    2.46749   30.4    
3    56  25.3888   0.153973    2.48297   34.6    
3    57  26.0562   0.160762    2.59245   34.6    
3    58  26.4512   0.171036    2.75812   34.6    
3    59  27.0382   0.177897    2.86876   34.6    
3    60  27.322    0.182633    2.94514   34.6    
3    61  27.6592   0.181893    2.93321   34.6    
3    62  27.9072   0.195723    3.15623   34.6    
3    63  28.1826   0.207871    3.35213   36      
3    64  28.476    0.2063      3.3268    36.8    
3    65  28.5934   0.21785     3.51305   36.8    
3    66  28.8642   0.216297    3.488     36.8    
3    67  28.9348   0.215907    3.48171   36.8    
3    68  29.1468   0.221487    3.57171   36.8    
3    69  29.2972   0.220591    3.55726   36.8    
3    70  29.459    0.218987    3.53138   38      
3    71  29.527    0.233421    3.76415   38      
3    72  29.5884   0.233994    3.77338   38      
3    73  29.9332   0.221795    3.57667   38      
3    74  29.9536   0.234995    3.78953   38      
3    75  29.9834   0.245942    3.96607   38      
3    76  30.2326   0.23836     3.84379   38      
3    77  30.3158   0.240668    3.88101   38      
3    78  30.618    0.236931    3.82075   38.6    
3    79  30.7762   0.249887    4.02968   39.8    
3    80  30.87     0.259253    4.18072   39.8    
3    81  31.0776   0.245207    3.95421   40.2    
3    82  31.0488   0.257978    4.16015   40.2    
3    83  31.314    0.260293    4.19749   40.2    
3    84  31.632    0.257037    4.14498   41.2    
3    85  31.749    0.258299    4.16533   41.2    
3    86  31.9084   0.262544    4.23378   41.2    
3    87  31.9228   0.264754    4.26942   41.2    
3    88  32.0542   0.267343    4.31117   41.2    
3    89  32.36     0.259755    4.18881   41.2    
3    90  32.3458   0.277241    4.47078   43.2    
3    91  32.2934   0.275772    4.44711   43.2    
3    92  32.6692   0.272317    4.39138   43.2    
3    93  32.654    0.277991    4.48288   43.2    
3    94  32.5306   0.279096    4.5007    43.2    
3    95  32.7752   0.27081     4.36709   43.2    
3    96  33.0292   0.276612    4.46065   43.2    
3    97  32.753    0.288804    4.65726   43.2    
3    98  33.0652   0.283088    4.56507   43.2    
3    99  33.1604   0.278894    4.49745   43.2    
3    100 33.1454   0.290151    4.67898   43.2    
Done run 3 of 29

Beginning Run 4 of 29
Run  RI  Mean      95% CI      SD        Best    
4    0   9.8352    0.0322819   0.520578  11.8    
4    1   11.8918   0.0374302   0.6036    14.6    
4    2   14.4608   0.0392266   0.632569  17      
4    3   16.1974   0.0450613   0.726659  18.6    
4    4   17.5002   0.0539238   0.869575  21.6    
4    5   17.9974   0.0596794   0.962389  21.6    
4    6   18.236    0.0652198   1.05173   21.6    
4    7   18.449    0.0665475   1.07314   21.6    
4    8   18.7206   0.068921    1.11142   21.6    
4    9   19.3952   0.0674274   1.08733   22      
4    10  20.241    0.0673196   1.0856    23      
4    11  21.4288   0.0727471   1.17312   25.2    
4    12  22.7486   0.0781592   1.2604    25.6    
4    13  23.3048   0.0816724   1.31705   26.4    
4    14  23.584    0.0849714   1.37025   26.8    
4    15  23.8068   0.0843421   1.3601    27.2    
4    16  23.9362   0.0900099   1.4515    27.2    
4    17  24.0468   0.0964972   1.55611   27.2    
4    18  24.2024   0.0976748   1.5751    27.2    
4    19  24.3156   0.101022    1.62908   27.4    
4    20  24.3458   0.104139    1.67935   28.2    
4    21  24.4992   0.0973294   1.56953   28.2    
4    22  24.605    0.0995579   1.60547   28.2    
4    23  24.585    0.107241    1.72936   28.2    
4    24  24.6936   0.103352    1.66665   29      
4    25  24.6848   0.108935    1.75668   29      
4    26  24.7762   0.104462    1.68455   29      
4    27  24.8622   0.10652     1.71775   29      
4    28  24.8174   0.116786    1.88329   29.4    
4    29  24.9064   0.109341    1.76324   29.4    
4    30  24.9998   0.107835    1.73895   29.4    
4    31  25.108    0.110168    1.77656   29.4    
4    32  25.123    0.107406    1.73204   29.4    
4    33  25.1614   0.108618    1.75157   29.4    
4    34  25.1332   0.11299     1.82207   29.4    
4    35  25.2708   0.109411    1.76437   29.4    
4    36  25.3152   0.108721    1.75324   29.4    
4    37  25.423    0.110674    1.78473   29.4    
4    38  25.395    0.123906    1.9981    29.4    
4    39  25.6712   0.116345    1.87618   29.4    
4    40  25.8284   0.113033    1.82277   29.6    
4    41  26.0406   0.114772    1.85081   30.2    
4    42  26.3708   0.110833    1.7873    30.2    
4    43  26.6746   0.116467    1.87815   31.2    
4    44  27.0616   0.115145    1.85683   31.8    
4    45  27.2512   0.120756    1.94731   32      
4    46  27.5354   0.122557    1.97635   32      
4    47  27.614    0.12486     2.01349   32      
4    48  27.7308   0.125439    2.02283   32.8    
4    49  27.8748   0.124224    2.00324   32.8    
4    50  27.9042   0.126349    2.0375    32.8    
4    51  28.6992   0.128522    2.07254   33.8    
4    52  29.0118   0.138578    2.2347    34.2    
4    53  29.2598   0.143198    2.30921   36.2    
4    54  29.6274   0.146415    2.36109   36.2    
4    55  29.822    0.15374     2.47921   36.2    
4    56  30.085    0.162294    2.61715   36.4    
4    57  30.2746   0.164436    2.6517    36.8    
4    58  30.5868   0.164215    2.64814   37.8    
4    59  30.7396   0.170446    2.74862   37.8    
4    60  31.0476   0.172516    2.78199   37.8    
4    61  31.2496   0.177679    2.86526   37.8    
4    62  31.8556   0.175369    2.82801   39      
4    63  32.4354   0.177318    2.85944   39.4    
4    64  32.8496   0.192968    3.1118    39.4    
4    65  33.1762   0.183334    2.95645   39.4    
4    66  33.3722   0.191824    3.09336   40.4    
4    67  33.6478   0.192407    3.10276   40.4    
4    68  33.7106   0.184714    2.97871   40.4    
4    69  33.8206   0.188031    3.03219   40.4    
4    70  33.7728   0.194836    3.14192   41.4    
4    71  33.7752   0.205745    3.31785   41.4    
4    72  33.9778   0.192162    3.0988    41.4    
4    73  33.9404   0.20725     3.34211   41.4    
4    74  34.1794   0.203175    3.2764    41.4    
4    75  34.1618   0.201581    3.25069   41.4    
4    76  34.0772   0.21345     3.4421    41.4    
4    77  34.2572   0.212703    3.43004   42      
4    78  34.4324   0.207728    3.34982   42      
4    79  34.349    0.213134    3.437     42      
4    80  34.4938   0.20725     3.34211   42      
4    81  34.4322   0.212625    3.42879   42      
4    82  34.6416   0.205646    3.31624   43.4    
4    83  34.4716   0.220626    3.55782   43.4    
4    84  34.599    0.216376    3.48928   43.4    
4    85  34.543    0.216954    3.4986    43.4    
4    86  34.5482   0.214448    3.45818   43.4    
4    87  34.5782   0.217713    3.51085   43.4    
4    88  34.5946   0.219484    3.53939   43.4    
4    89  34.6466   0.220921    3.56258   43.4    
4    90  34.7716   0.20923     3.37404   43.4    
4    91  34.783    0.214057    3.45189   43.4    
4    92  34.8168   0.224136    3.61442   43.4    
4    93  34.8184   0.21933     3.53691   43.4    
4    94  34.841    0.220073    3.5489    43.4    
4    95  34.926    0.217607    3.50914   43.4    
4    96  34.9802   0.21779     3.51208   45.8    
4    97  34.929    0.232245    3.74519   45.8    
4    98  35.0008   0.224835    3.62569   45.8    
4    99  34.9802   0.226166    3.64715   45.8    
4    100 35.0786   0.228983    3.69258   45.8    
Done run 4 of 29

Beginning Run 5 of 29
Run  RI  Mean      95% CI      SD        Best    
5    0   9.8398    0.0316281   0.510035  11.6    
5    1   12.2026   0.0350326   0.564936  14.2    
5    2   13.6534   0.037429    0.60358   15.8    
5    3   15.2748   0.0426289   0.687434  17.8    
5    4   17.182    0.0522371   0.842375  20.2    
5    5   19.6418   0.0718322   1.15837   24      
5    6   21.6128   0.0898377   1.44872   26      
5    7   23.2428   0.106117    1.71124   27.6    
5    8   23.7422   0.114821    1.85161   28      
5    9   24.0996   0.120428    1.94202   29.2    
5    10  24.293    0.126058    2.03282   29.2    
5    11  24.6152   0.129501    2.08833   29.4    
5    12  24.9756   0.136096    2.19468   31.2    
5    13  25.2192   0.143038    2.30662   31.2    
5    14  25.4334   0.146117    2.35628   31.2    
5    15  25.6858   0.153477    2.47497   33.4    
5    16  25.9814   0.156364    2.52153   33.4    
5    17  26.419    0.161735    2.60814   34      
5    18  26.7266   0.17012     2.74336   34      
5    19  27.099    0.164179    2.64755   34      
5    20  27.2848   0.161023    2.59666   34      
5    21  27.4818   0.168842    2.72275   34      
5    22  27.7116   0.179323    2.89176   34      
5    23  27.7322   0.180892    2.91707   34      
5    24  27.859    0.18097     2.91833   34      
5    25  27.8474   0.187663    3.02625   34.8    
5    26  28.047    0.1825      2.94299   34.8    
5    27  28.1226   0.18491     2.98186   34.8    
5    28  28.1552   0.186317    3.00454   34.8    
5    29  28.2868   0.182778    2.94747   34.8    
5    30  28.3122   0.187565    3.02467   35.4    
5    31  28.3334   0.193097    3.11388   35.4    
5    32  28.4488   0.185134    2.98547   35.8    
5    33  28.4332   0.194885    3.14272   35.8    
5    34  28.4642   0.202048    3.25823   36      
5    35  28.5748   0.200968    3.2408    36      
5    36  28.6466   0.20183     3.25471   36      
5    37  28.6858   0.194896    3.1429    36      
5    38  28.731    0.188792    3.04446   36      
5    39  28.5618   0.209845    3.38395   36      
5    40  28.7096   0.201519    3.2497    36      
5    41  28.6996   0.211028    3.40303   36      
5    42  28.5724   0.214629    3.46112   36      
5    43  28.6728   0.213627    3.44495   36      
5    44  28.8078   0.210085    3.38783   36      
5    45  28.8328   0.2091      3.37195   36      
5    46  28.9344   0.205081    3.30713   36      
5    47  28.8764   0.204986    3.30561   36      
5    48  28.8788   0.205845    3.31945   36      
5    49  28.9694   0.208519    3.36258   36      
5    50  28.903    0.209799    3.38322   36      
5    51  28.9708   0.215468    3.47464   36      
5    52  29.007    0.219222    3.53517   36      
5    53  29.122    0.210151    3.3889    36      
5    54  29.0794   0.215134    3.46926   36      
5    55  28.9076   0.227036    3.66118   36      
5    56  29.0664   0.215237    3.47091   36      
5    57  29.0326   0.224436    3.61925   36      
5    58  29.2328   0.205632    3.31603   36      
5    59  29.1474   0.21608     3.4845    36      
5    60  29.1602   0.217166    3.50202   37.2    
5    61  29.1074   0.214558    3.45997   37.2    
5    62  29.2282   0.215587    3.47656   37.2    
5    63  29.1772   0.232427    3.74811   37.2    
5    64  29.2816   0.212933    3.43376   38.4    
5    65  29.4948   0.20434     3.29518   38.4    
5    66  29.2286   0.221532    3.57243   38.4    
5    67  29.3246   0.218523    3.5239    38.4    
5    68  29.3714   0.213892    3.44922   38.4    
5    69  29.3684   0.218059    3.51642   38.4    
5    70  29.3338   0.22051     3.55595   38.4    
5    71  29.2524   0.221803    3.5768    38.4    
5    72  29.372    0.210651    3.39695   38.4    
5    73  29.3536   0.219313    3.53664   38.4    
5    74  29.4356   0.217365    3.50522   38.4    
5    75  29.3702   0.221168    3.56656   38.4    
5    76  29.4478   0.215021    3.46742   38.4    
5    77  29.3262   0.226003    3.64452   38.4    
5    78  29.4498   0.214373    3.45698   38.4    
5    79  29.3866   0.223195    3.59924   38.4    
5    80  29.4596   0.221249    3.56786   38.4    
5    81  29.5196   0.215264    3.47135   38.4    
5    82  29.5794   0.218158    3.51801   38.4    
5    83  29.4664   0.222159    3.58253   38.4    
5    84  29.5234   0.226535    3.6531    38.4    
5    85  29.5354   0.224059    3.61317   38.4    
5    86  29.4968   0.225016    3.62861   38.4    
5    87  29.5152   0.225062    3.62935   38.4    
5    88  29.6692   0.221347    3.56945   38.4    
5    89  29.6418   0.222013    3.58019   38.4    
5    90  29.5542   0.231565    3.73422   38.4    
5    91  29.5494   0.227911    3.67528   38.4    
5    92  29.6938   0.228293    3.68145   38.4    
5    93  29.8418   0.216994    3.49925   38.4    
5    94  29.6304   0.223852    3.60984   38.4    
5    95  29.7158   0.222058    3.58091   38.4    
5    96  29.6856   0.22455     3.62109   38.4    
5    97  29.6824   0.222295    3.58474   38.4    
5    98  29.6792   0.233922    3.77223   38.4    
5    99  29.7176   0.226457    3.65184   38.4    
5    100 29.6914   0.23383     3.77074   38.4    
Done run 5 of 29

Beginning Run 6 of 29
Run  RI  Mean      95% CI      SD        Best    
6    0   9.8542    0.032615    0.525949  12.2    
6    1   12.2054   0.0384997   0.620847  14.8    
6    2   14.6594   0.0422459   0.681257  17.2    
6    3   16.9456   0.0561129   0.904876  20      
6    4   18.242    0.0657112   1.05966   20.8    
6    5   19.0466   0.069425    1.11955   22.6    
6    6   19.3898   0.0808499   1.30379   22.6    
6    7   19.6056   0.0819467   1.32147   22.8    
6    8   19.7838   0.0855585   1.37972   23.2    
6    9   19.8332   0.0930261   1.50014   23.2    
6    10  19.946    0.0876267   1.41307   23.2    
6    11  20.0048   0.0880054   1.41917   23.4    
6    12  20.1488   0.0900468   1.45209   24.6    
6    13  20.1642   0.0946006   1.52553   24.6    
6    14  20.2514   0.0947484   1.52791   24.6    
6    15  20.3826   0.0940825   1.51717   24.6    
6    16  20.4826   0.0948064   1.52885   24.6    
6    17  20.5512   0.100612    1.62247   24.6    
6    18  20.657    0.0998844   1.61074   24.6    
6    19  20.7236   0.104016    1.67736   24.6    
6    20  20.771    0.101507    1.6369    24.6    
6    21  20.896    0.103281    1.6655    24.6    
6    22  20.9726   0.10141     1.63534   24.6    
6    23  21.0884   0.0992532   1.60056   25.2    
6    24  21.1786   0.104156    1.67961   25.4    
6    25  21.287    0.105672    1.70406   25.8    
6    26  21.4458   0.105463    1.70069   25.8    
6    27  21.6084   0.115015    1.85473   26.4    
6    28  21.792    0.119581    1.92836   26.4    
6    29  22.0956   0.114538    1.84705   26.4    
6    30  22.4808   0.111196    1.79315   27      
6    31  22.6554   0.122301    1.97223   29.2    
6    32  22.9648   0.125413    2.0224    29.2    
6    33  23.2084   0.122104    1.96904   29.2    
6    34  23.3998   0.12594     2.03091   29.2    
6    35  23.502    0.132024    2.12902   29.2    
6    36  23.5408   0.139049    2.24231   29.2    
6    37  23.6772   0.129646    2.09067   29.2    
6    38  23.8576   0.126865    2.04583   29.2    
6    39  23.9448   0.134445    2.16806   29.2    
6    40  23.8808   0.145943    2.35347   29.2    
6    41  24.0242   0.140318    2.26276   29.2    
6    42  24.1304   0.133699    2.15602   29.2    
6    43  24.15     0.142216    2.29338   29.2    
6    44  24.1678   0.150246    2.42287   29.4    
6    45  24.182    0.144415    2.32884   29.4    
6    46  24.3482   0.141477    2.28145   29.4    
6    47  24.3204   0.146254    2.35849   29.4    
6    48  24.316    0.146955    2.36979   29.4    
6    49  24.3702   0.149071    2.40392   29.4    
6    50  24.4076   0.144802    2.33508   29.4    
6    51  24.709    0.141059    2.27471   29.4    
6    52  24.8582   0.139061    2.2425    29.8    
6    53  24.7824   0.149153    2.40525   29.8    
6    54  24.7654   0.152935    2.46623   29.8    
6    55  24.9304   0.147419    2.37728   30.2    
6    56  24.974    0.149541    2.4115    30.2    
6    57  25.1082   0.146868    2.36839   30.2    
6    58  25.173    0.14972     2.41438   30.2    
6    59  25.2328   0.144661    2.3328    30.6    
6    60  25.3256   0.143733    2.31784   31      
6    61  25.3572   0.150375    2.42496   31      
6    62  25.3874   0.153393    2.47361   31      
6    63  25.5582   0.143827    2.31936   31      
6    64  25.4738   0.159492    2.57196   31      
6    65  25.7198   0.149962    2.41828   31      
6    66  25.5976   0.156287    2.52028   31      
6    67  25.8658   0.146609    2.36422   31      
6    68  25.8176   0.147884    2.38477   31      
6    69  25.8956   0.157192    2.53487   31      
6    70  25.9908   0.162337    2.61785   31      
6    71  25.9128   0.165043    2.66149   31      
6    72  26.0802   0.154565    2.49252   31      
6    73  26.1436   0.159421    2.57082   31      
6    74  26.1464   0.16442     2.65143   31      
6    75  26.1724   0.167556    2.70201   31.6    
6    76  26.2698   0.169637    2.73557   32      
6    77  26.2094   0.18057     2.91187   32.6    
6    78  26.35     0.180591    2.91221   32.6    
6    79  26.5338   0.166971    2.69258   32.6    
6    80  26.5344   0.171676    2.76845   32.6    
6    81  26.6264   0.168845    2.7228    32.6    
6    82  26.6716   0.16981     2.73835   32.6    
6    83  26.8388   0.168161    2.71177   32.6    
6    84  26.8104   0.170926    2.75635   32.6    
6    85  26.8718   0.172557    2.78265   32.6    
6    86  26.933    0.176506    2.84634   32.6    
6    87  27.0628   0.169119    2.72721   33      
6    88  27.2302   0.168954    2.72456   33      
6    89  27.2558   0.168991    2.72515   33.8    
6    90  27.2646   0.173905    2.80439   33.8    
6    91  27.3014   0.179655    2.89712   34      
6    92  27.3606   0.182394    2.94129   34      
6    93  27.1946   0.196416    3.1674    34      
6    94  27.4186   0.182665    2.94566   34      
6    95  27.5046   0.18637     3.0054    34      
6    96  27.601    0.179242    2.89046   34      
6    97  27.6928   0.173535    2.79842   34      
6    98  27.725    0.179148    2.88895   34      
6    99  27.745    0.188836    3.04516   34      
6    100 27.6098   0.19465     3.13893   34      
Done run 6 of 29

Beginning Run 7 of 29
Run  RI  Mean      95% CI      SD        Best    
7    0   9.8702    0.0327755   0.528538  11.8    
7    1   12.5922   0.0412487   0.665176  14.6    
7    2   14.9134   0.0448915   0.72392   17.4    
7    3   16.8266   0.0541675   0.873506  19.2    
7    4   17.6388   0.0559129   0.901651  20.2    
7    5   18.2148   0.067897    1.09491   21.4    
7    6   19.0462   0.0812023   1.30947   22.8    
7    7   20.0566   0.0812659   1.31049   23.4    
7    8   20.6732   0.0897967   1.44806   24.8    
7    9   21.1528   0.102925    1.65976   24.8    
7    10  21.5872   0.112211    1.80951   26.4    
7    11  22.114    0.110519    1.78224   26.4    
7    12  22.3508   0.124094    2.00113   28.4    
7    13  22.642    0.118649    1.91334   28.4    
7    14  22.7372   0.123287    1.98812   28.4    
7    15  22.84     0.131673    2.12336   28.4    
7    16  22.9566   0.13042     2.10316   28.4    
7    17  23.16     0.127078    2.04925   28.6    
7    18  23.2876   0.136828    2.20648   28.8    
7    19  23.3988   0.138404    2.2319    28.8    
7    20  23.6152   0.133184    2.14773   28.8    
7    21  23.6598   0.14492     2.33699   28.8    
7    22  23.8052   0.140277    2.2621    28.8    
7    23  23.9602   0.13834     2.23087   29.2    
7    24  24.142    0.145572    2.34749   29.2    
7    25  24.2376   0.148237    2.39047   29.2    
7    26  24.4276   0.14566     2.34891   29.8    
7    27  24.4738   0.151607    2.44482   29.8    
7    28  24.5392   0.152964    2.4667    29.8    
7    29  24.5812   0.157569    2.54095   29.8    
7    30  24.6286   0.160089    2.5816    29.8    
7    31  24.696    0.156686    2.52672   30.6    
7    32  24.8378   0.153733    2.47909   30.6    
7    33  24.8022   0.152156    2.45367   30.6    
7    34  24.9554   0.150905    2.43349   30.6    
7    35  24.7516   0.163481    2.6363    30.6    
7    36  24.8904   0.162026    2.61283   30.6    
7    37  25.0462   0.161747    2.60834   30.6    
7    38  24.9718   0.169281    2.72983   31.2    
7    39  25.0832   0.1699      2.7398    31.2    
7    40  25.2994   0.163118    2.63044   31.6    
7    41  25.3744   0.170148    2.7438    31.6    
7    42  25.4128   0.164512    2.65292   31.6    
7    43  25.5004   0.177758    2.86652   32.4    
7    44  25.6842   0.164626    2.65476   33.2    
7    45  25.5906   0.18921     3.05121   33.2    
7    46  25.8482   0.173441    2.7969    33.2    
7    47  25.8862   0.174816    2.81909   33.2    
7    48  25.9954   0.182264    2.93919   33.2    
7    49  26.0614   0.185294    2.98805   33.2    
7    50  26.295    0.186349    3.00507   33.2    
7    51  26.4734   0.185476    2.99099   35.2    
7    52  26.7422   0.190798    3.07681   35.2    
7    53  26.9016   0.192357    3.10195   35.2    
7    54  27.2838   0.193004    3.11238   35.6    
7    55  27.4402   0.197924    3.19172   35.6    
7    56  27.5466   0.197217    3.18033   35.6    
7    57  27.8248   0.198644    3.20333   35.6    
7    58  27.7548   0.209811    3.38341   35.6    
7    59  27.9438   0.2011      3.24294   35.6    
7    60  28.1056   0.201782    3.25394   35.8    
7    61  28.2678   0.208906    3.36882   35.8    
7    62  28.3722   0.196717    3.17225   35.8    
7    63  28.3682   0.21024     3.39033   35.8    
7    64  28.4708   0.206007    3.32206   35.8    
7    65  28.4444   0.210992    3.40245   35.8    
7    66  28.4222   0.216651    3.49371   35.8    
7    67  28.4996   0.216384    3.48941   35.8    
7    68  28.6226   0.220365    3.55361   35.8    
7    69  28.7324   0.223689    3.60721   35.8    
7    70  28.6454   0.2247      3.62351   35.8    
7    71  28.699    0.218397    3.52187   35.8    
7    72  28.7278   0.220552    3.55662   35.8    
7    73  28.7354   0.221705    3.57521   35.8    
7    74  28.7588   0.227715    3.67213   35.8    
7    75  28.8748   0.216946    3.49847   35.8    
7    76  28.9818   0.213356    3.44059   35.8    
7    77  28.907    0.223828    3.60945   35.8    
7    78  28.922    0.221506    3.57201   35.8    
7    79  28.9968   0.232739    3.75314   35.8    
7    80  29.0772   0.221273    3.56824   35.8    
7    81  29.0408   0.220249    3.55173   37.2    
7    82  28.9622   0.23267     3.75204   37.2    
7    83  29.1228   0.217292    3.50405   37.2    
7    84  29.0036   0.230746    3.72101   37.2    
7    85  29.118    0.228295    3.68149   37.2    
7    86  29.254    0.227017    3.66087   37.2    
7    87  29.1118   0.228026    3.67715   37.2    
7    88  29.4512   0.221288    3.56849   37.2    
7    89  29.3966   0.223906    3.61071   37.2    
7    90  29.314    0.233864    3.7713    37.2    
7    91  29.3952   0.225542    3.63708   37.2    
7    92  29.403    0.232108    3.74298   37.2    
7    93  29.4402   0.223487    3.60395   37.2    
7    94  29.5214   0.228939    3.69188   37.2    
7    95  29.5942   0.232348    3.74684   37.2    
7    96  29.49     0.227681    3.67159   37.2    
7    97  29.5962   0.23216     3.74382   37.2    
7    98  29.6458   0.22917     3.6956    37.6    
7    99  29.6594   0.225455    3.63569   37.6    
7    100 29.881    0.229078    3.69412   37.6    
Done run 7 of 29

Beginning Run 8 of 29
Run  RI  Mean      95% CI      SD        Best    
8    0   9.8668    0.0335699   0.541348  12      
8    1   12.3894   0.0405011   0.653121  14.8    
8    2   15.3124   0.0464652   0.749297  18      
8    3   17.0412   0.0501268   0.808346  20      
8    4   17.5924   0.062329    1.00512   21.2    
8    5   18.3336   0.065842    1.06177   22.2    
8    6   19.7592   0.074594    1.2029    23.6    
8    7   20.62     0.0944501   1.5231    25.8    
8    8   21.3168   0.0976788   1.57517   25.8    
8    9   21.8794   0.110147    1.77624   26.2    
8    10  22.4208   0.104183    1.68006   26.4    
8    11  22.6738   0.11883     1.91626   26.6    
8    12  23.0566   0.121557    1.96023   27.4    
8    13  23.231    0.123498    1.99153   29      
8    14  23.495    0.129913    2.09498   30      
8    15  23.6892   0.137039    2.2099    30      
8    16  23.8628   0.139615    2.25143   30      
8    17  23.9842   0.143962    2.32152   30      
8    18  24.1998   0.142116    2.29177   30.2    
8    19  24.42     0.142363    2.29575   30.2    
8    20  24.5012   0.145885    2.35255   31      
8    21  24.557    0.157601    2.54147   31      
8    22  24.755    0.156406    2.52221   31      
8    23  24.8226   0.160378    2.58626   31      
8    24  24.89     0.155178    2.50239   31      
8    25  24.9296   0.159773    2.57649   31      
8    26  25.0308   0.160284    2.58474   31      
8    27  24.9832   0.170662    2.7521    31      
8    28  25.1746   0.161164    2.59893   31      
8    29  25.228    0.167053    2.69389   31      
8    30  25.2398   0.165545    2.66957   31      
8    31  25.337    0.159476    2.57171   31.4    
8    32  25.4428   0.16457     2.65386   31.4    
8    33  25.465    0.169039    2.72592   31.4    
8    34  25.4986   0.168989    2.72511   31.4    
8    35  25.524    0.171094    2.75905   31.4    
8    36  25.6632   0.169225    2.72893   31.4    
8    37  25.6328   0.174696    2.81714   31.4    
8    38  25.6524   0.175486    2.82989   31.4    
8    39  25.7894   0.173682    2.8008    31.8    
8    40  25.8786   0.165129    2.66287   31.8    
8    41  25.8852   0.174975    2.82165   31.8    
8    42  26.0632   0.177473    2.86193   32.2    
8    43  26.2028   0.172437    2.78072   32.2    
8    44  26.0306   0.191318    3.08519   32.2    
8    45  26.1068   0.190252    3.06801   32.2    
8    46  26.1546   0.186833    3.01288   32.2    
8    47  26.2174   0.181403    2.92531   32.2    
8    48  26.1874   0.193988    3.12825   32.2    
8    49  26.3446   0.185235    2.98711   32.2    
8    50  26.312    0.18983     3.0612    32.2    
8    51  26.211    0.204341    3.29521   32.4    
8    52  26.4878   0.196872    3.17475   32.4    
8    53  26.506    0.188115    3.03354   32.4    
8    54  26.6262   0.190362    3.06977   33      
8    55  26.6928   0.189412    3.05446   33      
8    56  26.6558   0.190281    3.06847   33      
8    57  26.6834   0.189577    3.05712   33      
8    58  26.7288   0.191838    3.09358   33      
8    59  26.7092   0.192697    3.10744   33      
8    60  26.742    0.189041    3.04847   33      
8    61  26.7106   0.200207    3.22853   33      
8    62  26.659    0.1947      3.13973   33      
8    63  26.8312   0.195203    3.14785   33      
8    64  26.6696   0.198905    3.20755   33      
8    65  26.8098   0.196389    3.16697   33.2    
8    66  26.8232   0.197513    3.18509   33.2    
8    67  26.8346   0.199732    3.22088   33.2    
8    68  26.7974   0.197929    3.19181   33.2    
8    69  26.9078   0.197238    3.18066   36.4    
8    70  26.836    0.200408    3.23178   36.4    
8    71  26.9046   0.195769    3.15697   36.4    
8    72  26.9112   0.202256    3.26159   36.4    
8    73  26.9936   0.200052    3.22604   36.4    
8    74  26.8694   0.20337     3.27954   36.4    
8    75  26.965    0.202145    3.25979   36.4    
8    76  26.8774   0.204183    3.29265   36.4    
8    77  27.0046   0.207485    3.3459    36.4    
8    78  27.0622   0.203675    3.28446   36.4    
8    79  27.0484   0.20546     3.31325   36.4    
8    80  27.1466   0.198947    3.20823   36.4    
8    81  27.0992   0.203393    3.27991   36.4    
8    82  27.0752   0.197995    3.19287   36.4    
8    83  27.2102   0.203662    3.28426   36.4    
8    84  27.066    0.208455    3.36154   36.4    
8    85  27.2714   0.197412    3.18347   36.4    
8    86  27.1438   0.210088    3.38788   36.4    
8    87  27.1554   0.204416    3.29642   36.4    
8    88  27.295    0.199535    3.2177    36.4    
8    89  27.327    0.197117    3.17872   36.4    
8    90  27.3144   0.195389    3.15084   36.4    
8    91  27.179    0.208971    3.36987   36.4    
8    92  27.2792   0.202621    3.26747   36.4    
8    93  27.3416   0.203526    3.28205   36.4    
8    94  27.4448   0.198547    3.20177   36.4    
8    95  27.3886   0.207291    3.34278   36.4    
8    96  27.4422   0.197211    3.18022   36.4    
8    97  27.5188   0.199669    3.21986   36.4    
8    98  27.4428   0.204344    3.29525   36.4    
8    99  27.542    0.204649    3.30017   36.4    
8    100 27.5386   0.199817    3.22225   36.4    
Done run 8 of 29

Beginning Run 9 of 29
Run  RI  Mean      95% CI      SD        Best    
9    0   9.8784    0.0335376   0.540827  11.6    
9    1   12.3532   0.0379869   0.612576  14.4    
9    2   14.4634   0.03766     0.607306  16.8    
9    3   15.6354   0.0418083   0.674201  17.6    
9    4   16.4974   0.0495439   0.798945  18.6    
9    5   16.9366   0.0541352   0.872984  19.2    
9    6   17.2968   0.0627339   1.01165   20.2    
9    7   17.8192   0.0628919   1.01419   21.2    
9    8   19.0636   0.0774872   1.24956   23.4    
9    9   19.712    0.0844711   1.36218   23.4    
9    10  20.1144   0.0870577   1.40389   23.4    
9    11  20.3904   0.0883319   1.42444   23.8    
9    12  20.5616   0.0953135   1.53702   24.6    
9    13  20.827    0.0938167   1.51289   24.6    
9    14  21.0038   0.0978485   1.57791   24.6    
9    15  21.3582   0.0923431   1.48912   24.8    
9    16  21.5048   0.0996729   1.60733   26      
9    17  21.6682   0.103997    1.67705   26      
9    18  21.7512   0.112677    1.81704   26.4    
9    19  21.9082   0.107938    1.7406    26.4    
9    20  22.0478   0.110343    1.77939   26.4    
9    21  22.0442   0.116098    1.8722    26.4    
9    22  22.1252   0.114758    1.85058   26.4    
9    23  22.2284   0.114818    1.85155   26.6    
9    24  22.3478   0.113529    1.83077   26.6    
9    25  22.4346   0.116316    1.87571   27      
9    26  22.5332   0.114922    1.85324   27      
9    27  22.5972   0.12156     1.96028   27.2    
9    28  22.6436   0.119125    1.921     27.2    
9    29  22.7602   0.122968    1.98298   27.4    
9    30  22.7222   0.124901    2.01415   27.4    
9    31  22.7642   0.125354    2.02145   27.6    
9    32  22.858    0.120093    1.93661   27.6    
9    33  22.8582   0.1251      2.01737   27.6    
9    34  22.7932   0.132658    2.13924   27.6    
9    35  22.9548   0.130496    2.10439   27.6    
9    36  22.8884   0.137305    2.21418   27.8    
9    37  23.012    0.132003    2.12868   29.2    
9    38  23.0306   0.133329    2.15007   29.2    
9    39  23.0712   0.129888    2.09458   29.2    
9    40  23.0612   0.129088    2.08168   29.2    
9    41  23.0652   0.141247    2.27775   29.2    
9    42  23.1918   0.137478    2.21696   29.2    
9    43  23.2254   0.135142    2.17929   29.2    
9    44  23.2154   0.143045    2.30675   29.2    
9    45  23.2946   0.139954    2.25689   29.2    
9    46  23.3532   0.13614     2.19539   29.2    
9    47  23.4572   0.138574    2.23464   29.2    
9    48  23.5118   0.134745    2.17289   29.2    
9    49  23.4804   0.140182    2.26057   29.2    
9    50  23.5252   0.140938    2.27276   29.2    
9    51  23.5912   0.141795    2.28659   29.2    
9    52  23.675    0.142626    2.29999   29.2    
9    53  23.7276   0.14        2.25764   29.2    
9    54  23.7972   0.143454    2.31333   29.2    
9    55  23.6958   0.152305    2.45607   29.2    
9    56  23.9406   0.136705    2.20451   29.2    
9    57  24.0368   0.141129    2.27584   29.6    
9    58  24.032    0.145908    2.35291   29.6    
9    59  24.1504   0.143734    2.31785   30      
9    60  24.2244   0.149153    2.40524   30      
9    61  24.383    0.146815    2.36755   30      
9    62  24.4076   0.151765    2.44737   30      
9    63  24.5636   0.146636    2.36465   30      
9    64  24.6038   0.151322    2.44022   30      
9    65  24.664    0.160274    2.58458   30      
9    66  24.8836   0.149906    2.41738   31.4    
9    67  24.9898   0.151959    2.45049   31.4    
9    68  25.035    0.151735    2.44688   31.4    
9    69  25.1856   0.149726    2.41448   32.2    
9    70  25.1566   0.160041    2.58082   32.2    
9    71  25.2938   0.157345    2.53735   32.2    
9    72  25.3842   0.155081    2.50084   32.2    
9    73  25.332    0.164743    2.65665   32.2    
9    74  25.3946   0.163485    2.63636   32.2    
9    75  25.4802   0.169283    2.72985   32.2    
9    76  25.5482   0.165749    2.67287   32.2    
9    77  25.6478   0.168688    2.72026   32.2    
9    78  25.7302   0.169453    2.7326    32.2    
9    79  25.7484   0.177659    2.86493   32.2    
9    80  25.932    0.169817    2.73847   32.2    
9    81  26.0304   0.170261    2.74564   32.2    
9    82  26.0092   0.169558    2.7343    32.2    
9    83  26.0488   0.182522    2.94335   32.2    
9    84  26.2442   0.176373    2.8442    32.2    
9    85  26.1814   0.181256    2.92293   32.2    
9    86  26.2654   0.173725    2.80149   32.2    
9    87  26.2696   0.181423    2.92563   32.2    
9    88  26.4688   0.184159    2.96975   32.2    
9    89  26.374    0.190482    3.07171   34      
9    90  26.4528   0.190132    3.06606   34      
9    91  26.576    0.18666     3.01007   35.6    
9    92  26.5818   0.199816    3.22224   35.6    
9    93  26.7276   0.199554    3.21801   35.6    
9    94  26.7928   0.195798    3.15743   35.6    
9    95  26.8806   0.19832     3.19812   35.6    
9    96  27.0052   0.192698    3.10744   35.6    
9    97  27.1194   0.197204    3.18012   35.6    
9    98  27.168    0.204958    3.30515   35.6    
9    99  27.3328   0.207818    3.35127   35.6    
9    100 27.4654   0.209885    3.3846    35.6    
Done run 9 of 29

Beginning Run 10 of 29
Run  RI  Mean      95% CI      SD        Best    
10   0   9.86      0.0329118   0.530735  11.8    
10   1   12.2952   0.0394999   0.636975  14.6    
10   2   15.0368   0.0489572   0.789484  18.4    
10   3   17.321    0.0561717   0.905825  20.4    
10   4   18.5118   0.062676    1.01071   23      
10   5   19.4334   0.0758604   1.22333   23      
10   6   20.8788   0.0868081   1.39987   25      
10   7   22.0456   0.0957152   1.5435    26.8    
10   8   22.4106   0.112625    1.8162    27.6    
10   9   22.721    0.116444    1.87778   27.6    
10   10  22.919    0.11742     1.89351   28.4    
10   11  23.035    0.123765    1.99584   28.4    
10   12  23.2666   0.116528    1.87913   28.4    
10   13  23.349    0.123254    1.9876    28.4    
10   14  23.3966   0.128063    2.06515   28.4    
10   15  23.588    0.124501    2.00771   28.4    
10   16  23.786    0.126834    2.04532   28.6    
10   17  23.7644   0.133213    2.14819   28.6    
10   18  23.9346   0.129737    2.09214   28.6    
10   19  24.0152   0.126539    2.04057   30.2    
10   20  24.0796   0.135931    2.19202   30.2    
10   21  24.1652   0.133091    2.14623   30.2    
10   22  24.2926   0.138056    2.22629   30.2    
10   23  24.4828   0.137291    2.21396   30.2    
10   24  24.4622   0.141759    2.28601   30.2    
10   25  24.6042   0.147047    2.37128   30.2    
10   26  24.8224   0.137073    2.21044   30.2    
10   27  25.0288   0.141468    2.28131   30.2    
10   28  25.2096   0.142696    2.30111   30.2    
10   29  25.4268   0.142518    2.29824   31.6    
10   30  25.7012   0.14301     2.30618   31.6    
10   31  25.9768   0.143965    2.32157   31.6    
10   32  26.3388   0.138535    2.23401   31.6    
10   33  26.4986   0.153374    2.47331   31.6    
10   34  26.7196   0.151632    2.44521   31.6    
10   35  26.8264   0.148059    2.38761   31.6    
10   36  27.0942   0.140374    2.26367   31.8    
10   37  27.0782   0.157757    2.54398   31.8    
10   38  27.3366   0.152488    2.45903   32.2    
10   39  27.5672   0.156312    2.52069   32.2    
10   40  27.6764   0.158012    2.5481    32.2    
10   41  27.9748   0.149509    2.41098   32.2    
10   42  28.1634   0.153997    2.48335   32.4    
10   43  28.4748   0.149499    2.41083   32.6    
10   44  28.6606   0.152694    2.46235   33.6    
10   45  28.6818   0.166671    2.68773   34.2    
10   46  29.0624   0.137359    2.21505   34.2    
10   47  29.0316   0.158289    2.55258   34.6    
10   48  29.2212   0.148768    2.39904   34.6    
10   49  29.398    0.15241     2.45777   34.6    
10   50  29.4536   0.150177    2.42175   34.6    
10   51  30.8694   0.162458    2.61979   38.8    
10   52  31.2692   0.181124    2.92081   39.2    
10   53  31.5218   0.190944    3.07917   39.2    
10   54  31.8146   0.197168    3.17953   39.2    
10   55  31.857    0.202114    3.25929   40.2    
10   56  32.0544   0.202911    3.27214   41.4    
10   57  32.1912   0.209494    3.3783    41.4    
10   58  32.3256   0.216228    3.4869    41.4    
10   59  32.3144   0.219644    3.54198   41.4    
10   60  32.3574   0.225232    3.6321    41.6    
10   61  32.4898   0.221771    3.57627   41.6    
10   62  32.6274   0.223312    3.60113   41.6    
10   63  32.7392   0.221338    3.5693    41.6    
10   64  32.7366   0.225823    3.64162   41.6    
10   65  32.8762   0.228731    3.68851   41.6    
10   66  32.912    0.228656    3.6873    41.6    
10   67  32.9976   0.231829    3.73848   41.6    
10   68  33.0696   0.227929    3.67559   41.6    
10   69  33.0856   0.226588    3.65396   41.6    
10   70  33.205    0.224212    3.61565   41.6    
10   71  33.3004   0.225795    3.64118   41.6    
10   72  33.2798   0.231131    3.72722   41.6    
10   73  33.3964   0.2319      3.73961   41.6    
10   74  33.492    0.236986    3.82164   41.6    
10   75  33.5692   0.229962    3.70836   42      
10   76  33.6784   0.240716    3.88178   42      
10   77  33.7402   0.240125    3.87226   42      
10   78  33.7868   0.238855    3.85177   42      
10   79  33.7578   0.240369    3.87619   42.4    
10   80  34.0042   0.237843    3.83546   42.4    
10   81  33.96     0.236829    3.81911   42.4    
10   82  33.9506   0.239487    3.86197   42.4    
10   83  34.0718   0.240989    3.88618   42.4    
10   84  34.0622   0.24098     3.88605   42.4    
10   85  34.0846   0.239471    3.86171   42.8    
10   86  34.1108   0.248533    4.00785   42.8    
10   87  34.1784   0.245645    3.96126   42.8    
10   88  34.2906   0.245117    3.95276   42.8    
10   89  34.1958   0.247644    3.99351   42.8    
10   90  34.1932   0.252297    4.06855   42.8    
10   91  34.3248   0.246868    3.98099   42.8    
10   92  34.4204   0.251749    4.05971   42.8    
10   93  34.3822   0.25084     4.04505   42.8    
10   94  34.5578   0.241983    3.90222   42.8    
10   95  34.4116   0.249386    4.0216    42.8    
10   96  34.3032   0.255196    4.1153    42.8    
10   97  34.6178   0.246038    3.96761   42.8    
10   98  34.584    0.246016    3.96725   42.8    
10   99  34.5002   0.253686    4.09094   42.8    
10   100 34.5558   0.247336    3.98854   42.8    
Done run 10 of 29

Beginning Run 11 of 29
Run  RI  Mean      95% CI      SD        Best    
11   0   9.8564    0.0312541   0.504003  11.6    
11   1   12.1766   0.0375676   0.605816  14.6    
11   2   14.465    0.0432793   0.697922  16.6    
11   3   16.8422   0.0514278   0.829325  20.8    
11   4   18.4454   0.0667765   1.07684   21.6    
11   5   19.1912   0.0784177   1.26456   23      
11   6   19.7072   0.0844477   1.3618    23.2    
11   7   20.0646   0.0906988   1.46261   23.6    
11   8   20.47     0.0949467   1.53111   24      
11   9   20.8294   0.100492    1.62054   24.6    
11   10  21.0758   0.105993    1.70924   24.6    
11   11  21.504    0.103403    1.66747   25.4    
11   12  21.7624   0.116826    1.88394   26.2    
11   13  22.1536   0.119713    1.93049   27.6    
11   14  22.5184   0.118994    1.91889   27.6    
11   15  22.7198   0.127       2.04801   27.6    
11   16  22.838    0.128739    2.07605   27.6    
11   17  23.047    0.135566    2.18614   28.2    
11   18  23.131    0.135937    2.19211   28.2    
11   19  23.2692   0.133387    2.151     28.2    
11   20  23.376    0.140511    2.26588   28.6    
11   21  23.5632   0.133517    2.1531    28.6    
11   22  23.6226   0.133166    2.14743   28.6    
11   23  23.6812   0.138838    2.2389    28.6    
11   24  23.8458   0.14277     2.30232   28.8    
11   25  23.9648   0.138877    2.23953   28.8    
11   26  24.0064   0.136713    2.20464   28.8    
11   27  24.1418   0.146895    2.36883   28.8    
11   28  24.2578   0.143446    2.31321   29.2    
11   29  24.391    0.146774    2.36688   29.2    
11   30  24.4222   0.152019    2.45145   29.6    
11   31  24.5394   0.147628    2.38065   29.6    
11   32  24.5444   0.162463    2.61988   29.6    
11   33  24.6636   0.153888    2.4816    31.2    
11   34  24.6834   0.157261    2.53599   31.2    
11   35  24.7666   0.16201     2.61258   31.2    
11   36  24.9414   0.153834    2.48073   31.2    
11   37  24.931    0.153521    2.47567   31.2    
11   38  24.9476   0.161801    2.60921   31.6    
11   39  25.0138   0.16316     2.63112   31.6    
11   40  25.0786   0.159264    2.56829   31.6    
11   41  25.2496   0.152394    2.4575    31.6    
11   42  25.2112   0.166371    2.6829    31.6    
11   43  25.3616   0.158791    2.56067   31.8    
11   44  25.3156   0.165192    2.66389   32.4    
11   45  25.3918   0.167507    2.70122   32.4    
11   46  25.4566   0.16907     2.72643   32.4    
11   47  25.5166   0.174084    2.80728   32.4    
11   48  25.5792   0.175177    2.82491   32.4    
11   49  25.633    0.168971    2.72483   32.4    
11   50  25.645    0.175105    2.82374   32.4    
11   51  25.695    0.167037    2.69363   32.4    
11   52  25.7748   0.169184    2.72827   32.4    
11   53  25.7728   0.169196    2.72845   32.4    
11   54  25.7844   0.174829    2.81929   32.4    
11   55  25.8204   0.173451    2.79707   32.4    
11   56  25.8928   0.173684    2.80083   32.4    
11   57  26.009    0.171542    2.76629   32.4    
11   58  25.973    0.167945    2.70827   32.4    
11   59  25.9374   0.176343    2.84371   32.4    
11   60  26.0762   0.175165    2.82472   32.4    
11   61  26.183    0.168438    2.71623   32.4    
11   62  26.127    0.177956    2.86972   33      
11   63  26.2684   0.174826    2.81924   33      
11   64  26.3002   0.177399    2.86074   33      
11   65  26.3278   0.178626    2.88052   33      
11   66  26.3842   0.182448    2.94215   33.8    
11   67  26.319    0.190192    3.06703   33.8    
11   68  26.5528   0.181719    2.93041   33.8    
11   69  26.6564   0.179349    2.89219   33.8    
11   70  26.7382   0.189064    3.04885   33.8    
11   71  26.7802   0.198425    3.19981   33.8    
11   72  26.9692   0.197015    3.17707   35      
11   73  26.9578   0.198008    3.19308   35      
11   74  27.243    0.196121    3.16265   35      
11   75  27.2878   0.197039    3.17745   35      
11   76  27.3992   0.200193    3.22831   35.4    
11   77  27.5848   0.191297    3.08485   35.4    
11   78  27.706    0.203238    3.27742   35.4    
11   79  27.8024   0.201183    3.24428   35.4    
11   80  27.9046   0.205098    3.30741   35.4    
11   81  28.0464   0.201142    3.24362   35.4    
11   82  28.0494   0.203869    3.28759   35.4    
11   83  28.0668   0.205958    3.32128   35.4    
11   84  28.2186   0.21564     3.47741   35.4    
11   85  28.3754   0.202896    3.2719    35.4    
11   86  28.4982   0.198001    3.19297   35.4    
11   87  28.5354   0.204362    3.29554   35.4    
11   88  28.4234   0.213679    3.44578   35.4    
11   89  28.6776   0.211609    3.41241   35.8    
11   90  28.6516   0.213714    3.44635   35.8    
11   91  28.5962   0.218328    3.52075   35.8    
11   92  28.7782   0.210771    3.39889   35.8    
11   93  28.808    0.21841     3.52208   35.8    
11   94  28.8652   0.219099    3.53319   35.8    
11   95  28.9576   0.215906    3.48171   36.2    
11   96  29.0032   0.215034    3.46763   36.4    
11   97  28.9898   0.224138    3.61445   36.4    
11   98  29.2092   0.21735     3.50498   36.4    
11   99  28.9618   0.228165    3.67938   36.4    
11   100 29.1566   0.218705    3.52683   36.4    
Done run 11 of 29

Beginning Run 12 of 29
Run  RI  Mean      95% CI      SD        Best    
12   0   9.8804    0.0333491   0.537788  11.8    
12   1   12.1878   0.0353527   0.570098  14      
12   2   14.2984   0.0359623   0.579929  16.6    
12   3   15.3302   0.0424065   0.683848  17.6    
12   4   16.8858   0.0508873   0.820609  19      
12   5   17.744    0.0560986   0.904646  21      
12   6   18.2328   0.0590735   0.95262   21.6    
12   7   18.751    0.072412    1.16772   22.4    
12   8   19.4514   0.0790224   1.27431   24      
12   9   19.9684   0.0829354   1.33742   24.6    
12   10  20.3794   0.087889    1.4173    24.6    
12   11  20.733    0.0948424   1.52943   25.2    
12   12  21.0314   0.106369    1.7153    25.2    
12   13  21.4936   0.111823    1.80325   26      
12   14  22.1284   0.115339    1.85996   29      
12   15  22.6086   0.117981    1.90256   29      
12   16  22.856    0.125483    2.02354   29      
12   17  23.1808   0.12654     2.04058   29      
12   18  23.4428   0.124758    2.01185   29      
12   19  23.6166   0.129509    2.08846   29      
12   20  23.712    0.135122    2.17898   29      
12   21  23.9274   0.133299    2.14958   29      
12   22  24.1032   0.133861    2.15865   29      
12   23  24.2204   0.139208    2.24487   29.2    
12   24  24.4444   0.136061    2.19413   29.2    
12   25  24.498    0.14114     2.27603   29.2    
12   26  24.4      0.15381     2.48034   29.4    
12   27  24.6776   0.142431    2.29685   29.4    
12   28  24.8012   0.142347    2.29549   29.4    
12   29  24.885    0.144871    2.33619   30      
12   30  24.926    0.154575    2.49267   30      
12   31  25.055    0.145889    2.35261   30      
12   32  25.09     0.156837    2.52915   30.8    
12   33  25.1584   0.153081    2.46858   30.8    
12   34  25.2334   0.150923    2.43379   30.8    
12   35  25.338    0.151659    2.44565   30.8    
12   36  25.3326   0.161165    2.59895   30.8    
12   37  25.4866   0.150056    2.4198    31      
12   38  25.4688   0.157751    2.5439    31      
12   39  25.483    0.155543    2.50828   31      
12   40  25.5856   0.156935    2.53073   31      
12   41  25.6332   0.158306    2.55284   31      
12   42  25.6358   0.155313    2.50458   31      
12   43  25.6618   0.159057    2.56496   31      
12   44  25.7998   0.155137    2.50174   31      
12   45  25.85     0.151678    2.44596   31      
12   46  25.842    0.157552    2.54068   31      
12   47  25.967    0.154097    2.48496   31      
12   48  26.006    0.155084    2.50089   31      
12   49  26.0416   0.158477    2.5556    31      
12   50  26.0962   0.164374    2.6507    31      
12   51  26.5254   0.164098    2.64625   34.2    
12   52  27.0246   0.160147    2.58252   34.2    
12   53  27.233    0.163563    2.63762   34.8    
12   54  27.4822   0.160557    2.58915   34.8    
12   55  27.6844   0.164628    2.65479   34.8    
12   56  27.8196   0.166376    2.68297   34.8    
12   57  27.939    0.169662    2.73597   34.8    
12   58  28.1472   0.170849    2.75511   34.8    
12   59  28.2296   0.173464    2.79729   35.2    
12   60  28.3098   0.170892    2.75581   35.2    
12   61  28.3924   0.174964    2.82146   35.8    
12   62  28.522    0.176517    2.84651   35.8    
12   63  28.6436   0.176708    2.84959   35.8    
12   64  28.6626   0.180936    2.91777   35.8    
12   65  28.6156   0.18168     2.92976   35.8    
12   66  28.8124   0.180206    2.90601   35.8    
12   67  28.8642   0.185771    2.99574   36.4    
12   68  28.7666   0.189505    3.05597   36.4    
12   69  28.9116   0.180862    2.91658   36.4    
12   70  28.8026   0.186259    3.00362   36.4    
12   71  28.9402   0.187051    3.01639   36.4    
12   72  28.9718   0.189252    3.05188   36.4    
12   73  29.0312   0.186409    3.00603   36.4    
12   74  29.018    0.188052    3.03253   36.4    
12   75  29.0914   0.190649    3.0744    36.4    
12   76  29.1738   0.193095    3.11385   36.4    
12   77  29.167    0.191037    3.08066   36.4    
12   78  29.2216   0.196416    3.1674    36.8    
12   79  29.2714   0.189877    3.06196   36.8    
12   80  29.2584   0.193714    3.12384   36.8    
12   81  29.27     0.199593    3.21864   36.8    
12   82  29.3784   0.194106    3.13015   36.8    
12   83  29.4406   0.19176     3.09232   36.8    
12   84  29.4236   0.190924    3.07884   36.8    
12   85  29.4372   0.194162    3.13105   36.8    
12   86  29.5644   0.194128    3.13051   36.8    
12   87  29.551    0.196727    3.17241   36.8    
12   88  29.5622   0.19584     3.15812   36.8    
12   89  29.5772   0.196475    3.16835   36.8    
12   90  29.6648   0.194486    3.13628   36.8    
12   91  29.6048   0.193828    3.12567   36.8    
12   92  29.6372   0.1958      3.15746   36.8    
12   93  29.6888   0.194594    3.13803   36.8    
12   94  29.7926   0.19557     3.15376   36.8    
12   95  29.812    0.195792    3.15734   36.8    
12   96  29.839    0.19746     3.18424   36.8    
12   97  29.9144   0.192907    3.11083   37      
12   98  30.034    0.201298    3.24614   37      
12   99  30.0636   0.199959    3.22454   37      
12   100 30.0948   0.199915    3.22383   37      
Done run 12 of 29

Beginning Run 13 of 29
Run  RI  Mean      95% CI      SD        Best    
13   0   9.854     0.033672    0.542995  11.8    
slurmstepd: error: *** JOB 2896001 ON gra1127 CANCELLED AT 2023-01-23T15:58:19 DUE TO TIME LIMIT ***
