22; ./512PM ./PM512/P1/ps5/ ./Profiles/Profile1_512.dat 1 0.00894393 0.000178769 0.323268 0.0182953 0.00196552 0.0127864 0.496811 0.024949 0.112802
Graph Evolution Tool.
Initial Graph: Ring with m = 2
Fitness Function: Profile Matching
Representation: THADS-N with Operation Densities
Densities: 0.00894393 0.000178769 0.323268 0.0182953 0.00196552 0.0127864 0.496811 0.024949 0.112802 
Profile: 1 16 32 56 88 112 120 120 120 112 88 56 32 16 8 8 8 
Check readme.dat for more information about parameters/output.

Beginning Run 0 of 29
Run  RI  Mean      95% CI      SD        Best    
0    0   48.4569   0.187354    3.02127   41.4183     	Dead: 0
0    1   46.3763   0.165942    2.67597   39.8153     	Dead: 0
0    2   44.6276   0.14742     2.3773    39.2887     	Dead: 0
0    3   43.1841   0.112481    1.81388   39.0527     	Dead: 0
0    4   42.2473   0.088503    1.4272    38.1189     	Dead: 0
0    5   41.7028   0.0851631   1.37334   37.387      	Dead: 0
0    6   41.2568   0.082482    1.3301    36.8023     	Dead: 0
0    7   40.8443   0.0826221   1.33236   36.8023     	Dead: 0
0    8   40.4058   0.0822683   1.32666   36.6608     	Dead: 0
0    9   40.0211   0.0789564   1.27325   36.6608     	Dead: 0
0    10  39.6654   0.0811801   1.30911   36.6608     	Dead: 0
0    11  39.3713   0.078344    1.26338   36.6608     	Dead: 0
0    12  39.1267   0.0745803   1.20268   36.3955     	Dead: 0
0    13  38.9284   0.0796764   1.28486   36.3725     	Dead: 0
0    14  38.7917   0.0869524   1.40219   36.1126     	Dead: 0
0    15  38.5303   0.0783278   1.26311   35.9488     	Dead: 0
0    16  38.4384   0.0837949   1.35128   35.7337     	Dead: 0
0    17  38.296    0.0875359   1.4116    34.9546     	Dead: 0
0    18  38.1169   0.0934254   1.50658   34.9546     	Dead: 0
0    19  38.0342   0.0869861   1.40274   34.9546     	Dead: 0
0    20  37.8905   0.080294    1.29482   34.9546     	Dead: 0
0    21  37.7872   0.0838128   1.35157   34.6974     	Dead: 0
0    22  37.5708   0.0766958   1.2368    34.6974     	Dead: 0
0    23  37.462    0.0832925   1.34318   34.5136     	Dead: 0
0    24  37.1948   0.0757005   1.22075   34.1758     	Dead: 0
0    25  36.9639   0.0800662   1.29115   34.1758     	Dead: 0
0    26  36.6733   0.0717443   1.15695   34.1758     	Dead: 0
0    27  36.4742   0.0785337   1.26643   34.1758     	Dead: 0
0    28  36.197    0.0696371   1.12297   34.106      	Dead: 0
0    29  35.972    0.0607057   0.97894   33.9699     	Dead: 0
0    30  35.8415   0.0660399   1.06496   33.9699     	Dead: 0
0    31  35.6626   0.0584699   0.942885  33.9699     	Dead: 0
0    32  35.5529   0.0571648   0.92184   33.8297     	Dead: 0
0    33  35.5162   0.0601285   0.969633  33.8297     	Dead: 0
0    34  35.4294   0.0593729   0.957448  33.8297     	Dead: 0
0    35  35.3737   0.059812    0.964528  33.8297     	Dead: 0
0    36  35.2852   0.0595162   0.959759  33.7705     	Dead: 0
0    37  35.2216   0.0568961   0.917506  33.7705     	Dead: 0
0    38  35.1898   0.0589306   0.950315  33.5191     	Dead: 0
0    39  35.0913   0.0591725   0.954216  33.5191     	Dead: 0
0    40  35.0073   0.0553092   0.891917  33.4013     	Dead: 0
0    41  34.9305   0.0566441   0.913443  33.2884     	Dead: 0
0    42  34.8932   0.0559375   0.902049  33.2235     	Dead: 0
0    43  34.8837   0.0608129   0.98067   33.2235     	Dead: 0
0    44  34.8086   0.0604121   0.974206  33.2235     	Dead: 0
0    45  34.7273   0.0560034   0.903111  33.1469     	Dead: 0
0    46  34.6527   0.0561644   0.905708  33.1469     	Dead: 0
0    47  34.603    0.0573937   0.925531  33.053      	Dead: 0
0    48  34.5726   0.0584435   0.94246   33.053      	Dead: 0
0    49  34.554    0.056135    0.905233  33.053      	Dead: 0
0    50  34.4761   0.0554058   0.893474  32.978      	Dead: 0
0    51  34.4338   0.0558106   0.900001  32.978      	Dead: 0
0    52  34.404    0.0551995   0.890147  32.978      	Dead: 0
0    53  34.3382   0.0550412   0.887595  32.9104     	Dead: 0
0    54  34.3183   0.0586546   0.945865  32.9104     	Dead: 0
0    55  34.2331   0.0502655   0.810581  32.9104     	Dead: 0
0    56  34.1991   0.0532117   0.858092  32.9104     	Dead: 0
0    57  34.1977   0.0524375   0.845608  32.9104     	Dead: 0
0    58  34.1591   0.0528071   0.851567  32.858      	Dead: 0
0    59  34.1337   0.0505003   0.814368  32.858      	Dead: 0
0    60  34.0979   0.0533319   0.86003   32.858      	Dead: 0
0    61  34.0952   0.0512352   0.826219  32.858      	Dead: 0
0    62  34.0719   0.0521583   0.841104  32.8262     	Dead: 0
0    63  34.0209   0.048726    0.785755  32.6713     	Dead: 0
0    64  34.0766   0.0539171   0.869467  32.6713     	Dead: 0
0    65  34.0131   0.0533746   0.860718  32.6713     	Dead: 0
0    66  33.9639   0.0474551   0.765262  32.6713     	Dead: 0
0    67  33.9609   0.0487582   0.786274  32.6713     	Dead: 0
0    68  33.9172   0.0481647   0.776704  32.6713     	Dead: 0
0    69  33.9093   0.0504135   0.812969  32.6713     	Dead: 0
0    70  33.8903   0.0492964   0.794953  32.6713     	Dead: 0
0    71  33.9027   0.0508386   0.819823  32.6713     	Dead: 0
0    72  33.9194   0.0530805   0.855976  32.6299     	Dead: 0
0    73  33.8796   0.0522681   0.842875  32.6299     	Dead: 0
0    74  33.8612   0.0522484   0.842558  32.6299     	Dead: 0
0    75  33.8368   0.0520666   0.839627  32.6299     	Dead: 0
0    76  33.8229   0.0511156   0.82429   32.6299     	Dead: 0
0    77  33.7913   0.0486725   0.784893  32.6299     	Dead: 0
0    78  33.8      0.0503103   0.811303  32.6299     	Dead: 0
0    79  33.7576   0.0468857   0.756079  32.6299     	Dead: 0
0    80  33.7584   0.0478507   0.77164   32.6299     	Dead: 0
0    81  33.7381   0.0477381   0.769825  32.6299     	Dead: 0
0    82  33.7152   0.0479996   0.774042  32.6299     	Dead: 0
0    83  33.7015   0.047996    0.773984  32.6299     	Dead: 0
0    84  33.7137   0.0505616   0.815357  32.6299     	Dead: 0
0    85  33.6339   0.0438319   0.706834  32.6299     	Dead: 0
0    86  33.6156   0.0442211   0.713109  32.6299     	Dead: 0
0    87  33.6233   0.0474367   0.764964  32.6299     	Dead: 0
0    88  33.6261   0.0512432   0.826348  32.6182     	Dead: 0
0    89  33.599    0.046997    0.757874  32.6182     	Dead: 0
0    90  33.5956   0.0465159   0.750116  32.6182     	Dead: 0
0    91  33.5684   0.0476453   0.768328  32.6182     	Dead: 0
0    92  33.5705   0.0491358   0.792365  32.6182     	Dead: 0
0    93  33.5474   0.0474547   0.765254  32.6182     	Dead: 0
0    94  33.5609   0.0480023   0.774084  32.6182     	Dead: 0
0    95  33.5258   0.0455321   0.734251  32.576      	Dead: 0
0    96  33.5024   0.0450394   0.726306  32.576      	Dead: 0
0    97  33.5391   0.0481981   0.777243  32.576      	Dead: 0
0    98  33.5162   0.0464935   0.749755  32.576      	Dead: 0
0    99  33.5272   0.0491379   0.792399  32.5693     	Dead: 0
0    100 33.505    0.0489547   0.789443  32.5693     	Dead: 0
Done run 0 of 29

Beginning Run 1 of 29
Run  RI  Mean      95% CI      SD        Best    
1    0   48.501    0.193502    3.12042   41.0147     	Dead: 0
1    1   46.4918   0.169618    2.73525   40.5741     	Dead: 0
1    2   44.6879   0.145966    2.35384   39.0473     	Dead: 0
1    3   43.322    0.121539    1.95994   38.5607     	Dead: 0
1    4   42.2863   0.0939983   1.51582   37.8136     	Dead: 0
1    5   41.5259   0.0870826   1.40429   37.56       	Dead: 0
1    6   41.0692   0.0900088   1.45148   37.3448     	Dead: 0
1    7   40.5748   0.0791048   1.27564   37.3448     	Dead: 0
1    8   40.1997   0.0781142   1.25967   37.3448     	Dead: 0
1    9   39.809    0.0758147   1.22259   36.8157     	Dead: 0
1    10  39.5268   0.0797304   1.28573   36.8157     	Dead: 0
1    11  39.2771   0.0792798   1.27847   36.4327     	Dead: 0
1    12  39.028    0.074987    1.20924   36.2368     	Dead: 0
1    13  38.7643   0.0710862   1.14634   36.2368     	Dead: 0
1    14  38.5429   0.0722285   1.16476   36.2368     	Dead: 0
1    15  38.3006   0.0742587   1.1975    35.6689     	Dead: 0
1    16  38.0298   0.0699043   1.12728   35.6556     	Dead: 0
1    17  37.7114   0.0653532   1.05389   35.2327     	Dead: 0
1    18  37.4704   0.0683796   1.10269   35.0454     	Dead: 0
1    19  37.2616   0.0654842   1.056     35.0454     	Dead: 0
1    20  37.0923   0.0668825   1.07855   34.5304     	Dead: 0
1    21  36.9328   0.0664461   1.07151   34.5304     	Dead: 0
1    22  36.8204   0.0678484   1.09412   34.5304     	Dead: 0
1    23  36.6152   0.0614135   0.990354  34.3846     	Dead: 0
1    24  36.5314   0.060772    0.980009  34.2318     	Dead: 0
1    25  36.4381   0.0639987   1.03204   34.2318     	Dead: 0
1    26  36.2852   0.0586916   0.946461  34.0603     	Dead: 0
1    27  36.179    0.061059    0.984637  34.0603     	Dead: 0
1    28  36.1042   0.0647781   1.04461   34.0603     	Dead: 0
1    29  35.96     0.0594364   0.958471  34.0603     	Dead: 0
1    30  35.9089   0.0649653   1.04763   34.0603     	Dead: 0
1    31  35.8581   0.0643525   1.03775   34.0603     	Dead: 0
1    32  35.7457   0.0595425   0.960182  33.8088     	Dead: 0
1    33  35.6637   0.0599669   0.967026  33.8088     	Dead: 0
1    34  35.6058   0.06055     0.97643   33.8088     	Dead: 0
1    35  35.5423   0.0587244   0.946989  33.8088     	Dead: 0
1    36  35.4623   0.0618009   0.996601  33.8088     	Dead: 0
1    37  35.3762   0.0562742   0.907478  33.6454     	Dead: 0
1    38  35.3223   0.0611711   0.986446  33.6454     	Dead: 0
1    39  35.2622   0.0576917   0.930337  33.2374     	Dead: 0
1    40  35.1874   0.0579563   0.934603  33.2374     	Dead: 0
1    41  35.1074   0.0590485   0.952217  33.2374     	Dead: 0
1    42  35.0114   0.0554803   0.894675  33.2374     	Dead: 0
1    43  34.9402   0.0574026   0.925674  33.2374     	Dead: 0
1    44  34.9083   0.0572665   0.923479  33.2374     	Dead: 0
1    45  34.8422   0.0554333   0.893918  33.2374     	Dead: 0
1    46  34.7742   0.0555964   0.896548  33.0451     	Dead: 0
1    47  34.7255   0.0592648   0.955705  33.0451     	Dead: 0
1    48  34.6725   0.0565509   0.911939  33.0451     	Dead: 0
1    49  34.6479   0.0574844   0.926993  33.0451     	Dead: 0
1    50  34.5933   0.0528155   0.851703  33.0451     	Dead: 0
1    51  34.5871   0.0524802   0.846296  33.0451     	Dead: 0
1    52  34.5441   0.0521643   0.841202  33.0451     	Dead: 0
1    53  34.5256   0.0541714   0.873568  33.0325     	Dead: 0
1    54  34.5204   0.0538195   0.867893  33.0325     	Dead: 0
1    55  34.4704   0.0525975   0.848188  33.0325     	Dead: 0
1    56  34.4284   0.0511499   0.824843  33.017      	Dead: 0
1    57  34.3955   0.0482197   0.777591  33.017      	Dead: 0
1    58  34.3623   0.050228    0.809976  33.017      	Dead: 0
1    59  34.3589   0.0534993   0.86273   33.017      	Dead: 0
1    60  34.3326   0.0521298   0.840645  33.017      	Dead: 0
1    61  34.3434   0.054485    0.878625  33.017      	Dead: 0
1    62  34.2297   0.0453907   0.731971  33.017      	Dead: 0
1    63  34.2359   0.0491196   0.792102  32.7253     	Dead: 0
1    64  34.2146   0.0490901   0.791627  32.7253     	Dead: 0
1    65  34.1796   0.0478845   0.772185  32.7253     	Dead: 0
1    66  34.1499   0.0472379   0.761758  32.7253     	Dead: 0
1    67  34.1389   0.0475746   0.767188  32.7253     	Dead: 0
1    68  34.0949   0.0475746   0.767188  32.7253     	Dead: 0
1    69  34.0748   0.0486088   0.783866  32.7253     	Dead: 0
1    70  34.0278   0.0475774   0.767234  32.7253     	Dead: 0
1    71  33.9761   0.0455874   0.735142  32.7253     	Dead: 0
1    72  33.9164   0.0431971   0.696597  32.7253     	Dead: 0
1    73  33.8932   0.0469424   0.756994  32.7253     	Dead: 0
1    74  33.8518   0.0434636   0.700894  32.7253     	Dead: 0
1    75  33.8403   0.0456196   0.735661  32.7253     	Dead: 0
1    76  33.8165   0.0461736   0.744595  32.7253     	Dead: 0
1    77  33.7519   0.0428049   0.690272  32.7253     	Dead: 0
1    78  33.6961   0.0391602   0.631497  32.7119     	Dead: 0
1    79  33.6918   0.0433145   0.698489  32.6924     	Dead: 0
1    80  33.6686   0.0425778   0.68661   32.6924     	Dead: 0
1    81  33.6535   0.0418605   0.675043  32.6924     	Dead: 0
1    82  33.6067   0.0385592   0.621805  32.6924     	Dead: 0
1    83  33.5889   0.0390041   0.628981  32.6924     	Dead: 0
1    84  33.5985   0.0406398   0.655358  32.6924     	Dead: 0
1    85  33.5628   0.039178    0.631785  32.6444     	Dead: 0
1    86  33.5525   0.0408692   0.659057  32.6444     	Dead: 0
1    87  33.5518   0.0418887   0.675498  32.6444     	Dead: 0
1    88  33.5548   0.0428509   0.691014  32.6444     	Dead: 0
1    89  33.5266   0.0418008   0.67408   32.6444     	Dead: 0
1    90  33.4863   0.0380902   0.614243  32.6134     	Dead: 0
1    91  33.5155   0.0438031   0.706369  32.6134     	Dead: 0
1    92  33.4894   0.0425064   0.685459  32.6134     	Dead: 0
1    93  33.5028   0.0437046   0.704781  32.6134     	Dead: 0
1    94  33.4761   0.0409326   0.660079  32.6134     	Dead: 0
1    95  33.4537   0.039554    0.637848  32.6134     	Dead: 0
1    96  33.4547   0.0400007   0.645051  32.6134     	Dead: 0
1    97  33.4649   0.0420096   0.677446  32.6134     	Dead: 0
1    98  33.4472   0.0376379   0.606949  32.6134     	Dead: 0
1    99  33.4615   0.0421847   0.68027   32.6134     	Dead: 0
1    100 33.4523   0.0445787   0.718876  32.6134     	Dead: 0
Done run 1 of 29

Beginning Run 2 of 29
Run  RI  Mean      95% CI      SD        Best    
2    0   48.664    0.185892    2.9977    40.8965     	Dead: 0
2    1   46.44     0.160767    2.59253   39.9336     	Dead: 0
2    2   44.7855   0.13294     2.14379   39.8536     	Dead: 0
2    3   43.5431   0.114094    1.83988   39.3562     	Dead: 0
2    4   42.7622   0.100238    1.61645   39.3562     	Dead: 0
2    5   42.1643   0.0870335   1.4035    38.7789     	Dead: 0
2    6   41.8435   0.086681    1.39782   38.5132     	Dead: 0
2    7   41.4178   0.0802023   1.29334   38.112      	Dead: 0
2    8   41.0588   0.0740646   1.19437   37.5069     	Dead: 0
2    9   40.843    0.0841568   1.35711   37.5069     	Dead: 0
2    10  40.5596   0.0846479   1.36503   37.4969     	Dead: 0
2    11  40.2547   0.0867668   1.3992    37.4648     	Dead: 0
2    12  39.9067   0.0805937   1.29965   37.0092     	Dead: 0
2    13  39.5601   0.0803175   1.2952    36.3804     	Dead: 0
2    14  39.3217   0.0813207   1.31138   36.3804     	Dead: 0
2    15  39.0241   0.0828355   1.3358    35.4297     	Dead: 0
2    16  38.6732   0.0754021   1.21593   35.4297     	Dead: 0
2    17  38.4635   0.0791487   1.27635   35.4297     	Dead: 0
2    18  38.3236   0.0882648   1.42336   35.4297     	Dead: 0
2    19  38.0598   0.082372    1.32833   35.4229     	Dead: 0
2    20  37.8366   0.0803863   1.29631   34.984      	Dead: 0
2    21  37.6747   0.0821548   1.32483   34.5578     	Dead: 0
2    22  37.4792   0.074031    1.19382   34.5578     	Dead: 0
2    23  37.3093   0.0748601   1.20719   34.5578     	Dead: 0
2    24  37.139    0.075087    1.21085   34.5578     	Dead: 0
2    25  36.9331   0.0685885   1.10606   34.5578     	Dead: 0
2    26  36.8169   0.0703349   1.13422   34.2267     	Dead: 0
2    27  36.7267   0.0704469   1.13603   34.2267     	Dead: 0
2    28  36.6268   0.0684879   1.10444   34.2267     	Dead: 0
2    29  36.5216   0.0710506   1.14576   34.2267     	Dead: 0
2    30  36.4529   0.0710199   1.14527   34.2267     	Dead: 0
2    31  36.3722   0.0725941   1.17065   34.2267     	Dead: 0
2    32  36.2095   0.0658337   1.06163   34.2144     	Dead: 0
2    33  36.1506   0.0679272   1.09539   34.1947     	Dead: 0
2    34  36.0362   0.0699236   1.12759   33.7142     	Dead: 0
2    35  35.8509   0.0589057   0.949914  33.7142     	Dead: 0
2    36  35.8124   0.0659891   1.06414   33.7142     	Dead: 0
2    37  35.7417   0.0670206   1.08077   33.7142     	Dead: 0
2    38  35.5952   0.0624194   1.00658   33.7142     	Dead: 0
2    39  35.4994   0.0608633   0.981482  33.7142     	Dead: 0
2    40  35.4201   0.0612958   0.988456  33.4722     	Dead: 0
2    41  35.3702   0.0646641   1.04277   33.4722     	Dead: 0
2    42  35.2751   0.0623743   1.00585   33.4722     	Dead: 0
2    43  35.2008   0.0592429   0.955351  33.4722     	Dead: 0
2    44  35.1647   0.059849    0.965124  33.4722     	Dead: 0
2    45  35.0593   0.0545176   0.879151  33.4722     	Dead: 0
2    46  35.0445   0.0575552   0.928135  33.4722     	Dead: 0
2    47  34.9721   0.0589122   0.950018  33.4722     	Dead: 0
2    48  34.9202   0.0570105   0.919351  33.4722     	Dead: 0
2    49  34.8513   0.0532109   0.858079  33.4722     	Dead: 0
2    50  34.8031   0.0538748   0.868785  33.2021     	Dead: 0
2    51  34.7774   0.0532666   0.858977  33.2021     	Dead: 0
2    52  34.7362   0.0554866   0.894777  33.2021     	Dead: 0
2    53  34.7288   0.0570993   0.920784  33.2021     	Dead: 0
2    54  34.7154   0.0557665   0.89929   33.2021     	Dead: 0
2    55  34.6643   0.0540832   0.872146  33.2021     	Dead: 0
2    56  34.6377   0.0536792   0.865631  33.1164     	Dead: 0
2    57  34.5546   0.0524263   0.845427  33.0076     	Dead: 0
2    58  34.5002   0.0519005   0.836948  33.0076     	Dead: 0
2    59  34.4791   0.055818    0.900121  33.0076     	Dead: 0
2    60  34.4599   0.0533272   0.859955  33.0076     	Dead: 0
2    61  34.398    0.0516328   0.832631  32.9975     	Dead: 0
2    62  34.3958   0.0561775   0.905918  32.9975     	Dead: 0
2    63  34.3423   0.0516108   0.832275  32.9975     	Dead: 0
2    64  34.3493   0.053304    0.85958   32.9975     	Dead: 0
2    65  34.3085   0.0520715   0.839705  32.9975     	Dead: 0
2    66  34.2693   0.0527484   0.85062   32.8589     	Dead: 0
2    67  34.2783   0.053875    0.868789  32.8589     	Dead: 0
2    68  34.2432   0.0553353   0.892337  32.8589     	Dead: 0
2    69  34.2045   0.0545563   0.879775  32.8589     	Dead: 0
2    70  34.2007   0.0532322   0.858423  32.8589     	Dead: 0
2    71  34.1642   0.0534458   0.861866  32.8589     	Dead: 0
2    72  34.1215   0.0520229   0.838922  32.8589     	Dead: 0
2    73  34.1049   0.050513    0.814573  32.8589     	Dead: 0
2    74  34.0942   0.0521879   0.841583  32.8589     	Dead: 0
2    75  34.1077   0.0542218   0.874381  32.8589     	Dead: 0
2    76  34.07     0.0515862   0.83188   32.838      	Dead: 0
2    77  34.0154   0.0488224   0.78731   32.838      	Dead: 0
2    78  34.0643   0.056114    0.904894  32.838      	Dead: 0
2    79  33.9814   0.0449201   0.724382  32.838      	Dead: 0
2    80  33.9945   0.0504826   0.814082  32.838      	Dead: 0
2    81  33.9957   0.0519504   0.837752  32.838      	Dead: 0
2    82  33.9732   0.0498182   0.803369  32.838      	Dead: 0
2    83  33.9682   0.0509775   0.822063  32.838      	Dead: 0
2    84  33.9377   0.0483645   0.779926  32.838      	Dead: 0
2    85  33.904    0.0470094   0.758073  32.838      	Dead: 0
2    86  33.897    0.0486657   0.784783  32.838      	Dead: 0
2    87  33.9063   0.0499511   0.805511  32.838      	Dead: 0
2    88  33.9189   0.0529917   0.854545  32.7671     	Dead: 0
2    89  33.9028   0.0512044   0.825722  32.7671     	Dead: 0
2    90  33.9289   0.0554412   0.894046  32.7671     	Dead: 0
2    91  33.8848   0.0512096   0.825806  32.7671     	Dead: 0
2    92  33.8371   0.050147    0.80867   32.7671     	Dead: 0
2    93  33.8243   0.049169    0.7929    32.7671     	Dead: 0
2    94  33.7822   0.0469636   0.757336  32.6923     	Dead: 0
2    95  33.8057   0.0484433   0.781197  32.6923     	Dead: 0
2    96  33.8004   0.0505238   0.814747  32.6923     	Dead: 0
2    97  33.7794   0.0483628   0.779898  32.6923     	Dead: 0
2    98  33.8111   0.0531281   0.856744  32.6923     	Dead: 0
2    99  33.7757   0.0493167   0.795281  32.6923     	Dead: 0
2    100 33.7513   0.0484259   0.780915  32.6923     	Dead: 0
Done run 2 of 29

Beginning Run 3 of 29
Run  RI  Mean      95% CI      SD        Best    
3    0   48.5761   0.187097    3.01713   40.2479     	Dead: 0
3    1   46.5028   0.16094     2.59532   39.5199     	Dead: 0
3    2   44.7936   0.141102    2.27541   39.5199     	Dead: 0
3    3   43.3589   0.124468    2.00717   38.8165     	Dead: 0
3    4   42.3317   0.10421     1.68049   38.7337     	Dead: 0
3    5   41.7124   0.090544    1.46011   38.5495     	Dead: 0
3    6   41.2809   0.0827311   1.33412   38.284      	Dead: 0
3    7   40.9944   0.0839023   1.35301   37.8912     	Dead: 0
3    8   40.7855   0.0848488   1.36827   37.362      	Dead: 0
3    9   40.4672   0.0820386   1.32295   36.8191     	Dead: 0
3    10  40.2132   0.0821715   1.3251    36.8191     	Dead: 0
3    11  40.0208   0.0867315   1.39863   36.5507     	Dead: 0
3    12  39.7332   0.08279     1.33507   36.3744     	Dead: 0
3    13  39.5884   0.0880569   1.42001   36.0793     	Dead: 0
3    14  39.391    0.0856713   1.38154   36.0793     	Dead: 0
3    15  39.1762   0.0788884   1.27215   36.0793     	Dead: 0
3    16  39.068    0.0813137   1.31127   36.0246     	Dead: 0
3    17  38.8682   0.0755506   1.21833   36.0246     	Dead: 0
3    18  38.743    0.0762652   1.22985   35.8358     	Dead: 0
3    19  38.7273   0.0818576   1.32004   35.5705     	Dead: 0
3    20  38.6073   0.0862979   1.39164   35.5705     	Dead: 0
3    21  38.4552   0.0804502   1.29734   35.5705     	Dead: 0
3    22  38.3726   0.0815497   1.31507   35.5705     	Dead: 0
3    23  38.2694   0.0859199   1.38554   35.5705     	Dead: 0
3    24  38.1629   0.0880548   1.41997   35.4604     	Dead: 0
3    25  38.0095   0.0822711   1.3267    35.0381     	Dead: 0
3    26  37.8681   0.0787995   1.27072   35.0381     	Dead: 0
3    27  37.8192   0.0836381   1.34875   35.0381     	Dead: 0
3    28  37.6248   0.079491    1.28187   34.6655     	Dead: 0
3    29  37.5971   0.0848724   1.36865   34.6655     	Dead: 0
3    30  37.4377   0.0796407   1.28429   34.6655     	Dead: 0
3    31  37.3808   0.0850813   1.37202   34.6655     	Dead: 0
3    32  37.2236   0.084147    1.35696   34.6655     	Dead: 0
3    33  37.0562   0.0787654   1.27017   34.2737     	Dead: 0
3    34  36.9016   0.081433    1.31319   34.2737     	Dead: 0
3    35  36.7095   0.0754469   1.21666   34.2737     	Dead: 0
3    36  36.5548   0.0743395   1.1988    34.213      	Dead: 0
3    37  36.2511   0.0647475   1.04412   34.021      	Dead: 0
3    38  36.031    0.0617103   0.995141  33.7081     	Dead: 0
3    39  35.8818   0.0661833   1.06727   33.6962     	Dead: 0
3    40  35.6805   0.0638938   1.03035   33.6962     	Dead: 0
3    41  35.4885   0.0595525   0.960343  33.506      	Dead: 0
3    42  35.2789   0.0561679   0.905763  33.506      	Dead: 0
3    43  35.153    0.0575407   0.927901  33.2966     	Dead: 0
3    44  34.9693   0.0512616   0.826645  33.2966     	Dead: 0
3    45  34.854    0.0517942   0.835234  33.2966     	Dead: 0
3    46  34.7477   0.0552554   0.891048  33.2786     	Dead: 0
3    47  34.5762   0.0495023   0.798274  33.2018     	Dead: 0
3    48  34.4666   0.0493811   0.79632   32.9646     	Dead: 0
3    49  34.3615   0.0517022   0.833749  32.9646     	Dead: 0
3    50  34.2717   0.0500273   0.80674   32.7733     	Dead: 0
3    51  34.1165   0.0457576   0.737887  32.7733     	Dead: 0
3    52  34.0334   0.0485394   0.782746  32.7733     	Dead: 0
3    53  33.9357   0.0456401   0.735992  32.7733     	Dead: 0
3    54  33.8387   0.0446273   0.71966   32.7733     	Dead: 0
3    55  33.7306   0.0401739   0.647845  32.7733     	Dead: 0
3    56  33.7111   0.0429516   0.692638  32.7733     	Dead: 0
3    57  33.6432   0.0410712   0.662314  32.6582     	Dead: 0
3    58  33.6128   0.0414568   0.668533  32.6582     	Dead: 0
3    59  33.5485   0.039204    0.632204  32.6582     	Dead: 0
3    60  33.5245   0.0402573   0.649189  32.6582     	Dead: 0
3    61  33.4946   0.0412077   0.664516  32.6582     	Dead: 0
3    62  33.4574   0.0414642   0.668652  32.6582     	Dead: 0
3    63  33.4074   0.038628    0.622916  32.6582     	Dead: 0
3    64  33.4238   0.0415797   0.670515  32.6382     	Dead: 0
3    65  33.3815   0.0364628   0.587999  32.6382     	Dead: 0
3    66  33.3905   0.0367832   0.593166  32.6095     	Dead: 0
3    67  33.3627   0.0354178   0.571148  32.6095     	Dead: 0
3    68  33.3218   0.0356151   0.574329  32.5338     	Dead: 0
3    69  33.3308   0.0365328   0.589127  32.5338     	Dead: 0
3    70  33.3118   0.0367157   0.592077  32.5338     	Dead: 0
3    71  33.2986   0.0363771   0.586618  32.5338     	Dead: 0
3    72  33.2774   0.036154    0.58302   32.4191     	Dead: 0
3    73  33.3049   0.0400524   0.645885  32.4191     	Dead: 0
3    74  33.2768   0.0368566   0.59435   32.4191     	Dead: 0
3    75  33.2561   0.0346635   0.558984  32.4191     	Dead: 0
3    76  33.273    0.0382745   0.617214  32.4191     	Dead: 0
3    77  33.2456   0.035229    0.568103  32.4191     	Dead: 0
3    78  33.2647   0.0399147   0.643665  32.4191     	Dead: 0
3    79  33.2394   0.0376892   0.607776  32.4191     	Dead: 0
3    80  33.217    0.0367282   0.59228   32.4191     	Dead: 0
3    81  33.2248   0.0357522   0.576541  32.4191     	Dead: 0
3    82  33.2203   0.037014    0.596888  32.4191     	Dead: 0
3    83  33.1955   0.033951    0.547493  32.4191     	Dead: 0
3    84  33.2034   0.0362355   0.584334  32.4191     	Dead: 0
3    85  33.2064   0.0368637   0.594463  32.4191     	Dead: 0
3    86  33.1748   0.0332987   0.536975  32.4191     	Dead: 0
3    87  33.1978   0.0364106   0.587158  32.4191     	Dead: 0
3    88  33.155    0.0318442   0.513519  32.4191     	Dead: 0
3    89  33.1622   0.0345516   0.55718   32.4191     	Dead: 0
3    90  33.1461   0.0333811   0.538304  32.4191     	Dead: 0
3    91  33.1422   0.0348025   0.561225  32.4191     	Dead: 0
3    92  33.1521   0.0372358   0.600464  32.4191     	Dead: 0
3    93  33.1353   0.0329909   0.532011  32.4191     	Dead: 0
3    94  33.1551   0.0341511   0.550721  32.4191     	Dead: 0
3    95  33.137    0.0339821   0.547995  32.4191     	Dead: 0
3    96  33.1066   0.0317379   0.511806  32.4191     	Dead: 0
3    97  33.1143   0.0318605   0.513783  32.4191     	Dead: 0
3    98  33.1122   0.0342      0.55151   32.4191     	Dead: 0
3    99  33.1071   0.0332532   0.536241  32.4191     	Dead: 0
3    100 33.111    0.0339522   0.547514  32.4191     	Dead: 0
Done run 3 of 29

Beginning Run 4 of 29
Run  RI  Mean      95% CI      SD        Best    
4    0   48.5943   0.186005    2.99952   41.0897     	Dead: 0
4    1   46.542    0.156009    2.5158    40.9005     	Dead: 0
4    2   44.9364   0.134803    2.17383   39.9091     	Dead: 0
4    3   43.6754   0.11101     1.79014   39.3853     	Dead: 0
4    4   42.8669   0.100117    1.61448   39.3853     	Dead: 0
4    5   42.2302   0.0832984   1.34327   39.096      	Dead: 0
4    6   41.7956   0.0838029   1.35141   38.6247     	Dead: 0
4    7   41.4445   0.0828471   1.33599   38.0179     	Dead: 0
4    8   41.1832   0.0862889   1.39149   37.9298     	Dead: 0
4    9   40.9208   0.08267     1.33314   37.9298     	Dead: 0
4    10  40.5361   0.0772122   1.24512   36.6577     	Dead: 0
4    11  40.3194   0.0784487   1.26506   36.6577     	Dead: 0
4    12  40.0922   0.0829542   1.33772   36.6026     	Dead: 0
4    13  39.8709   0.0832054   1.34177   36.6026     	Dead: 0
4    14  39.6027   0.0810269   1.30664   36.0422     	Dead: 0
4    15  39.3883   0.075821    1.22269   36.0422     	Dead: 0
4    16  39.2606   0.0808272   1.30342   36.0422     	Dead: 0
4    17  39.0887   0.0826644   1.33305   36.0422     	Dead: 0
4    18  38.9389   0.0794542   1.28128   36.0422     	Dead: 0
4    19  38.7838   0.07869     1.26895   36.0422     	Dead: 0
4    20  38.707    0.0836377   1.34874   36.0422     	Dead: 0
4    21  38.5392   0.075764    1.22177   35.9674     	Dead: 0
4    22  38.386    0.0753543   1.21516   35.4821     	Dead: 0
4    23  38.2346   0.0770528   1.24255   35.4821     	Dead: 0
4    24  38.156    0.0759787   1.22523   35.4821     	Dead: 0
4    25  38.019    0.0760376   1.22618   35.1687     	Dead: 0
4    26  37.947    0.0766383   1.23587   35.1278     	Dead: 0
4    27  37.8298   0.076051    1.2264    35.1278     	Dead: 0
4    28  37.7747   0.0798707   1.28799   35.031      	Dead: 0
4    29  37.6194   0.0742247   1.19695   35.031      	Dead: 0
4    30  37.5523   0.0781726   1.26061   34.6835     	Dead: 0
4    31  37.3842   0.0729033   1.17564   34.6835     	Dead: 0
4    32  37.3118   0.0743762   1.19939   34.6835     	Dead: 0
4    33  37.2222   0.0722942   1.16582   34.3114     	Dead: 0
4    34  37.1149   0.0761293   1.22766   34.3114     	Dead: 0
4    35  37.0158   0.0794029   1.28045   34.3114     	Dead: 0
4    36  36.8123   0.0685896   1.10608   34.3114     	Dead: 0
4    37  36.7286   0.0702443   1.13276   34.3114     	Dead: 0
4    38  36.5935   0.0689443   1.1118    34.3114     	Dead: 0
4    39  36.4911   0.0704544   1.13615   34.2593     	Dead: 0
4    40  36.3839   0.0717197   1.15655   34.2593     	Dead: 0
4    41  36.2608   0.0719385   1.16008   33.9255     	Dead: 0
4    42  36.1869   0.0761492   1.22798   33.9255     	Dead: 0
4    43  36.069    0.0712221   1.14853   33.8569     	Dead: 0
4    44  35.912    0.0682894   1.10123   33.8569     	Dead: 0
4    45  35.7929   0.0677838   1.09308   33.8569     	Dead: 0
4    46  35.6781   0.0633887   1.02221   33.8034     	Dead: 0
4    47  35.6306   0.0650307   1.04869   33.8034     	Dead: 0
4    48  35.5518   0.0653601   1.054     33.8034     	Dead: 0
4    49  35.5411   0.0702235   1.13242   33.8034     	Dead: 0
4    50  35.4062   0.0615989   0.993344  33.5531     	Dead: 0
4    51  35.3847   0.0646476   1.04251   33.4275     	Dead: 0
4    52  35.3325   0.063134    1.0181    33.4275     	Dead: 0
4    53  35.33     0.0689708   1.11222   33.4275     	Dead: 0
4    54  35.2707   0.062591    1.00934   33.4275     	Dead: 0
4    55  35.2366   0.067486    1.08828   33.4275     	Dead: 0
4    56  35.1396   0.0627167   1.01137   33.4275     	Dead: 0
4    57  35.0876   0.0624259   1.00668   33.4275     	Dead: 0
4    58  35.0941   0.0658529   1.06194   33.4275     	Dead: 0
4    59  35.02     0.0617558   0.995874  33.4275     	Dead: 0
4    60  34.9876   0.0629214   1.01467   33.3533     	Dead: 0
4    61  34.964    0.0610028   0.983731  33.3533     	Dead: 0
4    62  34.9158   0.0602922   0.972272  33.3533     	Dead: 0
4    63  34.894    0.064489    1.03995   32.9883     	Dead: 0
4    64  34.818    0.0611276   0.985743  32.9883     	Dead: 0
4    65  34.7962   0.064226    1.03571   32.9883     	Dead: 0
4    66  34.769    0.0645633   1.04115   32.9883     	Dead: 0
4    67  34.7382   0.06296     1.01529   32.9883     	Dead: 0
4    68  34.7116   0.0607655   0.979905  32.9883     	Dead: 0
4    69  34.6535   0.0624836   1.00761   32.9883     	Dead: 0
4    70  34.6115   0.0608946   0.981987  32.9883     	Dead: 0
4    71  34.5442   0.0589988   0.951414  32.9883     	Dead: 0
4    72  34.5211   0.0579051   0.933778  32.9883     	Dead: 0
4    73  34.4905   0.0577751   0.931682  32.9883     	Dead: 0
4    74  34.4484   0.0558057   0.899922  32.7448     	Dead: 0
4    75  34.4617   0.0617463   0.99572   32.7448     	Dead: 0
4    76  34.3935   0.0564517   0.91034   32.7448     	Dead: 0
4    77  34.3855   0.0584664   0.94283   32.7448     	Dead: 0
4    78  34.3261   0.0553646   0.892809  32.7448     	Dead: 0
4    79  34.3186   0.0553064   0.891871  32.7448     	Dead: 0
4    80  34.2861   0.0569443   0.918284  32.7448     	Dead: 0
4    81  34.2573   0.0561129   0.904877  32.7448     	Dead: 0
4    82  34.2067   0.0550021   0.886964  32.7448     	Dead: 0
4    83  34.1433   0.0541116   0.872604  32.7448     	Dead: 0
4    84  34.0919   0.0551052   0.888627  32.7448     	Dead: 0
4    85  34.0889   0.0556123   0.896804  32.7448     	Dead: 0
4    86  34.0339   0.0524781   0.846262  32.7448     	Dead: 0
4    87  34.0697   0.0571546   0.921675  32.7448     	Dead: 0
4    88  33.9988   0.0534335   0.861669  32.7448     	Dead: 0
4    89  33.9537   0.0486483   0.784503  32.7448     	Dead: 0
4    90  33.9435   0.0510179   0.822715  32.7448     	Dead: 0
4    91  33.9035   0.0486492   0.784517  32.7448     	Dead: 0
4    92  33.8324   0.0457179   0.737248  32.7448     	Dead: 0
4    93  33.8231   0.0488579   0.787882  32.5956     	Dead: 0
4    94  33.8433   0.0506053   0.816062  32.5956     	Dead: 0
4    95  33.8133   0.0499637   0.805714  32.5956     	Dead: 0
4    96  33.7427   0.0453882   0.73193   32.5956     	Dead: 0
4    97  33.7526   0.050371    0.812283  32.5956     	Dead: 0
4    98  33.7246   0.05026     0.810492  32.5956     	Dead: 0
4    99  33.7246   0.0487206   0.785669  32.5956     	Dead: 0
4    100 33.7223   0.0512765   0.826885  32.5956     	Dead: 0
Done run 4 of 29

Beginning Run 5 of 29
Run  RI  Mean      95% CI      SD        Best    
5    0   48.5128   0.184665    2.9779    40.9081     	Dead: 0
5    1   46.5141   0.171317    2.76265   39.7835     	Dead: 0
5    2   44.6893   0.147452    2.37781   39.4977     	Dead: 0
5    3   43.2505   0.115347    1.86008   39.4504     	Dead: 0
5    4   42.3183   0.0916045   1.47721   38.6365     	Dead: 0
5    5   41.6704   0.0776874   1.25279   38.5968     	Dead: 0
5    6   41.3325   0.0796272   1.28407   38.5929     	Dead: 0
5    7   41.0123   0.0775439   1.25047   38.0279     	Dead: 0
5    8   40.6663   0.0784923   1.26577   36.8987     	Dead: 0
5    9   40.4838   0.080911    1.30477   36.8987     	Dead: 0
5    10  40.2633   0.0850893   1.37215   36.8987     	Dead: 0
5    11  40.0909   0.0897266   1.44693   36.8987     	Dead: 0
5    12  39.8808   0.0894018   1.44169   36.8987     	Dead: 0
5    13  39.5681   0.0807349   1.30193   35.9639     	Dead: 0
5    14  39.3861   0.0855864   1.38017   35.9639     	Dead: 0
5    15  39.3043   0.0956275   1.54209   35.9639     	Dead: 0
5    16  39.0038   0.0772676   1.24602   35.9639     	Dead: 0
5    17  38.7792   0.0780453   1.25856   35.9639     	Dead: 0
5    18  38.6101   0.0810497   1.30701   35.5994     	Dead: 0
5    19  38.4151   0.0780228   1.2582    35.4518     	Dead: 0
5    20  38.2062   0.0770332   1.24224   35.3386     	Dead: 0
5    21  37.9619   0.0783552   1.26356   35.2743     	Dead: 0
5    22  37.6765   0.0722989   1.16589   34.3559     	Dead: 0
5    23  37.3928   0.0671859   1.08344   34.3559     	Dead: 0
5    24  37.1364   0.0675295   1.08898   34.3559     	Dead: 0
5    25  36.9231   0.0685397   1.10527   34.3559     	Dead: 0
5    26  36.6821   0.0659251   1.06311   34.3559     	Dead: 0
5    27  36.4363   0.0620762   1.00104   33.7723     	Dead: 0
5    28  36.2369   0.0617159   0.995231  33.7723     	Dead: 0
5    29  36.053    0.0607842   0.980206  33.6423     	Dead: 0
5    30  35.8193   0.0584269   0.942193  33.5023     	Dead: 0
5    31  35.6341   0.0615024   0.991788  33.4397     	Dead: 0
5    32  35.4263   0.0584171   0.942034  33.3018     	Dead: 0
5    33  35.255    0.0606285   0.977695  33.3018     	Dead: 0
5    34  35.0558   0.05392     0.869514  33.203      	Dead: 0
5    35  34.9321   0.0508831   0.820541  33.1292     	Dead: 0
5    36  34.8439   0.0534877   0.862543  33.1292     	Dead: 0
5    37  34.7469   0.0515173   0.830767  33.1292     	Dead: 0
5    38  34.6214   0.0493413   0.795677  33.1292     	Dead: 0
5    39  34.5245   0.0476607   0.768577  32.9527     	Dead: 0
5    40  34.4228   0.0467015   0.753108  32.9527     	Dead: 0
5    41  34.4227   0.0525428   0.847305  32.9477     	Dead: 0
5    42  34.313    0.0476367   0.76819   32.9408     	Dead: 0
5    43  34.2636   0.0479865   0.77383   32.8245     	Dead: 0
5    44  34.1928   0.0471367   0.760127  32.8245     	Dead: 0
5    45  34.1366   0.0469434   0.757009  32.8167     	Dead: 0
5    46  34.1024   0.0485491   0.782902  32.699      	Dead: 0
5    47  34.0601   0.0479273   0.772875  32.699      	Dead: 0
5    48  33.9927   0.047669    0.76871   32.699      	Dead: 0
5    49  33.9548   0.0502787   0.810794  32.699      	Dead: 0
5    50  33.9119   0.0471605   0.760511  32.699      	Dead: 0
5    51  33.9168   0.047565    0.767034  32.699      	Dead: 0
5    52  33.8802   0.0466148   0.75171   32.699      	Dead: 0
5    53  33.8487   0.0445297   0.718087  32.699      	Dead: 0
5    54  33.7932   0.0435643   0.702517  32.699      	Dead: 0
5    55  33.7934   0.043159    0.695982  32.699      	Dead: 0
5    56  33.7771   0.0440188   0.709846  32.699      	Dead: 0
5    57  33.7685   0.0446008   0.719233  32.699      	Dead: 0
5    58  33.7341   0.0448653   0.723498  32.699      	Dead: 0
5    59  33.7104   0.0433211   0.698596  32.6456     	Dead: 0
5    60  33.6782   0.0414913   0.669089  32.6456     	Dead: 0
5    61  33.6844   0.0433627   0.699267  32.6456     	Dead: 0
5    62  33.6606   0.0426668   0.688046  32.6456     	Dead: 0
5    63  33.6694   0.0432395   0.69728   32.6456     	Dead: 0
5    64  33.6588   0.0448968   0.724005  32.6456     	Dead: 0
5    65  33.668    0.0459224   0.740545  32.6456     	Dead: 0
5    66  33.6045   0.0418324   0.674589  32.6456     	Dead: 0
5    67  33.5606   0.0414556   0.668512  32.6456     	Dead: 0
5    68  33.5895   0.0444291   0.716463  32.6456     	Dead: 0
5    69  33.5498   0.0420922   0.678779  32.6456     	Dead: 0
5    70  33.5214   0.0405222   0.653462  32.4929     	Dead: 0
5    71  33.5059   0.0408154   0.658189  32.4546     	Dead: 0
5    72  33.4907   0.0389215   0.627649  32.4546     	Dead: 0
5    73  33.5074   0.0403014   0.6499    32.4546     	Dead: 0
5    74  33.4828   0.0402522   0.649107  32.4546     	Dead: 0
5    75  33.5059   0.0417277   0.6729    32.4546     	Dead: 0
5    76  33.4695   0.0407963   0.657881  32.4546     	Dead: 0
5    77  33.4572   0.0422742   0.681714  32.4546     	Dead: 0
5    78  33.4381   0.0426559   0.68787   32.4546     	Dead: 0
5    79  33.3953   0.0375926   0.606219  32.4546     	Dead: 0
5    80  33.3783   0.0393649   0.634798  32.4546     	Dead: 0
5    81  33.3731   0.0405109   0.65328   32.4546     	Dead: 0
5    82  33.3605   0.0384701   0.620368  32.4546     	Dead: 0
5    83  33.3529   0.0390541   0.629787  32.4546     	Dead: 0
5    84  33.3257   0.0375448   0.605447  32.4546     	Dead: 0
5    85  33.3326   0.0371691   0.599389  32.4546     	Dead: 0
5    86  33.3397   0.0389277   0.627747  32.4546     	Dead: 0
5    87  33.3258   0.0386034   0.622518  32.4546     	Dead: 0
5    88  33.3315   0.0410392   0.661797  32.4546     	Dead: 0
5    89  33.3137   0.0395281   0.63743   32.4546     	Dead: 0
5    90  33.3018   0.0395268   0.637409  32.4546     	Dead: 0
5    91  33.2723   0.0375936   0.606235  32.4546     	Dead: 0
5    92  33.2371   0.0358268   0.577742  32.4546     	Dead: 0
5    93  33.2383   0.0387863   0.625468  32.4546     	Dead: 0
5    94  33.2138   0.0364085   0.587123  32.4546     	Dead: 0
5    95  33.2266   0.0349276   0.563242  32.4546     	Dead: 0
5    96  33.208    0.0349169   0.563071  32.4546     	Dead: 0
5    97  33.2079   0.0365594   0.589556  32.4546     	Dead: 0
5    98  33.202    0.0345126   0.55655   32.4546     	Dead: 0
5    99  33.1935   0.0353726   0.570418  32.4546     	Dead: 0
5    100 33.1963   0.0370607   0.597641  32.4462     	Dead: 0
Done run 5 of 29

Beginning Run 6 of 29
Run  RI  Mean      95% CI      SD        Best    
6    0   48.5403   0.186683    3.01045   40.5967     	Dead: 0
6    1   46.4901   0.166586    2.68637   40.5215     	Dead: 0
6    2   44.7265   0.140163    2.26027   39.5212     	Dead: 0
6    3   43.4163   0.114121    1.84032   38.7959     	Dead: 0
6    4   42.3786   0.0925112   1.49183   38.3985     	Dead: 0
6    5   41.6901   0.0831851   1.34144   38.3985     	Dead: 0
6    6   41.2235   0.0832402   1.34233   37.8689     	Dead: 0
6    7   40.7973   0.0791422   1.27625   37.4383     	Dead: 0
6    8   40.5444   0.0835734   1.3477    37.4383     	Dead: 0
6    9   40.2775   0.0782189   1.26136   37.134      	Dead: 0
6    10  40.0627   0.0790193   1.27427   37.0014     	Dead: 0
6    11  39.9043   0.0837849   1.35112   36.36       	Dead: 0
6    12  39.6221   0.0827616   1.33461   36.36       	Dead: 0
6    13  39.3721   0.0798984   1.28844   36.298      	Dead: 0
6    14  39.165    0.0799091   1.28861   35.3558     	Dead: 0
6    15  38.943    0.0797514   1.28607   35.3558     	Dead: 0
6    16  38.7928   0.0835499   1.34733   35.3558     	Dead: 0
6    17  38.5786   0.0770795   1.24298   35.3558     	Dead: 0
6    18  38.4747   0.0840417   1.35526   35.3558     	Dead: 0
6    19  38.286    0.0725047   1.16921   35.3558     	Dead: 0
6    20  38.2102   0.078058    1.25876   35.3558     	Dead: 0
6    21  38.1519   0.0849301   1.36958   35.3558     	Dead: 0
6    22  37.8875   0.075035    1.21001   35.3558     	Dead: 0
6    23  37.7739   0.0801423   1.29238   34.988      	Dead: 0
6    24  37.6112   0.0781187   1.25974   34.9856     	Dead: 0
6    25  37.3581   0.0676354   1.09069   34.9856     	Dead: 0
6    26  37.205    0.0685228   1.105     34.4954     	Dead: 0
6    27  37.0323   0.0695077   1.12088   34.4954     	Dead: 0
6    28  36.91     0.0714757   1.15262   34.4954     	Dead: 0
6    29  36.8402   0.0733566   1.18295   34.4954     	Dead: 0
6    30  36.6757   0.0686411   1.10691   34.4954     	Dead: 0
6    31  36.5191   0.0641237   1.03406   34.4954     	Dead: 0
6    32  36.4825   0.0698703   1.12673   34.2612     	Dead: 0
6    33  36.388    0.0669135   1.07905   34.2612     	Dead: 0
6    34  36.3291   0.0688792   1.11075   34.2612     	Dead: 0
6    35  36.2328   0.065718    1.05977   34.2612     	Dead: 0
6    36  36.147    0.0664679   1.07186   34.2612     	Dead: 0
6    37  36.0523   0.0644032   1.03857   34.1763     	Dead: 0
6    38  35.988    0.0660828   1.06565   33.7276     	Dead: 0
6    39  35.9921   0.0742609   1.19753   33.7276     	Dead: 0
6    40  35.8711   0.0654075   1.05476   33.7276     	Dead: 0
6    41  35.8014   0.0679219   1.09531   33.6224     	Dead: 0
6    42  35.6712   0.0617529   0.995827  33.6224     	Dead: 0
6    43  35.6006   0.0632743   1.02036   33.6224     	Dead: 0
6    44  35.5214   0.0626459   1.01023   33.6224     	Dead: 0
6    45  35.4578   0.0628429   1.0134    33.6224     	Dead: 0
6    46  35.3361   0.0643054   1.03699   33.6224     	Dead: 0
6    47  35.3087   0.0643176   1.03719   33.6224     	Dead: 0
6    48  35.2551   0.0635865   1.0254    33.3919     	Dead: 0
6    49  35.1927   0.0608774   0.981709  33.3919     	Dead: 0
6    50  35.1661   0.0634194   1.0227    33.3919     	Dead: 0
6    51  35.0867   0.0620313   1.00032   33.3919     	Dead: 0
6    52  35.0051   0.0586298   0.945464  33.2969     	Dead: 0
6    53  34.973    0.0599449   0.966671  33.2969     	Dead: 0
6    54  34.9219   0.0614121   0.990331  33.1512     	Dead: 0
6    55  34.8313   0.0594931   0.959386  33.1512     	Dead: 0
6    56  34.8023   0.0578296   0.932561  33.1512     	Dead: 0
6    57  34.7703   0.0595125   0.959699  33.1247     	Dead: 0
6    58  34.7806   0.0612264   0.987336  33.1247     	Dead: 0
6    59  34.7808   0.0647496   1.04415   33.1247     	Dead: 0
6    60  34.7191   0.0626652   1.01054   33.1247     	Dead: 0
6    61  34.6549   0.0612195   0.987225  33.1247     	Dead: 0
6    62  34.5752   0.0592022   0.954695  33.1247     	Dead: 0
6    63  34.5373   0.057474    0.926825  33.1072     	Dead: 0
6    64  34.4949   0.0565205   0.91145   33.1031     	Dead: 0
6    65  34.4554   0.0573823   0.925347  33.1031     	Dead: 0
6    66  34.4403   0.0592851   0.956032  32.8823     	Dead: 0
6    67  34.3931   0.057722    0.930825  32.8823     	Dead: 0
6    68  34.3363   0.0603613   0.973386  32.7843     	Dead: 0
6    69  34.2643   0.0547942   0.883612  32.7843     	Dead: 0
6    70  34.22     0.0542442   0.874743  32.7843     	Dead: 0
6    71  34.2051   0.0566423   0.913414  32.7843     	Dead: 0
6    72  34.1466   0.0563352   0.908461  32.7843     	Dead: 0
6    73  34.0778   0.0566894   0.914173  32.7843     	Dead: 0
6    74  34.064    0.0550696   0.888053  32.7843     	Dead: 0
6    75  34.0025   0.0531977   0.857867  32.7843     	Dead: 0
6    76  34.0225   0.0589177   0.950107  32.7843     	Dead: 0
6    77  33.9142   0.0514808   0.83018   32.6608     	Dead: 0
6    78  33.8934   0.0514113   0.829059  32.6608     	Dead: 0
6    79  33.8105   0.0445753   0.718821  32.6608     	Dead: 0
6    80  33.8696   0.0500679   0.807395  32.6608     	Dead: 0
6    81  33.8069   0.0470487   0.758707  32.6608     	Dead: 0
6    82  33.8166   0.0570435   0.919884  32.6608     	Dead: 0
6    83  33.7654   0.0495624   0.799244  32.6608     	Dead: 0
6    84  33.7873   0.0519972   0.838508  32.5965     	Dead: 0
6    85  33.7467   0.0487968   0.786897  32.5965     	Dead: 0
6    86  33.7068   0.0451777   0.728535  32.5965     	Dead: 0
6    87  33.7033   0.0490319   0.790688  32.5965     	Dead: 0
6    88  33.747    0.054985    0.886688  32.5965     	Dead: 0
6    89  33.6945   0.0525614   0.847605  32.5965     	Dead: 0
6    90  33.6367   0.0463635   0.747657  32.5965     	Dead: 0
6    91  33.6207   0.0437906   0.706168  32.5795     	Dead: 0
6    92  33.5734   0.0456706   0.736485  32.5795     	Dead: 0
6    93  33.5873   0.0479985   0.774024  32.5795     	Dead: 0
6    94  33.5432   0.0436964   0.704648  32.5795     	Dead: 0
6    95  33.5292   0.0446459   0.719961  32.5795     	Dead: 0
6    96  33.5164   0.0447525   0.72168   32.5795     	Dead: 0
6    97  33.5036   0.0470557   0.75882   32.57       	Dead: 0
6    98  33.4839   0.0469488   0.757097  32.57       	Dead: 0
6    99  33.4671   0.0435577   0.702411  32.57       	Dead: 0
6    100 33.4516   0.0434257   0.700283  32.4946     	Dead: 0
Done run 6 of 29

Beginning Run 7 of 29
Run  RI  Mean      95% CI      SD        Best    
7    0   48.6485   0.176319    2.84333   41.459      	Dead: 0
7    1   46.6116   0.156188    2.51869   39.9396     	Dead: 0
7    2   44.8865   0.13469     2.17201   39.5694     	Dead: 0
7    3   43.4348   0.120739    1.94704   37.6061     	Dead: 0
7    4   42.376    0.102904    1.65942   37.6061     	Dead: 0
7    5   41.6104   0.0926982   1.49485   37.6061     	Dead: 0
7    6   41.1024   0.0846657   1.36532   37.6061     	Dead: 0
7    7   40.7327   0.0852954   1.37547   37.6061     	Dead: 0
7    8   40.4098   0.075676    1.22035   37.5859     	Dead: 0
7    9   40.2291   0.0827589   1.33457   37.3778     	Dead: 0
7    10  39.9827   0.0813005   1.31105   37.0611     	Dead: 0
7    11  39.8385   0.0839028   1.35302   36.741      	Dead: 0
7    12  39.6809   0.0874562   1.41032   36.7054     	Dead: 0
7    13  39.4583   0.0833261   1.34372   36.7054     	Dead: 0
7    14  39.2753   0.0859683   1.38632   36.0501     	Dead: 0
7    15  39.0616   0.0806312   1.30026   36.04       	Dead: 0
7    16  38.8733   0.0774878   1.24957   35.1448     	Dead: 0
7    17  38.8187   0.0858011   1.38363   35.1448     	Dead: 0
7    18  38.639    0.0834716   1.34606   35.1448     	Dead: 0
7    19  38.5934   0.0903247   1.45658   35.1448     	Dead: 0
7    20  38.4286   0.0861923   1.38994   35.1448     	Dead: 0
7    21  38.3747   0.0885445   1.42787   35.1448     	Dead: 0
7    22  38.2559   0.0892475   1.43921   35.1448     	Dead: 0
7    23  38.0176   0.0812072   1.30955   35.1448     	Dead: 0
7    24  37.8734   0.0779219   1.25657   35.1448     	Dead: 0
7    25  37.8016   0.0804945   1.29805   35.1448     	Dead: 0
7    26  37.7116   0.0827307   1.33411   35.1448     	Dead: 0
7    27  37.606    0.0857836   1.38335   35.0936     	Dead: 0
7    28  37.4964   0.0802852   1.29468   34.5129     	Dead: 0
7    29  37.3939   0.0793221   1.27915   34.5129     	Dead: 0
7    30  37.3136   0.0831134   1.34029   34.5129     	Dead: 0
7    31  37.1254   0.0806065   1.29986   34.5129     	Dead: 0
7    32  37.0335   0.0823022   1.3272    34.5129     	Dead: 0
7    33  36.9058   0.0795772   1.28326   34.5129     	Dead: 0
7    34  36.7193   0.0681857   1.09956   34.5129     	Dead: 0
7    35  36.6624   0.0737548   1.18937   34.5129     	Dead: 0
7    36  36.6054   0.0715755   1.15423   34.5129     	Dead: 0
7    37  36.532    0.0754589   1.21685   34.0875     	Dead: 0
7    38  36.4534   0.0732069   1.18053   34.0875     	Dead: 0
7    39  36.348    0.0691223   1.11467   34.0875     	Dead: 0
7    40  36.3467   0.0757049   1.22082   34.0875     	Dead: 0
7    41  36.2525   0.0740301   1.19381   34.0875     	Dead: 0
7    42  36.1898   0.0681059   1.09828   34.0875     	Dead: 0
7    43  36.1646   0.0708401   1.14237   34.0875     	Dead: 0
7    44  36.0423   0.065932    1.06322   34.0875     	Dead: 0
7    45  35.9746   0.0670811   1.08175   33.9081     	Dead: 0
7    46  35.9433   0.0684071   1.10313   33.9081     	Dead: 0
7    47  35.8417   0.0694794   1.12043   33.9081     	Dead: 0
7    48  35.7922   0.0640399   1.03271   33.8855     	Dead: 0
7    49  35.723    0.0691664   1.11538   33.8855     	Dead: 0
7    50  35.6483   0.0689572   1.112     33.8855     	Dead: 0
7    51  35.5348   0.0658181   1.06138   33.5794     	Dead: 0
7    52  35.4665   0.0623217   1.005     33.5794     	Dead: 0
7    53  35.4328   0.0633076   1.0209    33.5794     	Dead: 0
7    54  35.4334   0.0679311   1.09546   33.4727     	Dead: 0
7    55  35.3569   0.0649123   1.04678   33.3566     	Dead: 0
7    56  35.302    0.0656759   1.05909   33.3566     	Dead: 0
7    57  35.233    0.0659754   1.06392   33.3566     	Dead: 0
7    58  35.2288   0.069345    1.11826   33.3566     	Dead: 0
7    59  35.1271   0.0644331   1.03905   33.3566     	Dead: 0
7    60  35.0773   0.0653599   1.05399   33.3566     	Dead: 0
7    61  35.0051   0.0608262   0.980884  33.3566     	Dead: 0
7    62  34.9444   0.0637292   1.0277    33.111      	Dead: 0
7    63  34.9026   0.0635556   1.0249    33.111      	Dead: 0
7    64  34.8506   0.0626228   1.00985   33.111      	Dead: 0
7    65  34.8034   0.0619511   0.999024  33.111      	Dead: 0
7    66  34.7379   0.0599365   0.966537  33.111      	Dead: 0
7    67  34.6732   0.0596995   0.962715  33.111      	Dead: 0
7    68  34.6479   0.0630249   1.01634   33.111      	Dead: 0
7    69  34.6015   0.0597215   0.96307   33.111      	Dead: 0
7    70  34.509    0.0573628   0.925032  33.111      	Dead: 0
7    71  34.4777   0.0576071   0.928972  33.0932     	Dead: 0
7    72  34.456    0.0602478   0.971556  33.0932     	Dead: 0
7    73  34.4186   0.0619572   0.999122  33.0932     	Dead: 0
7    74  34.3322   0.0612166   0.987179  32.9059     	Dead: 0
7    75  34.3115   0.0596234   0.961487  32.8429     	Dead: 0
7    76  34.1868   0.0521113   0.840346  32.7847     	Dead: 0
7    77  34.1419   0.0522036   0.841836  32.7847     	Dead: 0
7    78  34.1407   0.056326    0.908313  32.7847     	Dead: 0
7    79  34.0675   0.0560734   0.904239  32.7354     	Dead: 0
7    80  33.9759   0.0528382   0.852068  32.7354     	Dead: 0
7    81  33.945    0.0521349   0.840727  32.7354     	Dead: 0
7    82  33.8617   0.0499003   0.804692  32.7201     	Dead: 0
7    83  33.815    0.0537807   0.867268  32.7201     	Dead: 0
7    84  33.8033   0.0507891   0.819025  32.7201     	Dead: 0
7    85  33.7543   0.0511742   0.825235  32.7201     	Dead: 0
7    86  33.6839   0.04832     0.779208  32.7201     	Dead: 0
7    87  33.6712   0.0473627   0.76377   32.7201     	Dead: 0
7    88  33.6577   0.045935    0.740748  32.6783     	Dead: 0
7    89  33.6563   0.0485879   0.783528  32.6459     	Dead: 0
7    90  33.5987   0.0462968   0.746582  32.6459     	Dead: 0
7    91  33.5886   0.047885    0.772194  32.6459     	Dead: 0
7    92  33.536    0.044315    0.714624  32.5733     	Dead: 0
7    93  33.5496   0.047058    0.758857  32.5733     	Dead: 0
7    94  33.5371   0.0454331   0.732654  32.5733     	Dead: 0
7    95  33.4638   0.0405539   0.653972  32.4515     	Dead: 0
7    96  33.4706   0.0432476   0.697411  32.4515     	Dead: 0
7    97  33.4586   0.0447937   0.722343  32.4515     	Dead: 0
7    98  33.4276   0.0411703   0.663913  32.4515     	Dead: 0
7    99  33.4137   0.0454979   0.733698  32.4515     	Dead: 0
7    100 33.3918   0.0380836   0.614137  32.4515     	Dead: 0
Done run 7 of 29

Beginning Run 8 of 29
Run  RI  Mean      95% CI      SD        Best    
8    0   48.7371   0.183117    2.95294   41.2658     	Dead: 0
8    1   46.6323   0.165236    2.6646    39.0939     	Dead: 0
8    2   44.7917   0.14192     2.2886    39.0939     	Dead: 0
8    3   43.3594   0.115903    1.86906   39.0331     	Dead: 0
8    4   42.3621   0.0996322   1.60667   38.1637     	Dead: 0
8    5   41.7191   0.0863998   1.39328   38.1637     	Dead: 0
8    6   41.2781   0.079792    1.28673   37.9263     	Dead: 0
8    7   40.9563   0.0776376   1.25198   37.9263     	Dead: 0
8    8   40.7262   0.0783892   1.2641    37.9263     	Dead: 0
8    9   40.4356   0.0799069   1.28858   37.604      	Dead: 0
8    10  40.1887   0.0800312   1.29058   37.2215     	Dead: 0
8    11  39.9078   0.0757228   1.22111   36.3214     	Dead: 0
8    12  39.7453   0.0770104   1.24187   36.3214     	Dead: 0
8    13  39.5344   0.0758427   1.22304   36.3214     	Dead: 0
8    14  39.3686   0.0788658   1.27179   35.7513     	Dead: 0
8    15  39.1899   0.0770258   1.24212   35.7513     	Dead: 0
8    16  39.0372   0.0766263   1.23568   35.7513     	Dead: 0
8    17  38.8821   0.0769069   1.2402    35.7513     	Dead: 0
8    18  38.6318   0.0738438   1.1908    35.7513     	Dead: 0
8    19  38.5167   0.0790251   1.27436   35.5063     	Dead: 0
8    20  38.3045   0.0731708   1.17995   34.8685     	Dead: 0
8    21  38.1558   0.0758235   1.22273   34.8685     	Dead: 0
8    22  37.9529   0.0761178   1.22748   34.8685     	Dead: 0
8    23  37.8131   0.0762248   1.2292    34.8685     	Dead: 0
8    24  37.5496   0.0689181   1.11137   34.8685     	Dead: 0
8    25  37.4321   0.0756026   1.21917   34.8685     	Dead: 0
8    26  37.1688   0.07118     1.14785   34.734      	Dead: 0
8    27  36.8671   0.061222    0.987267  34.58       	Dead: 0
8    28  36.7204   0.068482    1.10434   33.7027     	Dead: 0
8    29  36.5048   0.0677417   1.0924    33.7027     	Dead: 0
8    30  36.2652   0.0654942   1.05616   33.7027     	Dead: 0
8    31  36.0718   0.061956    0.999102  33.7027     	Dead: 0
8    32  35.9462   0.0593547   0.957153  33.7027     	Dead: 0
8    33  35.831    0.061054    0.984557  33.7027     	Dead: 0
8    34  35.7073   0.0601276   0.969618  33.7027     	Dead: 0
8    35  35.6153   0.0608918   0.981942  33.7027     	Dead: 0
8    36  35.5539   0.0587669   0.947676  33.7027     	Dead: 0
8    37  35.4293   0.0561298   0.90515   33.6582     	Dead: 0
8    38  35.386    0.0582205   0.938863  33.6582     	Dead: 0
8    39  35.3378   0.0598484   0.965115  33.6457     	Dead: 0
8    40  35.2668   0.0571031   0.920844  33.6169     	Dead: 0
8    41  35.224    0.0587674   0.947683  33.2144     	Dead: 0
8    42  35.1834   0.0566218   0.913083  33.2144     	Dead: 0
8    43  35.1823   0.0591196   0.953363  33.2144     	Dead: 0
8    44  35.1207   0.0574771   0.926875  33.2144     	Dead: 0
8    45  35.0382   0.0574273   0.926073  33.2144     	Dead: 0
8    46  34.9972   0.0571525   0.921642  33.2144     	Dead: 0
8    47  34.9296   0.0557813   0.89953   33.2144     	Dead: 0
8    48  34.8536   0.053524    0.863129  33.1728     	Dead: 0
8    49  34.8234   0.0532263   0.858327  33.1728     	Dead: 0
8    50  34.7629   0.0535415   0.863411  33.1728     	Dead: 0
8    51  34.7342   0.0533834   0.860861  33.1728     	Dead: 0
8    52  34.7523   0.0603547   0.97328   33.0859     	Dead: 0
8    53  34.6972   0.0569333   0.918106  33.0859     	Dead: 0
8    54  34.6086   0.0533376   0.860122  32.8876     	Dead: 0
8    55  34.5725   0.0546982   0.882063  32.8876     	Dead: 0
8    56  34.4986   0.0509591   0.821767  32.8876     	Dead: 0
8    57  34.4631   0.0533571   0.860436  32.8174     	Dead: 0
8    58  34.4038   0.0501976   0.809486  32.8174     	Dead: 0
8    59  34.3689   0.0499108   0.804862  32.8174     	Dead: 0
8    60  34.3407   0.0517564   0.834624  32.8174     	Dead: 0
8    61  34.3424   0.0539698   0.870317  32.8174     	Dead: 0
8    62  34.2673   0.0504412   0.813414  32.8174     	Dead: 0
8    63  34.2163   0.0505415   0.815032  32.8174     	Dead: 0
8    64  34.1422   0.0484523   0.781342  32.8174     	Dead: 0
8    65  34.1326   0.049047    0.790932  32.8174     	Dead: 0
8    66  34.0897   0.0490616   0.791167  32.6977     	Dead: 0
8    67  34.0537   0.0471069   0.759645  32.4606     	Dead: 0
8    68  34.0035   0.0464896   0.749691  32.4606     	Dead: 0
8    69  33.9661   0.0453106   0.730678  32.4606     	Dead: 0
8    70  33.9477   0.0480068   0.774158  32.4606     	Dead: 0
8    71  33.8744   0.0446465   0.719969  32.4606     	Dead: 0
8    72  33.8556   0.046153    0.744263  32.4606     	Dead: 0
8    73  33.825    0.0430857   0.694799  32.4606     	Dead: 0
8    74  33.8017   0.0445226   0.717972  32.4606     	Dead: 0
8    75  33.7772   0.0450554   0.726564  32.4606     	Dead: 0
8    76  33.7281   0.0433052   0.698339  32.4606     	Dead: 0
8    77  33.718    0.0450071   0.725785  32.4606     	Dead: 0
8    78  33.6747   0.0429783   0.693068  32.4606     	Dead: 0
8    79  33.6778   0.0445464   0.718355  32.4606     	Dead: 0
8    80  33.6009   0.0382739   0.617205  32.4606     	Dead: 0
8    81  33.5874   0.0420275   0.677736  32.4606     	Dead: 0
8    82  33.5934   0.0493479   0.795784  32.4606     	Dead: 0
8    83  33.5288   0.0407805   0.657627  32.4606     	Dead: 0
8    84  33.4939   0.0403825   0.651208  32.4606     	Dead: 0
8    85  33.4504   0.0375511   0.605549  32.4606     	Dead: 0
8    86  33.4514   0.0379389   0.611803  32.4606     	Dead: 0
8    87  33.4213   0.0364415   0.587655  32.4606     	Dead: 0
8    88  33.4117   0.0399313   0.643933  32.4606     	Dead: 0
8    89  33.3963   0.0379217   0.611526  32.4606     	Dead: 0
8    90  33.3871   0.0385866   0.622247  32.4606     	Dead: 0
8    91  33.3317   0.0346104   0.558127  32.4606     	Dead: 0
8    92  33.3509   0.038129    0.614868  32.4606     	Dead: 0
8    93  33.3308   0.0368019   0.593467  32.4606     	Dead: 0
8    94  33.318    0.0376068   0.606447  32.4606     	Dead: 0
8    95  33.3058   0.0376646   0.607379  32.4606     	Dead: 0
8    96  33.2861   0.0363421   0.586053  32.4606     	Dead: 0
8    97  33.3055   0.0394737   0.636552  32.4606     	Dead: 0
8    98  33.2871   0.0368085   0.593574  32.4606     	Dead: 0
8    99  33.2751   0.0357506   0.576515  32.4606     	Dead: 0
8    100 33.2753   0.0396117   0.638778  32.4606     	Dead: 0
Done run 8 of 29

Beginning Run 9 of 29
Run  RI  Mean      95% CI      SD        Best    
9    0   48.5427   0.182204    2.93822   41.3485     	Dead: 0
slurmstepd: error: *** JOB 2882694 ON gra643 CANCELLED AT 2023-01-22T22:52:59 DUE TO TIME LIMIT ***
