7; ./512ED ./ED512/ps2/ 1 0.00382 0.01564 0.02205 0.00214 0.02848 0.02672 0.41832 0.03961 0.44321
Graph Evolution Tool.
Initial Graph: Ring with m = 2
Fitness Function: Epidemic Length
Representation: THADS-N with Operation Densities
Densities: 0.00382 0.01564 0.02205 0.00214 0.02848 0.02672 0.41832 0.03961 0.44321 
Check readme.dat for more information about parameters/output.

Beginning Run 0 of 29
Run  RI  Mean      95% CI      SD        Best    
0    0   24.5508   0.201862    3.25523   39.8    
0    1   51.1594   0.437624    7.05713   98.6    
0    2   91.4596   0.876108    14.1281   179     
0    3   128.644   1.12886     18.204    179     
0    4   141.097   1.41913     22.8849   200.2   
0    5   146.374   1.54142     24.857    200.2   
0    6   149.193   1.56157     25.1819   204     
0    7   149.878   1.66728     26.8865   204     
0    8   151.612   1.66734     26.8876   206.6   
0    9   152.814   1.72364     27.7954   214     
0    10  153.927   1.73823     28.0308   214     
0    11  155.344   1.7004      27.4207   214     
0    12  154.561   1.81878     29.3297   214     
0    13  154.389   1.81534     29.2742   216.2   
0    14  154.873   1.862       30.0266   216.2   
0    15  155.886   1.8184      29.3235   216.2   
0    16  155.481   1.85667     29.9406   216.2   
0    17  155.338   1.90012     30.6413   216.2   
0    18  157.618   1.84881     29.8139   216.2   
0    19  156.988   1.86952     30.1479   216.2   
0    20  155.922   1.90573     30.7319   216.2   
0    21  157.372   1.85218     29.8683   216.2   
0    22  156.956   1.87074     30.1675   216.2   
0    23  156.517   1.91309     30.8505   217     
0    24  156.556   1.93031     31.1282   217     
0    25  157.497   1.90828     30.7728   217     
0    26  156.419   1.94013     31.2866   217     
0    27  157.055   1.93182     31.1526   217     
0    28  157.532   1.9252      31.0458   217     
0    29  157.354   1.94377     31.3453   217     
0    30  157.717   1.89699     30.5909   217     
0    31  157.658   1.93903     31.2687   217     
0    32  157.824   1.89223     30.514    217     
0    33  158.505   1.90668     30.7471   217     
0    34  157.637   1.96106     31.624    217     
0    35  157.419   1.98525     32.0141   217     
0    36  157.409   1.95163     31.4721   223.6   
0    37  158.353   1.9347      31.1991   223.6   
0    38  158.254   1.98065     31.9399   223.6   
0    39  158.05    1.95462     31.5202   223.6   
0    40  158.767   1.91432     30.8703   223.6   
0    41  158.28    1.97989     31.9277   223.6   
0    42  158.694   1.9365      31.228    223.6   
0    43  159.07    1.99166     32.1175   223.6   
0    44  158.051   1.99861     32.2296   223.6   
0    45  158.917   1.98047     31.9371   223.6   
0    46  157.001   2.03782     32.8618   223.6   
0    47  158.813   1.96863     31.7461   223.6   
0    48  158.926   2.00709     32.3664   223.6   
0    49  159.078   2.01816     32.5449   223.6   
0    50  159.579   1.99186     32.1208   223.6   
0    51  160.642   1.9466      31.3909   223.6   
0    52  158.625   2.01899     32.5583   223.6   
0    53  158.097   2.06925     33.3688   223.6   
0    54  159.418   2.05803     33.1878   223.6   
0    55  159.457   2.02576     32.6675   223.6   
0    56  159.796   1.98712     32.0442   223.6   
0    57  159.741   2.01156     32.4385   223.6   
0    58  159.851   2.01295     32.4609   223.6   
0    59  159.879   2.01245     32.4527   223.6   
0    60  160.207   1.99593     32.1864   223.6   
0    61  160.085   2.01597     32.5096   223.6   
0    62  159.721   2.04209     32.9308   223.6   
0    63  159.652   1.99069     32.1018   224     
0    64  159.34    2.0686      33.3582   224     
0    65  159.849   2.05942     33.2101   224     
0    66  159.655   2.05524     33.1428   224     
0    67  159.141   2.01618     32.5128   224     
0    68  159.52    1.99389     32.1535   224     
0    69  160.311   2.01335     32.4672   224     
0    70  159.887   2.01893     32.5572   224     
0    71  159.57    2.01653     32.5185   224     
0    72  161.069   2.01197     32.445    224     
0    73  159.12    2.07648     33.4853   224     
0    74  159.158   2.06962     33.3746   224     
0    75  160.007   2.0522      33.0938   224     
0    76  160.597   2.02681     32.6844   224     
0    77  159.165   2.04691     33.0085   224     
0    78  158.444   2.07335     33.4348   224     
0    79  159.682   2.04687     33.0078   224     
0    80  160.273   2.03152     32.7603   224     
0    81  159.924   2.03925     32.885    224     
0    82  159.972   2.04783     33.0233   224     
0    83  160.379   1.97996     31.9289   224     
0    84  159.022   2.04917     33.045    224     
0    85  159.001   2.0642      33.2873   224     
0    86  160.631   2.03201     32.7681   224     
0    87  159.774   2.04427     32.9659   224     
0    88  160.516   2.03945     32.8882   224     
0    89  159.598   2.12791     34.3148   224     
0    90  159.733   2.0637      33.2792   224     
0    91  160.074   2.05583     33.1522   224     
0    92  159.957   2.03685     32.8463   224     
0    93  160.706   2.01152     32.4377   224     
0    94  161.163   1.98758     32.0517   224     
0    95  160.262   2.06122     33.2392   224     
0    96  160.205   2.06426     33.2883   224     
0    97  160.694   2.054       33.1229   224     
0    98  161.629   2.01398     32.4775   224     
0    99  161.958   2.00315     32.3029   224     
0    100 160.687   2.04242     32.936    224     
Done run 0 of 29

Beginning Run 1 of 29
Run  RI  Mean      95% CI      SD        Best    
1    0   24.6272   0.194935    3.14352   36.2    
1    1   45.4926   0.366692    5.91327   71.6    
1    2   76.35     0.669106    10.79     119.8   
1    3   117.387   1.15546     18.633    188.6   
1    4   140.055   1.3587      21.9104   205.8   
1    5   146.379   1.52487     24.5901   206.8   
1    6   149.498   1.62925     26.2733   206.8   
1    7   151.64    1.70677     27.5234   207     
1    8   153.304   1.7052      27.4981   207     
1    9   154.301   1.73171     27.9256   210.6   
1    10  154.034   1.79582     28.9593   210.6   
1    11  154.802   1.78004     28.705    210.6   
1    12  154.749   1.83362     29.5689   211.4   
1    13  155.165   1.82645     29.4533   211.4   
1    14  155.984   1.80128     29.0475   211.4   
1    15  157.35    1.78511     28.7867   211.4   
1    16  156.905   1.8368      29.6202   220.2   
1    17  157.374   1.86344     30.0498   220.2   
1    18  157.979   1.85851     29.9703   220.2   
1    19  156.598   1.9122      30.8362   220.2   
1    20  157.637   1.87631     30.2574   220.2   
1    21  157.69    1.88754     30.4385   220.2   
1    22  157.905   1.87419     30.2232   220.2   
1    23  158.323   1.88237     30.355    220.2   
1    24  156.944   1.96158     31.6325   220.2   
1    25  158.42    1.91993     30.9608   220.2   
1    26  157.454   1.96983     31.7655   220.2   
1    27  158.113   1.95837     31.5807   220.2   
1    28  158.143   1.93555     31.2126   220.2   
1    29  158.147   1.98143     31.9525   220.2   
1    30  157.613   1.95698     31.5582   220.2   
1    31  157.187   1.9803      31.9343   220.2   
1    32  158.167   1.98401     31.9941   220.2   
1    33  158.222   1.97167     31.7951   220.2   
1    34  157.612   2.00375     32.3125   220.2   
1    35  158.219   1.96666     31.7143   220.2   
1    36  158.554   1.98509     32.0116   220.2   
1    37  159.453   1.99409     32.1567   220.2   
1    38  158.916   2.02917     32.7223   220.2   
1    39  159.139   1.99899     32.2357   220.2   
1    40  158.986   2.00768     32.3759   220.2   
1    41  159.289   2.05976     33.2157   220.2   
1    42  159.786   2.00975     32.4092   220.2   
1    43  159.005   1.96222     31.6428   220.2   
1    44  160.205   1.95915     31.5933   220.2   
1    45  158.509   2.05056     33.0674   220.2   
1    46  159.973   1.99727     32.2079   220.2   
1    47  158.947   2.02975     32.7318   220.2   
1    48  158.993   2.02606     32.6722   225.6   
1    49  158.688   2.00913     32.3992   225.6   
1    50  159.29    2.03236     32.7739   225.6   
1    51  160.099   2.00172     32.2797   225.6   
1    52  159.912   2.03462     32.8103   225.6   
1    53  159.879   2.02622     32.6748   225.6   
1    54  160.086   2.01062     32.4233   225.6   
1    55  160.216   2.00674     32.3608   225.6   
1    56  159.119   2.04402     32.9619   225.6   
1    57  160.68    1.91982     30.9591   225.6   
1    58  159.842   2.02294     32.622    225.6   
1    59  160.032   2.01939     32.5647   225.6   
1    60  160.277   2.02052     32.5829   225.6   
1    61  159.074   2.07518     33.4643   225.6   
1    62  158.957   2.0861      33.6405   225.6   
1    63  160.373   2.02718     32.6903   225.6   
1    64  160.221   2.01738     32.5322   225.6   
1    65  159.819   2.0369      32.8471   225.6   
1    66  160.635   2.01566     32.5045   225.6   
1    67  160.433   2.02384     32.6365   225.6   
1    68  159.87    2.05046     33.0657   225.6   
1    69  160.738   1.97874     31.9092   225.6   
1    70  158.929   2.03985     32.8947   225.6   
1    71  160.631   2.06078     33.2322   225.6   
1    72  160.487   2.03118     32.7548   225.6   
1    73  159.926   2.03496     32.8158   225.6   
1    74  159.443   2.05499     33.1388   225.6   
1    75  159.693   2.05689     33.1694   225.6   
1    76  160.888   2.01277     32.458    225.6   
1    77  160.12    2.05522     33.1425   225.6   
1    78  159.733   2.07382     33.4424   225.6   
1    79  159.03    2.0597      33.2147   225.6   
1    80  159.527   2.08471     33.618    225.6   
1    81  159.248   2.11439     34.0967   225.6   
1    82  160.653   2.03155     32.7607   225.6   
1    83  160.051   2.0734      33.4356   229.4   
1    84  159.795   2.10113     33.8828   229.4   
1    85  160.385   2.06113     33.2377   229.4   
1    86  160.359   2.05391     33.1214   229.4   
1    87  158.853   2.11702     34.1391   229.4   
1    88  160.718   2.02582     32.6683   229.4   
1    89  159.953   2.06038     33.2256   229.4   
1    90  159.606   2.10106     33.8816   229.4   
1    91  159.11    2.13803     34.4779   229.4   
1    92  160.114   2.05193     33.0894   229.4   
1    93  160.44    2.05645     33.1624   229.4   
1    94  158.913   2.08961     33.6971   229.4   
1    95  160.887   2.07323     33.4329   229.4   
1    96  158.639   2.12507     34.2689   229.4   
1    97  159.933   2.03802     32.8651   229.4   
1    98  160.437   2.07967     33.5367   229.4   
1    99  160.038   2.06772     33.344    229.4   
1    100 160.709   2.05283     33.1039   229.4   
Done run 1 of 29

Beginning Run 2 of 29
Run  RI  Mean      95% CI      SD        Best    
2    0   24.5      0.200209    3.22857   37.8    
2    1   50.4736   0.483025    7.78927   108     
2    2   95.8912   0.956268    15.4208   163.2   
2    3   135.67    1.23592     19.9304   200     
2    4   143.815   1.43621     23.1603   200     
2    5   149.076   1.50174     24.2171   211.6   
2    6   150.34    1.59557     25.7301   211.6   
2    7   152.321   1.60334     25.8555   211.6   
2    8   152.485   1.64365     26.5054   214.4   
2    9   153.819   1.70062     27.4242   214.4   
2    10  154.38    1.7167      27.6835   214.4   
2    11  156.003   1.70175     27.4424   214.4   
2    12  155.267   1.72707     27.8507   214.4   
2    13  155.862   1.74691     28.1707   214.4   
2    14  154.858   1.80489     29.1056   215     
2    15  155.445   1.82884     29.4918   215     
2    16  155.756   1.83776     29.6356   215     
2    17  154.861   1.83182     29.54     215     
2    18  156.19    1.83211     29.5446   215     
2    19  156.61    1.84017     29.6747   215     
2    20  155.916   1.8392      29.659    215     
2    21  156.608   1.87428     30.2246   215     
2    22  155.491   1.86809     30.1248   215     
2    23  156.086   1.89187     30.5083   215     
2    24  156.386   1.90543     30.727    215     
2    25  156.355   1.87281     30.201    215     
2    26  156.008   1.88334     30.3708   215     
2    27  156.455   1.90324     30.6916   215     
2    28  156.298   1.91317     30.8517   215     
2    29  156.029   1.91133     30.8222   215     
2    30  156.23    1.91724     30.9175   215     
2    31  156.259   1.93079     31.1358   215     
2    32  157.542   1.87279     30.2006   215     
2    33  156.877   1.91984     30.9594   215     
2    34  156.504   1.94342     31.3396   215     
2    35  157.116   1.89975     30.6354   215     
2    36  157.951   1.84654     29.7774   215     
2    37  156.765   1.93756     31.2451   215     
2    38  157.485   1.90024     30.6432   215     
2    39  156.817   1.93715     31.2385   215     
2    40  157.43    1.93458     31.197    215     
2    41  157.287   2.00239     32.2905   215     
2    42  157.456   1.94227     31.3211   215     
2    43  156.962   1.93604     31.2206   221.6   
2    44  157.569   1.90367     30.6986   221.6   
2    45  157.426   1.94681     31.3942   221.6   
2    46  158.161   1.93833     31.2575   221.6   
2    47  157.42    1.95027     31.4501   221.6   
2    48  156.157   2.00368     32.3114   221.6   
2    49  157.072   1.96024     31.6109   221.6   
2    50  157.745   1.90236     30.6774   221.6   
2    51  158.215   1.97458     31.842    221.6   
2    52  157.445   2.00389     32.3147   221.6   
2    53  157.681   1.91734     30.919    221.6   
2    54  157.137   1.99268     32.134    221.6   
2    55  157.995   1.94732     31.4025   221.6   
2    56  157.607   1.97102     31.7847   221.6   
2    57  158.778   1.92956     31.116    221.6   
2    58  158.414   2.0006      32.2616   221.6   
2    59  159.126   1.97821     31.9007   221.6   
2    60  159.001   1.95964     31.6011   221.6   
2    61  157.84    1.96598     31.7034   221.6   
2    62  157.82    1.97469     31.8439   221.6   
2    63  158.31    1.94917     31.4322   221.6   
2    64  158.223   1.96533     31.693    221.6   
2    65  158.308   1.99156     32.1159   221.6   
2    66  158.77    1.97336     31.8225   221.6   
2    67  159.663   1.9434      31.3393   221.6   
2    68  159.296   1.94862     31.4234   221.6   
2    69  158.757   1.9436      31.3424   221.6   
2    70  159.029   1.95481     31.5232   221.6   
2    71  158.179   1.98714     32.0446   221.6   
2    72  159.227   1.96806     31.737    221.6   
2    73  157.948   2.03872     32.8764   221.6   
2    74  158.788   1.95403     31.5107   221.6   
2    75  158.346   1.97157     31.7935   221.6   
2    76  158.908   1.99015     32.0932   221.6   
2    77  159.719   1.92755     31.0837   221.6   
2    78  158.186   2.03737     32.8546   221.6   
2    79  158.062   2.0466      33.0035   221.6   
2    80  157.07    2.06194     33.2508   221.6   
2    81  158.163   1.97826     31.9015   221.6   
2    82  158.48    2.03045     32.7431   221.6   
2    83  159.121   1.99649     32.1954   221.6   
2    84  158.338   2.01851     32.5504   221.6   
2    85  158.957   2.0378      32.8615   226.2   
2    86  158.822   2.02169     32.6018   226.2   
2    87  160.029   2.01696     32.5255   226.2   
2    88  158.771   2.02827     32.7078   226.2   
2    89  159.601   1.94495     31.3643   226.2   
2    90  158.679   2.05282     33.1038   226.2   
2    91  157.985   2.0983      33.8371   226.2   
2    92  159.675   1.98587     32.0241   226.2   
2    93  159.809   2.01464     32.488    226.2   
2    94  158.969   2.04706     33.0108   226.2   
2    95  159.795   2.06257     33.261    226.2   
2    96  159.426   2.03647     32.8401   226.2   
2    97  158.894   2.05168     33.0854   226.2   
2    98  159.291   2.04768     33.021    226.2   
2    99  158.353   2.05761     33.1811   226.2   
2    100 158.37    2.03746     32.8561   226.2   
Done run 2 of 29

Beginning Run 3 of 29
Run  RI  Mean      95% CI      SD        Best    
3    0   24.5996   0.202434    3.26445   38.8    
3    1   50.079    0.441201    7.1148    79.2    
3    2   81.5416   0.681955    10.9972   130.4   
3    3   112.74    1.14155     18.4086   177.4   
3    4   138.422   1.32039     21.2927   210     
3    5   148.6     1.55245     25.0349   212.2   
3    6   152.884   1.63673     26.3939   212.2   
3    7   154.734   1.72318     27.788    222.6   
3    8   156.033   1.79442     28.9367   222.6   
3    9   156.618   1.81852     29.3254   222.6   
3    10  156.877   1.9002      30.6427   222.6   
3    11  156.933   1.91902     30.9461   222.6   
3    12  158.022   1.85116     29.8518   222.6   
3    13  157.636   1.93641     31.2266   222.6   
3    14  157.979   1.89703     30.5915   222.6   
3    15  158.78    1.88724     30.4336   222.6   
3    16  158.644   1.93007     31.1243   222.6   
3    17  158.533   1.91345     30.8563   222.6   
3    18  159.706   1.97042     31.775    222.6   
3    19  159.428   1.92495     31.0418   222.6   
3    20  159.265   1.94315     31.3352   222.6   
3    21  159.878   1.95549     31.5343   222.6   
3    22  158.417   1.99315     32.1415   222.6   
3    23  159.154   1.98276     31.974    222.6   
3    24  160.599   1.94941     31.4362   223.2   
3    25  161.069   1.97716     31.8837   223.2   
3    26  161.467   1.95606     31.5434   226.8   
3    27  159.111   2.03562     32.8265   226.8   
3    28  159.868   2.00182     32.2813   226.8   
3    29  159.63    2.03307     32.7853   226.8   
3    30  162.145   1.91038     30.8068   226.8   
3    31  160.385   1.99025     32.0947   226.8   
3    32  160.497   1.94284     31.3302   226.8   
3    33  159.668   2.02521     32.6585   226.8   
3    34  161.341   2.005       32.3326   226.8   
3    35  161.261   2.00702     32.3653   226.8   
3    36  160.609   2.01246     32.453    226.8   
3    37  161.445   1.94825     31.4176   226.8   
3    38  160.208   2.08617     33.6415   226.8   
3    39  161.706   2.0018      32.2811   226.8   
3    40  160.058   2.06082     33.2328   226.8   
3    41  160.407   2.05321     33.1101   226.8   
3    42  161.509   2.01138     32.4355   226.8   
3    43  161.219   2.04357     32.9546   226.8   
3    44  161.897   2.00029     32.2566   226.8   
3    45  160.694   2.10546     33.9526   226.8   
3    46  161.912   2.02212     32.6087   226.8   
3    47  161.696   2.00888     32.3951   226.8   
3    48  160.949   2.051       33.0744   226.8   
3    49  161.048   2.07259     33.4225   226.8   
3    50  161.57    2.01783     32.5395   226.8   
3    51  161.186   2.07635     33.4832   226.8   
3    52  161.487   2.06802     33.3489   226.8   
3    53  161.617   2.04194     32.9283   226.8   
3    54  160.858   2.07887     33.5238   226.8   
3    55  160.371   2.10098     33.8804   226.8   
3    56  160.771   2.03863     32.8749   226.8   
3    57  162.5     2.00509     32.334    226.8   
3    58  160.528   2.09543     33.7908   226.8   
3    59  160.941   2.09723     33.8199   226.8   
3    60  161.265   2.06818     33.3514   226.8   
3    61  162.468   2.02569     32.6663   226.8   
3    62  161.584   2.03291     32.7827   226.8   
3    63  161.522   2.0511      33.0761   226.8   
3    64  161.297   2.04912     33.0441   226.8   
3    65  161.555   2.05317     33.1095   226.8   
3    66  161.313   2.06839     33.3549   226.8   
3    67  161.636   2.032       32.768    226.8   
3    68  161.488   2.08105     33.559    226.8   
3    69  162.161   2.04111     32.9149   226.8   
3    70  160.742   2.08698     33.6547   226.8   
3    71  161.107   2.08937     33.6932   226.8   
3    72  161.411   2.04941     33.0488   226.8   
3    73  161.348   2.03324     32.7881   226.8   
3    74  162.162   2.04711     33.0116   226.8   
3    75  160.636   2.09302     33.752    227.6   
3    76  161.15    2.08666     33.6495   227.6   
3    77  162.842   2.01447     32.4854   227.6   
3    78  161.204   2.10173     33.8925   227.6   
3    79  162.691   2.00963     32.4073   227.6   
3    80  161.518   2.07638     33.4837   227.6   
3    81  163.302   2.02281     32.6199   227.6   
3    82  160.792   2.07305     33.43     227.6   
3    83  161.505   2.07524     33.4653   227.6   
3    84  162.334   2.05461     33.1327   227.6   
3    85  161.998   2.04113     32.9152   227.6   
3    86  162.202   2.07015     33.3832   227.6   
3    87  161.851   2.05253     33.0991   227.6   
3    88  162.171   2.05161     33.0843   227.6   
3    89  161.983   2.08473     33.6184   227.6   
3    90  161.793   2.06013     33.2217   227.6   
3    91  162.614   2.03556     32.8255   227.6   
3    92  162.672   2.02667     32.682    227.6   
3    93  162.357   2.06418     33.2869   227.6   
3    94  161.279   2.06319     33.2709   227.6   
3    95  160.493   2.10706     33.9784   227.6   
3    96  161.825   2.06369     33.2791   227.6   
3    97  162.318   2.05655     33.1639   227.6   
3    98  161.769   2.11542     34.1132   227.6   
3    99  161.53    2.09517     33.7867   227.6   
3    100 161.416   2.10058     33.874    227.6   
Done run 3 of 29

Beginning Run 4 of 29
Run  RI  Mean      95% CI      SD        Best    
4    0   24.3762   0.198511    3.20119   37.6    
4    1   48.3578   0.369515    5.95879   78      
4    2   80.6808   0.724892    11.6896   139.4   
4    3   113.135   0.98609     15.9017   159.8   
4    4   129.347   1.19003     19.1903   183     
4    5   138.241   1.40076     22.5886   193.8   
4    6   143.456   1.5235      24.5679   196.6   
4    7   146.765   1.60774     25.9263   206.2   
4    8   150.707   1.66099     26.7851   206.2   
4    9   152.509   1.68176     27.12     209.4   
4    10  153.507   1.69828     27.3864   209.6   
4    11  153.74    1.79504     28.9468   209.6   
4    12  156.013   1.75241     28.2594   209.6   
4    13  156.875   1.79804     28.9953   209.6   
4    14  156.549   1.88531     30.4024   211.2   
4    15  158.041   1.84222     29.7077   211.2   
4    16  158.063   1.88401     30.3816   211.2   
4    17  158.352   1.88347     30.3729   211.2   
4    18  158.64    1.87663     30.2625   212.2   
4    19  158.824   1.90525     30.7241   214.2   
4    20  158.474   1.90748     30.76     214.2   
4    21  158.022   1.92683     31.0721   214.2   
4    22  159.248   1.93386     31.1855   214.2   
4    23  159.494   1.93007     31.1243   214.6   
4    24  159.587   1.9498      31.4425   215     
4    25  159.516   1.97433     31.838    215     
4    26  159.392   1.97128     31.7889   215     
4    27  159.581   1.99529     32.1761   218.2   
4    28  160.153   1.95523     31.53     218.2   
4    29  159.223   1.96693     31.7187   218.2   
4    30  160.434   1.95699     31.5584   218.2   
4    31  160.463   1.95326     31.4982   218.2   
4    32  160.961   1.97272     31.8121   218.2   
4    33  160.223   1.95896     31.5901   218.2   
4    34  160.462   2.02246     32.6141   218.2   
4    35  160.503   1.97242     31.8072   221.2   
4    36  160.917   2.01298     32.4612   221.2   
4    37  160.472   2.01861     32.5521   221.2   
4    38  159.086   1.96967     31.763    221.2   
4    39  160.302   2.00456     32.3256   222.2   
4    40  160.079   1.99352     32.1475   226.2   
4    41  160.684   1.96844     31.743    226.2   
4    42  161.381   1.97279     31.8132   226.2   
4    43  159.396   2.07607     33.4787   226.2   
4    44  160.384   1.97479     31.8455   226.2   
4    45  161.8     1.96417     31.6742   226.2   
4    46  161.247   2.00012     32.254    226.2   
4    47  159.826   2.03626     32.8368   226.2   
4    48  159.965   2.07542     33.4682   226.2   
4    49  161.033   2.05253     33.0991   226.2   
4    50  160.628   1.98543     32.017    226.2   
4    51  160.634   2.05985     33.2172   226.2   
4    52  160.603   2.01818     32.5452   226.2   
4    53  159.656   2.05717     33.1739   226.2   
4    54  159.926   2.06256     33.2608   226.2   
4    55  158.96    2.07538     33.4675   226.2   
4    56  160.827   2.01357     32.4708   226.2   
4    57  160.539   2.00684     32.3624   226.2   
4    58  161.783   1.9907      32.1021   226.2   
4    59  161.486   2.02307     32.6241   226.2   
4    60  159.539   2.02779     32.7001   226.2   
4    61  159.721   2.02815     32.706    226.2   
4    62  161.189   2.04101     32.9134   226.2   
4    63  160.482   2.05061     33.0681   226.2   
4    64  160.136   2.07871     33.5213   226.2   
4    65  160.484   2.08547     33.6302   226.2   
4    66  162.498   2.02663     32.6814   226.2   
4    67  162.05    2.02065     32.5851   230     
4    68  160.524   2.06339     33.2743   230     
4    69  160.875   2.03776     32.8609   230     
4    70  161.072   2.03771     32.86     230     
4    71  161.071   2.06279     33.2645   230     
4    72  161.3     2.076       33.4776   230     
4    73  160.412   2.04923     33.0458   230     
4    74  160.808   2.04649     33.0017   230     
4    75  161.711   2.05494     33.138    230     
4    76  161.178   2.05647     33.1626   230     
4    77  161.64    2.04626     32.9979   230     
4    78  161.104   2.0879      33.6694   230     
4    79  161.698   2.09659     33.8096   230     
4    80  161.503   2.10363     33.9231   230     
4    81  161.144   2.10093     33.8796   230     
4    82  161.132   2.03093     32.7508   230     
4    83  161.746   2.08285     33.588    230     
4    84  161.807   2.10339     33.9192   230     
4    85  161.25    2.09605     33.8009   230     
4    86  161.39    2.04241     32.9359   230     
4    87  160.97    2.10208     33.8981   230     
4    88  161       2.09875     33.8445   230     
4    89  161.156   2.08237     33.5803   230     
4    90  162.667   2.06572     33.3119   230     
4    91  162.375   2.0341      32.802    230     
4    92  161.318   2.0808      33.555    230     
4    93  160.809   2.08493     33.6215   230     
4    94  161.584   2.07981     33.539    230     
4    95  161.083   2.11536     34.1123   230     
4    96  160.95    2.09329     33.7564   230     
4    97  160.735   2.13784     34.4748   230     
4    98  161.44    2.06944     33.3718   230     
4    99  162.066   2.04932     33.0473   230     
4    100 162.146   2.05466     33.1335   230     
Done run 4 of 29

Beginning Run 5 of 29
Run  RI  Mean      95% CI      SD        Best    
5    0   24.597    0.207185    3.34107   40.8    
slurmstepd: error: *** JOB 2882608 ON gra643 CANCELLED AT 2023-01-22T22:45:54 DUE TO TIME LIMIT ***
