9; ./128PM ./PM128/P1/ps2/ ./Profiles/Profile1.dat 1 0.00564563 0.00163256 0.0132752 0.00318104 0.027216 0.017681 0.811454 0.0213773 0.0985377
Graph Evolution Tool.
Initial Graph: Ring with m = 2
Fitness Function: Profile Matching
Representation: THADS-N with Operation Densities
Densities: 0.00564563 0.00163256 0.0132752 0.00318104 0.027216 0.017681 0.811454 0.0213773 0.0985377 
Profile: 1 2 4 7 11 14 15 15 15 14 11 7 4 2 1 1 1 
Check readme.dat for more information about parameters/output.

Beginning Run 0 of 29
Run  RI  Mean      95% CI      SD        Best    
0    0   4.39601   0.0663563   1.07006   2.0821      	Dead: 0
0    1   3.87235   0.0562122   0.906478  2.07749     	Dead: 0
0    2   3.57987   0.0495593   0.799193  1.7831      	Dead: 0
0    3   3.42594   0.0502115   0.809711  1.7831      	Dead: 0
0    4   3.3159    0.0491609   0.792768  1.7831      	Dead: 0
0    5   3.25165   0.0493959   0.796558  1.7831      	Dead: 0
0    6   3.21793   0.0520597   0.839515  1.75938     	Dead: 0
0    7   3.08158   0.0480693   0.775166  1.75938     	Dead: 0
0    8   2.97302   0.0432663   0.697712  1.75938     	Dead: 0
0    9   2.99164   0.0474782   0.765633  1.75938     	Dead: 0
0    10  2.8739    0.0430256   0.693831  1.75938     	Dead: 0
0    11  2.80954   0.0426897   0.688415  1.71151     	Dead: 0
0    12  2.71046   0.0404714   0.652642  1.71151     	Dead: 0
0    13  2.62578   0.0386745   0.623664  1.71151     	Dead: 0
0    14  2.56182   0.0371364   0.598862  1.71151     	Dead: 0
0    15  2.5212    0.0357491   0.576491  1.71151     	Dead: 0
0    16  2.48009   0.0359063   0.579025  1.60043     	Dead: 0
0    17  2.43444   0.0343661   0.554188  1.47591     	Dead: 0
0    18  2.3978    0.0332539   0.536253  1.44918     	Dead: 0
0    19  2.33616   0.0301702   0.486525  1.44918     	Dead: 0
0    20  2.32262   0.0306961   0.495006  1.44918     	Dead: 0
0    21  2.29155   0.0306032   0.493508  1.44918     	Dead: 0
0    22  2.26341   0.0305854   0.49322   1.44918     	Dead: 0
0    23  2.25705   0.0306944   0.494979  1.44918     	Dead: 0
0    24  2.23105   0.0291979   0.470846  1.44918     	Dead: 0
0    25  2.2362    0.0294923   0.475593  1.44918     	Dead: 0
0    26  2.20951   0.0292983   0.472465  1.44918     	Dead: 0
0    27  2.2086    0.0306838   0.494807  1.44918     	Dead: 0
0    28  2.19597   0.0299308   0.482665  1.44918     	Dead: 0
0    29  2.16627   0.0273652   0.441292  1.39717     	Dead: 0
0    30  2.20071   0.030454    0.491101  1.39717     	Dead: 0
0    31  2.16206   0.0286203   0.461532  1.39717     	Dead: 0
0    32  2.16113   0.028837    0.465025  1.39717     	Dead: 0
0    33  2.16406   0.0295368   0.47631   1.39717     	Dead: 0
0    34  2.16799   0.0311708   0.50266   1.39717     	Dead: 0
0    35  2.14557   0.0296334   0.477868  1.39717     	Dead: 0
0    36  2.14484   0.0291412   0.469931  1.39717     	Dead: 0
0    37  2.14228   0.0296098   0.477488  1.39717     	Dead: 0
0    38  2.13459   0.0297918   0.480422  1.39717     	Dead: 0
0    39  2.1396    0.0295734   0.476901  1.39717     	Dead: 0
0    40  2.13958   0.0306815   0.494771  1.39717     	Dead: 0
0    41  2.12578   0.029009    0.4678    1.39717     	Dead: 0
0    42  2.14008   0.0300752   0.484993  1.39717     	Dead: 0
0    43  2.11287   0.0291868   0.470666  1.39717     	Dead: 0
0    44  2.10158   0.0288472   0.46519   1.39717     	Dead: 0
0    45  2.12084   0.0302588   0.487953  1.39717     	Dead: 0
0    46  2.0976    0.0292018   0.470908  1.39717     	Dead: 0
0    47  2.10753   0.0309837   0.499643  1.39717     	Dead: 0
0    48  2.10919   0.0302833   0.488349  1.39717     	Dead: 0
0    49  2.10096   0.0290064   0.467757  1.39717     	Dead: 0
0    50  2.0851    0.0290534   0.468516  1.39717     	Dead: 0
0    51  2.08683   0.0302273   0.487445  1.39717     	Dead: 0
0    52  2.08655   0.0307483   0.495847  1.39717     	Dead: 0
0    53  2.07943   0.0287823   0.464143  1.39717     	Dead: 0
0    54  2.08659   0.0290492   0.468447  1.39717     	Dead: 0
0    55  2.0955    0.0306777   0.494709  1.39717     	Dead: 0
0    56  2.06778   0.0281223   0.4535    1.39717     	Dead: 0
0    57  2.07008   0.0276428   0.445768  1.39717     	Dead: 0
0    58  2.07126   0.0284038   0.45804   1.39717     	Dead: 0
0    59  2.07442   0.0298337   0.481099  1.39717     	Dead: 0
0    60  2.08014   0.031156    0.502422  1.39717     	Dead: 0
0    61  2.06509   0.0306241   0.493844  1.39425     	Dead: 0
0    62  2.05183   0.0294232   0.474479  1.39425     	Dead: 0
0    63  2.05646   0.029775    0.480152  1.39425     	Dead: 0
0    64  2.05496   0.0290384   0.468274  1.39425     	Dead: 0
0    65  2.04943   0.0282542   0.455627  1.39425     	Dead: 0
0    66  2.05965   0.0295142   0.475946  1.39425     	Dead: 0
0    67  2.04986   0.0286977   0.462779  1.39425     	Dead: 0
0    68  2.04552   0.028876    0.465654  1.39425     	Dead: 0
0    69  2.0482    0.028392    0.457849  1.33962     	Dead: 0
0    70  2.03274   0.0286803   0.462499  1.33962     	Dead: 0
0    71  2.04022   0.0285171   0.459867  1.33962     	Dead: 0
0    72  2.03444   0.0283443   0.45708   1.33962     	Dead: 0
0    73  2.03565   0.0295456   0.476452  1.33962     	Dead: 0
0    74  2.03224   0.0288255   0.464839  1.33962     	Dead: 0
0    75  2.03379   0.0286295   0.461679  1.33962     	Dead: 0
0    76  2.02787   0.0276748   0.446284  1.33962     	Dead: 0
0    77  2.02732   0.0281061   0.453238  1.33962     	Dead: 0
0    78  2.02494   0.0291898   0.470715  1.33962     	Dead: 0
0    79  2.02961   0.0291867   0.470664  1.33962     	Dead: 0
0    80  2.025     0.0286424   0.461888  1.33962     	Dead: 0
0    81  2.02247   0.0295232   0.476091  1.33962     	Dead: 0
0    82  2.02946   0.0295429   0.476409  1.33962     	Dead: 0
0    83  2.01652   0.0287532   0.463675  1.33962     	Dead: 0
0    84  2.01429   0.0287038   0.462877  1.33962     	Dead: 0
0    85  1.97961   0.0264972   0.427294  1.33962     	Dead: 0
0    86  2.00543   0.0291119   0.469459  1.33962     	Dead: 0
0    87  2.01085   0.0301538   0.486261  1.33962     	Dead: 0
0    88  1.99493   0.0283473   0.457129  1.33962     	Dead: 0
0    89  2.02764   0.0298331   0.481088  1.33962     	Dead: 0
0    90  2.00991   0.0285376   0.460197  1.33962     	Dead: 0
0    91  2.00653   0.0290951   0.469187  1.33962     	Dead: 0
0    92  2.01652   0.0291144   0.469499  1.33962     	Dead: 0
0    93  2.01115   0.0289546   0.466922  1.33962     	Dead: 0
0    94  1.99587   0.0279783   0.451179  1.33962     	Dead: 0
0    95  2.02589   0.0298454   0.481286  1.33962     	Dead: 0
0    96  2.00553   0.0273834   0.441584  1.33962     	Dead: 0
0    97  2.01307   0.0295647   0.47676   1.33962     	Dead: 0
0    98  1.99103   0.027881    0.449609  1.33962     	Dead: 0
0    99  1.98436   0.0274603   0.442825  1.33962     	Dead: 0
0    100 1.98606   0.0271659   0.438077  1.33962     	Dead: 0
Done run 0 of 29

Beginning Run 1 of 29
Run  RI  Mean      95% CI      SD        Best    
1    0   4.43932   0.0688156   1.10972   2.06596     	Dead: 0
1    1   3.82172   0.0535474   0.863505  2.06596     	Dead: 0
1    2   3.55658   0.0478383   0.77144   2.06596     	Dead: 0
1    3   3.39558   0.047337    0.763357  1.97361     	Dead: 0
1    4   3.30967   0.0474928   0.765868  1.97361     	Dead: 0
1    5   3.23386   0.0450324   0.726193  1.97361     	Dead: 0
1    6   3.19777   0.0470886   0.759351  1.97361     	Dead: 0
1    7   3.16479   0.0522831   0.843117  1.97361     	Dead: 0
1    8   3.08933   0.0489864   0.789954  1.96141     	Dead: 0
1    9   3.06218   0.0489405   0.789214  1.96141     	Dead: 0
1    10  3.021     0.0498528   0.803927  1.69224     	Dead: 0
1    11  2.96088   0.0463668   0.747712  1.69224     	Dead: 0
1    12  2.98617   0.0489688   0.789671  1.69224     	Dead: 0
1    13  2.94798   0.0472018   0.761176  1.69224     	Dead: 0
1    14  2.91184   0.0458023   0.738607  1.69224     	Dead: 0
1    15  2.93514   0.0482794   0.778553  1.69224     	Dead: 0
1    16  2.91436   0.0483346   0.779444  1.69224     	Dead: 0
1    17  2.89364   0.0477742   0.770406  1.69224     	Dead: 0
1    18  2.86445   0.0481004   0.775667  1.69224     	Dead: 0
1    19  2.8795    0.049014    0.790399  1.69224     	Dead: 0
1    20  2.86532   0.0485128   0.782317  1.69224     	Dead: 0
1    21  2.85518   0.0491784   0.793051  1.69224     	Dead: 0
1    22  2.83929   0.0495434   0.798937  1.64727     	Dead: 0
1    23  2.82376   0.0503392   0.811771  1.64727     	Dead: 0
1    24  2.80767   0.0497138   0.801685  1.64727     	Dead: 0
1    25  2.74392   0.0459275   0.740627  1.64727     	Dead: 0
1    26  2.72133   0.0468791   0.755972  1.64727     	Dead: 0
1    27  2.69237   0.0456378   0.735955  1.64727     	Dead: 0
1    28  2.71375   0.0498507   0.803893  1.64727     	Dead: 0
1    29  2.71198   0.0512416   0.826322  1.64727     	Dead: 0
1    30  2.64934   0.0474156   0.764624  1.62415     	Dead: 0
1    31  2.63355   0.0477175   0.769492  1.54173     	Dead: 0
1    32  2.57176   0.0454042   0.732188  1.54173     	Dead: 0
1    33  2.55174   0.0475596   0.766947  1.49038     	Dead: 0
1    34  2.52615   0.0457231   0.73733   1.49038     	Dead: 0
1    35  2.47462   0.0455689   0.734845  1.49038     	Dead: 0
1    36  2.45958   0.0458704   0.739707  1.49038     	Dead: 0
1    37  2.38509   0.0433794   0.699536  1.43292     	Dead: 0
1    38  2.36266   0.0425427   0.686044  1.43292     	Dead: 0
1    39  2.36548   0.0466353   0.752041  1.43292     	Dead: 0
1    40  2.32233   0.0428192   0.690503  1.43292     	Dead: 0
1    41  2.30998   0.0410389   0.661794  1.33833     	Dead: 0
1    42  2.33055   0.0430291   0.693888  1.33833     	Dead: 0
1    43  2.26985   0.0402534   0.649126  1.33833     	Dead: 0
1    44  2.28093   0.0444603   0.716967  1.33833     	Dead: 0
1    45  2.26003   0.0427212   0.688922  1.33833     	Dead: 0
1    46  2.24478   0.0408577   0.658872  1.33833     	Dead: 0
1    47  2.22893   0.0407893   0.657768  1.33833     	Dead: 0
1    48  2.24112   0.0412326   0.664917  1.33833     	Dead: 0
1    49  2.24173   0.0433739   0.699448  1.33833     	Dead: 0
1    50  2.23932   0.0454411   0.732783  1.33833     	Dead: 0
1    51  2.19647   0.0405345   0.653659  1.33833     	Dead: 0
1    52  2.19109   0.0418464   0.674815  1.33833     	Dead: 0
1    53  2.16052   0.0402838   0.649617  1.33833     	Dead: 0
1    54  2.15086   0.0402801   0.649557  1.33833     	Dead: 0
1    55  2.17749   0.0411908   0.664243  1.33833     	Dead: 0
1    56  2.16269   0.0408929   0.659438  1.33833     	Dead: 0
1    57  2.138     0.0377679   0.609045  1.33833     	Dead: 0
1    58  2.18523   0.0428205   0.690523  1.31411     	Dead: 0
1    59  2.15612   0.042135    0.679469  1.31411     	Dead: 0
1    60  2.15522   0.0415532   0.670087  1.31411     	Dead: 0
1    61  2.13875   0.0412755   0.665608  1.31411     	Dead: 0
1    62  2.13993   0.0395348   0.637539  1.31411     	Dead: 0
1    63  2.13122   0.0378121   0.609758  1.31411     	Dead: 0
1    64  2.13601   0.0400561   0.645944  1.31411     	Dead: 0
1    65  2.10854   0.0357062   0.575798  1.31411     	Dead: 0
1    66  2.13041   0.0385317   0.621362  1.31411     	Dead: 0
1    67  2.09696   0.036982    0.596372  1.31411     	Dead: 0
1    68  2.10165   0.0400517   0.645873  1.31411     	Dead: 0
1    69  2.07646   0.0382249   0.616414  1.31411     	Dead: 0
1    70  2.10261   0.0381354   0.614971  1.31411     	Dead: 0
1    71  2.08157   0.0367576   0.592753  1.31411     	Dead: 0
1    72  2.08045   0.0392866   0.633536  1.31411     	Dead: 0
1    73  2.05141   0.0368126   0.59364   1.31411     	Dead: 0
1    74  2.09423   0.040048    0.645814  1.31411     	Dead: 0
1    75  2.07525   0.0388356   0.626262  1.31411     	Dead: 0
1    76  2.06807   0.0382241   0.616401  1.31411     	Dead: 0
1    77  2.06635   0.0376051   0.60642   1.31411     	Dead: 0
1    78  2.08535   0.0389694   0.628421  1.31411     	Dead: 0
1    79  2.06329   0.0384192   0.619547  1.31411     	Dead: 0
1    80  2.07359   0.038971    0.628446  1.31411     	Dead: 0
1    81  2.0841    0.0389623   0.628306  1.31411     	Dead: 0
1    82  2.06318   0.0383022   0.617661  1.31411     	Dead: 0
1    83  2.05523   0.0377778   0.609205  1.31411     	Dead: 0
1    84  2.04335   0.0363018   0.585403  1.31411     	Dead: 0
1    85  2.03541   0.0371748   0.599481  1.31411     	Dead: 0
1    86  2.05477   0.0393634   0.634774  1.31411     	Dead: 0
1    87  2.04459   0.0377863   0.609343  1.31411     	Dead: 0
1    88  2.05765   0.0380914   0.614262  1.31411     	Dead: 0
1    89  2.0372    0.0381761   0.615628  1.31411     	Dead: 0
1    90  2.06151   0.0399757   0.644649  1.31411     	Dead: 0
1    91  2.04785   0.03764     0.606983  1.31411     	Dead: 0
1    92  2.05276   0.0401452   0.647382  1.31411     	Dead: 0
1    93  2.01668   0.0364529   0.58784   1.31411     	Dead: 0
1    94  2.05751   0.0394041   0.63543   1.31411     	Dead: 0
1    95  2.06872   0.0414997   0.669224  1.31411     	Dead: 0
1    96  2.0429    0.0381859   0.615787  1.31411     	Dead: 0
1    97  2.04653   0.036961    0.596032  1.31411     	Dead: 0
1    98  2.03214   0.0370911   0.598132  1.31411     	Dead: 0
1    99  2.03449   0.0394228   0.635731  1.28531     	Dead: 0
1    100 2.0314    0.0381649   0.615448  1.28531     	Dead: 0
Done run 1 of 29

Beginning Run 2 of 29
Run  RI  Mean      95% CI      SD        Best    
2    0   4.40583   0.0671038   1.08212   2.17317     	Dead: 0
2    1   3.85568   0.0591716   0.954201  2.12087     	Dead: 0
2    2   3.6043    0.0527952   0.851376  2.07212     	Dead: 0
2    3   3.44336   0.0507987   0.81918   2.07212     	Dead: 0
2    4   3.30219   0.0495091   0.798383  1.96087     	Dead: 0
2    5   3.22334   0.0495489   0.799025  1.96087     	Dead: 0
2    6   3.15131   0.0467863   0.754476  1.96087     	Dead: 0
2    7   3.17415   0.0539371   0.869789  1.87119     	Dead: 0
2    8   3.09287   0.0483594   0.779843  1.87119     	Dead: 0
2    9   3.07528   0.0480997   0.775656  1.87119     	Dead: 0
2    10  3.0033    0.0449884   0.725482  1.87119     	Dead: 0
2    11  2.98384   0.0468487   0.755482  1.86745     	Dead: 0
2    12  2.96467   0.046184    0.744763  1.86745     	Dead: 0
2    13  2.96081   0.0497734   0.802645  1.86745     	Dead: 0
2    14  2.93289   0.0474334   0.764911  1.86745     	Dead: 0
2    15  2.90574   0.0460088   0.741938  1.86745     	Dead: 0
2    16  2.90922   0.0473967   0.764319  1.86745     	Dead: 0
2    17  2.88503   0.045501    0.733748  1.86745     	Dead: 0
2    18  2.86619   0.0447781   0.722092  1.86592     	Dead: 0
2    19  2.86121   0.0478151   0.771067  1.84598     	Dead: 0
2    20  2.8126    0.0444724   0.717162  1.84598     	Dead: 0
2    21  2.79774   0.0463042   0.746702  1.71475     	Dead: 0
2    22  2.81158   0.0463867   0.748031  1.71475     	Dead: 0
2    23  2.78065   0.0462838   0.746372  1.71475     	Dead: 0
2    24  2.77368   0.0471325   0.760059  1.71475     	Dead: 0
2    25  2.76407   0.0449841   0.725414  1.71475     	Dead: 0
2    26  2.74544   0.0452546   0.729776  1.71475     	Dead: 0
2    27  2.73416   0.0470993   0.759523  1.71454     	Dead: 0
2    28  2.69722   0.0459783   0.741446  1.71454     	Dead: 0
2    29  2.69366   0.0460584   0.742737  1.71454     	Dead: 0
2    30  2.68669   0.045435    0.732685  1.71454     	Dead: 0
2    31  2.70053   0.0461625   0.744417  1.69111     	Dead: 0
2    32  2.65591   0.0421111   0.679084  1.69111     	Dead: 0
2    33  2.64721   0.0451935   0.72879   1.69111     	Dead: 0
2    34  2.66365   0.0481191   0.775969  1.69111     	Dead: 0
2    35  2.62561   0.0444185   0.716292  1.64429     	Dead: 0
2    36  2.6071    0.0429437   0.692509  1.64429     	Dead: 0
2    37  2.59519   0.0439277   0.708379  1.64429     	Dead: 0
2    38  2.55819   0.0434186   0.700168  1.61681     	Dead: 0
2    39  2.5657    0.0441876   0.712569  1.48341     	Dead: 0
2    40  2.55345   0.0446587   0.720166  1.48341     	Dead: 0
2    41  2.52731   0.0449547   0.72494   1.48341     	Dead: 0
2    42  2.51828   0.0466141   0.751699  1.48341     	Dead: 0
2    43  2.50175   0.044703    0.720881  1.48341     	Dead: 0
2    44  2.47466   0.0415253   0.669637  1.48341     	Dead: 0
2    45  2.48025   0.0439942   0.70945   1.2844      	Dead: 0
2    46  2.42914   0.0400525   0.645887  1.2844      	Dead: 0
2    47  2.42594   0.0418015   0.67409   1.2844      	Dead: 0
2    48  2.44788   0.0458931   0.740071  1.2844      	Dead: 0
2    49  2.42904   0.0432463   0.69739   1.2844      	Dead: 0
2    50  2.40429   0.0438611   0.707304  1.2844      	Dead: 0
2    51  2.36743   0.0411366   0.663368  1.2844      	Dead: 0
2    52  2.34277   0.0390258   0.62933   1.2844      	Dead: 0
2    53  2.3337    0.0405096   0.653258  1.2844      	Dead: 0
2    54  2.32845   0.0393731   0.634931  1.2844      	Dead: 0
2    55  2.32104   0.0384114   0.619422  1.2844      	Dead: 0
2    56  2.33509   0.0406928   0.656212  1.2844      	Dead: 0
2    57  2.28134   0.0375822   0.60605   1.2844      	Dead: 0
2    58  2.28835   0.0400273   0.64548   1.2844      	Dead: 0
2    59  2.27292   0.0384728   0.620412  1.2844      	Dead: 0
2    60  2.2928    0.040596    0.654651  1.2844      	Dead: 0
2    61  2.28609   0.0411058   0.662872  1.2844      	Dead: 0
2    62  2.24225   0.037565    0.605774  1.2844      	Dead: 0
2    63  2.24868   0.0389367   0.627892  1.2844      	Dead: 0
2    64  2.21925   0.0373642   0.602535  1.2844      	Dead: 0
2    65  2.21282   0.0380898   0.614237  1.2844      	Dead: 0
2    66  2.20093   0.0365048   0.588677  1.2844      	Dead: 0
2    67  2.21975   0.0399207   0.643761  1.2844      	Dead: 0
2    68  2.16061   0.0349772   0.564043  1.2844      	Dead: 0
2    69  2.15105   0.0355504   0.573286  1.2844      	Dead: 0
2    70  2.14677   0.0359458   0.579662  1.2844      	Dead: 0
2    71  2.17585   0.0372942   0.601406  1.2844      	Dead: 0
2    72  2.17345   0.0362591   0.584714  1.2844      	Dead: 0
2    73  2.12908   0.0339155   0.546921  1.2844      	Dead: 0
2    74  2.13172   0.0358779   0.578567  1.2844      	Dead: 0
2    75  2.10304   0.0338451   0.545786  1.2844      	Dead: 0
2    76  2.09469   0.0344434   0.555434  1.2844      	Dead: 0
2    77  2.09935   0.0343529   0.553974  1.2844      	Dead: 0
2    78  2.08934   0.0337374   0.544049  1.2844      	Dead: 0
2    79  2.07494   0.032831    0.529433  1.2844      	Dead: 0
2    80  2.08006   0.0339182   0.546965  1.2844      	Dead: 0
2    81  2.06409   0.0312944   0.504653  1.27375     	Dead: 0
2    82  2.0628    0.034109    0.550042  1.27375     	Dead: 0
2    83  2.07035   0.034565    0.557396  1.27375     	Dead: 0
2    84  2.03725   0.0319518   0.515255  1.27375     	Dead: 0
2    85  2.05329   0.0346233   0.558336  1.27375     	Dead: 0
2    86  1.99188   0.0288908   0.465893  1.27375     	Dead: 0
2    87  2.02068   0.0315627   0.508979  1.27375     	Dead: 0
2    88  2.01503   0.0313031   0.504793  1.27375     	Dead: 0
2    89  1.98783   0.0289087   0.466182  1.27375     	Dead: 0
2    90  2.00315   0.0315101   0.508132  1.27375     	Dead: 0
2    91  2.00318   0.0309659   0.499356  1.27375     	Dead: 0
2    92  1.97629   0.0291789   0.47054   1.27375     	Dead: 0
2    93  1.973     0.0289003   0.466046  1.27375     	Dead: 0
2    94  1.97846   0.0300341   0.48433   1.27375     	Dead: 0
2    95  1.97324   0.0310583   0.500846  1.27375     	Dead: 0
2    96  1.9681    0.031791    0.512662  1.27375     	Dead: 0
2    97  1.95108   0.0290458   0.468393  1.27375     	Dead: 0
2    98  1.94754   0.0301629   0.486407  1.27375     	Dead: 0
2    99  1.93917   0.0294101   0.474267  1.27375     	Dead: 0
2    100 1.95685   0.0305787   0.493112  1.27375     	Dead: 0
Done run 2 of 29

Beginning Run 3 of 29
Run  RI  Mean      95% CI      SD        Best    
3    0   4.44881   0.0680598   1.09753   2.41741     	Dead: 0
3    1   3.8418    0.0565999   0.91273   2.1351      	Dead: 0
3    2   3.59411   0.0505063   0.814465  2.1351      	Dead: 0
3    3   3.40826   0.0457567   0.737872  2.1351      	Dead: 0
3    4   3.3063    0.0463836   0.747983  2.07329     	Dead: 0
3    5   3.25596   0.0497971   0.803028  2.07329     	Dead: 0
3    6   3.17728   0.0479065   0.77254   1.79128     	Dead: 0
3    7   3.12692   0.0477546   0.770091  1.79128     	Dead: 0
3    8   3.08637   0.0477145   0.769443  1.79128     	Dead: 0
3    9   3.03087   0.0453673   0.731593  1.79128     	Dead: 0
3    10  3.00174   0.0448505   0.72326   1.79128     	Dead: 0
3    11  2.94855   0.0429828   0.693141  1.79128     	Dead: 0
3    12  2.94117   0.0440445   0.710262  1.70298     	Dead: 0
3    13  2.89432   0.0454203   0.732448  1.70298     	Dead: 0
3    14  2.88733   0.0476613   0.768587  1.70298     	Dead: 0
3    15  2.83178   0.0435737   0.702669  1.69927     	Dead: 0
3    16  2.81685   0.044566    0.718671  1.69927     	Dead: 0
3    17  2.75312   0.041926    0.676099  1.53829     	Dead: 0
3    18  2.7226    0.0434121   0.700064  1.53829     	Dead: 0
3    19  2.69774   0.04148     0.668907  1.53829     	Dead: 0
3    20  2.68305   0.0428898   0.69164   1.53829     	Dead: 0
3    21  2.62774   0.0424107   0.683915  1.53829     	Dead: 0
3    22  2.61089   0.0427765   0.689814  1.53829     	Dead: 0
3    23  2.57056   0.0409947   0.66108   1.53829     	Dead: 0
3    24  2.55675   0.0427781   0.689839  1.53829     	Dead: 0
3    25  2.54069   0.0430586   0.694363  1.53829     	Dead: 0
3    26  2.53541   0.0446289   0.719685  1.53829     	Dead: 0
3    27  2.4825    0.03882     0.626012  1.53829     	Dead: 0
3    28  2.4798    0.0430687   0.694526  1.53829     	Dead: 0
3    29  2.43384   0.0407826   0.65766   1.48617     	Dead: 0
3    30  2.44414   0.0422293   0.680989  1.48617     	Dead: 0
3    31  2.43273   0.041836    0.674648  1.48617     	Dead: 0
3    32  2.37394   0.0395092   0.637126  1.48617     	Dead: 0
3    33  2.35458   0.0381051   0.614483  1.48617     	Dead: 0
3    34  2.32964   0.0371128   0.598481  1.48617     	Dead: 0
3    35  2.3449    0.0390519   0.629752  1.48617     	Dead: 0
3    36  2.31199   0.0380021   0.612822  1.48617     	Dead: 0
3    37  2.30448   0.0380879   0.614206  1.48617     	Dead: 0
3    38  2.24251   0.035254    0.568506  1.48617     	Dead: 0
3    39  2.27066   0.0378386   0.610186  1.39423     	Dead: 0
3    40  2.28433   0.0437268   0.705139  1.39423     	Dead: 0
3    41  2.22966   0.0387806   0.625376  1.39423     	Dead: 0
3    42  2.23231   0.0403452   0.650607  1.39423     	Dead: 0
3    43  2.17471   0.0356844   0.575446  1.39423     	Dead: 0
3    44  2.17857   0.0369271   0.595486  1.39423     	Dead: 0
3    45  2.16254   0.0361137   0.58237   1.38108     	Dead: 0
3    46  2.15854   0.0372624   0.600894  1.38108     	Dead: 0
3    47  2.12312   0.0362509   0.584582  1.38108     	Dead: 0
3    48  2.11425   0.0356286   0.574546  1.38108     	Dead: 0
3    49  2.09127   0.0351703   0.567157  1.38108     	Dead: 0
3    50  2.08513   0.0348898   0.562633  1.38108     	Dead: 0
3    51  2.1118    0.0376159   0.606594  1.38108     	Dead: 0
3    52  2.12484   0.0388354   0.626259  1.38108     	Dead: 0
3    53  2.08616   0.0347751   0.560783  1.38108     	Dead: 0
3    54  2.05578   0.0342938   0.553021  1.30861     	Dead: 0
3    55  2.05279   0.0339123   0.54687   1.30861     	Dead: 0
3    56  2.0429    0.0331983   0.535356  1.30861     	Dead: 0
3    57  2.04351   0.0334054   0.538695  1.30861     	Dead: 0
3    58  2.04281   0.033255    0.53627   1.30861     	Dead: 0
3    59  2.02737   0.032906    0.530642  1.30861     	Dead: 0
3    60  2.01073   0.0329016   0.530571  1.30861     	Dead: 0
3    61  2.01299   0.0320011   0.516049  1.30861     	Dead: 0
3    62  2.0178    0.0332288   0.535848  1.30861     	Dead: 0
3    63  2.00408   0.0330575   0.533086  1.30861     	Dead: 0
3    64  2.01186   0.0337449   0.54417   1.30861     	Dead: 0
3    65  1.98888   0.0311903   0.502974  1.30861     	Dead: 0
3    66  1.98978   0.0309029   0.498339  1.30861     	Dead: 0
3    67  1.98036   0.030588    0.493263  1.30861     	Dead: 0
3    68  1.98033   0.0310175   0.500188  1.30861     	Dead: 0
3    69  2.00903   0.0339441   0.547382  1.30861     	Dead: 0
3    70  2.00811   0.0328277   0.529379  1.30861     	Dead: 0
3    71  2.00299   0.0360487   0.581321  1.30861     	Dead: 0
3    72  1.99046   0.0325079   0.524222  1.30861     	Dead: 0
3    73  1.97098   0.0309716   0.499448  1.30861     	Dead: 0
3    74  1.964     0.0310568   0.500822  1.30861     	Dead: 0
3    75  1.96374   0.0316712   0.510729  1.30861     	Dead: 0
3    76  1.96446   0.0315856   0.509349  1.30861     	Dead: 0
3    77  1.95337   0.0316263   0.510005  1.30861     	Dead: 0
3    78  1.94898   0.0301666   0.486466  1.30861     	Dead: 0
3    79  1.96454   0.0320963   0.517585  1.30861     	Dead: 0
3    80  1.98525   0.0349207   0.563131  1.30861     	Dead: 0
3    81  1.94278   0.0292725   0.472048  1.30861     	Dead: 0
3    82  1.94234   0.0309445   0.499011  1.30861     	Dead: 0
3    83  1.96264   0.0346624   0.558965  1.30861     	Dead: 0
3    84  1.92899   0.0308031   0.496731  1.30861     	Dead: 0
3    85  1.95258   0.033456    0.539512  1.30861     	Dead: 0
3    86  1.91481   0.0286673   0.462289  1.29599     	Dead: 0
3    87  1.91916   0.029325    0.472896  1.29599     	Dead: 0
3    88  1.933     0.0317013   0.511215  1.29599     	Dead: 0
3    89  1.92209   0.0303531   0.489475  1.29599     	Dead: 0
3    90  1.93141   0.0304345   0.490786  1.29599     	Dead: 0
3    91  1.93624   0.0317594   0.512152  1.29599     	Dead: 0
3    92  1.93941   0.031764    0.512226  1.29599     	Dead: 0
3    93  1.93041   0.0316974   0.511152  1.29599     	Dead: 0
3    94  1.91269   0.031874    0.514     1.29599     	Dead: 0
3    95  1.925     0.0312213   0.503475  1.29599     	Dead: 0
3    96  1.92844   0.0325336   0.524638  1.29599     	Dead: 0
3    97  1.92712   0.0314674   0.507443  1.29599     	Dead: 0
3    98  1.90582   0.0292698   0.472005  1.29599     	Dead: 0
3    99  1.90648   0.0300595   0.484739  1.29599     	Dead: 0
3    100 1.89356   0.0288519   0.465266  1.29599     	Dead: 0
Done run 3 of 29

Beginning Run 4 of 29
Run  RI  Mean      95% CI      SD        Best    
4    0   4.47167   0.0703859   1.13504   2.06756     	Dead: 0
4    1   3.85242   0.0567023   0.914382  1.95071     	Dead: 0
4    2   3.57302   0.0497568   0.802378  1.95071     	Dead: 0
4    3   3.48835   0.0522903   0.843234  1.95071     	Dead: 0
4    4   3.36938   0.049823    0.803446  1.95071     	Dead: 0
4    5   3.30976   0.0524048   0.84508   1.95071     	Dead: 0
4    6   3.19175   0.0458758   0.739794  1.95071     	Dead: 0
4    7   3.18957   0.050696    0.817523  1.93666     	Dead: 0
4    8   3.11771   0.0493244   0.795405  1.85773     	Dead: 0
4    9   3.06976   0.0476296   0.768075  1.85773     	Dead: 0
4    10  3.05095   0.0472621   0.762149  1.85773     	Dead: 0
4    11  3.02495   0.0471297   0.760014  1.85773     	Dead: 0
4    12  2.99322   0.0476325   0.768121  1.76449     	Dead: 0
4    13  2.9524    0.0472319   0.761662  1.76449     	Dead: 0
4    14  2.95784   0.0512788   0.826922  1.76449     	Dead: 0
4    15  2.89506   0.0454955   0.73366   1.76449     	Dead: 0
4    16  2.86978   0.0486167   0.783993  1.76449     	Dead: 0
4    17  2.82869   0.0461943   0.74493   1.76449     	Dead: 0
4    18  2.81201   0.043328    0.698708  1.76449     	Dead: 0
4    19  2.80656   0.0470521   0.758763  1.76449     	Dead: 0
4    20  2.7736    0.0465257   0.750274  1.76449     	Dead: 0
4    21  2.74734   0.0460042   0.741864  1.75512     	Dead: 0
4    22  2.74034   0.0470322   0.758441  1.75512     	Dead: 0
4    23  2.74653   0.0463868   0.748034  1.75079     	Dead: 0
4    24  2.70233   0.0436351   0.70366   1.75079     	Dead: 0
4    25  2.67775   0.0434219   0.700222  1.75079     	Dead: 0
4    26  2.66208   0.0440365   0.710133  1.65491     	Dead: 0
4    27  2.66072   0.0451845   0.728646  1.65491     	Dead: 0
4    28  2.64818   0.0453425   0.731193  1.65491     	Dead: 0
4    29  2.64293   0.0471437   0.760239  1.65491     	Dead: 0
4    30  2.61226   0.0443211   0.714722  1.65491     	Dead: 0
4    31  2.55841   0.0419763   0.676909  1.65491     	Dead: 0
4    32  2.54807   0.0427914   0.690055  1.59311     	Dead: 0
4    33  2.54374   0.0446578   0.720151  1.59311     	Dead: 0
4    34  2.51497   0.0440132   0.709756  1.59311     	Dead: 0
4    35  2.50461   0.0452013   0.728916  1.57613     	Dead: 0
4    36  2.49056   0.0436088   0.703235  1.57613     	Dead: 0
4    37  2.44983   0.0415769   0.670469  1.57613     	Dead: 0
4    38  2.48218   0.043258    0.697579  1.52001     	Dead: 0
4    39  2.47626   0.0433688   0.699366  1.51897     	Dead: 0
4    40  2.45442   0.0437193   0.705018  1.51897     	Dead: 0
4    41  2.41631   0.0404926   0.652984  1.47353     	Dead: 0
4    42  2.42116   0.0414965   0.669173  1.47353     	Dead: 0
4    43  2.39714   0.0414579   0.668549  1.47353     	Dead: 0
4    44  2.38987   0.0406383   0.655334  1.47353     	Dead: 0
4    45  2.3755    0.0411467   0.663531  1.47353     	Dead: 0
4    46  2.39009   0.0434069   0.69998   1.47353     	Dead: 0
4    47  2.37865   0.0418623   0.675071  1.47353     	Dead: 0
4    48  2.35485   0.0406256   0.655129  1.47353     	Dead: 0
4    49  2.37777   0.0426293   0.687441  1.46122     	Dead: 0
4    50  2.34941   0.0411434   0.663478  1.46122     	Dead: 0
4    51  2.32477   0.0402877   0.649679  1.46122     	Dead: 0
4    52  2.3119    0.0408457   0.658678  1.46122     	Dead: 0
4    53  2.30013   0.039352    0.634591  1.46122     	Dead: 0
4    54  2.30223   0.0414255   0.668028  1.46122     	Dead: 0
4    55  2.2796    0.0400197   0.645357  1.46122     	Dead: 0
4    56  2.27975   0.0390643   0.629951  1.46122     	Dead: 0
4    57  2.25537   0.0368033   0.593491  1.46122     	Dead: 0
4    58  2.26791   0.0398201   0.642139  1.46122     	Dead: 0
4    59  2.28087   0.0386752   0.623676  1.45923     	Dead: 0
4    60  2.26507   0.0377374   0.608553  1.45923     	Dead: 0
4    61  2.26955   0.0376443   0.607052  1.45923     	Dead: 0
4    62  2.25931   0.0389929   0.6288    1.39906     	Dead: 0
4    63  2.26277   0.0403454   0.65061   1.39906     	Dead: 0
4    64  2.24479   0.038383    0.618965  1.39906     	Dead: 0
4    65  2.22861   0.0400799   0.646329  1.39906     	Dead: 0
4    66  2.20786   0.0386785   0.62373   1.39906     	Dead: 0
4    67  2.20445   0.0374943   0.604632  1.39906     	Dead: 0
4    68  2.18644   0.0375907   0.606187  1.39906     	Dead: 0
4    69  2.17484   0.0359867   0.580322  1.39906     	Dead: 0
4    70  2.20891   0.0380838   0.614139  1.39906     	Dead: 0
4    71  2.21834   0.039024    0.629301  1.39906     	Dead: 0
4    72  2.19113   0.0365382   0.589214  1.39906     	Dead: 0
4    73  2.19274   0.037506    0.604822  1.39906     	Dead: 0
4    74  2.17641   0.0362651   0.584812  1.39906     	Dead: 0
4    75  2.1544    0.0349214   0.563142  1.39906     	Dead: 0
4    76  2.21367   0.0396455   0.639324  1.39906     	Dead: 0
4    77  2.1741    0.0359091   0.57907   1.39906     	Dead: 0
4    78  2.16905   0.0360262   0.580959  1.39906     	Dead: 0
4    79  2.16688   0.0357666   0.576772  1.39906     	Dead: 0
4    80  2.17044   0.0376713   0.607488  1.39906     	Dead: 0
4    81  2.14791   0.0369412   0.595714  1.39906     	Dead: 0
4    82  2.16788   0.0368126   0.59364   1.39906     	Dead: 0
4    83  2.11707   0.0347296   0.56005   1.39906     	Dead: 0
4    84  2.12099   0.0353677   0.57034   1.39906     	Dead: 0
4    85  2.1406    0.0371268   0.598707  1.39906     	Dead: 0
4    86  2.11932   0.0348163   0.561447  1.39906     	Dead: 0
4    87  2.12228   0.0356714   0.575236  1.39906     	Dead: 0
4    88  2.15294   0.0385924   0.622341  1.39906     	Dead: 0
4    89  2.1212    0.0351319   0.566538  1.39906     	Dead: 0
4    90  2.1129    0.0354878   0.572276  1.39906     	Dead: 0
4    91  2.08936   0.0336987   0.543425  1.39906     	Dead: 0
4    92  2.0862    0.0335164   0.540486  1.39906     	Dead: 0
4    93  2.10314   0.0360192   0.580845  1.39906     	Dead: 0
4    94  2.09792   0.0341923   0.551385  1.39906     	Dead: 0
4    95  2.09825   0.0357507   0.576516  1.39906     	Dead: 0
4    96  2.10196   0.0356838   0.575437  1.39906     	Dead: 0
4    97  2.11871   0.0380564   0.613697  1.39906     	Dead: 0
4    98  2.10717   0.0358706   0.57845   1.39906     	Dead: 0
4    99  2.09298   0.0353562   0.570155  1.39906     	Dead: 0
4    100 2.09413   0.0358873   0.578719  1.39906     	Dead: 0
Done run 4 of 29

Beginning Run 5 of 29
Run  RI  Mean      95% CI      SD        Best    
5    0   4.43869   0.0681179   1.09847   2.32013     	Dead: 0
5    1   3.95343   0.0612951   0.988445  2.21241     	Dead: 0
5    2   3.66618   0.0564102   0.909671  1.98865     	Dead: 0
5    3   3.49538   0.0519533   0.837799  1.98865     	Dead: 0
5    4   3.41504   0.0535114   0.862926  1.98865     	Dead: 0
5    5   3.32858   0.0523351   0.843956  1.98865     	Dead: 0
5    6   3.2185    0.0477056   0.7693    1.98865     	Dead: 0
5    7   3.21466   0.0507172   0.817866  1.98865     	Dead: 0
5    8   3.14156   0.0482469   0.778029  1.98865     	Dead: 0
5    9   3.14332   0.0503811   0.812446  1.98865     	Dead: 0
5    10  3.04788   0.0464025   0.748287  1.82948     	Dead: 0
5    11  3.0198    0.0467067   0.753192  1.6823      	Dead: 0
5    12  3.04447   0.0502524   0.810369  1.6823      	Dead: 0
5    13  2.97158   0.0470151   0.758166  1.6823      	Dead: 0
5    14  2.90748   0.0465912   0.751329  1.6823      	Dead: 0
5    15  2.88474   0.0474662   0.765439  1.6823      	Dead: 0
5    16  2.80553   0.0439188   0.708234  1.6823      	Dead: 0
5    17  2.78151   0.0451776   0.728533  1.6823      	Dead: 0
5    18  2.73411   0.0427398   0.689223  1.65496     	Dead: 0
5    19  2.68252   0.0432443   0.697357  1.65496     	Dead: 0
5    20  2.64853   0.0442176   0.713053  1.65496     	Dead: 0
5    21  2.59884   0.040153    0.647508  1.65496     	Dead: 0
5    22  2.5715    0.0423975   0.683702  1.57421     	Dead: 0
5    23  2.51159   0.0399634   0.64445   1.57421     	Dead: 0
5    24  2.46411   0.0408162   0.658202  1.55165     	Dead: 0
5    25  2.41796   0.03736     0.602467  1.55165     	Dead: 0
5    26  2.42171   0.0403843   0.651237  1.5312      	Dead: 0
5    27  2.38665   0.0388497   0.62649   1.52167     	Dead: 0
5    28  2.35579   0.0380112   0.612969  1.48239     	Dead: 0
5    29  2.31765   0.0359361   0.579505  1.44052     	Dead: 0
5    30  2.29625   0.0349338   0.563343  1.44052     	Dead: 0
5    31  2.28223   0.0357557   0.576597  1.44052     	Dead: 0
5    32  2.23178   0.0346174   0.558241  1.44052     	Dead: 0
5    33  2.20095   0.0313065   0.504848  1.44052     	Dead: 0
5    34  2.20998   0.0353144   0.569479  1.44052     	Dead: 0
5    35  2.21083   0.0347287   0.560035  1.44052     	Dead: 0
5    36  2.19228   0.0339498   0.547475  1.44052     	Dead: 0
5    37  2.17964   0.0334031   0.538659  1.44052     	Dead: 0
5    38  2.16753   0.0328662   0.53      1.44052     	Dead: 0
5    39  2.1829    0.0355835   0.573819  1.44052     	Dead: 0
5    40  2.16291   0.0332804   0.53668   1.44052     	Dead: 0
5    41  2.17342   0.0334822   0.539934  1.44052     	Dead: 0
5    42  2.1468    0.0325024   0.524134  1.44052     	Dead: 0
5    43  2.15507   0.0350523   0.565253  1.44052     	Dead: 0
5    44  2.13782   0.0333952   0.53853   1.3676      	Dead: 0
5    45  2.10759   0.0312897   0.504577  1.3676      	Dead: 0
5    46  2.10496   0.0315391   0.5086    1.3676      	Dead: 0
5    47  2.09354   0.0309492   0.499087  1.3676      	Dead: 0
5    48  2.09779   0.0321326   0.51817   1.3676      	Dead: 0
5    49  2.11027   0.034302    0.553153  1.3676      	Dead: 0
5    50  2.09275   0.0320531   0.516888  1.3676      	Dead: 0
5    51  2.08414   0.0320782   0.517293  1.3676      	Dead: 0
5    52  2.07752   0.0328191   0.529241  1.3676      	Dead: 0
5    53  2.08118   0.0312642   0.504167  1.3676      	Dead: 0
5    54  2.07456   0.0303659   0.489681  1.3676      	Dead: 0
5    55  2.06452   0.0307198   0.495387  1.3676      	Dead: 0
5    56  2.06207   0.0321051   0.517726  1.34452     	Dead: 0
5    57  2.04997   0.0298953   0.482092  1.34452     	Dead: 0
5    58  2.04581   0.0322991   0.520855  1.34452     	Dead: 0
5    59  2.04189   0.0320412   0.516696  1.34452     	Dead: 0
5    60  2.0456    0.0320472   0.516793  1.34452     	Dead: 0
5    61  2.04418   0.0312073   0.503248  1.34452     	Dead: 0
5    62  2.032     0.0304969   0.491793  1.34452     	Dead: 0
5    63  2.04315   0.0332961   0.536933  1.34452     	Dead: 0
5    64  2.02459   0.0311575   0.502446  1.34452     	Dead: 0
5    65  2.02964   0.0317772   0.51244   1.34452     	Dead: 0
5    66  2.02163   0.0324173   0.522762  1.34452     	Dead: 0
5    67  2.00446   0.0317417   0.511867  1.33007     	Dead: 0
5    68  2.01152   0.0307795   0.496351  1.33007     	Dead: 0
5    69  2.01079   0.0323697   0.521995  1.32494     	Dead: 0
5    70  1.96833   0.0283745   0.457567  1.32494     	Dead: 0
5    71  2.00311   0.0313883   0.506168  1.27141     	Dead: 0
5    72  1.98517   0.0294334   0.474643  1.27141     	Dead: 0
5    73  1.98021   0.0292785   0.472146  1.27141     	Dead: 0
5    74  1.97629   0.0300358   0.484358  1.27141     	Dead: 0
5    75  1.97045   0.0279737   0.451104  1.27141     	Dead: 0
5    76  1.95671   0.0290404   0.468305  1.27141     	Dead: 0
5    77  1.96532   0.0305991   0.493441  1.27141     	Dead: 0
5    78  1.97813   0.0327756   0.52854   1.27141     	Dead: 0
5    79  1.95876   0.03049     0.491682  1.27141     	Dead: 0
5    80  1.92933   0.0270732   0.436582  1.27141     	Dead: 0
5    81  1.93792   0.0279854   0.451293  1.27141     	Dead: 0
5    82  1.93849   0.028038    0.452141  1.27141     	Dead: 0
5    83  1.92791   0.0280156   0.45178   1.27141     	Dead: 0
5    84  1.93843   0.0287731   0.463994  1.27141     	Dead: 0
5    85  1.92777   0.0267371   0.431163  1.27141     	Dead: 0
5    86  1.92299   0.0275196   0.443781  1.27141     	Dead: 0
5    87  1.93975   0.0303081   0.488749  1.27141     	Dead: 0
5    88  1.92124   0.0269479   0.434561  1.27141     	Dead: 0
5    89  1.9177    0.0284405   0.458632  1.27141     	Dead: 0
5    90  1.94324   0.0311729   0.502694  1.27141     	Dead: 0
5    91  1.93382   0.0293599   0.473457  1.27141     	Dead: 0
5    92  1.91092   0.0274426   0.44254   1.27141     	Dead: 0
5    93  1.9156    0.027742    0.447368  1.27141     	Dead: 0
5    94  1.91473   0.0275864   0.444858  1.27141     	Dead: 0
5    95  1.90656   0.0280987   0.45312   1.27141     	Dead: 0
5    96  1.89815   0.0264319   0.426242  1.27141     	Dead: 0
5    97  1.89562   0.0280567   0.452443  1.27141     	Dead: 0
5    98  1.90749   0.0286919   0.462686  1.27141     	Dead: 0
5    99  1.89126   0.0285567   0.460506  1.27141     	Dead: 0
5    100 1.8894    0.0272845   0.43999   1.27141     	Dead: 0
Done run 5 of 29

Beginning Run 6 of 29
Run  RI  Mean      95% CI      SD        Best    
6    0   4.48608   0.0709738   1.14452   2.19308     	Dead: 0
6    1   3.87545   0.0555208   0.895328  2.16012     	Dead: 0
6    2   3.60312   0.0511104   0.824207  2.1053      	Dead: 0
6    3   3.48039   0.0507722   0.818753  1.96913     	Dead: 0
6    4   3.37972   0.0506072   0.816092  1.96913     	Dead: 0
6    5   3.26375   0.0469599   0.757276  1.96913     	Dead: 0
6    6   3.20748   0.0490699   0.7913    1.96913     	Dead: 0
6    7   3.14842   0.0484617   0.781494  1.96913     	Dead: 0
6    8   3.09886   0.0502487   0.81031   1.90516     	Dead: 0
6    9   3.08536   0.0498811   0.804383  1.90516     	Dead: 0
6    10  2.98981   0.0453616   0.731501  1.76484     	Dead: 0
6    11  2.99413   0.0501908   0.809377  1.76484     	Dead: 0
6    12  2.91772   0.0462157   0.745275  1.72493     	Dead: 0
6    13  2.88256   0.0455666   0.734807  1.72493     	Dead: 0
6    14  2.87318   0.0477118   0.769401  1.72493     	Dead: 0
6    15  2.80086   0.0461197   0.743726  1.72493     	Dead: 0
6    16  2.76824   0.0468267   0.755128  1.68938     	Dead: 0
6    17  2.71206   0.0443762   0.715611  1.56153     	Dead: 0
6    18  2.70073   0.0454896   0.733565  1.56153     	Dead: 0
6    19  2.62927   0.0430855   0.694796  1.56153     	Dead: 0
6    20  2.5725    0.0416858   0.672225  1.56153     	Dead: 0
6    21  2.55222   0.0409539   0.660423  1.56153     	Dead: 0
6    22  2.52777   0.0403403   0.650528  1.56153     	Dead: 0
6    23  2.45476   0.0382449   0.616738  1.56153     	Dead: 0
6    24  2.41258   0.0383707   0.618767  1.55176     	Dead: 0
6    25  2.37527   0.038474    0.620431  1.55176     	Dead: 0
6    26  2.36912   0.0387074   0.624195  1.52143     	Dead: 0
6    27  2.32365   0.0346844   0.559321  1.52143     	Dead: 0
6    28  2.32654   0.0354017   0.570888  1.52143     	Dead: 0
6    29  2.30789   0.0337177   0.543732  1.52143     	Dead: 0
6    30  2.27657   0.0328161   0.529192  1.52143     	Dead: 0
6    31  2.29267   0.0338828   0.546395  1.52143     	Dead: 0
6    32  2.24642   0.0333664   0.538067  1.43471     	Dead: 0
6    33  2.20652   0.0303143   0.488848  1.43471     	Dead: 0
6    34  2.19269   0.0291011   0.469285  1.43471     	Dead: 0
6    35  2.21119   0.031786    0.512581  1.43471     	Dead: 0
6    36  2.19489   0.0309456   0.499029  1.43471     	Dead: 0
6    37  2.18758   0.0316258   0.509998  1.43471     	Dead: 0
6    38  2.18898   0.0311944   0.503041  1.43471     	Dead: 0
6    39  2.16972   0.0308287   0.497143  1.43471     	Dead: 0
6    40  2.15326   0.0302041   0.487071  1.43471     	Dead: 0
6    41  2.16429   0.031309    0.504889  1.43471     	Dead: 0
6    42  2.14803   0.030947    0.499051  1.27595     	Dead: 0
6    43  2.14294   0.0306464   0.494204  1.27595     	Dead: 0
6    44  2.1345    0.0302793   0.488285  1.27595     	Dead: 0
6    45  2.13716   0.0298232   0.480929  1.27595     	Dead: 0
6    46  2.14401   0.030404    0.490295  1.27595     	Dead: 0
6    47  2.12864   0.0291986   0.470857  1.27595     	Dead: 0
6    48  2.13284   0.0305201   0.492167  1.27595     	Dead: 0
6    49  2.11682   0.0308927   0.498175  1.27595     	Dead: 0
6    50  2.14108   0.0327445   0.528038  1.27595     	Dead: 0
6    51  2.08049   0.0280418   0.452202  1.27595     	Dead: 0
6    52  2.10196   0.0295648   0.476762  1.27595     	Dead: 0
6    53  2.12218   0.0308086   0.49682   1.27595     	Dead: 0
6    54  2.10676   0.0295998   0.477326  1.27595     	Dead: 0
6    55  2.10434   0.0318549   0.513693  1.27595     	Dead: 0
6    56  2.10821   0.0305773   0.49309   1.27595     	Dead: 0
6    57  2.09021   0.0316511   0.510406  1.27595     	Dead: 0
6    58  2.07778   0.0290408   0.468312  1.27595     	Dead: 0
6    59  2.08497   0.0304898   0.491679  1.27595     	Dead: 0
6    60  2.08113   0.0297895   0.480386  1.27595     	Dead: 0
6    61  2.07596   0.0295877   0.477131  1.27595     	Dead: 0
6    62  2.0662    0.0288996   0.466035  1.27595     	Dead: 0
6    63  2.06869   0.0301745   0.486593  1.27595     	Dead: 0
6    64  2.04924   0.0281357   0.453716  1.27595     	Dead: 0
6    65  2.06049   0.0301428   0.486083  1.27595     	Dead: 0
6    66  2.07405   0.0315359   0.508548  1.27595     	Dead: 0
6    67  2.06502   0.0308604   0.497655  1.27595     	Dead: 0
6    68  2.06909   0.0318421   0.513486  1.27595     	Dead: 0
6    69  2.05034   0.0292749   0.472088  1.27595     	Dead: 0
6    70  2.05695   0.029358    0.473427  1.27595     	Dead: 0
6    71  2.05976   0.0296107   0.477502  1.27595     	Dead: 0
6    72  2.06257   0.030202    0.487037  1.27595     	Dead: 0
6    73  2.05595   0.0296791   0.478605  1.27595     	Dead: 0
6    74  2.03337   0.0279391   0.450545  1.27595     	Dead: 0
6    75  2.05999   0.0314945   0.50788   1.27595     	Dead: 0
6    76  2.06045   0.0303899   0.490067  1.27595     	Dead: 0
6    77  2.05537   0.0314541   0.507228  1.27595     	Dead: 0
6    78  2.03957   0.0300276   0.484226  1.27595     	Dead: 0
6    79  2.05056   0.0314286   0.506818  1.27595     	Dead: 0
6    80  2.04455   0.0302469   0.487762  1.27595     	Dead: 0
6    81  2.03438   0.0297526   0.47979   1.27595     	Dead: 0
6    82  2.03585   0.0300832   0.485122  1.27595     	Dead: 0
6    83  2.02035   0.0284205   0.458309  1.27595     	Dead: 0
6    84  2.03355   0.0296427   0.478019  1.27595     	Dead: 0
6    85  2.03819   0.0291277   0.469713  1.27595     	Dead: 0
6    86  2.03638   0.029972    0.483329  1.27595     	Dead: 0
6    87  2.02835   0.0290192   0.467964  1.27595     	Dead: 0
6    88  2.03205   0.0307622   0.496071  1.27595     	Dead: 0
6    89  2.01397   0.0290101   0.467817  1.27595     	Dead: 0
6    90  2.02061   0.0298137   0.480776  1.27595     	Dead: 0
6    91  2.01023   0.0294917   0.475582  1.27595     	Dead: 0
6    92  2.00868   0.0296919   0.478812  1.27595     	Dead: 0
6    93  1.99655   0.0280388   0.452153  1.27595     	Dead: 0
6    94  2.00911   0.0296644   0.478368  1.27595     	Dead: 0
6    95  2.0185    0.0304084   0.490365  1.27595     	Dead: 0
6    96  2.01227   0.0296491   0.478122  1.27595     	Dead: 0
6    97  2.01857   0.0309924   0.499784  1.27595     	Dead: 0
6    98  2.0091    0.0297627   0.479953  1.27595     	Dead: 0
6    99  2.00251   0.0293884   0.473917  1.27595     	Dead: 0
6    100 1.98847   0.0292281   0.471332  1.27595     	Dead: 0
Done run 6 of 29

Beginning Run 7 of 29
Run  RI  Mean      95% CI      SD        Best    
7    0   4.40038   0.0665793   1.07366   2.0662      	Dead: 0
7    1   3.84223   0.0549098   0.885475  2.0662      	Dead: 0
7    2   3.5497    0.0471805   0.760832  1.87568     	Dead: 0
7    3   3.45043   0.0503891   0.812575  1.84881     	Dead: 0
7    4   3.31668   0.047742    0.769888  1.76571     	Dead: 0
7    5   3.27612   0.0494381   0.797239  1.76571     	Dead: 0
7    6   3.23226   0.051707    0.833828  1.76571     	Dead: 0
7    7   3.17171   0.0486483   0.784502  1.76571     	Dead: 0
7    8   3.14109   0.0507927   0.819083  1.76571     	Dead: 0
7    9   3.10332   0.0500989   0.807895  1.76571     	Dead: 0
7    10  3.05852   0.0474228   0.764739  1.76571     	Dead: 0
7    11  3.02008   0.0481387   0.776285  1.76571     	Dead: 0
7    12  2.99908   0.0480055   0.774138  1.76571     	Dead: 0
7    13  2.99803   0.049697    0.801413  1.74662     	Dead: 0
7    14  2.95147   0.0475515   0.766815  1.74662     	Dead: 0
7    15  2.96696   0.0487828   0.786672  1.74662     	Dead: 0
7    16  2.95069   0.0496344   0.800405  1.70083     	Dead: 0
7    17  2.90968   0.0480849   0.775416  1.70083     	Dead: 0
7    18  2.91036   0.0509567   0.821728  1.70083     	Dead: 0
7    19  2.88802   0.0505945   0.815886  1.70083     	Dead: 0
7    20  2.88807   0.0504867   0.814149  1.70083     	Dead: 0
7    21  2.84801   0.0497286   0.801924  1.70083     	Dead: 0
7    22  2.80653   0.0459202   0.740509  1.54306     	Dead: 0
7    23  2.81591   0.0475059   0.76608   1.54306     	Dead: 0
7    24  2.80049   0.0476875   0.769009  1.54306     	Dead: 0
7    25  2.75857   0.0453488   0.731295  1.54306     	Dead: 0
7    26  2.76501   0.0468731   0.755875  1.54306     	Dead: 0
7    27  2.74125   0.0460209   0.742133  1.54306     	Dead: 0
7    28  2.74156   0.0484313   0.781003  1.54306     	Dead: 0
7    29  2.77218   0.0498115   0.80326   1.54306     	Dead: 0
7    30  2.7426    0.0484735   0.781683  1.54306     	Dead: 0
7    31  2.72324   0.0464626   0.749256  1.54306     	Dead: 0
7    32  2.7181    0.0480637   0.775075  1.54306     	Dead: 0
7    33  2.68      0.0462      0.745021  1.54306     	Dead: 0
7    34  2.70539   0.0475528   0.766836  1.54306     	Dead: 0
7    35  2.6516    0.0452533   0.729755  1.54306     	Dead: 0
7    36  2.65327   0.0469003   0.756315  1.54306     	Dead: 0
7    37  2.63192   0.0444081   0.716125  1.54306     	Dead: 0
7    38  2.61756   0.0458401   0.739217  1.54306     	Dead: 0
7    39  2.59306   0.0445079   0.717735  1.54306     	Dead: 0
7    40  2.56802   0.0439906   0.709393  1.54306     	Dead: 0
7    41  2.5617    0.0453842   0.731866  1.54306     	Dead: 0
7    42  2.55249   0.0446778   0.720473  1.54306     	Dead: 0
7    43  2.54452   0.0452062   0.728995  1.54306     	Dead: 0
7    44  2.51606   0.0437905   0.706166  1.54306     	Dead: 0
7    45  2.53667   0.045196    0.728831  1.54306     	Dead: 0
7    46  2.4846    0.0421548   0.679789  1.54306     	Dead: 0
7    47  2.47697   0.0427797   0.689865  1.54306     	Dead: 0
7    48  2.49681   0.0453442   0.73122   1.54306     	Dead: 0
7    49  2.45458   0.0416241   0.671231  1.54306     	Dead: 0
7    50  2.43863   0.0413119   0.666195  1.54306     	Dead: 0
7    51  2.45917   0.0443734   0.715565  1.54306     	Dead: 0
7    52  2.43638   0.0408014   0.657963  1.54306     	Dead: 0
7    53  2.43224   0.0419867   0.677077  1.54306     	Dead: 0
7    54  2.40332   0.0414648   0.668662  1.50813     	Dead: 0
7    55  2.3984    0.0416647   0.671886  1.50813     	Dead: 0
7    56  2.38828   0.0403325   0.650402  1.50813     	Dead: 0
7    57  2.40526   0.0442731   0.713948  1.50813     	Dead: 0
7    58  2.38064   0.0417188   0.672758  1.42905     	Dead: 0
7    59  2.36856   0.0407694   0.657447  1.42905     	Dead: 0
7    60  2.37076   0.0418766   0.675302  1.42905     	Dead: 0
7    61  2.33771   0.0400011   0.645058  1.42905     	Dead: 0
7    62  2.33417   0.0400404   0.645692  1.42905     	Dead: 0
7    63  2.31944   0.0368781   0.594696  1.42905     	Dead: 0
7    64  2.33276   0.0389274   0.627743  1.42905     	Dead: 0
7    65  2.34106   0.0421129   0.679113  1.42905     	Dead: 0
7    66  2.29423   0.0383719   0.618785  1.42905     	Dead: 0
7    67  2.29799   0.0396781   0.639849  1.41447     	Dead: 0
7    68  2.28453   0.0399158   0.643682  1.41447     	Dead: 0
7    69  2.27071   0.0381669   0.61548   1.41447     	Dead: 0
7    70  2.25196   0.036222    0.584116  1.41447     	Dead: 0
7    71  2.29643   0.0394803   0.636659  1.41447     	Dead: 0
7    72  2.29991   0.0422808   0.68182   1.41447     	Dead: 0
7    73  2.26561   0.0396584   0.639532  1.41447     	Dead: 0
7    74  2.26902   0.0383564   0.618536  1.41447     	Dead: 0
7    75  2.24602   0.0385921   0.622336  1.41447     	Dead: 0
7    76  2.23426   0.0390386   0.629536  1.41447     	Dead: 0
7    77  2.22288   0.0389455   0.628035  1.4062      	Dead: 0
7    78  2.19134   0.036589    0.590035  1.4062      	Dead: 0
7    79  2.22565   0.0390127   0.62912   1.4062      	Dead: 0
7    80  2.19352   0.0368204   0.593766  1.4062      	Dead: 0
7    81  2.2264    0.0396817   0.639907  1.4062      	Dead: 0
7    82  2.20763   0.0375815   0.60604   1.4062      	Dead: 0
7    83  2.18723   0.0359525   0.579771  1.4062      	Dead: 0
7    84  2.19054   0.0351586   0.566967  1.4062      	Dead: 0
7    85  2.19568   0.0368841   0.594793  1.4062      	Dead: 0
7    86  2.1789    0.0363467   0.586128  1.4062      	Dead: 0
7    87  2.16076   0.0346749   0.559168  1.4062      	Dead: 0
7    88  2.14966   0.03365     0.542641  1.4062      	Dead: 0
7    89  2.16243   0.0367284   0.592282  1.4062      	Dead: 0
7    90  2.14945   0.0336798   0.54312   1.4062      	Dead: 0
7    91  2.14341   0.0366485   0.590994  1.4062      	Dead: 0
7    92  2.13528   0.0338636   0.546085  1.4062      	Dead: 0
7    93  2.13376   0.0332686   0.536489  1.4062      	Dead: 0
7    94  2.11646   0.0324253   0.52289   1.4062      	Dead: 0
7    95  2.12755   0.0345833   0.55769   1.4062      	Dead: 0
7    96  2.14298   0.0355014   0.572495  1.4062      	Dead: 0
7    97  2.13324   0.03496     0.563766  1.4062      	Dead: 0
7    98  2.11039   0.0320926   0.517525  1.4062      	Dead: 0
7    99  2.10915   0.0333343   0.537549  1.30452     	Dead: 0
7    100 2.10148   0.0337486   0.54423   1.30452     	Dead: 0
Done run 7 of 29

Beginning Run 8 of 29
Run  RI  Mean      95% CI      SD        Best    
8    0   4.48345   0.0691797   1.11559   2.29861     	Dead: 0
8    1   3.92002   0.0560344   0.903611  2.08491     	Dead: 0
8    2   3.60946   0.0492646   0.794442  2.08491     	Dead: 0
8    3   3.45665   0.0490415   0.790844  2.08491     	Dead: 0
8    4   3.34088   0.0483631   0.779903  2.08491     	Dead: 0
8    5   3.25092   0.0473499   0.763564  2.08491     	Dead: 0
8    6   3.22701   0.0496814   0.801162  2.08491     	Dead: 0
8    7   3.17317   0.0507312   0.818092  2.08491     	Dead: 0
8    8   3.12203   0.0475262   0.766407  2.08417     	Dead: 0
8    9   3.04757   0.045623    0.735716  1.79504     	Dead: 0
8    10  3.03452   0.0481357   0.776237  1.79504     	Dead: 0
8    11  3.0124    0.047669    0.76871   1.79504     	Dead: 0
8    12  2.97151   0.0459469   0.740939  1.79504     	Dead: 0
8    13  2.94723   0.0460591   0.742749  1.79504     	Dead: 0
8    14  2.86841   0.0425311   0.685856  1.79504     	Dead: 0
8    15  2.86529   0.0452882   0.730317  1.79504     	Dead: 0
8    16  2.83422   0.0440371   0.710143  1.69638     	Dead: 0
8    17  2.81241   0.0432208   0.696979  1.64174     	Dead: 0
8    18  2.76755   0.0428333   0.690731  1.61263     	Dead: 0
8    19  2.76589   0.0437543   0.705582  1.61263     	Dead: 0
8    20  2.69715   0.0419749   0.676888  1.61263     	Dead: 0
8    21  2.68375   0.0424837   0.685093  1.61263     	Dead: 0
8    22  2.62325   0.040057    0.64596   1.59879     	Dead: 0
8    23  2.60837   0.0407576   0.657257  1.59879     	Dead: 0
8    24  2.59118   0.0410967   0.662726  1.45241     	Dead: 0
8    25  2.55141   0.0404955   0.653031  1.45241     	Dead: 0
8    26  2.53609   0.0424458   0.684481  1.45241     	Dead: 0
8    27  2.5105    0.0397844   0.641563  1.45241     	Dead: 0
8    28  2.45598   0.0373332   0.602034  1.45241     	Dead: 0
8    29  2.46612   0.0403629   0.650892  1.45241     	Dead: 0
8    30  2.43681   0.0406452   0.655445  1.45241     	Dead: 0
8    31  2.42497   0.0391691   0.631642  1.45241     	Dead: 0
8    32  2.40652   0.0372938   0.6014    1.45241     	Dead: 0
8    33  2.39491   0.0399775   0.644677  1.45241     	Dead: 0
8    34  2.35497   0.0382078   0.61614   1.45241     	Dead: 0
8    35  2.34931   0.0370602   0.597634  1.45241     	Dead: 0
8    36  2.33157   0.0365337   0.589143  1.45241     	Dead: 0
8    37  2.36363   0.0400298   0.64552   1.45241     	Dead: 0
8    38  2.31363   0.0356754   0.575301  1.45241     	Dead: 0
8    39  2.29136   0.0348771   0.562428  1.45241     	Dead: 0
8    40  2.29644   0.0368531   0.594293  1.45241     	Dead: 0
8    41  2.29297   0.0370924   0.598152  1.45241     	Dead: 0
8    42  2.27237   0.0366285   0.590671  1.45241     	Dead: 0
8    43  2.25426   0.035733    0.576231  1.45241     	Dead: 0
8    44  2.28575   0.0392675   0.633227  1.45241     	Dead: 0
8    45  2.22388   0.0326394   0.526343  1.451       	Dead: 0
8    46  2.25196   0.0359154   0.579172  1.4491      	Dead: 0
8    47  2.24117   0.0359111   0.579102  1.4491      	Dead: 0
8    48  2.23608   0.0350737   0.565598  1.4491      	Dead: 0
8    49  2.23506   0.0365598   0.589563  1.4491      	Dead: 0
8    50  2.22137   0.0373444   0.602216  1.4491      	Dead: 0
8    51  2.18944   0.0341201   0.55022   1.4491      	Dead: 0
8    52  2.22962   0.0374291   0.603582  1.42551     	Dead: 0
8    53  2.21307   0.0369616   0.596043  1.42551     	Dead: 0
8    54  2.18024   0.0346008   0.557972  1.42551     	Dead: 0
8    55  2.21801   0.0381882   0.615822  1.42551     	Dead: 0
8    56  2.17644   0.0348578   0.562117  1.4231      	Dead: 0
8    57  2.17536   0.0342041   0.551576  1.4231      	Dead: 0
8    58  2.19184   0.035789    0.577134  1.4231      	Dead: 0
8    59  2.1827    0.0354968   0.572421  1.4231      	Dead: 0
8    60  2.15286   0.0341029   0.549943  1.4231      	Dead: 0
8    61  2.16683   0.0365621   0.589601  1.38142     	Dead: 0
8    62  2.12151   0.034068    0.549381  1.38142     	Dead: 0
8    63  2.14086   0.0349838   0.564149  1.38142     	Dead: 0
8    64  2.08824   0.0301905   0.486851  1.38142     	Dead: 0
8    65  2.12023   0.0340126   0.548487  1.38142     	Dead: 0
8    66  2.09767   0.0330663   0.533227  1.38142     	Dead: 0
8    67  2.10974   0.0341441   0.550608  1.38142     	Dead: 0
8    68  2.10559   0.0331894   0.535211  1.37623     	Dead: 0
8    69  2.09803   0.0325655   0.525151  1.37623     	Dead: 0
8    70  2.11409   0.0343741   0.554316  1.33084     	Dead: 0
8    71  2.09444   0.0318746   0.514009  1.33084     	Dead: 0
8    72  2.11049   0.0351109   0.566198  1.33084     	Dead: 0
8    73  2.11913   0.0345359   0.556925  1.33084     	Dead: 0
8    74  2.11648   0.0345844   0.557708  1.33084     	Dead: 0
8    75  2.11349   0.0342759   0.552734  1.33084     	Dead: 0
8    76  2.11538   0.0353347   0.569807  1.33084     	Dead: 0
8    77  2.09381   0.0332125   0.535585  1.33084     	Dead: 0
8    78  2.0957    0.0333465   0.537745  1.33084     	Dead: 0
8    79  2.09342   0.0337311   0.543948  1.33084     	Dead: 0
8    80  2.11196   0.0357207   0.576033  1.33084     	Dead: 0
8    81  2.09789   0.0339032   0.546722  1.33084     	Dead: 0
8    82  2.08794   0.032779    0.528594  1.33084     	Dead: 0
8    83  2.0887    0.0349724   0.563965  1.33084     	Dead: 0
8    84  2.08418   0.0338975   0.54663   1.33084     	Dead: 0
8    85  2.07866   0.0334594   0.539567  1.33084     	Dead: 0
8    86  2.075     0.0326826   0.527039  1.33084     	Dead: 0
8    87  2.06336   0.0329404   0.531197  1.33084     	Dead: 0
8    88  2.06382   0.0320316   0.516542  1.33084     	Dead: 0
8    89  2.07317   0.0335206   0.540554  1.33084     	Dead: 0
8    90  2.04654   0.0305367   0.492434  1.33084     	Dead: 0
8    91  2.06474   0.0322521   0.520097  1.33084     	Dead: 0
8    92  2.04831   0.0318058   0.5129    1.33084     	Dead: 0
8    93  2.05533   0.0317129   0.511402  1.33084     	Dead: 0
8    94  2.0345    0.0299106   0.482339  1.33084     	Dead: 0
8    95  2.04594   0.0320705   0.517169  1.33084     	Dead: 0
8    96  2.04005   0.0307556   0.495966  1.33084     	Dead: 0
8    97  2.01773   0.0312421   0.503811  1.33084     	Dead: 0
8    98  2.04494   0.0338188   0.545362  1.33084     	Dead: 0
8    99  2.0335    0.0299782   0.483428  1.33084     	Dead: 0
8    100 2.02885   0.0313239   0.505128  1.33084     	Dead: 0
Done run 8 of 29

Beginning Run 9 of 29
Run  RI  Mean      95% CI      SD        Best    
9    0   4.40054   0.0706412   1.13916   2.22678     	Dead: 0
slurmstepd: error: *** JOB 2882650 ON gra779 CANCELLED AT 2023-01-22T22:49:28 DUE TO TIME LIMIT ***
slurmstepd: error: *** JOB 2882650 STEPD TERMINATED ON gra779 AT 2023-01-22T22:51:38 DUE TO JOB NOT ENDING WITH SIGNALS ***
slurmstepd: error: Container 4467 in cgroup plugin has 1 processes, giving up after 159 sec
