24; ./512PM ./PM512/P7/ps5/ ./Profiles/Profile7_512.dat 7 0.00894393 0.000178769 0.323268 0.0182953 0.00196552 0.0127864 0.496811 0.024949 0.112802
Graph Evolution Tool.
Initial Graph: Ring with m = 2
Fitness Function: Profile Matching
Representation: THADS-N with Operation Densities
Densities: 0.00894393 0.000178769 0.323268 0.0182953 0.00196552 0.0127864 0.496811 0.024949 0.112802 
Profile: 1 12 40 60 56 32 20 16 16 16 20 32 56 56 44 28 8 
Check readme.dat for more information about parameters/output.

Beginning Run 0 of 29
Run  RI  Mean      95% CI      SD        Best    
0    0   53.21     0.124604    2.00937   46.8339     	Dead: 0
0    1   52.0237   0.11848     1.91062   46.8339     	Dead: 0
0    2   50.8349   0.110565    1.78298   46.447      	Dead: 0
0    3   49.8121   0.106358    1.71513   44.2974     	Dead: 0
0    4   48.6672   0.0938275   1.51306   44.2974     	Dead: 0
0    5   47.7362   0.0921554   1.4861    43.8809     	Dead: 0
0    6   46.8925   0.0786231   1.26788   43.0113     	Dead: 0
0    7   46.331    0.0750321   1.20997   43.0113     	Dead: 0
0    8   45.8716   0.0729646   1.17663   42.8978     	Dead: 0
0    9   45.4623   0.0722914   1.16577   42.478      	Dead: 0
0    10  45.127    0.0696894   1.12381   41.3694     	Dead: 0
0    11  44.8954   0.0737393   1.18912   41.3694     	Dead: 0
0    12  44.6169   0.0704003   1.13528   41.304      	Dead: 0
0    13  44.4194   0.0711564   1.14747   41.304      	Dead: 0
0    14  44.2294   0.0723637   1.16694   41.304      	Dead: 0
0    15  43.9993   0.0710504   1.14576   40.8991     	Dead: 0
0    16  43.792    0.068771    1.109     40.8991     	Dead: 0
0    17  43.6592   0.0725353   1.1697    40.8756     	Dead: 0
0    18  43.493    0.0714502   1.15221   40.8756     	Dead: 0
0    19  43.2943   0.0693219   1.11788   40.8756     	Dead: 0
0    20  43.1342   0.0683647   1.10245   40.0497     	Dead: 0
0    21  42.9826   0.0720209   1.16141   39.403      	Dead: 0
0    22  42.8442   0.072733    1.17289   39.403      	Dead: 0
0    23  42.634    0.0697721   1.12514   39.403      	Dead: 0
0    24  42.4808   0.0700848   1.13019   39.403      	Dead: 0
0    25  42.311    0.0685091   1.10478   39.403      	Dead: 0
0    26  42.1843   0.0694884   1.12057   39.403      	Dead: 0
0    27  42.0156   0.0653137   1.05325   39.403      	Dead: 0
0    28  41.8788   0.0636063   1.02572   39.403      	Dead: 0
0    29  41.8098   0.0658048   1.06117   39.403      	Dead: 0
0    30  41.6622   0.0637408   1.02788   39.0085     	Dead: 0
0    31  41.54     0.0627187   1.0114    39.0085     	Dead: 0
0    32  41.5066   0.0639282   1.03091   39.0085     	Dead: 0
0    33  41.3841   0.0623426   1.00534   39.0085     	Dead: 0
0    34  41.3177   0.0635891   1.02544   39.0085     	Dead: 0
0    35  41.2544   0.0664008   1.07078   38.8017     	Dead: 0
0    36  41.14     0.0630392   1.01657   38.8017     	Dead: 0
0    37  41.0091   0.0640169   1.03234   38.4891     	Dead: 0
0    38  40.8938   0.0627652   1.01215   38.4891     	Dead: 0
0    39  40.7947   0.062945    1.01505   38.2934     	Dead: 0
0    40  40.6484   0.0626055   1.00958   38.0692     	Dead: 0
0    41  40.4998   0.0632996   1.02077   38.0692     	Dead: 0
0    42  40.35     0.064693    1.04324   38.0692     	Dead: 0
0    43  40.1452   0.0621274   1.00187   38.0113     	Dead: 0
0    44  40.0162   0.0635906   1.02546   37.8791     	Dead: 0
0    45  39.8402   0.0614686   0.991243  37.1995     	Dead: 0
0    46  39.665    0.0614773   0.991384  37.1995     	Dead: 0
0    47  39.5361   0.0609665   0.983146  37.1995     	Dead: 0
0    48  39.3434   0.0610199   0.984007  37.1995     	Dead: 0
0    49  39.2389   0.0591337   0.953589  37.1577     	Dead: 0
0    50  39.2147   0.0665179   1.07267   37.1324     	Dead: 0
0    51  39.0872   0.0614085   0.990274  36.7942     	Dead: 0
0    52  38.9894   0.0620079   0.99994   36.7942     	Dead: 0
0    53  38.9499   0.0627933   1.01261   36.1803     	Dead: 0
0    54  38.8711   0.0614945   0.991661  36.1803     	Dead: 0
0    55  38.8057   0.0622195   1.00335   36.1803     	Dead: 0
0    56  38.7187   0.0629276   1.01477   36.1803     	Dead: 0
0    57  38.6144   0.0602889   0.972219  36.1803     	Dead: 0
0    58  38.5297   0.059805    0.964416  36.1803     	Dead: 0
0    59  38.5168   0.0621715   1.00258   36.1803     	Dead: 0
0    60  38.4429   0.0619312   0.998702  36.1803     	Dead: 0
0    61  38.3209   0.0600773   0.968806  36.1803     	Dead: 0
0    62  38.2555   0.0618112   0.996768  36.0123     	Dead: 0
0    63  38.1407   0.0593287   0.956735  35.8481     	Dead: 0
0    64  38.0582   0.0620894   1.00125   35.8481     	Dead: 0
0    65  37.987    0.0615705   0.992887  35.8481     	Dead: 0
0    66  37.9089   0.0614232   0.99051   35.8481     	Dead: 0
0    67  37.803    0.0611553   0.986191  35.8481     	Dead: 0
0    68  37.7057   0.0610968   0.985247  35.8481     	Dead: 0
0    69  37.6465   0.0645041   1.04019   35.8481     	Dead: 0
0    70  37.5074   0.0601914   0.970647  35.3035     	Dead: 0
0    71  37.4467   0.0618962   0.998137  35.3035     	Dead: 0
0    72  37.3728   0.06372     1.02755   35.3035     	Dead: 0
0    73  37.2979   0.0632489   1.01995   34.9125     	Dead: 0
0    74  37.2564   0.0637607   1.02821   34.9125     	Dead: 0
0    75  37.1377   0.0618594   0.997544  34.9125     	Dead: 0
0    76  37.0508   0.0604193   0.974322  34.9125     	Dead: 0
0    77  37.0252   0.0664353   1.07134   34.9125     	Dead: 0
0    78  36.9632   0.06423     1.03577   34.375      	Dead: 0
0    79  36.8872   0.0642869   1.03669   34.375      	Dead: 0
0    80  36.8412   0.0640475   1.03283   34.375      	Dead: 0
0    81  36.7808   0.0656274   1.05831   34.375      	Dead: 0
0    82  36.7305   0.0655537   1.05712   34.375      	Dead: 0
0    83  36.686    0.0668839   1.07857   34.375      	Dead: 0
0    84  36.6519   0.0669464   1.07958   34.375      	Dead: 0
0    85  36.5637   0.0668424   1.0779    34.375      	Dead: 0
0    86  36.5037   0.0653172   1.0533    34.375      	Dead: 0
0    87  36.4507   0.0664112   1.07095   34.375      	Dead: 0
0    88  36.3616   0.0635192   1.02431   34.375      	Dead: 0
0    89  36.2899   0.0622168   1.00331   34.375      	Dead: 0
0    90  36.278    0.0656776   1.05912   34.0567     	Dead: 0
0    91  36.1999   0.0664812   1.07208   34.0261     	Dead: 0
0    92  36.0939   0.0636608   1.02659   34.0261     	Dead: 0
0    93  36.0607   0.0648095   1.04512   33.7529     	Dead: 0
0    94  36.0125   0.0666026   1.07403   33.7529     	Dead: 0
0    95  35.951    0.0653948   1.05456   33.7529     	Dead: 0
0    96  35.8555   0.0636195   1.02593   32.6804     	Dead: 0
0    97  35.8226   0.0664974   1.07234   32.6804     	Dead: 0
0    98  35.72     0.0625241   1.00826   32.6804     	Dead: 0
0    99  35.6719   0.0641463   1.03442   32.6804     	Dead: 0
0    100 35.6132   0.0651097   1.04996   32.6804     	Dead: 0
Done run 0 of 29

Beginning Run 1 of 29
Run  RI  Mean      95% CI      SD        Best    
1    0   53.2371   0.114558    1.84737   46.9475     	Dead: 0
1    1   51.9833   0.110579    1.78319   46.7372     	Dead: 0
1    2   50.785    0.104548    1.68594   44.9591     	Dead: 0
1    3   49.6912   0.101828    1.64207   44.8637     	Dead: 0
1    4   48.7544   0.0946053   1.5256    44.8637     	Dead: 0
1    5   47.9794   0.0897096   1.44666   44.295      	Dead: 0
1    6   47.3042   0.0819681   1.32182   43.9912     	Dead: 0
1    7   46.7482   0.0801774   1.29294   43.2771     	Dead: 0
1    8   46.181    0.0774704   1.24929   42.9552     	Dead: 0
1    9   45.6125   0.0743755   1.19938   42.2827     	Dead: 0
1    10  45.1651   0.0697389   1.12461   42.2827     	Dead: 0
1    11  44.7751   0.0662785   1.06881   41.9895     	Dead: 0
1    12  44.4522   0.0648904   1.04642   41.9599     	Dead: 0
1    13  44.1933   0.0657935   1.06099   41.6098     	Dead: 0
1    14  43.9298   0.0674129   1.0871    41.5162     	Dead: 0
1    15  43.6835   0.0641286   1.03414   41.1845     	Dead: 0
1    16  43.461    0.0644315   1.03902   40.3139     	Dead: 0
1    17  43.2294   0.0636658   1.02667   40.3139     	Dead: 0
1    18  42.997    0.0623325   1.00517   39.7683     	Dead: 0
1    19  42.7986   0.0631292   1.01802   39.7683     	Dead: 0
1    20  42.5363   0.0618016   0.996613  39.7683     	Dead: 0
1    21  42.3268   0.0614139   0.990361  39.7683     	Dead: 0
1    22  42.114    0.0631782   1.01881   39.1346     	Dead: 0
1    23  41.9426   0.0653404   1.05368   39.1346     	Dead: 0
1    24  41.7231   0.0613536   0.989388  39.1346     	Dead: 0
1    25  41.5506   0.061188    0.986717  38.9104     	Dead: 0
1    26  41.3934   0.0628555   1.01361   38.9104     	Dead: 0
1    27  41.2058   0.0634543   1.02326   38.9104     	Dead: 0
1    28  40.9805   0.0616285   0.993822  38.4721     	Dead: 0
1    29  40.7879   0.0585011   0.943389  38.4721     	Dead: 0
1    30  40.657    0.062       0.999811  38.1148     	Dead: 0
1    31  40.4953   0.0606677   0.978327  38.1148     	Dead: 0
1    32  40.3157   0.0609398   0.982715  38.1148     	Dead: 0
1    33  40.1781   0.0611899   0.986749  37.4575     	Dead: 0
1    34  40.0221   0.0586189   0.945289  37.2478     	Dead: 0
1    35  39.9254   0.0589169   0.950094  37.2478     	Dead: 0
1    36  39.7967   0.0611697   0.986423  37.2478     	Dead: 0
1    37  39.6753   0.05914     0.953692  37.2478     	Dead: 0
1    38  39.6014   0.0610773   0.984932  37.2478     	Dead: 0
1    39  39.4973   0.0614207   0.99047   37.2478     	Dead: 0
1    40  39.3914   0.0616739   0.994553  36.9805     	Dead: 0
1    41  39.2044   0.0586861   0.946373  36.9805     	Dead: 0
1    42  39.1369   0.0630992   1.01754   36.9805     	Dead: 0
1    43  38.9857   0.0606071   0.977351  36.337      	Dead: 0
1    44  38.911    0.0621029   1.00147   36.337      	Dead: 0
1    45  38.7458   0.0589656   0.950879  36.337      	Dead: 0
1    46  38.6448   0.0613347   0.989083  36.1058     	Dead: 0
1    47  38.4832   0.0603484   0.973178  36.1058     	Dead: 0
1    48  38.396    0.0617315   0.995483  35.9846     	Dead: 0
1    49  38.2618   0.0597006   0.962732  35.9846     	Dead: 0
1    50  38.1374   0.0589342   0.950373  35.9846     	Dead: 0
1    51  38.0488   0.0613349   0.989086  35.7645     	Dead: 0
1    52  37.9365   0.0571826   0.922127  35.6263     	Dead: 0
1    53  37.9007   0.0610899   0.985136  35.6238     	Dead: 0
1    54  37.8573   0.0627449   1.01182   35.6238     	Dead: 0
1    55  37.7964   0.0624836   1.00761   35.6238     	Dead: 0
1    56  37.6908   0.0598155   0.964585  35.6238     	Dead: 0
1    57  37.6526   0.0610148   0.983924  35.4765     	Dead: 0
1    58  37.5963   0.0629267   1.01476   35.4765     	Dead: 0
1    59  37.5528   0.0630068   1.01605   35.1292     	Dead: 0
1    60  37.4927   0.0622882   1.00446   34.8114     	Dead: 0
1    61  37.4155   0.0608354   0.981031  34.8114     	Dead: 0
1    62  37.3844   0.0629282   1.01478   34.8114     	Dead: 0
1    63  37.3308   0.0630667   1.01701   34.8114     	Dead: 0
1    64  37.3324   0.0655386   1.05688   34.8114     	Dead: 0
1    65  37.1973   0.0604247   0.974409  34.8114     	Dead: 0
1    66  37.1886   0.0625653   1.00893   34.8114     	Dead: 0
1    67  37.164    0.064027    1.0325    34.8114     	Dead: 0
1    68  37.1301   0.0656721   1.05903   34.8114     	Dead: 0
1    69  37.0571   0.0660618   1.06531   34.7268     	Dead: 0
1    70  36.9618   0.06561     1.05803   34.7268     	Dead: 0
1    71  36.9349   0.0663247   1.06955   34.7268     	Dead: 0
1    72  36.891    0.0659427   1.06339   34.7268     	Dead: 0
1    73  36.807    0.0663977   1.07073   34.7268     	Dead: 0
1    74  36.7519   0.0647066   1.04346   34.7268     	Dead: 0
1    75  36.6859   0.0618204   0.996916  34.7268     	Dead: 0
1    76  36.6479   0.0633296   1.02125   34.7268     	Dead: 0
1    77  36.6092   0.0621731   1.0026    34.2947     	Dead: 0
1    78  36.5589   0.0630027   1.01598   34.2947     	Dead: 0
1    79  36.4571   0.062568    1.00897   34.2947     	Dead: 0
1    80  36.4014   0.0631094   1.0177    34.2947     	Dead: 0
1    81  36.3712   0.0651801   1.05109   34.2947     	Dead: 0
1    82  36.2685   0.062381    1.00596   34.0847     	Dead: 0
1    83  36.2151   0.0631105   1.01772   34.0847     	Dead: 0
1    84  36.1577   0.0636244   1.02601   34.0847     	Dead: 0
1    85  36.0814   0.0643198   1.03722   34.0847     	Dead: 0
1    86  35.9707   0.0620158   1.00007   33.9825     	Dead: 0
1    87  35.8629   0.0600901   0.969013  33.9825     	Dead: 0
1    88  35.8184   0.0601526   0.97002   33.7885     	Dead: 0
1    89  35.7378   0.0635832   1.02534   33.7885     	Dead: 0
1    90  35.6506   0.0618842   0.997945  33.3022     	Dead: 0
1    91  35.5605   0.0630494   1.01674   33.3022     	Dead: 0
1    92  35.4212   0.0603507   0.973215  33.1935     	Dead: 0
1    93  35.3351   0.0639032   1.0305    33.1935     	Dead: 0
1    94  35.2203   0.0610212   0.984028  33.1935     	Dead: 0
1    95  35.1363   0.0615111   0.991927  32.8458     	Dead: 0
1    96  35.0388   0.06099     0.983524  32.8458     	Dead: 0
1    97  35.0051   0.0636225   1.02598   32.7012     	Dead: 0
1    98  34.9246   0.063514    1.02423   32.6415     	Dead: 0
1    99  34.7931   0.0617278   0.995423  32.6415     	Dead: 0
1    100 34.6888   0.0592664   0.95573   32.6415     	Dead: 0
Done run 1 of 29

Beginning Run 2 of 29
Run  RI  Mean      95% CI      SD        Best    
2    0   53.2794   0.11939     1.92529   46.3063     	Dead: 0
2    1   51.8794   0.118542    1.91161   46.3063     	Dead: 0
2    2   50.3826   0.111763    1.8023    45.2756     	Dead: 0
2    3   48.9959   0.106201    1.71259   43.781      	Dead: 0
2    4   47.9128   0.0960123   1.54829   43.6349     	Dead: 0
2    5   47.0573   0.0844271   1.36147   43.6217     	Dead: 0
2    6   46.3304   0.0725292   1.16961   42.9971     	Dead: 0
2    7   45.8046   0.070267    1.13313   42.1219     	Dead: 0
2    8   45.3919   0.0723578   1.16684   42.0529     	Dead: 0
2    9   45.0118   0.0686435   1.10695   41.8937     	Dead: 0
2    10  44.6725   0.0677113   1.09191   41.8937     	Dead: 0
2    11  44.3458   0.0635685   1.02511   41.747      	Dead: 0
2    12  44.1298   0.0622134   1.00325   41.738      	Dead: 0
2    13  43.8853   0.0639052   1.03054   41.1867     	Dead: 0
2    14  43.646    0.0612106   0.987083  41.1244     	Dead: 0
2    15  43.4957   0.063164    1.01858   39.9471     	Dead: 0
2    16  43.3237   0.0602779   0.972041  39.9471     	Dead: 0
2    17  43.1113   0.0598081   0.964466  39.3251     	Dead: 0
2    18  42.9091   0.0615895   0.993193  39.3251     	Dead: 0
2    19  42.6999   0.0649379   1.04719   39.3251     	Dead: 0
2    20  42.4993   0.0643099   1.03706   39.3251     	Dead: 0
2    21  42.2286   0.0660832   1.06566   39.3251     	Dead: 0
2    22  41.924    0.063476    1.02361   39.1029     	Dead: 0
2    23  41.5972   0.0604692   0.975127  37.9389     	Dead: 0
2    24  41.2797   0.0621653   1.00248   37.9389     	Dead: 0
2    25  41.0045   0.0602641   0.971819  37.9389     	Dead: 0
2    26  40.8053   0.0580615   0.9363    37.9389     	Dead: 0
2    27  40.6435   0.0578147   0.93232   37.497      	Dead: 0
2    28  40.5634   0.0612434   0.987611  37.497      	Dead: 0
2    29  40.4741   0.0621388   1.00205   37.497      	Dead: 0
2    30  40.4254   0.0658056   1.06118   37.497      	Dead: 0
2    31  40.2854   0.0639489   1.03124   37.497      	Dead: 0
2    32  40.1736   0.0633129   1.02098   37.497      	Dead: 0
2    33  40.0602   0.0620458   1.00055   37.497      	Dead: 0
2    34  39.9558   0.0625548   1.00876   37.497      	Dead: 0
2    35  39.885    0.0676792   1.0914    37.497      	Dead: 0
2    36  39.7277   0.0659717   1.06386   37.497      	Dead: 0
2    37  39.5334   0.0611008   0.985311  37.0009     	Dead: 0
2    38  39.4374   0.0634802   1.02368   37.0009     	Dead: 0
2    39  39.3142   0.0622278   1.00348   37.0009     	Dead: 0
2    40  39.1563   0.0613211   0.988864  36.9428     	Dead: 0
2    41  39.0672   0.0630408   1.0166    36.9428     	Dead: 0
2    42  38.971    0.0613903   0.989979  36.3058     	Dead: 0
2    43  38.8826   0.063879    1.03011   36.3058     	Dead: 0
2    44  38.8202   0.0639811   1.03176   36.3058     	Dead: 0
2    45  38.6869   0.0601593   0.970128  36.3058     	Dead: 0
2    46  38.6139   0.0609003   0.982078  36.3058     	Dead: 0
2    47  38.5546   0.0611039   0.985362  35.9126     	Dead: 0
2    48  38.4859   0.061684    0.994716  35.9126     	Dead: 0
2    49  38.3999   0.0588713   0.949358  35.9126     	Dead: 0
2    50  38.3546   0.0641421   1.03436   35.9126     	Dead: 0
2    51  38.2431   0.0626533   1.01035   35.85       	Dead: 0
2    52  38.1      0.0594045   0.957958  35.7954     	Dead: 0
2    53  37.9986   0.0598498   0.965138  35.7102     	Dead: 0
2    54  37.9522   0.0611758   0.986521  35.7102     	Dead: 0
2    55  37.8523   0.0609714   0.983226  35.3566     	Dead: 0
2    56  37.7456   0.0598718   0.965493  35.3566     	Dead: 0
2    57  37.6351   0.0591916   0.954523  35.3566     	Dead: 0
2    58  37.5244   0.0595618   0.960493  34.7708     	Dead: 0
2    59  37.4545   0.0619121   0.998394  34.7708     	Dead: 0
2    60  37.3238   0.0606684   0.978339  34.7708     	Dead: 0
2    61  37.1963   0.059136    0.953628  34.4519     	Dead: 0
2    62  37.1112   0.0611774   0.986547  34.4519     	Dead: 0
2    63  37.0385   0.0611539   0.986168  34.1221     	Dead: 0
2    64  36.9137   0.0626137   1.00971   33.7825     	Dead: 0
2    65  36.857    0.0654982   1.05622   33.7825     	Dead: 0
2    66  36.7031   0.0603427   0.973086  33.7825     	Dead: 0
2    67  36.6626   0.0624221   1.00662   33.7825     	Dead: 0
2    68  36.5733   0.0619365   0.998789  33.7825     	Dead: 0
2    69  36.4815   0.0620539   1.00068   33.7825     	Dead: 0
2    70  36.3686   0.0593319   0.956786  33.7825     	Dead: 0
2    71  36.2764   0.0645839   1.04148   33.7825     	Dead: 0
2    72  36.1061   0.0614007   0.990148  33.7427     	Dead: 0
2    73  35.9989   0.0590305   0.951925  33.7427     	Dead: 0
2    74  35.9151   0.0587244   0.946989  33.7427     	Dead: 0
2    75  35.8318   0.0588197   0.948527  33.7427     	Dead: 0
2    76  35.7411   0.0603052   0.972482  33.5752     	Dead: 0
2    77  35.6554   0.0602838   0.972137  33.5563     	Dead: 0
2    78  35.5685   0.0612636   0.987937  33.1908     	Dead: 0
2    79  35.4057   0.0579728   0.934869  33.1908     	Dead: 0
2    80  35.3146   0.0576144   0.929089  33.1908     	Dead: 0
2    81  35.2552   0.0584011   0.941777  33.1908     	Dead: 0
2    82  35.1935   0.0597193   0.963033  33.1908     	Dead: 0
2    83  35.1093   0.0581292   0.937391  32.9945     	Dead: 0
2    84  35.0486   0.0614524   0.990981  32.8685     	Dead: 0
2    85  34.9811   0.06144     0.990782  32.8685     	Dead: 0
2    86  34.8889   0.0603473   0.97316   32.8685     	Dead: 0
2    87  34.8486   0.0626404   1.01014   32.8309     	Dead: 0
2    88  34.7579   0.0624783   1.00752   32.7851     	Dead: 0
2    89  34.6853   0.0619959   0.999746  32.7851     	Dead: 0
2    90  34.5895   0.0600029   0.967608  32.7851     	Dead: 0
2    91  34.5082   0.0619018   0.998228  32.5904     	Dead: 0
2    92  34.4503   0.0611237   0.985681  32.5904     	Dead: 0
2    93  34.4125   0.0619698   0.999326  32.5892     	Dead: 0
2    94  34.3411   0.0635308   1.0245    32.5892     	Dead: 0
2    95  34.304    0.062987    1.01573   32.226      	Dead: 0
2    96  34.1991   0.0625092   1.00802   32.226      	Dead: 0
2    97  34.1246   0.0606774   0.978484  32.226      	Dead: 0
2    98  34.1016   0.0631743   1.01875   32.226      	Dead: 0
2    99  34.0107   0.0616531   0.994218  32.226      	Dead: 0
2    100 33.9353   0.06028     0.972075  32.157      	Dead: 0
Done run 2 of 29

Beginning Run 3 of 29
Run  RI  Mean      95% CI      SD        Best    
3    0   53.2484   0.118473    1.9105    47.3175     	Dead: 0
3    1   52.1073   0.113472    1.82985   45.386      	Dead: 0
3    2   51.0721   0.114804    1.85133   45.386      	Dead: 0
3    3   50.0437   0.102644    1.65525   45.386      	Dead: 0
3    4   49.0703   0.105271    1.69759   44.4172     	Dead: 0
3    5   47.9871   0.0916477   1.47791   43.9005     	Dead: 0
3    6   47.0744   0.0858333   1.38415   43.7102     	Dead: 0
3    7   46.39     0.0784547   1.26516   42.906      	Dead: 0
3    8   45.8507   0.0752644   1.21371   42.8517     	Dead: 0
3    9   45.3386   0.072623    1.17112   42.0182     	Dead: 0
3    10  44.9283   0.0718602   1.15882   41.6604     	Dead: 0
3    11  44.5899   0.0670122   1.08064   41.6604     	Dead: 0
3    12  44.3704   0.0657676   1.06057   41.6604     	Dead: 0
3    13  44.1257   0.0651191   1.05011   41.168      	Dead: 0
3    14  43.915    0.0633734   1.02196   41.168      	Dead: 0
3    15  43.7576   0.0655519   1.05709   41.168      	Dead: 0
3    16  43.5435   0.0627868   1.0125    40.9544     	Dead: 0
3    17  43.3826   0.0664205   1.0711    40.9544     	Dead: 0
3    18  43.1612   0.0624958   1.00781   40.5133     	Dead: 0
3    19  42.9529   0.0607455   0.979583  40.5133     	Dead: 0
3    20  42.7401   0.0605413   0.976288  39.9612     	Dead: 0
3    21  42.559    0.0610841   0.985042  39.9612     	Dead: 0
3    22  42.3532   0.0613633   0.989545  39.9256     	Dead: 0
3    23  42.1312   0.0590114   0.951617  39.9256     	Dead: 0
3    24  41.9083   0.061028    0.984137  39.5165     	Dead: 0
3    25  41.7315   0.0576859   0.930243  39.1867     	Dead: 0
3    26  41.5878   0.060107    0.969285  39.1867     	Dead: 0
3    27  41.3808   0.0559493   0.902239  39.1867     	Dead: 0
3    28  41.1751   0.0550973   0.888498  38.5443     	Dead: 0
3    29  40.9545   0.0562454   0.907013  38.5443     	Dead: 0
3    30  40.7561   0.0559551   0.902331  38.5443     	Dead: 0
3    31  40.5815   0.0577134   0.930686  38.477      	Dead: 0
3    32  40.3509   0.0531716   0.857445  38.3762     	Dead: 0
3    33  40.164    0.0546634   0.881501  37.499      	Dead: 0
3    34  40.018    0.0558679   0.900926  37.499      	Dead: 0
3    35  39.8706   0.0573413   0.924685  37.499      	Dead: 0
3    36  39.6488   0.0546495   0.881277  37.3581     	Dead: 0
3    37  39.5265   0.0558072   0.899947  37.2793     	Dead: 0
3    38  39.4222   0.0571798   0.922082  37.0571     	Dead: 0
3    39  39.3276   0.0574486   0.926416  36.8627     	Dead: 0
3    40  39.2432   0.0583402   0.940794  36.8627     	Dead: 0
3    41  39.1155   0.0601666   0.970247  36.3045     	Dead: 0
3    42  39.021    0.0584581   0.942696  36.3045     	Dead: 0
3    43  38.92     0.0582515   0.939364  36.3045     	Dead: 0
3    44  38.824    0.0610069   0.983797  36.3045     	Dead: 0
3    45  38.6851   0.0587713   0.947746  36.3045     	Dead: 0
3    46  38.5703   0.0599391   0.966578  36.3045     	Dead: 0
3    47  38.4098   0.0565717   0.912276  36.3045     	Dead: 0
3    48  38.3331   0.0595064   0.9596    36.2538     	Dead: 0
3    49  38.2166   0.0594421   0.958563  36.0233     	Dead: 0
3    50  38.112    0.0621295   1.0019    36.0233     	Dead: 0
3    51  37.9648   0.0602716   0.97194   35.9167     	Dead: 0
3    52  37.8988   0.0634496   1.02319   35.9167     	Dead: 0
3    53  37.7155   0.0597969   0.964286  35.3779     	Dead: 0
3    54  37.5978   0.0595974   0.961068  35.3779     	Dead: 0
3    55  37.5239   0.0605535   0.976487  35.3024     	Dead: 0
3    56  37.423    0.0598677   0.965427  35.3024     	Dead: 0
3    57  37.3383   0.060117    0.969448  35.3024     	Dead: 0
3    58  37.295    0.0624482   1.00704   35.0141     	Dead: 0
3    59  37.1704   0.0588166   0.948477  34.9991     	Dead: 0
3    60  37.1204   0.0600265   0.967988  34.9991     	Dead: 0
3    61  37.05     0.060868    0.981558  34.9991     	Dead: 0
3    62  36.9917   0.0626238   1.00987   34.9991     	Dead: 0
3    63  36.9262   0.0622207   1.00337   34.3862     	Dead: 0
3    64  36.8373   0.0606442   0.977948  34.3862     	Dead: 0
3    65  36.7947   0.0610107   0.983858  34.3862     	Dead: 0
3    66  36.7708   0.0633767   1.02201   34.3862     	Dead: 0
3    67  36.6401   0.0588936   0.949718  34.3862     	Dead: 0
3    68  36.608    0.0614168   0.990408  34.3862     	Dead: 0
3    69  36.5685   0.062576    1.0091    34.3862     	Dead: 0
3    70  36.5067   0.0626098   1.00964   34.3862     	Dead: 0
3    71  36.4603   0.0634005   1.0224    34.1634     	Dead: 0
3    72  36.3693   0.0610478   0.984456  34.1634     	Dead: 0
3    73  36.2767   0.0607043   0.978918  34.1634     	Dead: 0
3    74  36.2467   0.0618699   0.997714  33.7659     	Dead: 0
3    75  36.1728   0.0600552   0.968451  33.7659     	Dead: 0
3    76  36.1182   0.0610145   0.98392   33.7659     	Dead: 0
3    77  36.0856   0.0622463   1.00378   33.7659     	Dead: 0
3    78  36.093    0.0643117   1.03709   33.7659     	Dead: 0
3    79  36.0092   0.0646546   1.04262   33.7659     	Dead: 0
3    80  35.9299   0.0610785   0.984952  33.7659     	Dead: 0
3    81  35.9024   0.0634671   1.02347   33.7659     	Dead: 0
3    82  35.8216   0.0615594   0.992706  33.7659     	Dead: 0
3    83  35.792    0.0637104   1.02739   33.7659     	Dead: 0
3    84  35.7119   0.0609819   0.983394  33.7659     	Dead: 0
3    85  35.6074   0.0577281   0.930924  33.7659     	Dead: 0
3    86  35.5982   0.0601093   0.969323  33.6486     	Dead: 0
3    87  35.5076   0.0571044   0.920866  33.6486     	Dead: 0
3    88  35.4575   0.0584886   0.943188  33.6486     	Dead: 0
3    89  35.4262   0.0598578   0.965267  33.6486     	Dead: 0
3    90  35.3756   0.0605254   0.976033  33.515      	Dead: 0
3    91  35.2962   0.0595585   0.960441  33.515      	Dead: 0
3    92  35.217    0.0585206   0.943703  33.4252     	Dead: 0
3    93  35.2084   0.0595331   0.96003   33.4252     	Dead: 0
3    94  35.2168   0.0621379   1.00204   33.4252     	Dead: 0
3    95  35.192    0.0636055   1.0257    33.2252     	Dead: 0
3    96  35.1181   0.0609415   0.982743  33.2252     	Dead: 0
3    97  35.1274   0.0636915   1.02709   33.2252     	Dead: 0
3    98  35.0958   0.064859    1.04592   33.2252     	Dead: 0
3    99  34.9947   0.0581339   0.937467  32.799      	Dead: 0
3    100 34.9689   0.0588953   0.949746  32.799      	Dead: 0
Done run 3 of 29

Beginning Run 4 of 29
Run  RI  Mean      95% CI      SD        Best    
4    0   53.4045   0.121057    1.95217   47.3568     	Dead: 0
4    1   52.0529   0.118299    1.90769   47.3258     	Dead: 0
4    2   50.8275   0.113226    1.82588   46.105      	Dead: 0
4    3   49.6042   0.10162     1.63872   45.1625     	Dead: 0
4    4   48.5134   0.0933109   1.50473   44.5758     	Dead: 0
4    5   47.6999   0.0853506   1.37636   44.1127     	Dead: 0
4    6   46.9528   0.078698    1.26908   42.8996     	Dead: 0
4    7   46.3249   0.0757046   1.22081   42.7147     	Dead: 0
4    8   45.8139   0.0724092   1.16767   42.7147     	Dead: 0
4    9   45.3931   0.0703245   1.13405   42.5511     	Dead: 0
4    10  44.96     0.0669248   1.07923   42.5457     	Dead: 0
4    11  44.6051   0.0673694   1.0864    41.4712     	Dead: 0
4    12  44.2412   0.0650024   1.04823   40.9111     	Dead: 0
4    13  43.97     0.0640071   1.03218   40.9111     	Dead: 0
4    14  43.7612   0.0647363   1.04394   40.9111     	Dead: 0
4    15  43.5683   0.0641592   1.03463   40.9111     	Dead: 0
4    16  43.3821   0.0661087   1.06607   40.6838     	Dead: 0
4    17  43.2545   0.0692538   1.11679   39.9236     	Dead: 0
4    18  43.0026   0.0648421   1.04564   39.7913     	Dead: 0
4    19  42.8664   0.0673937   1.08679   39.7913     	Dead: 0
4    20  42.6354   0.0667199   1.07592   39.7663     	Dead: 0
4    21  42.5011   0.067144    1.08276   39.7663     	Dead: 0
4    22  42.3632   0.0672473   1.08443   39.7663     	Dead: 0
4    23  42.1813   0.0669393   1.07946   39.7663     	Dead: 0
4    24  41.9484   0.0644875   1.03993   39.4306     	Dead: 0
4    25  41.7434   0.0633798   1.02206   39.4306     	Dead: 0
4    26  41.5919   0.0608103   0.980627  38.99       	Dead: 0
4    27  41.4522   0.0629535   1.01519   38.99       	Dead: 0
4    28  41.3311   0.0641816   1.03499   38.99       	Dead: 0
4    29  41.218    0.0668845   1.07858   38.646      	Dead: 0
4    30  41.0417   0.0656301   1.05835   38.646      	Dead: 0
4    31  40.9132   0.0661287   1.06639   38.448      	Dead: 0
4    32  40.6924   0.0666566   1.0749    37.8679     	Dead: 0
4    33  40.4358   0.0666662   1.07506   37.8511     	Dead: 0
4    34  40.1982   0.0657865   1.06087   37.2621     	Dead: 0
4    35  39.9711   0.0689412   1.11175   36.9196     	Dead: 0
4    36  39.5997   0.0650475   1.04896   36.5321     	Dead: 0
4    37  39.2423   0.06408     1.03335   36.4579     	Dead: 0
4    38  38.9078   0.0633284   1.02123   36.4294     	Dead: 0
4    39  38.538    0.0603244   0.972792  35.7293     	Dead: 0
4    40  38.2926   0.061294    0.988427  35.7293     	Dead: 0
4    41  38.054    0.0598535   0.965198  35.0836     	Dead: 0
4    42  37.8835   0.0628845   1.01408   35.0836     	Dead: 0
4    43  37.673    0.0599251   0.966353  35.0836     	Dead: 0
4    44  37.519    0.0598829   0.965672  35.0836     	Dead: 0
4    45  37.3618   0.0599584   0.966889  35.0836     	Dead: 0
4    46  37.2434   0.060335    0.972962  34.839      	Dead: 0
4    47  37.1009   0.0607622   0.979851  34.839      	Dead: 0
4    48  37.0026   0.0617259   0.995392  34.8236     	Dead: 0
4    49  36.8175   0.0591285   0.953506  34.8236     	Dead: 0
4    50  36.727    0.0614434   0.990837  34.5533     	Dead: 0
4    51  36.6169   0.0626925   1.01098   34.5533     	Dead: 0
4    52  36.4792   0.0636985   1.0272    33.8274     	Dead: 0
4    53  36.3683   0.0625446   1.00859   33.8274     	Dead: 0
4    54  36.3184   0.0651933   1.05131   33.8274     	Dead: 0
4    55  36.1988   0.0629276   1.01477   33.8274     	Dead: 0
4    56  36.1017   0.0636673   1.0267    33.8274     	Dead: 0
4    57  35.9519   0.0614538   0.991004  33.7635     	Dead: 0
4    58  35.9235   0.0635882   1.02542   33.1271     	Dead: 0
4    59  35.79     0.062777    1.01234   33.1271     	Dead: 0
4    60  35.6437   0.0590016   0.951461  32.5862     	Dead: 0
4    61  35.5722   0.0625764   1.00911   32.5862     	Dead: 0
4    62  35.4552   0.0639134   1.03067   32.5862     	Dead: 0
4    63  35.3108   0.0638474   1.0296    32.567      	Dead: 0
4    64  35.1712   0.0639415   1.03112   32.5575     	Dead: 0
4    65  35.0063   0.0654286   1.0551    32.1792     	Dead: 0
4    66  34.8507   0.0646536   1.0426    32.1792     	Dead: 0
4    67  34.7093   0.0644461   1.03926   32.1792     	Dead: 0
4    68  34.5276   0.0620696   1.00093   31.8418     	Dead: 0
4    69  34.3679   0.0627532   1.01196   31.8418     	Dead: 0
4    70  34.2229   0.0639431   1.03115   31.5051     	Dead: 0
4    71  34.0846   0.063774    1.02842   31.5051     	Dead: 0
4    72  33.9789   0.0677585   1.09267   31.5051     	Dead: 0
4    73  33.818    0.0650707   1.04933   31.3696     	Dead: 0
4    74  33.6431   0.0641387   1.0343    30.8953     	Dead: 0
4    75  33.4936   0.0665503   1.07319   30.8953     	Dead: 0
4    76  33.3006   0.0617974   0.996545  30.8953     	Dead: 0
4    77  33.1723   0.0627228   1.01147   30.8953     	Dead: 0
4    78  32.9944   0.0629165   1.01459   30.5863     	Dead: 0
4    79  32.9053   0.0652104   1.05158   30.5863     	Dead: 0
4    80  32.7353   0.0624837   1.00761   30.3551     	Dead: 0
4    81  32.6227   0.0637941   1.02874   30.3551     	Dead: 0
4    82  32.4513   0.0606555   0.97813   30.3551     	Dead: 0
4    83  32.3223   0.057992    0.935179  30.2424     	Dead: 0
4    84  32.2299   0.0610756   0.984906  30.2249     	Dead: 0
4    85  32.1054   0.0596975   0.962682  29.7801     	Dead: 0
4    86  32.0339   0.060233    0.971317  29.4864     	Dead: 0
4    87  31.9088   0.0617335   0.995514  29.4864     	Dead: 0
4    88  31.7901   0.0591354   0.953618  29.4864     	Dead: 0
4    89  31.691    0.058829    0.948676  29.4864     	Dead: 0
4    90  31.5531   0.0596281   0.961563  29.4438     	Dead: 0
4    91  31.4498   0.0635507   1.02482   28.7124     	Dead: 0
4    92  31.3068   0.0613087   0.988664  28.7124     	Dead: 0
4    93  31.1847   0.0627748   1.01231   28.7124     	Dead: 0
4    94  31.0468   0.0621596   1.00239   28.7124     	Dead: 0
4    95  30.9294   0.0617864   0.996367  28.7124     	Dead: 0
4    96  30.8052   0.0584691   0.942873  28.4278     	Dead: 0
4    97  30.7021   0.0613389   0.989152  28.4278     	Dead: 0
4    98  30.585    0.0618558   0.997487  28.2488     	Dead: 0
4    99  30.4429   0.0608927   0.981956  28.2488     	Dead: 0
4    100 30.3681   0.0633996   1.02238   28.2488     	Dead: 0
Done run 4 of 29

Beginning Run 5 of 29
Run  RI  Mean      95% CI      SD        Best    
5    0   53.1066   0.119297    1.92378   47.1973     	Dead: 0
5    1   51.7825   0.109994    1.77377   47.1973     	Dead: 0
5    2   50.7353   0.0979212   1.57908   46.0095     	Dead: 0
5    3   49.7131   0.0936345   1.50995   45.3087     	Dead: 0
5    4   48.6268   0.0907974   1.4642    44.0501     	Dead: 0
5    5   47.6762   0.0845734   1.36383   43.8476     	Dead: 0
5    6   46.8711   0.0840973   1.35615   43.205      	Dead: 0
5    7   46.1932   0.0783279   1.26312   42.8858     	Dead: 0
5    8   45.7148   0.0743393   1.1988    42.8858     	Dead: 0
5    9   45.2067   0.0676591   1.09107   42.1977     	Dead: 0
5    10  44.8257   0.0662524   1.06839   41.2151     	Dead: 0
5    11  44.4525   0.0624736   1.00745   41.2151     	Dead: 0
5    12  44.208    0.0652861   1.0528    41.2151     	Dead: 0
5    13  43.8953   0.0630695   1.01706   41.0917     	Dead: 0
5    14  43.6372   0.0624527   1.00711   41.0917     	Dead: 0
5    15  43.426    0.0652519   1.05225   40.2619     	Dead: 0
5    16  43.2028   0.0673373   1.08588   40.2619     	Dead: 0
5    17  42.9191   0.0623855   1.00603   40.2536     	Dead: 0
5    18  42.7322   0.0633781   1.02203   40.2536     	Dead: 0
5    19  42.5159   0.0638151   1.02908   39.7402     	Dead: 0
5    20  42.261    0.0609314   0.982579  39.7402     	Dead: 0
5    21  42.0348   0.0599737   0.967136  39.7402     	Dead: 0
5    22  41.895    0.0622564   1.00395   39.2932     	Dead: 0
5    23  41.6657   0.0617918   0.996454  38.8996     	Dead: 0
5    24  41.5474   0.0630084   1.01607   38.8996     	Dead: 0
5    25  41.3521   0.0605807   0.976924  38.894      	Dead: 0
5    26  41.213    0.0612965   0.988467  38.4233     	Dead: 0
5    27  41.0412   0.0600207   0.967893  38.4233     	Dead: 0
5    28  40.922    0.0609583   0.983014  38.4233     	Dead: 0
5    29  40.7774   0.0605926   0.977116  38.4233     	Dead: 0
5    30  40.649    0.0576801   0.930149  38.4233     	Dead: 0
5    31  40.4872   0.0584821   0.943082  37.9502     	Dead: 0
5    32  40.3666   0.0610252   0.984093  37.5455     	Dead: 0
5    33  40.2125   0.0596394   0.961744  37.5455     	Dead: 0
5    34  40.083    0.05861     0.945145  37.5455     	Dead: 0
5    35  39.954    0.0591625   0.954054  37.5455     	Dead: 0
5    36  39.87     0.060547    0.976381  37.274      	Dead: 0
5    37  39.7223   0.0587157   0.94685   36.6739     	Dead: 0
5    38  39.5985   0.0588906   0.94967   36.6739     	Dead: 0
5    39  39.5082   0.0605961   0.977173  36.6739     	Dead: 0
5    40  39.364    0.0556666   0.897679  36.6739     	Dead: 0
5    41  39.2443   0.0580459   0.936048  36.6739     	Dead: 0
5    42  39.0616   0.0548819   0.885026  36.6739     	Dead: 0
5    43  38.9617   0.0569898   0.919017  36.6132     	Dead: 0
5    44  38.8481   0.0578205   0.932413  36.6132     	Dead: 0
5    45  38.7705   0.0596357   0.961685  36.6132     	Dead: 0
5    46  38.6415   0.0573961   0.92557   36.6132     	Dead: 0
5    47  38.5464   0.0583018   0.940175  36.6132     	Dead: 0
5    48  38.4273   0.0576807   0.930159  36.6132     	Dead: 0
5    49  38.3058   0.057734    0.931019  35.438      	Dead: 0
5    50  38.2486   0.0593441   0.956983  35.438      	Dead: 0
5    51  38.13     0.0594429   0.958576  35.438      	Dead: 0
5    52  37.9939   0.0576534   0.929718  35.438      	Dead: 0
5    53  37.8532   0.0562875   0.907692  35.438      	Dead: 0
5    54  37.7617   0.0563353   0.908463  35.438      	Dead: 0
5    55  37.6887   0.0564116   0.909693  35.438      	Dead: 0
5    56  37.5594   0.0546015   0.880504  35.438      	Dead: 0
5    57  37.4246   0.054738    0.882705  35.4019     	Dead: 0
5    58  37.3221   0.0552506   0.890972  34.7594     	Dead: 0
5    59  37.2085   0.0548239   0.88409   34.7594     	Dead: 0
5    60  37.1053   0.0549685   0.886422  34.7594     	Dead: 0
5    61  36.9685   0.0530796   0.855962  34.7594     	Dead: 0
5    62  36.871    0.0549466   0.88607   34.7594     	Dead: 0
5    63  36.8115   0.0586119   0.945175  34.7594     	Dead: 0
5    64  36.7501   0.057555    0.928132  34.7594     	Dead: 0
5    65  36.6471   0.0567496   0.915144  34.6738     	Dead: 0
5    66  36.5689   0.0569619   0.918567  34.6701     	Dead: 0
5    67  36.4868   0.0566825   0.914061  34.6015     	Dead: 0
5    68  36.4037   0.0582051   0.938616  34.502      	Dead: 0
5    69  36.2705   0.0577856   0.931851  34.2454     	Dead: 0
5    70  36.1753   0.0578041   0.932148  33.7098     	Dead: 0
5    71  36.1127   0.0582923   0.940021  33.7098     	Dead: 0
5    72  35.9987   0.0582658   0.939594  33.5887     	Dead: 0
5    73  35.8951   0.0556228   0.896974  33.1471     	Dead: 0
5    74  35.8092   0.0570434   0.919883  33.1471     	Dead: 0
5    75  35.6908   0.056236    0.906862  33.1471     	Dead: 0
5    76  35.6164   0.0566782   0.913993  33.1471     	Dead: 0
5    77  35.4721   0.0569817   0.918888  33.1471     	Dead: 0
5    78  35.3101   0.0573952   0.925555  32.6649     	Dead: 0
5    79  35.1973   0.0589276   0.950267  32.56       	Dead: 0
5    80  35.0489   0.057627    0.929294  32.56       	Dead: 0
5    81  34.8996   0.0567008   0.914358  32.56       	Dead: 0
5    82  34.7602   0.0571514   0.921623  32.5058     	Dead: 0
5    83  34.5969   0.0545823   0.880194  32.2118     	Dead: 0
5    84  34.4406   0.0540932   0.872307  32.2118     	Dead: 0
5    85  34.3396   0.055059    0.887881  31.8994     	Dead: 0
5    86  34.214    0.0533322   0.860036  31.8994     	Dead: 0
5    87  34.0925   0.0543048   0.875719  31.8994     	Dead: 0
5    88  34.0379   0.0586243   0.945375  31.8994     	Dead: 0
5    89  33.8868   0.0546703   0.881614  31.8994     	Dead: 0
5    90  33.7741   0.0533381   0.860131  31.8994     	Dead: 0
5    91  33.7219   0.0551336   0.889085  31.8581     	Dead: 0
5    92  33.6668   0.0544125   0.877455  31.6876     	Dead: 0
5    93  33.6283   0.056079    0.90433   31.6056     	Dead: 0
5    94  33.5308   0.0537751   0.867178  31.6056     	Dead: 0
5    95  33.4889   0.0565574   0.912045  31.6056     	Dead: 0
5    96  33.3883   0.054347    0.8764    31.6056     	Dead: 0
5    97  33.3545   0.0551395   0.889179  31.1406     	Dead: 0
5    98  33.3492   0.0575382   0.927861  31.1406     	Dead: 0
5    99  33.2878   0.057869    0.933195  31.1406     	Dead: 0
5    100 33.2108   0.0571962   0.922345  31.1406     	Dead: 0
Done run 5 of 29

Beginning Run 6 of 29
Run  RI  Mean      95% CI      SD        Best    
6    0   53.225    0.115165    1.85715   46.5548     	Dead: 0
6    1   52.0716   0.103811    1.67405   46.5548     	Dead: 0
6    2   51.1086   0.104318    1.68223   46.0802     	Dead: 0
6    3   50.0932   0.101789    1.64145   45.8305     	Dead: 0
6    4   49.031    0.0925159   1.49191   44.2502     	Dead: 0
6    5   48.2174   0.0917544   1.47963   43.7032     	Dead: 0
6    6   47.4047   0.0857402   1.38265   43.0589     	Dead: 0
6    7   46.7004   0.0762874   1.23021   43.0589     	Dead: 0
6    8   46.2389   0.0741266   1.19537   43.0589     	Dead: 0
6    9   45.8161   0.0751165   1.21133   42.8524     	Dead: 0
6    10  45.3981   0.0700413   1.12949   42.3185     	Dead: 0
6    11  45.0107   0.0715669   1.15409   42.3185     	Dead: 0
6    12  44.6122   0.066066    1.06538   41.577      	Dead: 0
6    13  44.2459   0.0672232   1.08404   40.9761     	Dead: 0
6    14  43.8822   0.0627053   1.01119   40.743      	Dead: 0
6    15  43.6013   0.0627231   1.01147   40.743      	Dead: 0
6    16  43.3496   0.0626737   1.01068   40.743      	Dead: 0
6    17  43.0752   0.0634647   1.02343   40.4127     	Dead: 0
6    18  42.7722   0.0619855   0.999578  39.9657     	Dead: 0
6    19  42.5822   0.0624126   1.00647   39.9657     	Dead: 0
6    20  42.3799   0.0638661   1.0299    39.9657     	Dead: 0
6    21  42.116    0.0628818   1.01403   39.9095     	Dead: 0
6    22  41.8563   0.0618338   0.997132  39.2256     	Dead: 0
6    23  41.6804   0.0616074   0.99348   39.2256     	Dead: 0
6    24  41.4255   0.0616269   0.993795  38.2146     	Dead: 0
6    25  41.1538   0.0594158   0.958139  38.2146     	Dead: 0
6    26  40.993    0.0620522   1.00065   38.2146     	Dead: 0
6    27  40.7478   0.0602051   0.970867  38.2146     	Dead: 0
6    28  40.5142   0.0581738   0.93811   37.5044     	Dead: 0
6    29  40.3342   0.059138    0.953659  37.5044     	Dead: 0
6    30  40.164    0.0602024   0.970824  37.5044     	Dead: 0
6    31  39.9671   0.0610683   0.984787  37.5044     	Dead: 0
6    32  39.7808   0.0596824   0.962439  37.5044     	Dead: 0
6    33  39.6342   0.0584061   0.941856  37.5044     	Dead: 0
6    34  39.5049   0.0584021   0.941793  37.1969     	Dead: 0
6    35  39.3598   0.0606916   0.978713  37.1969     	Dead: 0
6    36  39.2212   0.0595476   0.960264  36.3921     	Dead: 0
6    37  39.0916   0.061725    0.995377  36.3921     	Dead: 0
6    38  38.9279   0.0571057   0.920886  36.3921     	Dead: 0
6    39  38.7935   0.0577736   0.931656  36.3921     	Dead: 0
6    40  38.6688   0.0574506   0.926449  36.2824     	Dead: 0
6    41  38.5481   0.0599797   0.967233  36.0381     	Dead: 0
6    42  38.4639   0.061852    0.997425  36.0381     	Dead: 0
6    43  38.3264   0.0622216   1.00338   36.0381     	Dead: 0
6    44  38.2129   0.0633388   1.0214    35.6799     	Dead: 0
6    45  38.0939   0.0625521   1.00871   35.5393     	Dead: 0
6    46  37.9893   0.0608526   0.98131   35.5393     	Dead: 0
6    47  37.8479   0.0604176   0.974294  34.8869     	Dead: 0
6    48  37.6898   0.0611189   0.985604  34.8869     	Dead: 0
6    49  37.5441   0.0584095   0.941911  34.8869     	Dead: 0
6    50  37.4411   0.0610395   0.984322  34.8869     	Dead: 0
6    51  37.2372   0.0585987   0.944963  34.8869     	Dead: 0
6    52  37.0865   0.059996    0.967496  34.0335     	Dead: 0
6    53  36.939    0.0596029   0.961157  34.0335     	Dead: 0
6    54  36.7886   0.0592752   0.955872  34.0335     	Dead: 0
6    55  36.6511   0.0615969   0.993312  33.8751     	Dead: 0
6    56  36.4655   0.0617097   0.99513   33.2066     	Dead: 0
6    57  36.3118   0.0600794   0.968841  33.2066     	Dead: 0
6    58  36.2051   0.061239    0.98754   33.2066     	Dead: 0
6    59  36.0259   0.0617014   0.994997  33.2066     	Dead: 0
6    60  35.8499   0.0607401   0.979495  33.2066     	Dead: 0
6    61  35.7018   0.0600883   0.968984  33.2066     	Dead: 0
6    62  35.5075   0.0592846   0.956023  33.2066     	Dead: 0
6    63  35.3279   0.0594339   0.95843   33.105      	Dead: 0
6    64  35.2028   0.0599924   0.967437  33.105      	Dead: 0
6    65  35.0167   0.0586908   0.946448  33.0987     	Dead: 0
6    66  34.9106   0.0613029   0.988571  32.8981     	Dead: 0
6    67  34.7802   0.0618709   0.99773   32.5095     	Dead: 0
6    68  34.6309   0.062004    0.999876  32.4466     	Dead: 0
6    69  34.4564   0.0618203   0.996914  32.237      	Dead: 0
6    70  34.3306   0.0622929   1.00454   31.8408     	Dead: 0
6    71  34.1531   0.0583943   0.941666  31.8408     	Dead: 0
6    72  34.0836   0.0633631   1.02179   31.8408     	Dead: 0
6    73  33.9716   0.0628695   1.01383   31.6994     	Dead: 0
6    74  33.8099   0.0645223   1.04049   31.5261     	Dead: 0
6    75  33.6487   0.0615904   0.993206  31.2337     	Dead: 0
6    76  33.4928   0.059383    0.95761   30.9096     	Dead: 0
6    77  33.3401   0.0602739   0.971978  30.8616     	Dead: 0
6    78  33.2644   0.0617026   0.995016  30.8616     	Dead: 0
6    79  33.0892   0.0601656   0.970231  30.8616     	Dead: 0
6    80  33.0255   0.0634379   1.023     30.8616     	Dead: 0
6    81  32.934    0.0646739   1.04293   30.8616     	Dead: 0
6    82  32.8234   0.0663477   1.06992   30.1775     	Dead: 0
6    83  32.6489   0.0622921   1.00452   30.1775     	Dead: 0
6    84  32.5556   0.0629169   1.0146    30.1775     	Dead: 0
6    85  32.4825   0.0643449   1.03763   30.1775     	Dead: 0
6    86  32.3567   0.0620807   1.00111   29.9692     	Dead: 0
6    87  32.2449   0.0618419   0.997262  29.9692     	Dead: 0
6    88  32.1684   0.0621329   1.00195   29.9692     	Dead: 0
6    89  32.1017   0.0648125   1.04517   29.449      	Dead: 0
6    90  32.0208   0.0639905   1.03191   29.449      	Dead: 0
6    91  31.9666   0.065996    1.06425   29.449      	Dead: 0
6    92  31.8665   0.0658438   1.0618    29.449      	Dead: 0
6    93  31.7625   0.0661647   1.06697   29.449      	Dead: 0
6    94  31.6604   0.0640064   1.03217   29.2769     	Dead: 0
6    95  31.5899   0.0650387   1.04881   29.2769     	Dead: 0
6    96  31.5611   0.0675725   1.08967   29.2069     	Dead: 0
6    97  31.4661   0.0657209   1.05981   29.2069     	Dead: 0
6    98  31.3098   0.0628418   1.01339   28.947      	Dead: 0
6    99  31.2062   0.0639404   1.0311    28.947      	Dead: 0
6    100 31.1087   0.0647118   1.04354   28.947      	Dead: 0
Done run 6 of 29

Beginning Run 7 of 29
Run  RI  Mean      95% CI      SD        Best    
7    0   53.1492   0.121762    1.96354   45.4529     	Dead: 0
7    1   51.9498   0.117412    1.89338   45.4529     	Dead: 0
7    2   50.7694   0.107056    1.72638   45.4529     	Dead: 0
7    3   49.8519   0.0999266   1.61142   45.4529     	Dead: 0
7    4   48.9131   0.0883254   1.42434   45.4078     	Dead: 0
7    5   48.1371   0.0836685   1.34924   44.5109     	Dead: 0
7    6   47.5045   0.0799941   1.28998   44.3111     	Dead: 0
7    7   46.9534   0.0854158   1.37742   43.1841     	Dead: 0
7    8   46.3546   0.0796979   1.28521   41.9643     	Dead: 0
7    9   45.7362   0.0767928   1.23836   41.5333     	Dead: 0
7    10  45.1621   0.0738281   1.19055   41.5333     	Dead: 0
7    11  44.6956   0.0708674   1.14281   41.5333     	Dead: 0
7    12  44.1459   0.0646941   1.04326   41.3882     	Dead: 0
7    13  43.7303   0.0628129   1.01292   40.8093     	Dead: 0
7    14  43.3808   0.0601965   0.970729  40.8093     	Dead: 0
7    15  43.0439   0.0591208   0.953382  40.6185     	Dead: 0
7    16  42.7305   0.0568465   0.916706  40.2363     	Dead: 0
7    17  42.4967   0.0571512   0.921621  40.1016     	Dead: 0
7    18  42.2767   0.0575339   0.927792  39.617      	Dead: 0
7    19  42.0647   0.059602    0.961143  39.5705     	Dead: 0
7    20  41.8422   0.059677    0.962351  39.2563     	Dead: 0
7    21  41.6426   0.0589281   0.950275  39.2563     	Dead: 0
7    22  41.4365   0.0589964   0.951376  38.7593     	Dead: 0
7    23  41.1781   0.056949    0.918359  38.7383     	Dead: 0
7    24  40.9942   0.0572841   0.923764  38.4904     	Dead: 0
7    25  40.7882   0.0561107   0.904842  38.4904     	Dead: 0
7    26  40.637    0.0585235   0.94375   38.4904     	Dead: 0
7    27  40.4492   0.0556231   0.896978  38.0799     	Dead: 0
7    28  40.2684   0.0535154   0.86299   38.0799     	Dead: 0
7    29  40.1306   0.0544761   0.878481  38.0329     	Dead: 0
7    30  40.0267   0.0563347   0.908454  38.0329     	Dead: 0
7    31  39.9257   0.0556984   0.898192  37.6246     	Dead: 0
7    32  39.7922   0.05307     0.855807  37.6246     	Dead: 0
7    33  39.72     0.0535209   0.863078  37.6246     	Dead: 0
7    34  39.6623   0.0572489   0.923196  37.5964     	Dead: 0
7    35  39.5662   0.0573812   0.92533   37.2308     	Dead: 0
7    36  39.4403   0.0538555   0.868474  37.2308     	Dead: 0
7    37  39.3296   0.0535692   0.863857  37.2308     	Dead: 0
7    38  39.3075   0.0556701   0.897736  37.2308     	Dead: 0
7    39  39.2326   0.0554566   0.894292  37.2308     	Dead: 0
7    40  39.1672   0.054398    0.877222  37.0308     	Dead: 0
7    41  39.0764   0.0532059   0.857999  37.0308     	Dead: 0
7    42  39.0226   0.0532518   0.858738  37.0308     	Dead: 0
7    43  38.9585   0.0521199   0.840486  37.0308     	Dead: 0
7    44  38.9438   0.054078    0.872062  37.0308     	Dead: 0
7    45  38.9003   0.0552599   0.891122  37.0225     	Dead: 0
7    46  38.8286   0.0549372   0.885917  37.0225     	Dead: 0
7    47  38.7897   0.0557945   0.899742  37.0225     	Dead: 0
7    48  38.7525   0.0560745   0.904258  37.0225     	Dead: 0
7    49  38.6792   0.0561932   0.906172  36.8958     	Dead: 0
7    50  38.5896   0.0546852   0.881854  36.7767     	Dead: 0
7    51  38.5485   0.0565876   0.912532  36.6577     	Dead: 0
7    52  38.5035   0.0563186   0.908194  36.4389     	Dead: 0
7    53  38.4532   0.0550239   0.887315  36.4389     	Dead: 0
7    54  38.4186   0.0568399   0.9166    36.3345     	Dead: 0
7    55  38.3645   0.0558021   0.899865  36.3345     	Dead: 0
7    56  38.3512   0.0557569   0.899135  36.3345     	Dead: 0
7    57  38.2834   0.0553353   0.892337  36.3345     	Dead: 0
7    58  38.2561   0.0573365   0.924608  36.2187     	Dead: 0
7    59  38.2072   0.0569575   0.918497  36.1513     	Dead: 0
7    60  38.1425   0.0565915   0.912595  36.1513     	Dead: 0
7    61  38.0821   0.0560085   0.903193  36.0784     	Dead: 0
7    62  38.0157   0.0540005   0.870812  36.0784     	Dead: 0
7    63  37.951    0.0537296   0.866444  36.0111     	Dead: 0
7    64  37.9239   0.0543996   0.877248  36.0111     	Dead: 0
7    65  37.9016   0.0562117   0.90647   36.0111     	Dead: 0
7    66  37.8598   0.0566972   0.9143    35.7856     	Dead: 0
7    67  37.8008   0.0574307   0.926128  35.7856     	Dead: 0
7    68  37.7749   0.0555857   0.896376  35.7856     	Dead: 0
7    69  37.7737   0.0591808   0.95435   35.7856     	Dead: 0
7    70  37.6981   0.0560614   0.904046  35.7856     	Dead: 0
7    71  37.6459   0.0547946   0.883619  35.7856     	Dead: 0
7    72  37.5969   0.0557184   0.898516  35.7856     	Dead: 0
7    73  37.5517   0.0559955   0.902983  35.7037     	Dead: 0
7    74  37.5097   0.0559205   0.901773  35.7037     	Dead: 0
7    75  37.4267   0.0561076   0.904791  35.3846     	Dead: 0
7    76  37.3626   0.0564558   0.910407  35.3846     	Dead: 0
7    77  37.2928   0.0548009   0.88372   35.2607     	Dead: 0
7    78  37.2614   0.0558276   0.900277  35.2607     	Dead: 0
7    79  37.179    0.0542702   0.875162  35.2607     	Dead: 0
7    80  37.1212   0.0555479   0.895766  35.2607     	Dead: 0
7    81  37.0904   0.0578377   0.932691  35.2607     	Dead: 0
7    82  37.0123   0.0562191   0.906588  35.1348     	Dead: 0
7    83  36.9375   0.053716    0.866224  35.1348     	Dead: 0
7    84  36.8791   0.0525487   0.8474    35.1348     	Dead: 0
7    85  36.8225   0.0549957   0.88686   34.8616     	Dead: 0
7    86  36.77     0.0556561   0.897511  34.7462     	Dead: 0
7    87  36.7215   0.0549004   0.885324  34.7462     	Dead: 0
7    88  36.6423   0.0530693   0.855795  34.7196     	Dead: 0
7    89  36.6038   0.0552657   0.891215  34.7196     	Dead: 0
7    90  36.5572   0.0544136   0.877474  34.7196     	Dead: 0
7    91  36.5011   0.0529977   0.854641  34.7196     	Dead: 0
7    92  36.4409   0.0540186   0.871104  34.7196     	Dead: 0
7    93  36.4013   0.0555145   0.895227  34.5008     	Dead: 0
7    94  36.3401   0.054413    0.877464  34.5008     	Dead: 0
7    95  36.3095   0.0541392   0.873048  34.5008     	Dead: 0
7    96  36.2455   0.0553575   0.892695  34.5008     	Dead: 0
7    97  36.1977   0.0531732   0.857471  34.5008     	Dead: 0
7    98  36.1832   0.0553116   0.891955  34.5008     	Dead: 0
7    99  36.1607   0.0581069   0.937031  34.2509     	Dead: 0
7    100 36.1049   0.0559443   0.902158  34.108      	Dead: 0
Done run 7 of 29

Beginning Run 8 of 29
Run  RI  Mean      95% CI      SD        Best    
8    0   53.2237   0.117411    1.89337   46.9043     	Dead: 0
8    1   52.0662   0.116107    1.87235   46.9043     	Dead: 0
8    2   51.0131   0.106633    1.71956   45.9896     	Dead: 0
8    3   49.9301   0.0976226   1.57426   44.8294     	Dead: 0
8    4   48.8899   0.0944269   1.52273   44.8294     	Dead: 0
8    5   47.928    0.0914966   1.47547   44.0111     	Dead: 0
8    6   47.1907   0.0866607   1.39749   43.4099     	Dead: 0
8    7   46.4707   0.0794628   1.28142   42.9758     	Dead: 0
8    8   45.815    0.0734687   1.18476   42.6987     	Dead: 0
8    9   45.2534   0.0703938   1.13517   41.3238     	Dead: 0
8    10  44.8756   0.0685633   1.10565   41.3238     	Dead: 0
8    11  44.5214   0.0670929   1.08194   41.2018     	Dead: 0
8    12  44.2869   0.065614    1.05809   41.2018     	Dead: 0
8    13  44.0154   0.0639049   1.03053   41.2018     	Dead: 0
8    14  43.8281   0.0664484   1.07155   41.2018     	Dead: 0
8    15  43.5367   0.0623299   1.00513   40.6564     	Dead: 0
8    16  43.306    0.0639986   1.03204   40.6237     	Dead: 0
8    17  43.136    0.0691705   1.11544   40.505      	Dead: 0
8    18  42.8297   0.0641952   1.03521   40.1904     	Dead: 0
8    19  42.5866   0.0668175   1.0775    40.1013     	Dead: 0
8    20  42.3296   0.0655014   1.05628   39.5478     	Dead: 0
8    21  42.0661   0.0625364   1.00846   39.3492     	Dead: 0
8    22  41.8561   0.0598674   0.965422  38.8976     	Dead: 0
8    23  41.7136   0.059537    0.960094  38.8976     	Dead: 0
8    24  41.5457   0.0612962   0.988463  38.8976     	Dead: 0
8    25  41.4372   0.0642549   1.03617   38.8976     	Dead: 0
8    26  41.2544   0.0633382   1.02139   38.6093     	Dead: 0
8    27  41.0775   0.0622652   1.00409   38.6093     	Dead: 0
8    28  40.9016   0.0617704   0.99611   38.6093     	Dead: 0
8    29  40.7315   0.06222     1.00336   38.0106     	Dead: 0
8    30  40.5259   0.0615947   0.993276  38.0106     	Dead: 0
8    31  40.3231   0.0587992   0.948196  37.9641     	Dead: 0
8    32  40.2111   0.0611637   0.986326  37.9641     	Dead: 0
8    33  40.0922   0.0624291   1.00673   37.9087     	Dead: 0
8    34  39.9338   0.0609107   0.982247  37.357      	Dead: 0
8    35  39.8092   0.0592363   0.955245  37.357      	Dead: 0
8    36  39.6937   0.0604288   0.974475  37.357      	Dead: 0
8    37  39.6369   0.0624627   1.00727   37.357      	Dead: 0
8    38  39.5387   0.060599    0.977219  37.357      	Dead: 0
8    39  39.4769   0.0608017   0.980489  37.0581     	Dead: 0
8    40  39.3619   0.0607988   0.980441  37.0581     	Dead: 0
8    41  39.289    0.0613283   0.988981  36.673      	Dead: 0
8    42  39.2511   0.0623846   1.00601   36.673      	Dead: 0
8    43  39.1567   0.0630252   1.01635   36.673      	Dead: 0
8    44  39.0831   0.0605631   0.97664   36.673      	Dead: 0
8    45  39.0572   0.0618203   0.996915  36.673      	Dead: 0
8    46  38.9525   0.0591961   0.954597  36.673      	Dead: 0
8    47  38.8925   0.0591477   0.953815  36.673      	Dead: 0
8    48  38.8555   0.0598235   0.964714  36.673      	Dead: 0
8    49  38.7927   0.0600417   0.968233  36.673      	Dead: 0
8    50  38.7322   0.0604322   0.97453   36.673      	Dead: 0
8    51  38.6524   0.0596032   0.961162  36.673      	Dead: 0
8    52  38.5568   0.0612983   0.988496  35.7643     	Dead: 0
8    53  38.4413   0.0605829   0.97696   35.7643     	Dead: 0
8    54  38.3346   0.0614115   0.990322  35.7643     	Dead: 0
8    55  38.223    0.0588298   0.94869   35.7643     	Dead: 0
8    56  38.13     0.0584824   0.943087  35.7643     	Dead: 0
8    57  38.0375   0.0590367   0.952026  35.7643     	Dead: 0
8    58  37.9473   0.0617625   0.995982  35.5903     	Dead: 0
8    59  37.7558   0.0590573   0.952359  34.9453     	Dead: 0
8    60  37.6078   0.0578348   0.932644  34.9453     	Dead: 0
8    61  37.4526   0.05884     0.948854  34.9266     	Dead: 0
8    62  37.2839   0.0589015   0.949846  34.9266     	Dead: 0
8    63  37.0769   0.0567758   0.915567  34.9266     	Dead: 0
8    64  36.8912   0.0576618   0.929855  34.387      	Dead: 0
8    65  36.6401   0.0581114   0.937104  34.0524     	Dead: 0
8    66  36.3048   0.0529975   0.854637  34.0499     	Dead: 0
8    67  36.1079   0.053297    0.859467  33.7737     	Dead: 0
8    68  35.8689   0.0522288   0.842242  33.1931     	Dead: 0
8    69  35.6832   0.0561333   0.905206  33.1931     	Dead: 0
8    70  35.4138   0.0547104   0.88226   33.1931     	Dead: 0
8    71  35.1709   0.0575481   0.92802   32.9464     	Dead: 0
8    72  34.926    0.0547757   0.883313  32.8883     	Dead: 0
8    73  34.7548   0.0582096   0.938688  32.5223     	Dead: 0
8    74  34.5113   0.0549692   0.886434  32.3707     	Dead: 0
8    75  34.2939   0.0542577   0.87496   32.0127     	Dead: 0
8    76  34.1211   0.0563346   0.908452  32.0127     	Dead: 0
8    77  33.9324   0.0564672   0.910591  31.5563     	Dead: 0
8    78  33.7521   0.0575207   0.927578  31.3148     	Dead: 0
8    79  33.616    0.0573654   0.925075  31.3148     	Dead: 0
8    80  33.4305   0.0567991   0.915943  30.7708     	Dead: 0
8    81  33.2438   0.0572026   0.922449  30.7708     	Dead: 0
8    82  33.0533   0.0566978   0.914309  30.4031     	Dead: 0
8    83  32.9201   0.0571677   0.921887  30.4031     	Dead: 0
8    84  32.7892   0.0559907   0.902907  30.4031     	Dead: 0
8    85  32.6873   0.061888    0.998006  30.4031     	Dead: 0
8    86  32.5264   0.0592527   0.955509  30.4031     	Dead: 0
8    87  32.4517   0.0614227   0.990502  30.0743     	Dead: 0
8    88  32.2627   0.0591448   0.953768  29.6985     	Dead: 0
8    89  32.1337   0.0602585   0.971728  29.6985     	Dead: 0
8    90  32.0385   0.0618254   0.996996  29.6985     	Dead: 0
8    91  31.9055   0.0619215   0.998547  29.6284     	Dead: 0
8    92  31.7635   0.0618624   0.997593  29.6284     	Dead: 0
8    93  31.6665   0.062934    1.01487   29.6009     	Dead: 0
8    94  31.5637   0.0606343   0.977789  29.0168     	Dead: 0
8    95  31.4799   0.0609887   0.983503  29.0168     	Dead: 0
8    96  31.4034   0.0610872   0.985092  29.0168     	Dead: 0
8    97  31.308    0.062988    1.01574   29.0168     	Dead: 0
8    98  31.2357   0.0633716   1.02193   29.0168     	Dead: 0
8    99  31.1811   0.0654664   1.05571   28.8221     	Dead: 0
8    100 31.0689   0.0645981   1.04171   28.8121     	Dead: 0
Done run 8 of 29

Beginning Run 9 of 29
Run  RI  Mean      95% CI      SD        Best    
9    0   53.3074   0.115832    1.86791   47.3356     	Dead: 0
9    1   52.0444   0.109345    1.76329   46.9184     	Dead: 0
9    2   50.8902   0.108865    1.75556   46.0477     	Dead: 0
9    3   49.6526   0.10765     1.73597   44.9589     	Dead: 0
9    4   48.522    0.0949457   1.53109   44.7555     	Dead: 0
9    5   47.659    0.0864812   1.3946    43.2353     	Dead: 0
9    6   46.8885   0.0781061   1.25954   42.5645     	Dead: 0
9    7   46.4508   0.0729456   1.17632   42.5645     	Dead: 0
9    8   46.0209   0.0762321   1.22932   42.5645     	Dead: 0
9    9   45.6004   0.0724221   1.16788   42.5645     	Dead: 0
9    10  45.2273   0.0745708   1.20253   41.9012     	Dead: 0
9    11  44.8318   0.0701843   1.13179   41.768      	Dead: 0
9    12  44.5349   0.0671662   1.08312   41.6315     	Dead: 0
9    13  44.2379   0.0676056   1.09021   41.6315     	Dead: 0
9    14  43.9756   0.0677702   1.09286   41.2441     	Dead: 0
9    15  43.7507   0.0649494   1.04737   40.9003     	Dead: 0
9    16  43.5552   0.0647812   1.04466   40.9003     	Dead: 0
9    17  43.3657   0.0668162   1.07748   40.2107     	Dead: 0
9    18  43.1451   0.0655506   1.05707   40.2107     	Dead: 0
9    19  42.9613   0.0667476   1.07637   40.2107     	Dead: 0
9    20  42.7844   0.0661431   1.06662   40.054      	Dead: 0
9    21  42.5499   0.066072    1.06548   40.054      	Dead: 0
9    22  42.3426   0.0655229   1.05662   39.9125     	Dead: 0
9    23  42.1103   0.063574    1.0252    39.6733     	Dead: 0
9    24  41.925    0.0675446   1.08922   39.5848     	Dead: 0
9    25  41.6391   0.0634039   1.02245   38.8012     	Dead: 0
9    26  41.4419   0.0617032   0.995026  38.8012     	Dead: 0
9    27  41.2654   0.0624892   1.0077    38.8012     	Dead: 0
9    28  41.0137   0.0556423   0.897289  38.1791     	Dead: 0
9    29  40.9434   0.0622054   1.00312   38.1791     	Dead: 0
9    30  40.7783   0.0616551   0.99425   37.9138     	Dead: 0
9    31  40.6762   0.0636057   1.02571   37.9138     	Dead: 0
9    32  40.5564   0.0650876   1.0496    37.9138     	Dead: 0
9    33  40.4458   0.0661229   1.0663    37.8087     	Dead: 0
9    34  40.2865   0.0638891   1.03028   37.8087     	Dead: 0
9    35  40.1921   0.0651243   1.05019   37.8087     	Dead: 0
9    36  40.1013   0.0666676   1.07508   37.6838     	Dead: 0
9    37  39.9891   0.0682074   1.09991   36.9696     	Dead: 0
9    38  39.91     0.0695565   1.12167   36.9696     	Dead: 0
9    39  39.7588   0.0680135   1.09679   36.9696     	Dead: 0
9    40  39.574    0.0681588   1.09913   36.9696     	Dead: 0
9    41  39.4619   0.0675212   1.08885   36.617      	Dead: 0
9    42  39.3962   0.0672125   1.08387   36.617      	Dead: 0
9    43  39.2913   0.0667331   1.07614   36.617      	Dead: 0
9    44  39.2173   0.06717     1.08318   36.617      	Dead: 0
9    45  39.2059   0.0702194   1.13236   36.617      	Dead: 0
9    46  39.1422   0.0699099   1.12737   36.617      	Dead: 0
9    47  39.0692   0.0685595   1.10559   36.617      	Dead: 0
9    48  38.989    0.068754    1.10873   35.8772     	Dead: 0
9    49  38.9152   0.0698226   1.12596   35.8772     	Dead: 0
9    50  38.856    0.0715084   1.15314   35.8772     	Dead: 0
9    51  38.8144   0.0724401   1.16817   35.8772     	Dead: 0
9    52  38.7771   0.0740958   1.19487   35.8772     	Dead: 0
9    53  38.673    0.0725007   1.16915   35.8772     	Dead: 0
9    54  38.5687   0.0696557   1.12327   35.8772     	Dead: 0
9    55  38.4728   0.0708296   1.1422    35.8253     	Dead: 0
9    56  38.3677   0.0681151   1.09842   35.5342     	Dead: 0
9    57  38.2899   0.0689924   1.11257   35.5342     	Dead: 0
9    58  38.1896   0.0662024   1.06758   35.5342     	Dead: 0
9    59  38.1391   0.0671738   1.08324   35.5342     	Dead: 0
9    60  38.0829   0.0684943   1.10454   35.5342     	Dead: 0
9    61  37.9637   0.0660789   1.06559   35.5342     	Dead: 0
9    62  37.8857   0.0668468   1.07797   35.5342     	Dead: 0
9    63  37.7839   0.0657469   1.06024   35.2815     	Dead: 0
9    64  37.6782   0.0655929   1.05775   35.2815     	Dead: 0
9    65  37.5678   0.0640622   1.03307   35.2815     	Dead: 0
9    66  37.5131   0.0684121   1.10321   34.566      	Dead: 0
9    67  37.3328   0.0639109   1.03063   34.5165     	Dead: 0
9    68  37.2601   0.0668708   1.07836   34.5165     	Dead: 0
9    69  37.1613   0.0668104   1.07739   34.5165     	Dead: 0
9    70  37.0456   0.0672337   1.08421   34.5165     	Dead: 0
9    71  36.9474   0.0683227   1.10177   33.7592     	Dead: 0
9    72  36.8005   0.0671069   1.08217   33.7592     	Dead: 0
9    73  36.6839   0.0660081   1.06445   33.7592     	Dead: 0
9    74  36.6163   0.0703166   1.13393   33.7021     	Dead: 0
9    75  36.4906   0.0675616   1.0895    33.7021     	Dead: 0
9    76  36.385    0.0698083   1.12573   33.1512     	Dead: 0
9    77  36.1601   0.0652282   1.05187   33.1512     	Dead: 0
9    78  36.019    0.0644697   1.03964   33.1512     	Dead: 0
9    79  35.9466   0.0657073   1.0596    33.1512     	Dead: 0
9    80  35.8225   0.0642987   1.03688   33.1512     	Dead: 0
9    81  35.7089   0.0664112   1.07095   33.1512     	Dead: 0
9    82  35.5703   0.0664662   1.07183   33.1512     	Dead: 0
9    83  35.4762   0.0654952   1.05618   32.9109     	Dead: 0
9    84  35.3754   0.0654965   1.0562    32.9109     	Dead: 0
9    85  35.2927   0.066268    1.06864   32.9109     	Dead: 0
9    86  35.221    0.0671122   1.08225   32.4765     	Dead: 0
9    87  35.1797   0.0686166   1.10651   32.4765     	Dead: 0
9    88  35.0455   0.0664707   1.07191   32.4765     	Dead: 0
9    89  35.0225   0.0700908   1.13028   32.4765     	Dead: 0
9    90  34.968    0.0700348   1.12938   32.4765     	Dead: 0
9    91  34.8854   0.069153    1.11516   32.4765     	Dead: 0
9    92  34.8153   0.0707631   1.14113   32.4765     	Dead: 0
9    93  34.7522   0.0720504   1.16189   32.4765     	Dead: 0
9    94  34.6324   0.0691368   1.1149    31.6041     	Dead: 0
9    95  34.5269   0.067072    1.0816    31.6041     	Dead: 0
9    96  34.4578   0.069833    1.12613   31.4521     	Dead: 0
9    97  34.3637   0.069413    1.11935   31.4521     	Dead: 0
9    98  34.2835   0.0711892   1.148     31.4521     	Dead: 0
9    99  34.1392   0.0713615   1.15078   31.4521     	Dead: 0
9    100 34.0514   0.0698089   1.12574   31.4521     	Dead: 0
Done run 9 of 29

Beginning Run 10 of 29
Run  RI  Mean      95% CI      SD        Best    
10   0   53.2706   0.118954    1.91826   47.374      	Dead: 0
10   1   51.9858   0.11222     1.80966   47.2337     	Dead: 0
10   2   50.8254   0.1012      1.63195   45.8959     	Dead: 0
10   3   49.7421   0.0925207   1.49199   45.5813     	Dead: 0
10   4   48.7963   0.088429    1.42601   44.9425     	Dead: 0
10   5   48.032    0.0873966   1.40936   44.0468     	Dead: 0
10   6   47.4187   0.0766123   1.23545   43.8412     	Dead: 0
10   7   46.9206   0.0754491   1.21669   43.2618     	Dead: 0
10   8   46.5011   0.0736465   1.18762   42.2156     	Dead: 0
10   9   46.0614   0.074076    1.19455   42.2156     	Dead: 0
10   10  45.6641   0.0711912   1.14803   42.2156     	Dead: 0
10   11  45.257    0.0677932   1.09323   42.1581     	Dead: 0
10   12  44.8311   0.0682785   1.10106   41.0487     	Dead: 0
10   13  44.4215   0.0679706   1.09609   41.0487     	Dead: 0
10   14  44.0541   0.0626742   1.01068   41.0487     	Dead: 0
10   15  43.7368   0.0594354   0.958455  40.9614     	Dead: 0
10   16  43.561    0.0635796   1.02528   40.9614     	Dead: 0
10   17  43.3153   0.0613496   0.989324  40.7536     	Dead: 0
10   18  43.0863   0.0623393   1.00528   40.7156     	Dead: 0
10   19  42.8496   0.0603628   0.97341   40.438      	Dead: 0
10   20  42.5919   0.058214    0.938759  39.6488     	Dead: 0
10   21  42.3482   0.0579742   0.934892  39.6488     	Dead: 0
10   22  42.1035   0.0596276   0.961555  39.4516     	Dead: 0
10   23  41.9106   0.0624448   1.00698   39.244      	Dead: 0
10   24  41.6284   0.0573979   0.925599  39.244      	Dead: 0
10   25  41.3973   0.0555139   0.895217  39.1142     	Dead: 0
10   26  41.2758   0.0586775   0.946234  39.1142     	Dead: 0
10   27  41.0921   0.0582491   0.939325  38.9444     	Dead: 0
10   28  40.9164   0.0574156   0.925885  38.7609     	Dead: 0
10   29  40.7135   0.0562719   0.907441  38.1614     	Dead: 0
10   30  40.4362   0.0550469   0.887687  37.4281     	Dead: 0
10   31  40.208    0.0566299   0.913214  37.4281     	Dead: 0
10   32  40.0006   0.0568031   0.916007  37.4281     	Dead: 0
10   33  39.7874   0.0556951   0.898139  37.3583     	Dead: 0
10   34  39.5544   0.0548166   0.883973  36.6294     	Dead: 0
10   35  39.2742   0.0533822   0.860841  36.6294     	Dead: 0
10   36  39.013    0.0512079   0.825778  36.3051     	Dead: 0
10   37  38.8137   0.0540628   0.871816  36.2947     	Dead: 0
10   38  38.5612   0.0531068   0.8564    36.2947     	Dead: 0
10   39  38.3528   0.0515747   0.831694  36.2947     	Dead: 0
10   40  38.2341   0.0546244   0.880874  35.809      	Dead: 0
10   41  38.0983   0.0543143   0.875873  35.809      	Dead: 0
10   42  37.9862   0.0559047   0.901519  35.5087     	Dead: 0
10   43  37.8438   0.0573015   0.924043  35.5087     	Dead: 0
10   44  37.7013   0.0562345   0.906838  35.5087     	Dead: 0
10   45  37.5725   0.0533763   0.860747  35.5087     	Dead: 0
10   46  37.4895   0.0549654   0.886373  35.3673     	Dead: 0
10   47  37.403    0.0582903   0.93999   35.3673     	Dead: 0
10   48  37.3042   0.0575784   0.92851   34.8522     	Dead: 0
10   49  37.2343   0.0594907   0.959347  34.8522     	Dead: 0
10   50  37.136    0.0583065   0.940251  34.7653     	Dead: 0
10   51  37.0165   0.0596118   0.9613    34.2393     	Dead: 0
10   52  36.9072   0.0624201   1.00659   34.2393     	Dead: 0
10   53  36.796    0.0644898   1.03996   34.2393     	Dead: 0
10   54  36.6336   0.0642248   1.03569   34.2393     	Dead: 0
10   55  36.4704   0.0627672   1.01218   33.8991     	Dead: 0
10   56  36.3128   0.0632608   1.02014   33.8991     	Dead: 0
10   57  36.0957   0.0617252   0.99538   33.5264     	Dead: 0
10   58  35.913    0.0658839   1.06244   33.296      	Dead: 0
10   59  35.6543   0.0627535   1.01196   32.9729     	Dead: 0
10   60  35.4813   0.0643497   1.0377    32.7321     	Dead: 0
10   61  35.3164   0.0630846   1.0173    32.7321     	Dead: 0
10   62  35.1848   0.0652903   1.05287   32.7321     	Dead: 0
10   63  35.0513   0.0649807   1.04788   32.7321     	Dead: 0
10   64  34.872    0.064       1.03206   31.9768     	Dead: 0
10   65  34.7307   0.0650866   1.04959   31.6223     	Dead: 0
10   66  34.5534   0.0643362   1.03749   31.6223     	Dead: 0
10   67  34.3889   0.0610223   0.984046  31.6223     	Dead: 0
10   68  34.2572   0.0641761   1.0349    31.6223     	Dead: 0
10   69  34.1119   0.0655279   1.0567    31.6223     	Dead: 0
10   70  33.9422   0.0616851   0.994733  31.6223     	Dead: 0
10   71  33.7667   0.0624552   1.00715   31.6223     	Dead: 0
10   72  33.542    0.0602689   0.971896  31.1457     	Dead: 0
10   73  33.4157   0.0606637   0.978262  31.1457     	Dead: 0
10   74  33.341    0.06444     1.03916   31.0526     	Dead: 0
10   75  33.1933   0.0621078   1.00155   31.0526     	Dead: 0
10   76  33.0668   0.0640027   1.03211   31.0314     	Dead: 0
10   77  32.9497   0.0647552   1.04424   30.5988     	Dead: 0
10   78  32.8088   0.0630429   1.01663   30.5238     	Dead: 0
10   79  32.7452   0.0650489   1.04898   30.5029     	Dead: 0
10   80  32.6187   0.0635529   1.02485   29.9457     	Dead: 0
10   81  32.5117   0.064264    1.03632   29.0041     	Dead: 0
10   82  32.4964   0.068005    1.09665   29.0041     	Dead: 0
10   83  32.417    0.0660586   1.06526   29.0041     	Dead: 0
10   84  32.3736   0.0672928   1.08516   29.0041     	Dead: 0
10   85  32.2737   0.0671039   1.08212   29.0041     	Dead: 0
10   86  32.1939   0.0675127   1.08871   29.0041     	Dead: 0
10   87  32.1357   0.0670002   1.08045   29.0041     	Dead: 0
10   88  32.1212   0.0683101   1.10157   29.0041     	Dead: 0
10   89  32.0797   0.0686087   1.10638   29.0041     	Dead: 0
10   90  32.0068   0.0668204   1.07755   29.0041     	Dead: 0
10   91  31.9949   0.0711005   1.14657   29.0041     	Dead: 0
10   92  31.9379   0.0698305   1.12609   29.0041     	Dead: 0
10   93  31.8932   0.0687488   1.10864   29.0041     	Dead: 0
10   94  31.8694   0.0701462   1.13118   29.0041     	Dead: 0
10   95  31.757    0.0685773   1.10588   29.0041     	Dead: 0
10   96  31.7682   0.0736225   1.18724   29.0041     	Dead: 0
10   97  31.7329   0.0729034   1.17564   29.0041     	Dead: 0
10   98  31.6292   0.0703883   1.13508   29.0041     	Dead: 0
10   99  31.5626   0.0661581   1.06687   29.0041     	Dead: 0
10   100 31.5657   0.0702982   1.13363   29.0041     	Dead: 0
Done run 10 of 29

Beginning Run 11 of 29
Run  RI  Mean      95% CI      SD        Best    
11   0   53.283    0.122724    1.97904   47.4926     	Dead: 0
11   1   51.8714   0.113419    1.82899   47.3246     	Dead: 0
11   2   50.6586   0.109409    1.76433   45.8936     	Dead: 0
11   3   49.3261   0.10424     1.68098   45.123      	Dead: 0
11   4   48.1761   0.0965349   1.55672   43.6887     	Dead: 0
11   5   47.1655   0.0837582   1.35068   42.4716     	Dead: 0
11   6   46.3898   0.0752357   1.21325   42.4716     	Dead: 0
11   7   45.7987   0.071285    1.14954   42.4716     	Dead: 0
11   8   45.3733   0.0681351   1.09875   42.2309     	Dead: 0
11   9   45.0219   0.0664948   1.07229   42.1932     	Dead: 0
11   10  44.701    0.0698503   1.12641   40.924      	Dead: 0
11   11  44.3371   0.0644672   1.0396    40.924      	Dead: 0
11   12  44.0617   0.0660888   1.06575   40.6988     	Dead: 0
11   13  43.802    0.0663128   1.06936   40.6988     	Dead: 0
11   14  43.4385   0.059757    0.963641  40.3557     	Dead: 0
11   15  43.2512   0.0627612   1.01209   40.3557     	Dead: 0
11   16  43.0514   0.0642461   1.03603   40.3135     	Dead: 0
11   17  42.8327   0.0622299   1.00352   40.3135     	Dead: 0
11   18  42.6738   0.0653862   1.05442   39.8649     	Dead: 0
11   19  42.4445   0.0593698   0.957397  39.8649     	Dead: 0
11   20  42.2789   0.0604117   0.974199  39.8649     	Dead: 0
11   21  42.0631   0.0627757   1.01232   39.3869     	Dead: 0
11   22  41.8977   0.0628759   1.01394   39.3869     	Dead: 0
11   23  41.7033   0.0607967   0.980408  39.2928     	Dead: 0
11   24  41.5329   0.0609719   0.983233  39.2928     	Dead: 0
11   25  41.3782   0.0627082   1.01123   39.2269     	Dead: 0
11   26  41.1708   0.0612491   0.987703  39.1134     	Dead: 0
11   27  40.9895   0.0605764   0.976854  38.3461     	Dead: 0
11   28  40.8456   0.0594039   0.957947  38.3461     	Dead: 0
11   29  40.6674   0.059369    0.957385  38.3461     	Dead: 0
11   30  40.5466   0.0606633   0.978257  38.3461     	Dead: 0
11   31  40.4057   0.0604234   0.974387  38.3461     	Dead: 0
11   32  40.2476   0.0614992   0.991736  37.9047     	Dead: 0
11   33  40.1302   0.0615601   0.992718  37.9047     	Dead: 0
11   34  39.9962   0.0610267   0.984116  37.4762     	Dead: 0
11   35  39.8951   0.0619833   0.999542  37.4617     	Dead: 0
11   36  39.7595   0.0590976   0.953008  37.4617     	Dead: 0
11   37  39.6899   0.0602645   0.971826  37.4617     	Dead: 0
11   38  39.5817   0.0608926   0.981955  36.9898     	Dead: 0
11   39  39.4435   0.0596691   0.962224  36.9898     	Dead: 0
11   40  39.3299   0.0597255   0.963134  36.7921     	Dead: 0
11   41  39.2447   0.0608742   0.981657  36.7921     	Dead: 0
11   42  39.1433   0.0602821   0.97211   36.7921     	Dead: 0
11   43  39.0504   0.0617167   0.995244  36.6587     	Dead: 0
11   44  38.8962   0.0603538   0.973265  36.5713     	Dead: 0
11   45  38.7197   0.0590208   0.951769  36.5713     	Dead: 0
11   46  38.5467   0.057502    0.927277  36.5713     	Dead: 0
11   47  38.4114   0.0576267   0.929288  35.7345     	Dead: 0
11   48  38.2359   0.0554634   0.894403  35.7345     	Dead: 0
11   49  38.0905   0.0578772   0.933327  35.5767     	Dead: 0
11   50  37.9002   0.0566988   0.914325  35.5767     	Dead: 0
11   51  37.7503   0.0572037   0.922467  34.7009     	Dead: 0
11   52  37.5735   0.0568088   0.9161    34.7009     	Dead: 0
11   53  37.3734   0.0574655   0.926688  34.7009     	Dead: 0
11   54  37.1405   0.0539461   0.869935  34.7009     	Dead: 0
11   55  37.0207   0.0564904   0.910964  34.7009     	Dead: 0
11   56  36.869    0.0567122   0.91454   34.7009     	Dead: 0
11   57  36.7368   0.0542831   0.875369  34.5529     	Dead: 0
11   58  36.5913   0.0558606   0.900809  34.2548     	Dead: 0
11   59  36.4087   0.0536211   0.864694  34.2548     	Dead: 0
11   60  36.3095   0.0541626   0.873426  33.8771     	Dead: 0
11   61  36.217    0.0555996   0.896599  33.8771     	Dead: 0
11   62  36.0664   0.0554634   0.894403  33.8771     	Dead: 0
11   63  35.9523   0.0553707   0.892909  33.8771     	Dead: 0
11   64  35.8359   0.0561732   0.905849  33.8771     	Dead: 0
11   65  35.6742   0.056617    0.913006  33.7548     	Dead: 0
11   66  35.574    0.0580507   0.936126  33.7548     	Dead: 0
11   67  35.4485   0.0543398   0.876283  33.6117     	Dead: 0
11   68  35.3162   0.0541737   0.873605  33.0634     	Dead: 0
11   69  35.2302   0.0560224   0.903417  32.8623     	Dead: 0
11   70  35.0818   0.0535887   0.864171  32.8623     	Dead: 0
11   71  35.0319   0.0551773   0.889789  32.8623     	Dead: 0
11   72  34.9999   0.0573985   0.925609  32.8623     	Dead: 0
11   73  34.9048   0.0560481   0.903832  32.8623     	Dead: 0
11   74  34.8099   0.0546301   0.880965  32.8623     	Dead: 0
11   75  34.7908   0.0575391   0.927876  32.8623     	Dead: 0
11   76  34.6959   0.0573703   0.925153  32.8623     	Dead: 0
11   77  34.6495   0.0568616   0.91695   32.64       	Dead: 0
11   78  34.6122   0.0584785   0.943025  32.5833     	Dead: 0
11   79  34.5366   0.0580157   0.935561  32.5833     	Dead: 0
11   80  34.4939   0.0559246   0.90184   32.5833     	Dead: 0
11   81  34.4664   0.0578546   0.932963  32.5833     	Dead: 0
11   82  34.4423   0.0572533   0.923267  32.5833     	Dead: 0
11   83  34.3754   0.0561225   0.905031  32.5833     	Dead: 0
11   84  34.3148   0.0539879   0.870608  32.5833     	Dead: 0
11   85  34.3441   0.0597891   0.96416   32.4349     	Dead: 0
11   86  34.3041   0.060978    0.983331  32.4349     	Dead: 0
11   87  34.2456   0.0610882   0.985109  32.4349     	Dead: 0
11   88  34.1899   0.059596    0.961045  32.148      	Dead: 0
11   89  34.1196   0.0572438   0.923114  32.148      	Dead: 0
11   90  34.066    0.060276    0.972011  31.4112     	Dead: 0
11   91  34.0508   0.0604241   0.974399  31.4112     	Dead: 0
11   92  33.9691   0.0596572   0.962032  31.4112     	Dead: 0
11   93  33.9365   0.0618356   0.997161  31.4112     	Dead: 0
11   94  33.8649   0.0605723   0.976789  31.4112     	Dead: 0
11   95  33.757    0.0593912   0.957743  31.4112     	Dead: 0
11   96  33.67     0.058335    0.94071   31.4112     	Dead: 0
11   97  33.5869   0.0580496   0.936109  31.4112     	Dead: 0
11   98  33.5161   0.0581442   0.937633  31.3355     	Dead: 0
11   99  33.4723   0.0579807   0.934997  30.9348     	Dead: 0
11   100 33.3978   0.0573319   0.924534  30.9348     	Dead: 0
Done run 11 of 29

Beginning Run 12 of 29
Run  RI  Mean      95% CI      SD        Best    
12   0   53.1775   0.120122    1.93708   45.9256     	Dead: 0
12   1   52.0758   0.11802     1.90319   45.9256     	Dead: 0
12   2   51.0136   0.114717    1.84993   45.9132     	Dead: 0
12   3   49.7755   0.106057    1.71028   44.3205     	Dead: 0
12   4   48.7422   0.0962239   1.55171   44.3205     	Dead: 0
12   5   47.7796   0.0868226   1.4001    43.7441     	Dead: 0
12   6   47.0204   0.0823496   1.32797   43.4283     	Dead: 0
12   7   46.3581   0.0756632   1.22015   42.7078     	Dead: 0
12   8   45.8539   0.0702739   1.13324   42.7078     	Dead: 0
12   9   45.4678   0.0725439   1.16984   41.6402     	Dead: 0
12   10  45.0454   0.0697461   1.12473   41.592      	Dead: 0
12   11  44.6643   0.0685269   1.10506   41.592      	Dead: 0
12   12  44.2197   0.0672355   1.08424   41.0648     	Dead: 0
12   13  43.778    0.0637866   1.02862   40.8299     	Dead: 0
12   14  43.4485   0.0666417   1.07466   40.7609     	Dead: 0
12   15  43.026    0.0613385   0.989144  40.6634     	Dead: 0
12   16  42.6294   0.0586629   0.945998  39.8616     	Dead: 0
12   17  42.359    0.0592075   0.954781  39.8616     	Dead: 0
12   18  42.0833   0.0583501   0.940953  39.1667     	Dead: 0
12   19  41.8124   0.0582021   0.938567  39.1667     	Dead: 0
12   20  41.605    0.0577479   0.931242  39.1667     	Dead: 0
12   21  41.38     0.0561074   0.904788  39.1667     	Dead: 0
12   22  41.2291   0.059252    0.955498  38.3647     	Dead: 0
12   23  41.0548   0.0589422   0.950502  38.3647     	Dead: 0
12   24  40.9136   0.057159    0.921747  38.3647     	Dead: 0
12   25  40.7646   0.0596946   0.962635  38.3647     	Dead: 0
12   26  40.6739   0.0607928   0.980344  38.3647     	Dead: 0
12   27  40.5252   0.0610076   0.983809  38.2348     	Dead: 0
12   28  40.3877   0.0598819   0.965656  38.2348     	Dead: 0
12   29  40.3588   0.0642877   1.0367    38.2131     	Dead: 0
12   30  40.2083   0.0610261   0.984107  38.0915     	Dead: 0
12   31  40.1365   0.0638364   1.02943   37.7571     	Dead: 0
12   32  40.0048   0.0626661   1.01055   37.6342     	Dead: 0
12   33  39.9353   0.0647059   1.04345   37.6342     	Dead: 0
12   34  39.841    0.06509     1.04964   37.6342     	Dead: 0
12   35  39.7527   0.0647942   1.04487   37.6158     	Dead: 0
12   36  39.6897   0.0673469   1.08604   36.7305     	Dead: 0
12   37  39.6104   0.0665788   1.07365   36.7305     	Dead: 0
12   38  39.4826   0.0630727   1.01711   36.7305     	Dead: 0
12   39  39.4509   0.0643446   1.03762   36.7305     	Dead: 0
12   40  39.3654   0.06297     1.01545   36.7305     	Dead: 0
12   41  39.2925   0.0648393   1.0456    36.7305     	Dead: 0
12   42  39.2045   0.0633674   1.02186   36.7305     	Dead: 0
12   43  39.1782   0.0665299   1.07286   36.7305     	Dead: 0
12   44  39.132    0.065867    1.06217   36.7305     	Dead: 0
12   45  39.0853   0.065244    1.05212   36.7305     	Dead: 0
12   46  39.0165   0.0642256   1.0357    36.7305     	Dead: 0
12   47  39.0096   0.0673036   1.08534   36.7305     	Dead: 0
12   48  38.9386   0.0670704   1.08158   36.7305     	Dead: 0
12   49  38.926    0.0695589   1.12171   36.7305     	Dead: 0
12   50  38.8688   0.0665425   1.07307   36.7305     	Dead: 0
12   51  38.8102   0.0661752   1.06714   36.7305     	Dead: 0
12   52  38.7873   0.0661513   1.06676   36.7305     	Dead: 0
12   53  38.7971   0.0710392   1.14558   36.7305     	Dead: 0
12   54  38.7454   0.0680981   1.09815   36.6704     	Dead: 0
12   55  38.6622   0.0647321   1.04387   36.6704     	Dead: 0
12   56  38.6448   0.068103    1.09823   36.4858     	Dead: 0
12   57  38.5747   0.0645449   1.04085   36.4858     	Dead: 0
12   58  38.5405   0.0676053   1.0902    36.4858     	Dead: 0
12   59  38.497    0.0682646   1.10084   36.1805     	Dead: 0
12   60  38.4798   0.0688918   1.11095   36.1805     	Dead: 0
12   61  38.372    0.0658718   1.06225   36.1805     	Dead: 0
12   62  38.32     0.0686423   1.10693   36.1805     	Dead: 0
12   63  38.1691   0.0600726   0.96873   36.1805     	Dead: 0
12   64  38.1749   0.0633836   1.02212   36.1805     	Dead: 0
12   65  38.1361   0.0653342   1.05358   35.6509     	Dead: 0
12   66  38.0903   0.0628222   1.01307   35.6509     	Dead: 0
12   67  38.0748   0.0667313   1.07611   35.6509     	Dead: 0
12   68  37.9696   0.065387    1.05443   35.6509     	Dead: 0
12   69  37.8582   0.0606206   0.977567  35.6509     	Dead: 0
12   70  37.8935   0.066927    1.07926   35.6509     	Dead: 0
12   71  37.7307   0.0594453   0.958615  35.6509     	Dead: 0
12   72  37.6906   0.0614911   0.991606  34.8338     	Dead: 0
12   73  37.6129   0.0605419   0.976299  34.8338     	Dead: 0
12   74  37.5051   0.0593583   0.957211  34.8338     	Dead: 0
12   75  37.4691   0.0627448   1.01182   34.8338     	Dead: 0
12   76  37.3655   0.059975    0.967156  34.8338     	Dead: 0
12   77  37.2448   0.0575278   0.927693  34.8338     	Dead: 0
12   78  37.1397   0.057727    0.930906  34.8338     	Dead: 0
12   79  37.0751   0.0575366   0.927836  34.8338     	Dead: 0
12   80  36.9875   0.0583575   0.941073  34.8338     	Dead: 0
12   81  36.9388   0.0585574   0.944297  34.8338     	Dead: 0
12   82  36.8427   0.0590777   0.952688  34.8338     	Dead: 0
12   83  36.7554   0.057362    0.925019  34.8338     	Dead: 0
12   84  36.6987   0.0557187   0.898519  34.8338     	Dead: 0
12   85  36.681    0.0586727   0.946156  34.8338     	Dead: 0
12   86  36.6303   0.0589754   0.951037  34.6441     	Dead: 0
12   87  36.5257   0.0550772   0.888175  34.6441     	Dead: 0
12   88  36.5222   0.0575678   0.928338  34.6441     	Dead: 0
12   89  36.5185   0.0604405   0.974663  34.3665     	Dead: 0
12   90  36.4644   0.0607712   0.979997  34.3665     	Dead: 0
12   91  36.4016   0.0599507   0.966765  33.7813     	Dead: 0
12   92  36.3244   0.0600995   0.969165  33.7813     	Dead: 0
12   93  36.2532   0.0590288   0.951899  33.7813     	Dead: 0
12   94  36.2069   0.0593608   0.957253  33.7813     	Dead: 0
12   95  36.1199   0.0552364   0.890743  33.7813     	Dead: 0
12   96  36.0728   0.0578487   0.932867  33.7813     	Dead: 0
12   97  36.006    0.056598    0.912699  33.7813     	Dead: 0
12   98  35.9874   0.0589511   0.950646  33.7813     	Dead: 0
12   99  35.9374   0.0588144   0.948441  33.7813     	Dead: 0
12   100 35.893    0.0580534   0.93617   33.7813     	Dead: 0
Done run 12 of 29

Beginning Run 13 of 29
Run  RI  Mean      95% CI      SD        Best    
13   0   53.2293   0.118163    1.9055    45.7219     	Dead: 0
13   1   52.0365   0.109791    1.7705    45.7219     	Dead: 0
13   2   50.9947   0.112197    1.80929   45.7219     	Dead: 0
13   3   49.7363   0.104325    1.68235   45.4051     	Dead: 0
13   4   48.6709   0.094538    1.52452   43.63       	Dead: 0
13   5   47.7647   0.0852391   1.37457   43.63       	Dead: 0
13   6   47.0092   0.0776004   1.25138   43.63       	Dead: 0
13   7   46.4476   0.0766066   1.23536   43.0253     	Dead: 0
13   8   46.0172   0.0752453   1.21341   42.9731     	Dead: 0
13   9   45.629    0.0722281   1.16475   42.3846     	Dead: 0
13   10  45.2458   0.0716653   1.15567   42.2181     	Dead: 0
13   11  44.968    0.0704429   1.13596   41.2293     	Dead: 0
13   12  44.6522   0.0709226   1.1437    41.2293     	Dead: 0
13   13  44.3565   0.0680407   1.09722   41.2293     	Dead: 0
13   14  44.0564   0.0688944   1.11099   40.9988     	Dead: 0
13   15  43.7438   0.0693289   1.118     40.8902     	Dead: 0
13   16  43.4642   0.0650311   1.04869   40.8902     	Dead: 0
13   17  43.1994   0.0645561   1.04103   40.1015     	Dead: 0
13   18  42.9978   0.066363    1.07017   39.4108     	Dead: 0
13   19  42.8236   0.0692854   1.1173    39.4108     	Dead: 0
13   20  42.6095   0.0664002   1.07077   39.4108     	Dead: 0
13   21  42.4324   0.0655381   1.05687   39.4108     	Dead: 0
13   22  42.2222   0.0650394   1.04882   39.3189     	Dead: 0
13   23  42.0484   0.0658486   1.06187   39.3189     	Dead: 0
13   24  41.8879   0.0654289   1.05511   38.4553     	Dead: 0
13   25  41.7276   0.0644381   1.03913   38.4553     	Dead: 0
13   26  41.6069   0.0666153   1.07424   38.4553     	Dead: 0
13   27  41.4671   0.0675559   1.08941   38.4553     	Dead: 0
13   28  41.3244   0.0646228   1.04211   38.4553     	Dead: 0
13   29  41.1835   0.0646981   1.04332   38.4553     	Dead: 0
13   30  41.0735   0.0635731   1.02518   38.4553     	Dead: 0
13   31  40.9716   0.0638603   1.02981   38.4553     	Dead: 0
13   32  40.8249   0.0647692   1.04447   38.3164     	Dead: 0
13   33  40.741    0.0643095   1.03705   38.3164     	Dead: 0
13   34  40.6158   0.0635275   1.02444   38.3164     	Dead: 0
13   35  40.5274   0.0662874   1.06895   38.3164     	Dead: 0
13   36  40.3998   0.0629659   1.01539   38.3164     	Dead: 0
13   37  40.3065   0.0631574   1.01848   37.5983     	Dead: 0
13   38  40.2359   0.0633977   1.02235   37.5983     	Dead: 0
13   39  40.1385   0.0615768   0.992988  37.5983     	Dead: 0
13   40  40.0797   0.0640641   1.0331    37.5314     	Dead: 0
13   41  40.0493   0.0666036   1.07405   37.5314     	Dead: 0
13   42  39.9819   0.0691531   1.11516   37.5314     	Dead: 0
13   43  39.883    0.0665513   1.07321   37.53       	Dead: 0
13   44  39.7643   0.0642708   1.03643   37.1639     	Dead: 0
13   45  39.6923   0.061954    0.99907   37.1639     	Dead: 0
13   46  39.6629   0.0625149   1.00811   37.1639     	Dead: 0
13   47  39.5855   0.0631418   1.01823   37.1639     	Dead: 0
13   48  39.4676   0.0593362   0.956855  37.1639     	Dead: 0
13   49  39.4106   0.0603813   0.973708  37.1639     	Dead: 0
13   50  39.3773   0.0619507   0.999018  37.1458     	Dead: 0
13   51  39.2662   0.0605041   0.97569   37.1458     	Dead: 0
13   52  39.2393   0.0626705   1.01062   36.6102     	Dead: 0
13   53  39.1193   0.0605201   0.975948  36.6102     	Dead: 0
13   54  39.0142   0.0594873   0.959292  36.6102     	Dead: 0
13   55  38.9179   0.060445    0.974736  36.6102     	Dead: 0
13   56  38.8657   0.0631119   1.01774   36.6102     	Dead: 0
13   57  38.7551   0.0602992   0.972384  36.5833     	Dead: 0
13   58  38.6534   0.058142    0.937598  36.5833     	Dead: 0
13   59  38.5891   0.0633906   1.02224   36.2366     	Dead: 0
13   60  38.5401   0.0627616   1.01209   36.2366     	Dead: 0
13   61  38.4562   0.0617223   0.995334  36.0854     	Dead: 0
13   62  38.3857   0.0636105   1.02578   36.008      	Dead: 0
13   63  38.2741   0.0633402   1.02142   35.3153     	Dead: 0
13   64  38.1529   0.0621737   1.00261   35.3153     	Dead: 0
13   65  38.0086   0.0616914   0.994836  35.3153     	Dead: 0
13   66  37.9041   0.0605046   0.975697  35.3153     	Dead: 0
13   67  37.8031   0.06151     0.991911  35.3153     	Dead: 0
13   68  37.6979   0.0627329   1.01163   35.2595     	Dead: 0
13   69  37.5323   0.0599427   0.966636  35.2595     	Dead: 0
13   70  37.3804   0.0631188   1.01785   34.9823     	Dead: 0
13   71  37.2507   0.0648867   1.04636   34.8349     	Dead: 0
13   72  37.0638   0.0625867   1.00927   34.6587     	Dead: 0
13   73  36.8876   0.0606034   0.97729   34.6587     	Dead: 0
13   74  36.7113   0.0593554   0.957165  34.6191     	Dead: 0
13   75  36.5594   0.0599438   0.966654  34.3757     	Dead: 0
13   76  36.4253   0.0595302   0.959983  34.2805     	Dead: 0
13   77  36.2904   0.0607018   0.978877  34.1716     	Dead: 0
13   78  36.1553   0.0582338   0.939078  34.0837     	Dead: 0
13   79  36.1025   0.0606146   0.977471  33.9753     	Dead: 0
13   80  35.9855   0.0607955   0.980388  33.9753     	Dead: 0
13   81  35.9538   0.0647262   1.04377   33.9753     	Dead: 0
13   82  35.8432   0.0644997   1.04012   33.5224     	Dead: 0
13   83  35.7343   0.0623092   1.0048    33.5224     	Dead: 0
13   84  35.689    0.063782    1.02855   33.5224     	Dead: 0
13   85  35.6506   0.0666779   1.07525   33.5224     	Dead: 0
13   86  35.5698   0.0628827   1.01405   33.5224     	Dead: 0
13   87  35.5217   0.0633154   1.02102   33.5224     	Dead: 0
13   88  35.4672   0.0650474   1.04895   33.2015     	Dead: 0
13   89  35.3803   0.0642359   1.03587   33.1752     	Dead: 0
13   90  35.3133   0.0629422   1.01501   33.1752     	Dead: 0
13   91  35.235    0.0616783   0.994624  33.1752     	Dead: 0
13   92  35.2016   0.0634923   1.02388   33.1752     	Dead: 0
13   93  35.1392   0.0619385   0.99882   33.1752     	Dead: 0
13   94  35.1272   0.0647197   1.04367   33.1752     	Dead: 0
13   95  35.047    0.0645355   1.0407    32.5807     	Dead: 0
13   96  34.9673   0.0633721   1.02194   32.5807     	Dead: 0
13   97  34.8744   0.0626207   1.00982   32.5807     	Dead: 0
13   98  34.8109   0.0617049   0.995053  32.5807     	Dead: 0
13   99  34.776    0.0620485   1.00059   32.5807     	Dead: 0
13   100 34.7083   0.0603842   0.973756  32.5807     	Dead: 0
Done run 13 of 29

Beginning Run 14 of 29
Run  RI  Mean      95% CI      SD        Best    
14   0   53.1943   0.122555    1.97632   47.5602     	Dead: 0
14   1   52.0103   0.112426    1.81298   47.412      	Dead: 0
14   2   51.1464   0.111056    1.79089   46.5684     	Dead: 0
14   3   50.1383   0.10709     1.72693   45.0253     	Dead: 0
14   4   49.0722   0.100473    1.62023   45.0253     	Dead: 0
14   5   48.1188   0.0932083   1.50308   44.5338     	Dead: 0
14   6   47.2965   0.0854078   1.37729   43.443      	Dead: 0
14   7   46.6568   0.0746449   1.20372   43.443      	Dead: 0
14   8   46.2255   0.0730321   1.17772   43.443      	Dead: 0
14   9   45.8239   0.0680926   1.09806   42.9568     	Dead: 0
14   10  45.5007   0.0700534   1.12968   42.7472     	Dead: 0
14   11  45.1907   0.0682176   1.10008   42.6575     	Dead: 0
14   12  44.9209   0.0662207   1.06788   41.8646     	Dead: 0
14   13  44.7304   0.0703676   1.13475   41.8646     	Dead: 0
14   14  44.4609   0.0674517   1.08773   40.6837     	Dead: 0
14   15  44.2547   0.0659619   1.0637    40.6837     	Dead: 0
14   16  44.0122   0.0658271   1.06153   40.6837     	Dead: 0
14   17  43.7844   0.0671724   1.08322   40.6837     	Dead: 0
14   18  43.4732   0.0629461   1.01507   40.6837     	Dead: 0
14   19  43.2155   0.0600358   0.968137  40.4485     	Dead: 0
14   20  42.9977   0.0614699   0.991264  40.2138     	Dead: 0
14   21  42.7389   0.0599415   0.966616  40.17       	Dead: 0
14   22  42.5091   0.0610766   0.984921  39.2409     	Dead: 0
14   23  42.2386   0.061933    0.998731  39.2409     	Dead: 0
14   24  41.9971   0.0586313   0.945488  39.2409     	Dead: 0
14   25  41.7965   0.057283    0.923745  39.2409     	Dead: 0
14   26  41.6854   0.0611071   0.985414  39.2409     	Dead: 0
14   27  41.5504   0.061917    0.998473  38.7834     	Dead: 0
14   28  41.4126   0.0616391   0.993991  38.7834     	Dead: 0
14   29  41.2735   0.061245    0.987637  38.7834     	Dead: 0
14   30  41.1371   0.0615441   0.992461  38.7353     	Dead: 0
14   31  41.0132   0.0618652   0.997639  38.7353     	Dead: 0
14   32  40.9245   0.0651046   1.04988   38.2026     	Dead: 0
14   33  40.8227   0.0653604   1.054     38.2026     	Dead: 0
14   34  40.693    0.0643968   1.03846   38.2026     	Dead: 0
14   35  40.6683   0.0679995   1.09656   38.2026     	Dead: 0
14   36  40.5796   0.0691235   1.11469   38.2026     	Dead: 0
14   37  40.4569   0.0640749   1.03327   38.0311     	Dead: 0
14   38  40.3584   0.0650872   1.0496    38.0311     	Dead: 0
14   39  40.2707   0.0666513   1.07482   38.0311     	Dead: 0
14   40  40.143    0.0649138   1.0468    38.0311     	Dead: 0
14   41  40.0869   0.0676458   1.09086   37.9632     	Dead: 0
14   42  40.0048   0.0671937   1.08357   37.9632     	Dead: 0
14   43  39.9532   0.0706691   1.13961   37.5693     	Dead: 0
14   44  39.8994   0.0703998   1.13527   37.5693     	Dead: 0
14   45  39.8458   0.0714495   1.15219   37.5693     	Dead: 0
14   46  39.6854   0.0666426   1.07468   37.5693     	Dead: 0
14   47  39.6324   0.0678817   1.09466   37.4716     	Dead: 0
14   48  39.5916   0.0684528   1.10387   37.184      	Dead: 0
14   49  39.4596   0.0659585   1.06365   37.184      	Dead: 0
14   50  39.4475   0.0717999   1.15785   37.184      	Dead: 0
14   51  39.3179   0.0699133   1.12742   36.9241     	Dead: 0
14   52  39.2386   0.0696718   1.12353   36.3326     	Dead: 0
14   53  39.1381   0.0675393   1.08914   36.3326     	Dead: 0
14   54  39.0571   0.0676967   1.09168   36.3326     	Dead: 0
14   55  38.9728   0.0675449   1.08923   36.3326     	Dead: 0
14   56  38.8771   0.0691115   1.11449   36.3326     	Dead: 0
14   57  38.7627   0.0681309   1.09868   36.3326     	Dead: 0
14   58  38.6689   0.0692128   1.11613   36.3326     	Dead: 0
14   59  38.5663   0.0691166   1.11457   36.2287     	Dead: 0
14   60  38.4454   0.0655472   1.05701   36.218      	Dead: 0
14   61  38.4111   0.0660795   1.0656    36.218      	Dead: 0
14   62  38.2766   0.0647674   1.04444   36.218      	Dead: 0
14   63  38.2008   0.0657175   1.05976   35.8455     	Dead: 0
14   64  38.121    0.0650123   1.04839   35.8455     	Dead: 0
14   65  38.0477   0.0635761   1.02523   35.8455     	Dead: 0
14   66  37.9655   0.0630503   1.01675   35.8455     	Dead: 0
14   67  37.875    0.0647866   1.04475   35.8455     	Dead: 0
14   68  37.7975   0.0633133   1.02099   35.6202     	Dead: 0
14   69  37.7287   0.0638639   1.02987   35.0921     	Dead: 0
14   70  37.6644   0.062672    1.01065   35.0921     	Dead: 0
14   71  37.6059   0.0640996   1.03367   35.0921     	Dead: 0
14   72  37.5932   0.066889    1.07865   35.0921     	Dead: 0
14   73  37.5151   0.0650057   1.04828   35.0921     	Dead: 0
14   74  37.4606   0.0659381   1.06332   35.0921     	Dead: 0
14   75  37.4      0.0653237   1.05341   35.0921     	Dead: 0
14   76  37.3295   0.0620467   1.00057   35.0921     	Dead: 0
14   77  37.2947   0.0651733   1.05098   35.0921     	Dead: 0
14   78  37.2143   0.0632381   1.01978   34.8312     	Dead: 0
14   79  37.1713   0.0628344   1.01327   34.8312     	Dead: 0
14   80  37.1251   0.063568    1.0251    34.8312     	Dead: 0
14   81  37.0335   0.0640736   1.03325   34.8312     	Dead: 0
14   82  36.9615   0.0617016   0.995     34.8312     	Dead: 0
14   83  36.8636   0.0617352   0.995542  34.5608     	Dead: 0
14   84  36.7691   0.0617491   0.995766  34.5608     	Dead: 0
14   85  36.6727   0.0622021   1.00307   34.5608     	Dead: 0
14   86  36.6104   0.0619226   0.998563  34.5608     	Dead: 0
14   87  36.5363   0.0617214   0.995319  34.4663     	Dead: 0
14   88  36.4782   0.0634394   1.02302   34.4663     	Dead: 0
14   89  36.3575   0.0602271   0.971223  34.1296     	Dead: 0
14   90  36.2292   0.0580338   0.935853  34.1296     	Dead: 0
14   91  36.1443   0.0587493   0.947391  33.7128     	Dead: 0
14   92  36.0832   0.0602696   0.971908  33.7128     	Dead: 0
14   93  36.0134   0.060941    0.982735  33.7128     	Dead: 0
14   94  35.9239   0.0605132   0.975835  33.7128     	Dead: 0
14   95  35.8882   0.0622418   1.00371   33.7128     	Dead: 0
14   96  35.8211   0.0611889   0.986732  33.7128     	Dead: 0
14   97  35.7553   0.0622097   1.00319   33.5972     	Dead: 0
14   98  35.7371   0.065272    1.05258   33.5972     	Dead: 0
14   99  35.6748   0.0656549   1.05875   32.4088     	Dead: 0
14   100 35.6433   0.0646436   1.04244   32.4088     	Dead: 0
Done run 14 of 29

Beginning Run 15 of 29
Run  RI  Mean      95% CI      SD        Best    
15   0   53.2227   0.119893    1.9334    47.7255     	Dead: 0
15   1   51.8687   0.114341    1.84387   46.5758     	Dead: 0
15   2   50.701    0.105529    1.70176   45.87       	Dead: 0
15   3   49.6853   0.094295    1.5206    44.7732     	Dead: 0
15   4   48.7614   0.0934272   1.50661   44.5587     	Dead: 0
15   5   47.847    0.0867991   1.39972   43.9256     	Dead: 0
15   6   47.0804   0.0798608   1.28784   43.8988     	Dead: 0
15   7   46.4701   0.0751703   1.2122    43.0347     	Dead: 0
15   8   45.9162   0.0731256   1.17922   42.9117     	Dead: 0
15   9   45.4536   0.0723401   1.16656   42.283      	Dead: 0
15   10  44.983    0.0672917   1.08515   41.6534     	Dead: 0
15   11  44.6044   0.0658097   1.06125   41.6534     	Dead: 0
15   12  44.2583   0.0634794   1.02367   41.2315     	Dead: 0
15   13  43.9819   0.0674638   1.08792   40.356      	Dead: 0
15   14  43.6292   0.0667153   1.07585   40.356      	Dead: 0
15   15  43.3121   0.0640518   1.0329    40.0523     	Dead: 0
15   16  43.0795   0.0655093   1.0564    40.0523     	Dead: 0
15   17  42.7213   0.0647779   1.04461   39.9123     	Dead: 0
15   18  42.4052   0.0624462   1.00701   39.9123     	Dead: 0
15   19  42.1141   0.0614137   0.990357  39.6411     	Dead: 0
15   20  41.8901   0.0596742   0.962306  39.4297     	Dead: 0
15   21  41.6165   0.0593778   0.957526  39.3798     	Dead: 0
15   22  41.4122   0.0624365   1.00685   39.0587     	Dead: 0
15   23  41.1993   0.0582685   0.939638  39.0501     	Dead: 0
15   24  41.009    0.0609071   0.982188  38.4231     	Dead: 0
15   25  40.7673   0.0590085   0.95157   38.1247     	Dead: 0
15   26  40.5725   0.0596692   0.962226  38.0167     	Dead: 0
15   27  40.3647   0.0609645   0.983114  37.3749     	Dead: 0
15   28  40.1665   0.0603107   0.972571  37.3749     	Dead: 0
15   29  39.9461   0.0606841   0.978592  37.3749     	Dead: 0
15   30  39.7292   0.0577918   0.931951  37.0833     	Dead: 0
15   31  39.5732   0.0582515   0.939363  37.0833     	Dead: 0
15   32  39.3785   0.058015    0.93555   36.6692     	Dead: 0
15   33  39.1856   0.0584764   0.94299   36.6692     	Dead: 0
15   34  39.0514   0.05665     0.913539  36.6692     	Dead: 0
15   35  38.9715   0.0586947   0.946511  36.6521     	Dead: 0
15   36  38.8267   0.0573334   0.924559  36.6521     	Dead: 0
15   37  38.7616   0.0598508   0.965154  36.441      	Dead: 0
15   38  38.6509   0.0570976   0.920756  36.441      	Dead: 0
15   39  38.5921   0.0571437   0.9215    36.441      	Dead: 0
15   40  38.4603   0.0555813   0.896304  36.009      	Dead: 0
15   41  38.4075   0.05995     0.966754  36.009      	Dead: 0
15   42  38.291    0.0590476   0.952202  35.8595     	Dead: 0
15   43  38.2263   0.0607081   0.978978  35.8595     	Dead: 0
15   44  38.0732   0.0606994   0.978839  35.8004     	Dead: 0
15   45  37.9224   0.0573523   0.924863  35.8004     	Dead: 0
15   46  37.7677   0.0604942   0.97553   35.0682     	Dead: 0
15   47  37.6328   0.0602926   0.972279  35.0682     	Dead: 0
15   48  37.4946   0.0594969   0.959448  34.7826     	Dead: 0
15   49  37.3213   0.0626252   1.00989   34.7269     	Dead: 0
15   50  37.1163   0.0612376   0.987517  34.7174     	Dead: 0
slurmstepd: error: *** JOB 2895649 ON gra307 CANCELLED AT 2023-01-23T16:01:23 DUE TO TIME LIMIT ***
