7; ./512ED ./ED512/ps2/ 1 0.00382 0.01564 0.02205 0.00214 0.02848 0.02672 0.41832 0.03961 0.44321
Graph Evolution Tool.
Initial Graph: Ring with m = 2
Fitness Function: Epidemic Length
Representation: THADS-N with Operation Densities
Densities: 0.00382 0.01564 0.02205 0.00214 0.02848 0.02672 0.41832 0.03961 0.44321 
Check readme.dat for more information about parameters/output.

Beginning Run 0 of 29
Run  RI  Mean      95% CI      SD        Best    
0    0   24.5066   0.20556     3.31486   39.6    
0    1   50.9722   0.426371    6.87565   76      
0    2   87.2874   0.749631    12.0886   131     
0    3   122.833   1.10969     17.8948   177.4   
0    4   139.54    1.40446     22.6483   199.6   
0    5   148.054   1.46787     23.6708   205     
0    6   151.319   1.58769     25.6031   205     
0    7   152.842   1.70841     27.5498   205.6   
0    8   154.228   1.73965     28.0536   222.6   
0    9   154.221   1.86649     30.0991   222.6   
0    10  155.763   1.85147     29.8568   222.6   
0    11  155.818   1.89073     30.4899   222.6   
0    12  156.67    1.84595     29.7677   222.6   
0    13  156.609   1.90578     30.7326   222.6   
0    14  157.966   1.85352     29.8899   222.6   
0    15  157.329   1.90705     30.7531   222.6   
0    16  157.633   1.91715     30.916    222.6   
0    17  156.732   1.97136     31.7901   222.6   
0    18  158.332   1.95606     31.5434   222.6   
0    19  157.965   1.99011     32.0926   222.6   
0    20  159.671   1.91955     30.9547   222.6   
0    21  158.207   1.99598     32.1871   222.6   
0    22  158.791   1.99219     32.1261   222.6   
0    23  160.057   1.98641     32.0329   222.6   
0    24  159.667   2.01054     32.4219   222.6   
0    25  159.726   1.99322     32.1426   222.6   
0    26  158.766   1.99863     32.2299   222.6   
0    27  160.214   1.92179     30.9908   226.8   
0    28  159.785   2.01531     32.499    226.8   
0    29  160.932   1.98546     32.0175   226.8   
0    30  160.095   2.04009     32.8984   226.8   
0    31  160.821   2.00181     32.2812   226.8   
0    32  160.568   1.99348     32.1468   226.8   
0    33  159.614   2.0468      33.0066   226.8   
0    34  160.188   2.01634     32.5155   226.8   
0    35  159.563   2.04943     33.0491   226.8   
0    36  160.863   2.01018     32.4161   226.8   
0    37  160.347   2.05358     33.1161   226.8   
0    38  160.227   2.08045     33.5494   226.8   
0    39  160.487   2.03844     32.8719   226.8   
0    40  160.681   2.05622     33.1586   226.8   
0    41  161.047   2.05746     33.1786   226.8   
0    42  161.782   2.00461     32.3263   226.8   
0    43  160.851   2.05334     33.1121   226.8   
0    44  160.352   2.05259     33.1001   226.8   
0    45  159.746   2.08981     33.7003   226.8   
0    46  161.902   2.06252     33.2602   226.8   
0    47  160.026   2.09409     33.7693   226.8   
0    48  160.982   2.01874     32.5542   226.8   
0    49  162.05    2.01132     32.4345   226.8   
0    50  161.334   2.0391      32.8825   226.8   
0    51  161.024   2.02161     32.6005   226.8   
0    52  162.017   2.01595     32.5093   226.8   
0    53  161.459   2.04356     32.9545   226.8   
0    54  160.169   2.09354     33.7604   226.8   
0    55  161.136   2.03572     32.828    226.8   
0    56  159.974   2.12984     34.3458   226.8   
0    57  160.859   2.09261     33.7454   227.8   
0    58  161.599   2.04818     33.029    227.8   
0    59  161.447   2.06103     33.2361   227.8   
0    60  160.739   2.06365     33.2785   227.8   
0    61  161.32    2.03992     32.8957   227.8   
0    62  162.052   2.04713     33.0121   227.8   
0    63  161.007   2.11134     34.0475   227.8   
0    64  160.598   2.13783     34.4747   227.8   
0    65  161.198   2.08237     33.5802   227.8   
0    66  161.115   2.05383     33.12     227.8   
0    67  161.748   2.08258     33.5837   227.8   
0    68  161.712   2.09713     33.8183   227.8   
0    69  160.808   2.10356     33.922    227.8   
0    70  161.761   2.11448     34.0981   227.8   
0    71  162.043   2.05076     33.0706   227.8   
0    72  160.259   2.13779     34.4739   227.8   
0    73  161.624   2.10356     33.922    227.8   
0    74  161.226   2.11131     34.047    227.8   
0    75  160.694   2.1097      34.021    227.8   
0    76  160.55    2.16521     34.9161   227.8   
0    77  161.15    2.16244     34.8716   227.8   
0    78  161.624   2.12391     34.2501   227.8   
0    79  161.128   2.15486     34.7492   227.8   
0    80  161.548   2.11038     34.032    227.8   
0    81  162.159   2.11567     34.1172   227.8   
0    82  161.576   2.15377     34.7318   227.8   
0    83  161.458   2.1773      35.1111   227.8   
0    84  162.285   2.10368     33.924    227.8   
0    85  160.571   2.16976     34.9895   227.8   
0    86  162.054   2.08661     33.6486   227.8   
0    87  162.04    2.09586     33.7979   227.8   
0    88  161.303   2.12871     34.3276   227.8   
0    89  162.08    2.07637     33.4836   227.8   
0    90  161.617   2.10744     33.9846   227.8   
0    91  162.189   2.09905     33.8492   227.8   
0    92  161.4     2.12574     34.2797   227.8   
0    93  161.202   2.17915     35.1409   227.8   
0    94  162.049   2.09046     33.7108   227.8   
0    95  161.643   2.11814     34.1572   227.8   
0    96  160.75    2.16857     34.9704   227.8   
0    97  162.338   2.09139     33.7257   227.8   
0    98  161.75    2.13104     34.3652   227.8   
0    99  162.029   2.1356      34.4386   227.8   
0    100 162.294   2.103       33.913    227.8   
Done run 0 of 29

Beginning Run 1 of 29
Run  RI  Mean      95% CI      SD        Best    
1    0   24.6908   0.207853    3.35183   38.2    
1    1   47.1078   0.431751    6.96242   81.6    
1    2   92.4218   0.955601    15.41     182.6   
1    3   137.644   1.33585     21.542    203.2   
1    4   148.213   1.52019     24.5145   205     
1    5   151.852   1.63469     26.361    206.4   
1    6   151.825   1.68003     27.0921   215.6   
1    7   154.209   1.72458     27.8107   228.8   
1    8   153.682   1.78126     28.7246   228.8   
1    9   155.729   1.77532     28.6288   228.8   
1    10  156.867   1.73403     27.963    228.8   
1    11  156.608   1.8022      29.0623   228.8   
1    12  157.07    1.79878     29.0071   228.8   
1    13  156.295   1.86354     30.0514   228.8   
1    14  155.548   1.90801     30.7685   228.8   
1    15  157.291   1.85788     29.9602   228.8   
1    16  157.797   1.9057      30.7313   228.8   
1    17  158.262   1.91303     30.8496   228.8   
1    18  156.531   1.95567     31.5372   228.8   
1    19  158.117   1.91691     30.9121   228.8   
1    20  158.097   1.94608     31.3824   228.8   
1    21  158.406   1.92058     30.9713   228.8   
1    22  157.848   1.96624     31.7076   228.8   
1    23  158.106   1.94558     31.3745   228.8   
1    24  157.927   1.94528     31.3696   228.8   
1    25  157.651   1.93793     31.2511   228.8   
1    26  157.954   1.93757     31.2453   228.8   
1    27  158.808   1.93425     31.1917   228.8   
1    28  157.466   1.98486     32.0078   228.8   
1    29  156.78    2.0318      32.7648   228.8   
1    30  158.84    1.92455     31.0353   228.8   
1    31  158.436   1.96105     31.6239   228.8   
1    32  158.306   1.98579     32.0229   228.8   
1    33  158.21    1.97817     31.9      228.8   
1    34  157.413   2.03034     32.7412   228.8   
1    35  158.513   2.00347     32.3079   228.8   
1    36  159.153   1.99133     32.1122   228.8   
1    37  159.733   2.01253     32.4541   228.8   
1    38  158.922   1.96778     31.7324   228.8   
1    39  157.855   2.02533     32.6605   228.8   
1    40  159.137   1.98912     32.0766   228.8   
1    41  158.582   1.97893     31.9123   228.8   
1    42  160.161   1.93725     31.2401   228.8   
1    43  159.184   2.02691     32.686    228.8   
1    44  159.378   1.96985     31.7658   228.8   
1    45  158.714   2.04616     32.9964   228.8   
1    46  159.496   1.96574     31.6996   228.8   
1    47  158.04    2.07838     33.5159   228.8   
1    48  158.804   1.98708     32.0437   228.8   
1    49  159.029   1.9849      32.0086   228.8   
1    50  158.853   2.03919     32.8841   228.8   
1    51  159.533   2.0677      33.3438   228.8   
1    52  159.568   2.01249     32.4535   228.8   
1    53  159.855   2.03723     32.8523   228.8   
1    54  158.374   2.11133     34.0473   228.8   
1    55  159.345   2.0987      33.8437   228.8   
1    56  160.181   2.07213     33.4152   228.8   
1    57  160.846   2.02933     32.725    228.8   
1    58  160.169   2.03652     32.8409   228.8   
1    59  158.802   2.09492     33.7827   228.8   
1    60  160.122   2.04774     33.0218   228.8   
1    61  160.227   2.0405      32.905    228.8   
1    62  161.531   1.95327     31.4984   228.8   
1    63  160.054   2.05349     33.1147   228.8   
1    64  158.335   2.10371     33.9245   228.8   
1    65  159.264   2.07809     33.5113   228.8   
1    66  160.472   2.0496      33.0519   228.8   
1    67  159.873   2.05617     33.1578   228.8   
1    68  160.643   2.03317     32.787    228.8   
1    69  160.663   2.05499     33.1388   228.8   
1    70  160.462   2.04752     33.0184   228.8   
1    71  160.254   2.03665     32.8429   228.8   
1    72  160.132   1.99898     32.2356   228.8   
1    73  159.995   2.02932     32.7247   228.8   
1    74  160.656   2.03658     32.8419   228.8   
1    75  160.495   2.0356      32.8261   228.8   
1    76  159.119   2.07766     33.5044   228.8   
1    77  159.868   2.06146     33.2432   228.8   
1    78  160.611   2.04733     33.0153   228.8   
1    79  158.245   2.10583     33.9587   228.8   
1    80  160.32    2.03102     32.7523   228.8   
1    81  161.304   2.0259      32.6697   228.8   
1    82  161.018   2.02762     32.6974   228.8   
1    83  160.852   2.05812     33.1893   228.8   
1    84  160.813   2.07167     33.4078   228.8   
1    85  160.293   2.08833     33.6765   228.8   
1    86  160.664   2.05485     33.1366   228.8   
1    87  161.317   2.05893     33.2022   228.8   
1    88  160.221   2.07438     33.4514   228.8   
1    89  159.959   2.08683     33.6522   228.8   
1    90  161.236   2.07881     33.5229   228.8   
1    91  159.745   2.12045     34.1944   228.8   
1    92  159.794   2.08217     33.5771   228.8   
1    93  160.185   2.03729     32.8533   228.8   
1    94  161.022   2.09862     33.8424   228.8   
1    95  160.719   2.07661     33.4874   228.8   
1    96  161.179   2.089       33.6872   228.8   
1    97  162.032   2.02967     32.7305   228.8   
1    98  161.014   2.06428     33.2886   228.8   
1    99  160.145   2.09787     33.8303   228.8   
1    100 160.534   2.04802     33.0263   228.8   
Done run 1 of 29

Beginning Run 2 of 29
Run  RI  Mean      95% CI      SD        Best    
2    0   24.502    0.198474    3.20059   39.4    
2    1   48.7256   0.417232    6.72829   79.6    
2    2   82.7798   0.768993    12.4008   131     
2    3   123.121   1.12886     18.204    178     
2    4   141.832   1.37333     22.1463   198     
2    5   147.588   1.49662     24.1345   215     
2    6   150.106   1.58825     25.6121   215     
2    7   151.94    1.68619     27.1916   215     
2    8   152.639   1.69983     27.4114   215     
2    9   152.915   1.76212     28.4159   215     
2    10  154.655   1.77466     28.6182   215     
2    11  154.214   1.80971     29.1834   215     
2    12  155.472   1.79701     28.9786   215     
2    13  157.381   1.77334     28.5969   215     
2    14  156.367   1.79351     28.9222   215     
2    15  156.976   1.79753     28.987    215     
2    16  155.197   1.86802     30.1237   215     
2    17  156.507   1.82928     29.4989   215     
2    18  156.606   1.87926     30.3049   215     
2    19  157.116   1.8943      30.5475   215     
2    20  157.2     1.89278     30.523    215     
2    21  158       1.87596     30.2517   215     
2    22  157.48    1.88291     30.3638   215     
2    23  157.906   1.88729     30.4345   215     
2    24  158.542   1.8999      30.6377   215     
2    25  158.605   1.90434     30.7094   215     
2    26  157.713   1.91098     30.8165   215     
2    27  158.277   1.89665     30.5853   215     
2    28  157.324   1.95339     31.5004   215.6   
2    29  158.031   1.97235     31.8062   215.6   
2    30  158.206   1.97357     31.8258   215.6   
2    31  158.299   1.9055      30.7281   215.6   
2    32  157.567   1.9999      32.2504   221.6   
2    33  157.711   2.01919     32.5615   221.6   
2    34  157.125   1.97889     31.9115   221.6   
2    35  156.79    2.04491     32.9762   221.6   
2    36  158.431   1.96555     31.6964   221.6   
2    37  158.356   1.95923     31.5945   221.6   
2    38  157.483   1.99344     32.1463   221.6   
2    39  159.055   1.96587     31.7016   221.6   
2    40  158.572   1.99012     32.0927   221.6   
2    41  158.494   1.98983     32.0879   221.6   
2    42  159.207   2.00104     32.2688   221.6   
2    43  159.514   1.93411     31.1895   221.6   
2    44  158.997   1.98309     31.9794   221.6   
2    45  159.991   1.96581     31.7006   221.6   
2    46  159.489   1.9639      31.6699   221.6   
2    47  158.484   1.97535     31.8546   221.6   
2    48  159.554   1.98637     32.0322   221.6   
2    49  159.105   1.97543     31.8558   226.4   
2    50  159.581   1.99572     32.183    226.4   
2    51  160.032   1.97886     31.9111   226.4   
2    52  158.031   2.07665     33.4881   226.4   
2    53  158.949   2.06946     33.372    226.4   
2    54  160.563   1.97265     31.8109   226.4   
2    55  159.477   1.98706     32.0433   226.4   
2    56  160.575   1.95822     31.5783   226.4   
2    57  160.037   2.02187     32.6047   226.4   
2    58  159.733   2.05338     33.1128   226.4   
2    59  161.425   1.94699     31.3972   226.4   
2    60  159.593   2.04619     32.9968   226.4   
2    61  160.075   2.0212      32.5939   226.4   
2    62  160.313   2.01902     32.5588   226.4   
2    63  161.282   1.97674     31.8769   226.4   
2    64  160.173   2.00843     32.388    226.4   
2    65  160.277   2.02945     32.7268   226.4   
2    66  160.42    2.06943     33.3716   226.4   
2    67  160.278   2.02948     32.7274   226.4   
2    68  160.224   2.06586     33.3141   226.4   
2    69  160.715   2.00315     32.3029   226.4   
2    70  159.606   2.06804     33.3492   227.4   
2    71  159.749   2.02512     32.6571   227.4   
2    72  159.669   2.07379     33.442    227.4   
2    73  159.915   2.05253     33.0991   227.4   
2    74  159.782   2.09801     33.8325   227.4   
2    75  160.685   2.02816     32.7062   227.4   
2    76  161.689   2.04625     32.9978   227.4   
2    77  161.27    2.03352     32.7925   227.4   
2    78  161.359   2.04967     33.053    227.4   
2    79  160.906   2.07919     33.529    227.4   
2    80  160.521   2.11866     34.1655   227.4   
2    81  160.566   2.11042     34.0327   227.4   
2    82  161.276   2.02206     32.6077   227.4   
2    83  160.588   2.07939     33.5323   227.4   
2    84  161.75    2.00226     32.2885   227.4   
2    85  161.307   2.08212     33.5762   227.4   
2    86  160.48    2.06632     33.3215   227.4   
2    87  160.411   2.13927     34.4978   227.4   
2    88  160.879   2.04523     32.9814   227.4   
2    89  161.014   2.10908     34.011    227.4   
2    90  161.099   2.08572     33.6344   227.4   
2    91  161.71    2.04239     32.9356   227.4   
2    92  161.526   2.02605     32.6721   227.4   
2    93  160.931   2.05216     33.0932   227.4   
2    94  162.068   2.02844     32.7106   227.4   
2    95  161.819   2.0713      33.4018   227.4   
2    96  161.788   2.05773     33.1829   227.4   
2    97  160.7     2.1024      33.9033   227.4   
2    98  161.588   2.06915     33.3671   227.4   
2    99  160.52    2.10413     33.9311   227.4   
2    100 160.713   2.04153     32.9217   227.4   
Done run 2 of 29

Beginning Run 3 of 29
Run  RI  Mean      95% CI      SD        Best    
3    0   24.4304   0.192196    3.09935   39.6    
3    1   48.0072   0.405359    6.53681   79      
3    2   85.6162   0.837247    13.5014   140.2   
3    3   119.27    1.14794     18.5116   183.8   
3    4   136.548   1.36195     21.9628   197.8   
3    5   143.738   1.4743      23.7746   202.2   
3    6   146.04    1.59028     25.6449   203     
3    7   147.926   1.61597     26.0591   205.2   
3    8   148.654   1.70422     27.4822   205.2   
3    9   150.59    1.69305     27.3021   213     
3    10  150.968   1.74457     28.133    213     
3    11  151.078   1.75398     28.2846   213     
3    12  152.234   1.74711     28.174    213     
3    13  152.684   1.7046      27.4883   213.6   
3    14  153.068   1.7904      28.872    213.6   
3    15  153.062   1.76384     28.4436   213.6   
3    16  153.297   1.74259     28.101    213.6   
3    17  153.659   1.76109     28.3993   213.6   
3    18  153.572   1.81373     29.2482   214.2   
3    19  153.461   1.80416     29.0939   214.2   
3    20  153.846   1.827       29.4621   214.2   
3    21  154.923   1.81611     29.2866   214.2   
3    22  154.246   1.85271     29.8768   214.2   
3    23  153.898   1.84065     29.6823   214.2   
3    24  154.497   1.84332     29.7254   214.2   
3    25  154.914   1.88292     30.364    214.2   
3    26  156.193   1.88463     30.3916   216.2   
3    27  156.903   1.83745     29.6307   216.2   
3    28  155.868   1.90961     30.7944   216.2   
3    29  156.396   1.83069     29.5218   216.2   
3    30  155.85    1.90585     30.7337   216.2   
3    31  156.777   1.81049     29.196    216.2   
3    32  155.432   1.89601     30.575    216.2   
3    33  156.293   1.8969      30.5894   216.2   
3    34  155.7     1.93413     31.1897   216.2   
3    35  157.264   1.88203     30.3496   216.2   
3    36  155.957   1.96733     31.7251   216.2   
3    37  155.804   1.92634     31.0642   216.2   
3    38  157.262   1.91043     30.8075   216.2   
3    39  156.293   1.95865     31.5852   216.2   
3    40  157.025   1.93239     31.1618   216.2   
3    41  157.793   1.8566      29.9395   216.2   
3    42  157.65    1.94283     31.33     216.2   
3    43  156.455   1.95465     31.5208   216.2   
3    44  157.261   1.92062     30.972    216.2   
3    45  157.016   1.93887     31.2662   216.2   
3    46  157.478   1.91265     30.8434   216.2   
3    47  157.16    1.93728     31.2405   216.2   
3    48  158.37    1.89422     30.5463   216.2   
3    49  157.878   1.97914     31.9156   216.2   
3    50  158.11    1.88748     30.4375   216.2   
3    51  157.291   1.96842     31.7428   227.2   
3    52  157.747   1.95191     31.4765   227.2   
3    53  158.338   1.94702     31.3977   227.2   
3    54  157.325   2.05466     33.1335   227.2   
3    55  157.808   1.97693     31.88     227.2   
3    56  158.57    1.97055     31.7771   227.2   
3    57  158.382   1.96463     31.6817   227.2   
3    58  157.902   2.01411     32.4795   227.2   
3    59  157.981   2.0379      32.8631   227.2   
3    60  158.306   1.97751     31.8893   227.2   
3    61  158.165   1.98943     32.0816   227.2   
3    62  157.88    2.00307     32.3015   227.2   
3    63  157.486   1.98497     32.0096   227.2   
3    64  157.52    2.00036     32.2579   227.2   
3    65  157.763   2.01303     32.4622   227.2   
3    66  157.29    2.01084     32.4268   227.2   
3    67  157.93    1.9915      32.1149   227.2   
3    68  157.862   1.97853     31.9057   227.2   
3    69  159.154   1.97091     31.7829   227.2   
3    70  158.898   1.98577     32.0226   227.2   
3    71  158.123   2.02773     32.6992   227.2   
3    72  157.677   2.04724     33.0138   227.2   
3    73  158.846   1.96231     31.6442   227.2   
3    74  158.551   2.04577     32.9901   227.2   
3    75  159.463   1.99706     32.2046   227.2   
3    76  158.802   2.02699     32.6873   227.2   
3    77  157.818   2.04087     32.911    227.2   
3    78  158.359   1.98631     32.0312   227.2   
3    79  158.308   2.03685     32.8462   227.2   
3    80  158.116   2.02978     32.7322   227.2   
3    81  159.119   1.98601     32.0264   227.2   
3    82  158.463   2.03088     32.7499   227.2   
3    83  158.085   2.07283     33.4264   227.2   
3    84  158.521   2.0314      32.7583   227.2   
3    85  158.882   1.98312     31.9798   227.2   
3    86  159.129   2.00447     32.3242   227.2   
3    87  159.144   2.01242     32.4523   227.2   
3    88  159.206   2.02035     32.5802   227.2   
3    89  159.709   1.98923     32.0783   227.2   
3    90  159.038   2.03161     32.7617   227.2   
3    91  159.979   2.01345     32.469    227.2   
3    92  159.341   2.01687     32.524    227.2   
3    93  159.608   2.05491     33.1375   227.2   
3    94  160.885   1.99973     32.2477   227.2   
3    95  159.511   2.06969     33.3758   227.2   
3    96  159.273   2.04221     32.9327   227.2   
3    97  159.223   2.02724     32.6913   227.2   
3    98  160.294   2.00003     32.2525   227.2   
3    99  160.365   2.03018     32.7386   227.2   
3    100 160.161   2.0107      32.4245   227.2   
Done run 3 of 29

Beginning Run 4 of 29
Run  RI  Mean      95% CI      SD        Best    
4    0   24.4876   0.199932    3.22411   40.8    
4    1   46.6756   0.394206    6.35696   79.6    
4    2   78.5718   0.799489    12.8926   138.8   
4    3   127.971   1.12909     18.2077   196.4   
4    4   140.716   1.34513     21.6916   196.4   
4    5   146.26    1.4104      22.744    196.4   
4    6   147.524   1.52294     24.5589   198.2   
4    7   150.082   1.55888     25.1385   200.4   
4    8   151.269   1.65546     26.696    203     
4    9   152.829   1.68302     27.1403   206.8   
4    10  153.86    1.6867      27.1997   209.8   
4    11  154.246   1.74407     28.1249   216.6   
4    12  156.288   1.72835     27.8713   216.6   
4    13  156.176   1.75263     28.2628   216.6   
4    14  156.546   1.78502     28.7852   216.6   
4    15  156.74    1.82053     29.3579   216.6   
4    16  156.678   1.83474     29.587    216.6   
4    17  157.89    1.81144     29.2113   224.2   
4    18  157.152   1.82936     29.5003   224.2   
4    19  158.298   1.8342      29.5783   224.2   
4    20  158.723   1.84471     29.7477   224.2   
4    21  158.822   1.84663     29.7787   224.2   
4    22  157.97    1.8862      30.4168   224.2   
4    23  157.753   1.9123      30.8378   224.2   
4    24  158.845   1.91469     30.8763   224.2   
4    25  158.493   1.90751     30.7606   224.2   
4    26  159.141   1.93188     31.1536   224.2   
4    27  159.295   1.92393     31.0253   224.2   
4    28  160.181   1.89229     30.5151   224.2   
4    29  159.642   1.90253     30.6802   224.2   
4    30  159.645   1.93999     31.2842   224.2   
4    31  159.11    1.96707     31.7209   224.2   
4    32  158.788   1.96383     31.6686   224.2   
4    33  159.151   1.96927     31.7565   224.2   
4    34  159.06    1.9656      31.6972   224.2   
4    35  158.987   1.94128     31.305    224.2   
4    36  160.66    1.93222     31.159    224.2   
4    37  158.621   1.97299     31.8164   224.2   
4    38  159.329   1.98771     32.0539   224.2   
4    39  160.442   1.92983     31.1204   224.2   
4    40  160.497   1.96438     31.6775   224.2   
4    41  159.805   2.01754     32.5349   224.2   
4    42  159.331   1.99003     32.0912   224.2   
4    43  159.863   1.94479     31.3617   224.2   
4    44  160.899   1.96501     31.6877   224.2   
4    45  160.426   1.98609     32.0277   224.2   
4    46  161.158   1.9339      31.186    224.2   
4    47  161.216   1.97081     31.7813   224.2   
4    48  159.268   2.00754     32.3735   224.2   
4    49  158.833   2.0203      32.5793   224.2   
4    50  160.791   1.95375     31.5061   224.2   
4    51  159.538   2.00818     32.384    224.2   
4    52  159.979   1.99327     32.1434   224.2   
4    53  159.395   2.03632     32.8377   224.2   
4    54  159.304   2.03984     32.8945   224.2   
4    55  160.001   1.9794      31.9197   224.2   
4    56  159.692   1.95722     31.5622   224.2   
4    57  159.565   2.03747     32.8563   224.2   
4    58  160.876   2.0097      32.4084   224.2   
4    59  160.161   2.01417     32.4805   224.2   
4    60  160.634   2.00776     32.3771   224.2   
4    61  159.813   2.01406     32.4787   224.2   
4    62  159.646   2.01863     32.5525   224.2   
4    63  160.488   1.97381     31.8296   224.2   
4    64  160.102   2.02638     32.6774   224.2   
4    65  160.325   1.9803      31.9344   224.2   
4    66  158.726   2.06121     33.2391   224.2   
4    67  159.393   2.00592     32.3475   224.2   
4    68  160.088   2.01234     32.4509   224.2   
4    69  159.479   2.02053     32.5831   224.2   
4    70  159.764   2.04124     32.9171   233.6   
4    71  159.058   2.05807     33.1884   233.6   
4    72  159.463   2.0225      32.6148   233.6   
4    73  159.881   2.0112      32.4326   233.6   
4    74  159.506   2.02374     32.6349   233.6   
4    75  159.439   2.00035     32.2576   233.6   
4    76  160.177   2.01001     32.4134   233.6   
4    77  160.905   2.00588     32.3468   233.6   
4    78  160.576   1.96759     31.7293   233.6   
4    79  160.727   2.0131      32.4632   233.6   
4    80  160.642   2.04304     32.946    233.6   
4    81  161.061   2.01153     32.4379   233.6   
4    82  161.146   2.08189     33.5726   233.6   
4    83  159.687   2.10534     33.9507   233.6   
4    84  159.683   2.05117     33.0771   233.6   
4    85  160.974   2.04346     32.9528   233.6   
4    86  159.869   2.08788     33.6692   233.6   
4    87  159.134   2.06181     33.2487   233.6   
4    88  160.403   2.03422     32.8039   233.6   
4    89  159.997   2.0258      32.6681   233.6   
4    90  161.077   2.03441     32.807    233.6   
4    91  161.259   2.04059     32.9065   233.6   
4    92  160.99    2.00943     32.404    233.6   
4    93  161.31    2.01825     32.5463   233.6   
4    94  161.132   2.02654     32.6799   233.6   
4    95  160.453   2.03388     32.7984   233.6   
4    96  159.761   2.04563     32.9878   233.6   
4    97  160.666   2.04756     33.019    233.6   
4    98  160.58    2.07398     33.4451   233.6   
4    99  159.33    2.12175     34.2154   233.6   
4    100 159.445   2.08644     33.646    233.6   
Done run 4 of 29

Beginning Run 5 of 29
Run  RI  Mean      95% CI      SD        Best    
5    0   24.5272   0.205721    3.31745   38.4    
5    1   56.2588   0.554893    8.94821   105.2   
5    2   101.941   0.957104    15.4343   155.2   
5    3   125.55    1.11562     17.9905   174     
5    4   139.606   1.30999     21.125    194.8   
5    5   145.848   1.45117     23.4016   196.8   
5    6   149.683   1.5168      24.46     204.4   
5    7   151.369   1.62155     26.1492   210     
5    8   152.557   1.66316     26.8202   210     
5    9   152.055   1.69802     27.3822   210     
5    10  153.234   1.70472     27.4903   210     
5    11  154.066   1.73133     27.9194   210     
5    12  153.95    1.79786     28.9922   210     
5    13  154.559   1.75359     28.2784   210     
5    14  154.367   1.81649     29.2928   210     
5    15  155.587   1.7559      28.3156   210.8   
5    16  155.61    1.80634     29.129    210.8   
5    17  155.613   1.7801      28.7059   210.8   
5    18  155.502   1.82729     29.4668   210.8   
5    19  155.32    1.83518     29.5941   210.8   
5    20  156.355   1.85882     29.9754   210.8   
5    21  155.311   1.83014     29.5128   215.2   
5    22  155.58    1.82739     29.4685   215.2   
5    23  156.24    1.86209     30.028    215.2   
5    24  155.708   1.84057     29.681    215.2   
5    25  156.396   1.83834     29.6452   215.2   
5    26  155.796   1.88502     30.3979   215.2   
5    27  156.952   1.87019     30.1587   217.2   
5    28  156.364   1.86739     30.1135   217.2   
5    29  157.238   1.88703     30.4302   217.2   
5    30  156.643   1.93799     31.2519   217.2   
5    31  157.094   1.87277     30.2003   217.2   
5    32  156.455   1.94126     31.3048   217.2   
5    33  157.317   1.87993     30.3157   217.2   
5    34  158.225   1.89618     30.5778   217.2   
5    35  155.936   1.96019     31.61     217.2   
5    36  156.987   1.9176      30.9232   217.2   
5    37  158.104   1.89818     30.6101   217.2   
5    38  156.384   1.95455     31.5191   217.2   
5    39  156.734   1.90527     30.7244   217.2   
5    40  157.662   1.87662     30.2624   217.2   
5    41  156.592   1.9588      31.5876   219.8   
5    42  157.063   1.89188     30.5084   219.8   
5    43  157.715   1.96225     31.6433   219.8   
5    44  156.498   1.95765     31.5691   219.8   
5    45  157.525   1.98534     32.0156   219.8   
5    46  157.318   1.95549     31.5342   219.8   
5    47  158.378   1.87434     30.2257   219.8   
5    48  157.202   1.95714     31.5608   219.8   
5    49  157.989   1.91711     30.9154   219.8   
5    50  156.954   1.96056     31.616    219.8   
5    51  158.636   1.91879     30.9424   219.8   
5    52  157.572   1.97959     31.9228   219.8   
5    53  157.347   2.0073      32.3698   219.8   
5    54  158.465   1.94584     31.3787   219.8   
5    55  158.477   1.95959     31.6003   219.8   
5    56  159.044   1.94805     31.4143   219.8   
5    57  158.511   1.95084     31.4593   219.8   
5    58  158.39    1.96899     31.7519   219.8   
5    59  158.753   1.97029     31.7729   219.8   
5    60  158.628   1.95174     31.4737   219.8   
5    61  158.18    1.9726      31.8102   219.8   
5    62  158.385   1.98363     31.9881   219.8   
5    63  158.676   1.97951     31.9215   219.8   
5    64  158.1     2.01865     32.5528   219.8   
5    65  159.613   1.92586     31.0565   219.8   
5    66  159.223   1.9543      31.515    219.8   
5    67  157.904   1.98063     31.9396   219.8   
5    68  158.409   2.02427     32.6433   219.8   
5    69  158.583   1.97402     31.8331   219.8   
5    70  158.711   2.00473     32.3283   230.4   
5    71  158.209   1.9916      32.1165   230.4   
5    72  159.207   2.01042     32.42     230.4   
5    73  159.532   2.00004     32.2526   230.4   
5    74  157.845   2.04706     33.0109   230.4   
5    75  158.716   2.02827     32.7079   230.4   
5    76  159.871   1.98041     31.936    230.4   
5    77  159.293   1.96247     31.6467   230.4   
5    78  159.229   2.0025      32.2924   230.4   
5    79  159.638   1.96038     31.613    230.4   
5    80  159.462   2.0326      32.7778   230.4   
5    81  158.451   2.03306     32.7851   230.4   
5    82  158.945   2.01146     32.4368   230.4   
5    83  158.468   1.99149     32.1147   230.4   
5    84  158.833   1.98724     32.0462   230.4   
5    85  158.594   1.98978     32.0872   230.4   
5    86  158.729   1.99823     32.2234   230.4   
5    87  157.954   2.03466     32.811    230.4   
5    88  159.04    2.03615     32.8349   230.4   
5    89  160.183   2.00554     32.3414   230.4   
5    90  160.186   1.99377     32.1515   230.4   
5    91  158.674   2.0577      33.1825   230.4   
5    92  158.962   2.08152     33.5666   230.4   
5    93  159.496   2.03571     32.8279   230.4   
5    94  159.755   2.00124     32.2719   230.4   
5    95  158.939   2.01887     32.5563   230.4   
5    96  158.704   2.03279     32.7808   230.4   
5    97  159.919   1.99192     32.1216   230.4   
5    98  159.452   2.0039      32.3149   230.4   
5    99  160.194   2.00218     32.2872   230.4   
5    100 158.439   2.08518     33.6257   230.4   
Done run 5 of 29

Beginning Run 6 of 29
Run  RI  Mean      95% CI      SD        Best    
6    0   24.5676   0.20341     3.28019   36.4    
6    1   50.4934   0.464059    7.48341   81.2    
6    2   94.9936   0.858427    13.843    144.8   
6    3   125.159   1.13165     18.2489   178.4   
6    4   137.265   1.34484     21.687    195.6   
6    5   143.559   1.46824     23.6768   197.8   
6    6   145.908   1.54694     24.946    202.2   
6    7   147.637   1.64631     26.5484   202.2   
6    8   150.214   1.6701      26.932    204.4   
6    9   150.689   1.67724     27.0471   204.4   
6    10  152.469   1.7059      27.5094   210.6   
6    11  152.891   1.74339     28.1139   210.6   
6    12  153.088   1.79545     28.9534   210.6   
6    13  155.249   1.75332     28.2741   211     
6    14  153.755   1.83778     29.6361   211     
6    15  155.534   1.82802     29.4787   211     
6    16  154.687   1.83139     29.5329   212.4   
6    17  155.362   1.86589     30.0893   213.4   
6    18  154.997   1.88715     30.4322   221.8   
6    19  155.627   1.87398     30.2198   221.8   
6    20  154.721   1.89247     30.518    221.8   
6    21  155.19    1.92897     31.1066   221.8   
6    22  156.444   1.93569     31.215    221.8   
6    23  156.834   1.90072     30.6509   221.8   
6    24  156.322   1.96091     31.6216   221.8   
6    25  157.014   1.92268     31.0051   221.8   
6    26  156.768   1.9011      30.6572   221.8   
6    27  157.432   1.88552     30.4058   221.8   
6    28  158.508   1.91628     30.9019   221.8   
6    29  157.134   1.95871     31.5862   221.8   
6    30  157.158   1.9568      31.5554   221.8   
6    31  157.86    1.91601     30.8977   221.8   
6    32  156.865   1.94665     31.3916   221.8   
6    33  158.848   1.86871     30.1349   221.8   
6    34  157.446   1.96922     31.7556   221.8   
6    35  158.137   1.91106     30.8177   221.8   
6    36  157.499   1.98084     31.9431   221.8   
6    37  157.236   1.99422     32.1588   221.8   
6    38  158.889   1.91879     30.9424   221.8   
6    39  157.171   1.97095     31.7836   221.8   
6    40  158.511   1.93233     31.1607   221.8   
6    41  158.342   1.96428     31.6761   221.8   
6    42  158.753   1.94245     31.3239   221.8   
6    43  158.637   1.97746     31.8886   221.8   
6    44  158.006   1.97374     31.8286   221.8   
6    45  157.678   2.01784     32.5397   221.8   
6    46  159.049   1.98271     31.9731   221.8   
6    47  159.599   1.97059     31.7778   221.8   
6    48  159.676   1.98945     32.0818   221.8   
6    49  158.122   1.98169     31.9568   221.8   
6    50  158.784   1.94431     31.3539   221.8   
6    51  158.46    1.96651     31.7119   232.4   
6    52  158.787   1.99711     32.2054   232.4   
6    53  157.949   2.04624     32.9977   232.4   
6    54  158.086   2.02503     32.6556   232.4   
6    55  159.118   1.97629     31.8696   232.4   
6    56  160.07    1.95607     31.5436   232.4   
6    57  159.849   1.95467     31.5209   232.4   
6    58  159.264   2.01757     32.5353   232.4   
6    59  159.754   1.9757      31.8601   232.4   
6    60  159.035   1.97306     31.8175   232.4   
6    61  159.258   1.99088     32.105    232.4   
6    62  158.936   2.01698     32.5258   232.4   
6    63  158.536   2.02331     32.6279   232.4   
6    64  158.789   1.98627     32.0305   232.4   
6    65  157.952   2.02493     32.654    232.4   
6    66  159.83    1.97937     31.9193   232.4   
6    67  160.068   2.03751     32.8569   232.4   
6    68  159.419   1.99941     32.2424   232.4   
6    69  159.788   1.9912      32.11     232.4   
6    70  159.869   1.97795     31.8965   232.4   
6    71  159.463   2.02651     32.6795   232.4   
6    72  159.825   2.01683     32.5234   232.4   
6    73  160.802   2.00551     32.3409   232.4   
6    74  160.544   2.01638     32.5162   232.4   
6    75  160.635   2.01816     32.5448   232.4   
6    76  160.263   2.02621     32.6747   232.4   
6    77  159.638   2.0649      33.2987   232.4   
6    78  159.628   2.04551     32.9859   232.4   
6    79  160.242   2.03498     32.8162   232.4   
6    80  158.5     2.09965     33.859    232.4   
6    81  159.172   2.04921     33.0456   232.4   
6    82  159.009   2.06011     33.2213   232.4   
6    83  158.144   2.05887     33.2014   232.4   
6    84  160.579   1.99235     32.1286   232.4   
6    85  160.538   2.06846     33.356    232.4   
6    86  160.509   2.03964     32.8912   232.4   
6    87  160.71    2.04476     32.9738   232.4   
6    88  160.87    2.05212     33.0924   232.4   
6    89  161.026   2.01379     32.4744   232.4   
6    90  160.443   2.02117     32.5934   232.4   
6    91  160.322   2.06676     33.3286   232.4   
6    92  160.969   2.00528     32.3371   232.4   
6    93  161.08    2.04768     33.0209   232.4   
6    94  160.068   2.04219     32.9323   232.4   
6    95  159.388   2.04351     32.9536   232.4   
6    96  160.094   2.08364     33.6009   232.4   
6    97  159.989   2.04239     32.9356   232.4   
6    98  160.285   2.04845     33.0333   232.4   
6    99  160.037   2.05225     33.0946   232.4   
6    100 159.221   2.08676     33.6511   232.4   
Done run 6 of 29

Beginning Run 7 of 29
Run  RI  Mean      95% CI      SD        Best    
7    0   24.3762   0.192153    3.09866   39.8    
7    1   47.2342   0.390558    6.29814   75.8    
7    2   85.2306   0.827802    13.3491   138.6   
7    3   133.318   1.24725     20.1132   198.6   
7    4   148.927   1.44184     23.2511   207.8   
7    5   151.731   1.64249     26.4869   213.4   
7    6   153.482   1.60666     25.909    216.6   
7    7   153.999   1.67676     27.0394   216.6   
7    8   155.744   1.72252     27.7774   216.6   
7    9   155.207   1.77363     28.6016   216.6   
7    10  156.005   1.82986     29.5083   216.6   
7    11  155.339   1.87457     30.2294   224.8   
7    12  156.185   1.81951     29.3414   224.8   
7    13  157.171   1.82679     29.4588   224.8   
7    14  157.018   1.81931     29.3381   224.8   
7    15  157.462   1.85285     29.8791   224.8   
7    16  158.278   1.86945     30.1468   224.8   
7    17  157.52    1.85491     29.9123   224.8   
7    18  157.211   1.90765     30.7628   224.8   
7    19  157.404   1.90751     30.7604   224.8   
7    20  156.54    1.90223     30.6753   224.8   
7    21  158.648   1.85936     29.9841   224.8   
7    22  157.834   1.95721     31.562    224.8   
7    23  157.179   1.97794     31.8963   224.8   
7    24  157.813   1.90732     30.7574   224.8   
7    25  158.238   1.9018      30.6685   224.8   
7    26  158       1.96106     31.6241   224.8   
7    27  158.067   1.96233     31.6445   224.8   
7    28  158.941   1.92121     30.9814   224.8   
7    29  158.572   1.98153     31.9541   224.8   
7    30  159.209   1.92297     31.0098   224.8   
7    31  158.604   1.95206     31.4789   224.8   
7    32  159.339   1.93176     31.1516   224.8   
7    33  159.776   1.91148     30.8246   224.8   
7    34  158.876   1.98238     31.9678   224.8   
7    35  159.66    1.93401     31.1878   224.8   
7    36  158.755   1.96659     31.7132   224.8   
7    37  158.892   1.99365     32.1497   224.8   
7    38  158.353   1.98633     32.0316   224.8   
7    39  159.804   1.98072     31.941    224.8   
7    40  158.669   1.98998     32.0904   224.8   
7    41  159.524   1.92904     31.1077   224.8   
7    42  159.641   1.93356     31.1805   224.8   
7    43  159.267   1.93083     31.1366   224.8   
7    44  158.241   1.9804      31.9359   224.8   
7    45  159.572   1.92602     31.0589   224.8   
7    46  159.927   1.98666     32.0369   224.8   
7    47  159.889   1.97159     31.7938   224.8   
7    48  160.325   1.97401     31.8329   224.8   
7    49  159.797   1.95535     31.532    224.8   
7    50  159.932   1.94564     31.3753   224.8   
7    51  159.424   1.99558     32.1807   224.8   
7    52  158.524   1.97936     31.9191   224.8   
7    53  158.587   1.98243     31.9686   224.8   
7    54  158.702   1.96115     31.6255   224.8   
7    55  158.754   1.99625     32.1916   224.8   
7    56  159.32    1.99962     32.2459   224.8   
7    57  159.128   1.96658     31.7131   224.8   
7    58  159.963   1.95626     31.5467   224.8   
7    59  159.148   2.01062     32.4232   224.8   
7    60  159.209   1.98219     31.9648   224.8   
7    61  159.321   1.96439     31.6777   224.8   
7    62  159.397   1.99092     32.1056   224.8   
7    63  159.473   1.94788     31.4114   224.8   
7    64  159.23    1.97001     31.7684   224.8   
7    65  159.456   1.98991     32.0893   224.8   
7    66  159.244   1.97507     31.8499   224.8   
7    67  158.505   2.01135     32.435    224.8   
7    68  159.257   1.96922     31.7556   224.8   
7    69  159.758   1.98322     31.9814   224.8   
7    70  158.626   2.02225     32.6108   224.8   
7    71  160.189   1.98298     31.9776   224.8   
7    72  160.446   1.95731     31.5636   224.8   
7    73  159.788   2.02398     32.6387   224.8   
7    74  160.942   1.95815     31.5771   224.8   
7    75  159.75    1.98157     31.9549   224.8   
7    76  159.313   2.01998     32.5743   224.8   
7    77  160.087   2.00276     32.2965   224.8   
7    78  161.215   1.97789     31.8954   224.8   
7    79  159.785   2.00379     32.3131   224.8   
7    80  158.662   2.03552     32.8248   224.8   
7    81  159.601   2.00834     32.3866   224.8   
7    82  160.311   1.99324     32.143    224.8   
7    83  160.092   1.9797      31.9246   224.8   
7    84  159.135   2.05698     33.1709   224.8   
7    85  158.557   2.08897     33.6867   224.8   
7    86  159.715   2.00204     32.2849   224.8   
7    87  160.766   2.04153     32.9217   224.8   
7    88  159.787   2.03681     32.8456   224.8   
7    89  159.89    2.02856     32.7125   224.8   
7    90  161.36    1.99385     32.1529   224.8   
7    91  160.518   2.03053     32.7443   224.8   
7    92  157.984   2.11145     34.0493   224.8   
7    93  160.4     2.03971     32.8923   224.8   
7    94  160.264   1.9819      31.9602   224.8   
7    95  160.287   1.98065     31.9399   224.8   
7    96  159.627   2.04206     32.9302   224.8   
7    97  160.902   1.97711     31.8829   224.8   
7    98  160.963   2.0074      32.3713   224.8   
7    99  160.151   2.0364      32.8391   224.8   
7    100 160.318   2.02706     32.6883   224.8   
Done run 7 of 29

Beginning Run 8 of 29
Run  RI  Mean      95% CI      SD        Best    
8    0   24.3244   0.202223    3.26105   41.2    
8    1   49.039    0.436567    7.04008   77      
8    2   89.5336   0.909734    14.6704   153.4   
8    3   126.78    1.18893     19.1726   177.4   
8    4   142.509   1.41611     22.8363   198     
8    5   148.035   1.57955     25.4718   198     
8    6   150.104   1.60297     25.8495   198     
8    7   151.111   1.71349     27.6317   206.2   
8    8   152.574   1.70802     27.5436   206.2   
8    9   152.574   1.77529     28.6283   206.2   
8    10  154.599   1.69106     27.27     206.2   
8    11  154.66    1.76561     28.4722   206.2   
8    12  154.235   1.792       28.8978   206.2   
8    13  154.99    1.78238     28.7427   208     
8    14  154.822   1.84579     29.7653   208     
8    15  155.543   1.80724     29.1435   211.4   
8    16  155.04    1.82081     29.3624   211.4   
8    17  154.584   1.86572     30.0867   213     
8    18  154.741   1.85636     29.9357   213     
8    19  156.786   1.85281     29.8785   213     
8    20  155.787   1.8911      30.4959   213     
8    21  157.327   1.85678     29.9424   213     
8    22  156.315   1.88255     30.3579   213     
8    23  157.323   1.86996     30.155    213     
8    24  156.127   1.9125      30.8409   213     
8    25  157.077   1.87182     30.185    217     
8    26  156.087   1.97501     31.849    217     
8    27  158.198   1.89261     30.5202   223     
8    28  158.109   1.92427     31.0307   223     
8    29  158.353   1.97373     31.8283   223     
8    30  158.698   1.93177     31.1517   223     
8    31  158.19    1.9496      31.4392   223     
8    32  157.912   1.9813      31.9505   223     
8    33  158.061   1.97642     31.8717   223     
8    34  157.804   1.9683      31.7408   223     
8    35  158.777   1.88497     30.397    223     
8    36  157.742   1.91884     30.9432   223     
8    37  158.072   1.97708     31.8824   223     
8    38  158.032   1.9635      31.6634   223     
8    39  158.957   1.93242     31.1623   223     
8    40  159.151   1.94732     31.4025   223     
8    41  158.945   1.96281     31.6522   223     
8    42  159.783   1.92798     31.0906   223     
8    43  159.28    1.96896     31.7515   223     
8    44  158.78    1.9772      31.8843   223     
8    45  158.783   2.00799     32.3808   223     
8    46  159.004   1.99699     32.2035   223     
8    47  158.7     2.01353     32.4702   223     
8    48  160.507   1.97211     31.8023   223     
8    49  158.992   2.02285     32.6205   223     
8    50  159.081   2.003       32.3003   223     
8    51  159.099   2.01719     32.5292   223     
8    52  158.394   2.00612     32.3507   223     
8    53  160.269   1.95843     31.5816   223     
8    54  158.16    2.01483     32.4912   223     
8    55  158.254   1.99858     32.229    223     
8    56  159.373   1.95576     31.5387   223     
8    57  160.092   1.97088     31.7824   223     
8    58  158.684   2.01042     32.42     223     
8    59  159.746   1.954       31.5103   223     
8    60  158.359   2.00869     32.3921   223     
8    61  159.203   2.02144     32.5977   223     
8    62  158.276   2.07361     33.439    223     
8    63  159.211   2.02317     32.6257   223     
8    64  159.391   1.9956      32.181    223     
8    65  158.116   2.01001     32.4135   223     
8    66  160.422   1.9526      31.4876   223     
8    67  158.899   1.99849     32.2277   223     
8    68  159.045   2.04126     32.9173   223     
8    69  158.885   2.01857     32.5514   223     
8    70  159.762   1.97503     31.8493   223     
8    71  159.095   1.99862     32.2298   223     
8    72  159.512   1.99298     32.1389   223     
8    73  159.254   2.03217     32.7708   223     
8    74  159.337   2.0344      32.8068   223     
8    75  158.623   2.04737     33.016    223     
8    76  160.052   1.974       31.8327   223     
8    77  160.496   1.9552      31.5296   223     
8    78  159.923   2.01578     32.5065   223     
8    79  159.867   2.05013     33.0604   223     
8    80  160.672   1.9699      31.7666   223     
8    81  159.245   2.04645     33.0011   223     
8    82  159.859   2.00776     32.3772   223     
8    83  158.79    2.07282     33.4264   223     
8    84  158.94    2.05265     33.1011   223     
8    85  159.551   2.0318      32.7648   223     
8    86  159.221   1.98883     32.0719   223     
8    87  158.893   1.97948     31.9211   223     
8    88  159.561   1.98322     31.9814   223     
8    89  158.803   2.06071     33.231    223     
8    90  159.654   2.02799     32.7034   223     
8    91  159.919   2.00411     32.3183   223     
8    92  159.621   2.03698     32.8483   223     
8    93  159.894   1.99577     32.1838   223     
8    94  159.504   2.02331     32.628    223     
8    95  159.139   2.0133      32.4664   223     
8    96  159.789   2.03791     32.8633   223     
8    97  160.033   2.01796     32.5416   223     
8    98  159.45    2.02867     32.7143   223     
8    99  159.116   2.05726     33.1754   223     
8    100 160.243   2.03624     32.8364   223     
Done run 8 of 29

Beginning Run 9 of 29
Run  RI  Mean      95% CI      SD        Best    
9    0   24.3994   0.200543    3.23395   42.2    
9    1   48.7788   0.454667    7.33196   86.6    
9    2   92.0086   0.88174     14.2189   150.4   
9    3   129.317   1.10993     17.8987   192     
9    4   141.539   1.35675     21.879    197     
9    5   146.318   1.54594     24.9298   203.8   
9    6   149.374   1.642       26.4789   211.6   
9    7   151.266   1.64968     26.6027   211.6   
9    8   153.59    1.66075     26.7812   213.2   
9    9   154.314   1.74203     28.092    213.2   
9    10  154.807   1.77907     28.6893   213.2   
9    11  154.893   1.76398     28.4459   213.2   
9    12  154.339   1.80621     29.1269   213.2   
9    13  155.295   1.80144     29.0501   213.2   
9    14  157.333   1.76546     28.4697   213.2   
9    15  155.662   1.89006     30.4791   215     
9    16  156.728   1.81162     29.2142   215     
9    17  158.002   1.84877     29.8133   217.2   
9    18  156.689   1.86849     30.1313   217.2   
9    19  157.398   1.87566     30.2469   217.2   
9    20  158.41    1.86885     30.137    217.2   
9    21  157.548   1.85176     29.8616   217.2   
9    22  158.033   1.89567     30.5695   217.2   
9    23  158.093   1.93618     31.2229   217.2   
9    24  156.785   1.97983     31.9267   217.2   
9    25  158.874   1.88507     30.3986   217.2   
9    26  157.257   2.02759     32.6969   219.6   
9    27  157.637   1.92124     30.9819   219.6   
9    28  158.003   1.96544     31.6947   219.6   
9    29  158.098   1.92471     31.0378   219.6   
9    30  158.633   1.93935     31.274    219.6   
9    31  159.174   1.8769      30.2669   219.6   
9    32  159.103   1.94154     31.3093   219.6   
9    33  158.862   1.91456     30.8742   219.6   
9    34  158.023   2.01613     32.5122   219.6   
9    35  157.634   1.95258     31.4873   219.6   
9    36  159.068   1.93718     31.239    219.6   
9    37  157.944   1.97197     31.7999   219.6   
9    38  158.62    1.96478     31.6841   219.6   
9    39  158.411   1.95835     31.5803   219.6   
9    40  158.367   1.95636     31.5482   225     
9    41  157.757   1.98433     31.9993   225     
9    42  159.8     1.94215     31.3192   225     
9    43  159.177   1.9737      31.828    225     
9    44  158.647   1.99099     32.1066   225     
9    45  159.999   1.94227     31.3211   225     
9    46  159.197   2.00147     32.2757   225     
9    47  159.293   1.97002     31.7685   225     
9    48  158.699   2.04097     32.9126   225     
9    49  158.941   1.99329     32.1438   225     
9    50  159.067   1.99865     32.2303   225     
9    51  159.202   2.02895     32.7188   225     
9    52  159.317   1.98137     31.9516   225     
9    53  159.855   2.01947     32.5661   225     
9    54  159.758   2.01938     32.5645   225     
9    55  159.496   1.99858     32.2291   225     
9    56  159.967   2.02358     32.6323   225     
9    57  158.54    2.04117     32.9159   225     
9    58  159.28    1.99942     32.2427   225     
9    59  158.388   2.07828     33.5143   225     
9    60  159.931   1.98529     32.0148   225     
9    61  158.718   2.04455     32.9704   225     
9    62  160.191   1.95459     31.5197   225     
9    63  159.393   2.05093     33.0733   225.2   
9    64  159.584   1.98887     32.0725   225.2   
9    65  158.522   2.04222     32.9328   225.2   
9    66  159.253   2.01893     32.5572   225.2   
9    67  159.545   2.03163     32.762    225.2   
9    68  158.067   2.05748     33.179    225.2   
9    69  158.991   2.03304     32.7848   225.2   
9    70  159.397   1.99225     32.127    225.2   
9    71  159.259   2.03462     32.8103   225.2   
9    72  159.1     2.02503     32.6556   225.2   
9    73  159.098   1.99841     32.2263   225.2   
9    74  159.876   1.96227     31.6436   225.2   
9    75  160.6     1.99221     32.1263   225.2   
9    76  160.607   1.96962     31.762    225.2   
9    77  160.165   2.06787     33.3465   225.2   
9    78  160.032   2.06413     33.2862   225.2   
9    79  159.904   2.03614     32.8348   225.2   
9    80  160.67    2.01224     32.4493   225.2   
9    81  159.431   2.02111     32.5924   225.2   
9    82  160.854   1.99922     32.2393   225.2   
9    83  160.439   1.98427     31.9983   225.2   
9    84  160.572   2.0019      32.2826   225.2   
9    85  160.339   2.00149     32.276    225.2   
9    86  161.27    2.01397     32.4773   225.2   
9    87  160.993   2.06294     33.267    225.2   
9    88  160.299   2.06904     33.3654   225.2   
9    89  160.154   2.10146     33.8882   225.2   
9    90  160.883   2.04324     32.9492   225.2   
9    91  160.677   2.0567      33.1664   225.2   
9    92  160.253   2.0912      33.7227   225.2   
9    93  161.767   2.03366     32.7948   225.2   
9    94  160.374   2.07875     33.5219   225.2   
9    95  159.599   2.10973     34.0216   225.2   
9    96  161.321   2.02445     32.6464   225.2   
9    97  160.215   2.02894     32.7187   225.2   
9    98  161.06    2.04727     33.0144   225.2   
9    99  160.412   2.10931     34.0148   225.2   
9    100 160.185   2.05293     33.1056   225.2   
Done run 9 of 29

Beginning Run 10 of 29
Run  RI  Mean      95% CI      SD        Best    
10   0   24.5278   0.201817    3.2545    40.4    
10   1   51.6322   0.471103    7.59701   84.2    
10   2   100.14    0.968828    15.6233   159.8   
10   3   132.57    1.16671     18.8144   195.4   
10   4   142.646   1.41392     22.8009   207.2   
10   5   147.301   1.48297     23.9144   207.2   
10   6   148.166   1.61253     26.0037   209.2   
10   7   151.294   1.59177     25.6689   209.2   
10   8   151.058   1.69106     27.2701   209.2   
10   9   151.547   1.74609     28.1574   209.2   
10   10  153.56    1.73461     27.9724   209.2   
10   11  153.736   1.78829     28.838    217.2   
10   12  154.083   1.8149      29.267    217.2   
10   13  155.092   1.78304     28.7534   217.2   
10   14  154.765   1.80582     29.1206   217.2   
10   15  154.935   1.82295     29.3969   217.2   
10   16  155.771   1.82364     29.4079   217.2   
10   17  156.262   1.79009     28.867    217.2   
10   18  156.556   1.86887     30.1374   217.2   
10   19  156.356   1.87988     30.3149   217.2   
10   20  156.164   1.90496     30.7194   217.2   
10   21  155.358   1.91858     30.939    217.2   
10   22  156.398   1.88273     30.3609   217.2   
10   23  155.718   1.85277     29.8777   217.2   
10   24  157.002   1.89048     30.4859   217.2   
10   25  156.325   1.92414     31.0287   220.2   
10   26  156.789   1.8539      29.8961   220.2   
10   27  156.039   1.94063     31.2945   220.2   
10   28  156.776   1.92639     31.065    220.2   
10   29  156.363   1.93394     31.1867   220.2   
10   30  156.361   1.9031      30.6893   220.2   
10   31  155.861   1.91306     30.85     220.2   
10   32  156.825   1.92889     31.1053   220.2   
10   33  156.339   1.92564     31.0528   220.2   
10   34  157.182   1.94347     31.3404   220.2   
10   35  157.992   1.93092     31.138    220.2   
10   36  158.236   1.91027     30.805    220.2   
10   37  157.818   1.95433     31.5156   220.2   
10   38  158.141   1.94764     31.4076   220.2   
10   39  157.62    1.95942     31.5976   220.2   
10   40  157.095   1.94439     31.3553   220.2   
10   41  158.902   1.87376     30.2163   220.2   
10   42  156.8     2.0222      32.6101   220.2   
10   43  157.781   2.02084     32.5881   220.2   
10   44  157.932   2.02516     32.6577   220.2   
10   45  158.408   2.015       32.4939   220.2   
10   46  157.532   2.07635     33.4832   220.2   
10   47  159.265   1.9756      31.8585   220.2   
10   48  159.814   1.93122     31.1429   220.2   
10   49  158.482   1.9772      31.8844   220.2   
10   50  158.22    1.97105     31.7851   220.2   
10   51  157.626   1.98356     31.9869   220.2   
10   52  157.469   1.98045     31.9368   220.2   
10   53  158.11    1.96162     31.6332   220.2   
10   54  158.218   1.95092     31.4605   220.2   
10   55  157.421   2.0283      32.7083   220.2   
10   56  158.657   1.94315     31.3353   225     
10   57  159.988   1.94857     31.4226   225     
10   58  158.912   1.98312     31.9798   225     
10   59  159.01    1.97804     31.8978   225     
10   60  158.36    2.00128     32.2726   225     
10   61  158.455   1.96499     31.6874   225     
10   62  158.629   2.00926     32.4014   225     
10   63  158.025   1.97281     31.8135   225     
10   64  158.947   1.99672     32.1992   225     
10   65  158.071   2.03837     32.8707   225     
10   66  157.724   2.02534     32.6606   225     
10   67  159.137   2.00633     32.3541   225     
10   68  159.583   1.91612     30.8994   225     
10   69  158.14    1.97101     31.7845   225     
10   70  158.228   2.01383     32.4751   225     
10   71  157.853   2.01665     32.5205   225     
10   72  160.006   1.95492     31.5251   225     
10   73  158.808   1.98965     32.0852   225     
10   74  158.634   2.03299     32.784    225     
10   75  158.082   2.08189     33.5725   225     
10   76  159.044   2.05452     33.1313   225     
10   77  158.563   2.00817     32.3838   225     
10   78  159.049   1.99813     32.2218   225     
10   79  159.297   2.04143     32.9202   225     
10   80  160.786   1.95415     31.5126   225     
10   81  158.976   2.0082      32.3842   225     
10   82  159.417   2.01412     32.4797   225     
10   83  159.175   2.01196     32.4449   225     
10   84  159.27    2.03425     32.8043   225     
10   85  159.509   2.01671     32.5215   225     
10   86  159.3     2.00464     32.3269   225.8   
10   87  160.575   1.98126     31.9498   225.8   
10   88  158.794   1.99767     32.2144   225.8   
10   89  160.11    1.99135     32.1126   225.8   
10   90  158.556   2.02359     32.6324   225.8   
10   91  159.748   1.99711     32.2054   225.8   
10   92  158.136   2.03951     32.8891   225.8   
10   93  159.195   2.01458     32.4871   225.8   
10   94  158.237   2.11083     34.0392   225.8   
10   95  159.777   2.00382     32.3136   225.8   
10   96  159.349   2.03636     32.8383   225.8   
10   97  159.413   2.04586     32.9916   225.8   
10   98  158.616   2.05887     33.2014   225.8   
10   99  159.801   1.98825     32.0626   225.8   
10   100 159.229   2.02913     32.7217   225.8   
Done run 10 of 29

Beginning Run 11 of 29
Run  RI  Mean      95% CI      SD        Best    
11   0   24.4354   0.207659    3.34872   38      
11   1   50.6778   0.443407    7.15039   78      
11   2   86.493    0.775135    12.4998   134.6   
11   3   116.625   1.14577     18.4767   178.6   
11   4   132.516   1.30411     21.0301   188.8   
11   5   139.897   1.46775     23.669    203.8   
11   6   144.56    1.57617     25.4174   206.4   
11   7   147.043   1.66445     26.8408   206.4   
11   8   148.308   1.69735     27.3715   206.4   
11   9   149.825   1.7581      28.3511   216.2   
11   10  149.981   1.77469     28.6187   216.2   
11   11  151.53    1.75901     28.3658   216.2   
11   12  151.502   1.8064      29.13     216.2   
11   13  153.662   1.73027     27.9023   216.2   
11   14  154.589   1.75309     28.2704   216.2   
11   15  152.619   1.85642     29.9366   216.2   
11   16  154.767   1.78252     28.7449   216.2   
11   17  154.205   1.81434     29.2581   216.2   
11   18  155.43    1.83449     29.5829   216.2   
11   19  154.028   1.89226     30.5146   216.2   
11   20  155.107   1.8537      29.8927   216.2   
11   21  154.599   1.88821     30.4492   216.2   
11   22  155.192   1.89819     30.6103   216.2   
11   23  154.998   1.95186     31.4757   216.2   
11   24  155.928   1.8807      30.3282   216.2   
11   25  156.369   1.88953     30.4706   216.2   
11   26  155.445   1.93896     31.2677   216.2   
11   27  156.649   1.95176     31.4742   216.2   
11   28  155.669   1.93101     31.1395   216.2   
11   29  156.057   1.92068     30.9729   216.2   
11   30  156.129   1.95603     31.5429   216.2   
11   31  157.056   1.90235     30.6773   216.2   
11   32  156.191   1.93399     31.1875   216.2   
11   33  157.211   1.94843     31.4204   216.2   
11   34  156.482   1.96974     31.7641   216.2   
11   35  156.82    1.95601     31.5426   216.2   
11   36  157.205   1.929       31.107    216.2   
11   37  156.575   1.9821      31.9634   216.2   
11   38  156.883   1.97988     31.9275   220.6   
11   39  157.003   1.9346      31.1974   220.6   
11   40  157.123   2.0098      32.41     220.6   
11   41  157.551   1.9767      31.8763   220.6   
11   42  157.429   2.00019     32.255    220.6   
11   43  157.727   2.01366     32.4723   220.6   
11   44  157.743   2.00465     32.3269   220.6   
11   45  158.15    1.95798     31.5744   220.6   
11   46  157.994   1.97559     31.8583   220.6   
11   47  158.263   2.01019     32.4163   220.6   
11   48  158.053   1.99442     32.162    220.6   
11   49  158.884   1.95085     31.4594   220.6   
11   50  157.545   1.97734     31.8866   220.6   
11   51  157.792   2.01836     32.548    220.6   
11   52  157.912   2.02668     32.6823   220.6   
11   53  157.777   2.0028      32.2971   220.6   
11   54  157.463   2.02223     32.6105   220.6   
11   55  158.559   2.00344     32.3075   220.6   
11   56  159.106   2.00493     32.3315   220.6   
11   57  157.738   2.00496     32.3321   220.6   
11   58  158.205   1.99971     32.2473   220.6   
11   59  157.896   2.01235     32.4512   220.6   
11   60  158.978   2.00281     32.2973   220.6   
11   61  157.91    2.06824     33.3525   220.6   
11   62  157.809   2.01177     32.4419   220.6   
11   63  159.845   1.93983     31.2818   220.6   
11   64  158.075   2.04734     33.0155   223.6   
11   65  159.474   1.96023     31.6107   223.6   
11   66  158.898   2.03633     32.8378   223.6   
11   67  157.972   2.05776     33.1835   223.6   
11   68  159.283   1.94237     31.3226   223.6   
11   69  158.961   1.99048     32.0984   223.6   
11   70  159.09    2.03307     32.7853   223.6   
11   71  158.201   2.04822     33.0297   223.6   
11   72  159.675   1.98502     32.0104   223.6   
11   73  159.638   2.03656     32.8416   223.6   
11   74  159.701   2.01705     32.527    223.6   
11   75  159.369   2.05368     33.1176   223.6   
11   76  159.203   2.07386     33.4431   223.6   
11   77  160.278   1.96761     31.7297   223.6   
11   78  160.4     2.03507     32.8175   223.6   
11   79  159.28    2.02594     32.6704   223.6   
11   80  159.34    1.9965      32.1955   223.6   
11   81  159.638   2.0034      32.3069   223.6   
11   82  159.432   2.09349     33.7596   223.6   
11   83  160.598   1.99665     32.198    223.6   
11   84  158.476   2.08591     33.6374   223.6   
11   85  160.204   2.02883     32.7169   223.6   
11   86  160.037   2.045       32.9776   223.6   
11   87  160.016   2.04216     32.9319   223.6   
11   88  158.694   2.0958      33.7968   223.6   
11   89  159.733   2.00631     32.3538   223.6   
11   90  161.315   1.98918     32.0775   223.6   
11   91  159.65    2.06729     33.3371   223.6   
11   92  159.774   2.0454      32.984    223.6   
11   93  159.539   2.10989     34.0242   223.6   
11   94  160.025   2.04917     33.045    223.6   
11   95  159.268   2.0915      33.7275   223.6   
11   96  160.237   2.02729     32.6921   224.6   
11   97  160.187   2.04457     32.9707   224.6   
11   98  161.1     2.04476     32.9738   224.6   
11   99  160.942   1.98724     32.0462   224.6   
11   100 160.81    2.05659     33.1646   224.6   
Done run 11 of 29

Beginning Run 12 of 29
Run  RI  Mean      95% CI      SD        Best    
12   0   24.4204   0.19555     3.15343   38.8    
12   1   51.4178   0.498048    8.03152   96.6    
12   2   101.767   0.875467    14.1178   163.8   
12   3   130.647   1.1657      18.7981   185.4   
12   4   144.598   1.42534     22.985    197.4   
12   5   149.844   1.54576     24.9269   209.2   
12   6   152.094   1.65512     26.6905   217.8   
12   7   153.797   1.72074     27.7487   217.8   
12   8   153.605   1.78941     28.8561   217.8   
12   9   155.231   1.80749     29.1476   217.8   
12   10  155.6     1.7779      28.6704   217.8   
12   11  156.337   1.80694     29.1386   217.8   
12   12  157.043   1.81809     29.3186   217.8   
12   13  156.854   1.87792     30.2833   218.8   
12   14  157.93    1.88055     30.3257   218.8   
12   15  157.494   1.87183     30.1852   218.8   
12   16  157.443   1.91421     30.8685   218.8   
12   17  157.828   1.92305     31.011    218.8   
12   18  158.078   1.90884     30.782    218.8   
12   19  159.065   1.9104      30.8072   218.8   
12   20  158.928   1.92181     30.9911   220.8   
12   21  157.387   1.97071     31.7796   220.8   
12   22  159.763   1.91264     30.8433   220.8   
12   23  159.313   1.95497     31.5258   220.8   
12   24  158.807   1.94636     31.3871   220.8   
12   25  158.416   1.95548     31.5341   220.8   
12   26  157.556   2.03849     32.8727   220.8   
12   27  158.414   1.97685     31.8787   220.8   
12   28  157.704   2.01609     32.5115   220.8   
12   29  159.648   1.95624     31.5463   220.8   
12   30  159.259   1.98825     32.0626   220.8   
12   31  159.185   1.99775     32.2157   223.8   
12   32  158.881   2.00247     32.2918   223.8   
12   33  159.441   1.97247     31.8081   223.8   
12   34  159.047   1.9537      31.5053   223.8   
12   35  158.376   1.98808     32.0597   223.8   
12   36  159.078   1.95445     31.5175   223.8   
12   37  159.149   1.98444     32.0011   223.8   
12   38  158.595   2.03174     32.7638   223.8   
12   39  160.556   1.97533     31.8541   223.8   
12   40  159.902   2.04218     32.9322   223.8   
12   41  158.652   2.06521     33.3036   223.8   
12   42  159.318   2.04451     32.9698   223.8   
12   43  160.554   1.98229     31.9665   223.8   
12   44  160.189   1.97797     31.8967   223.8   
12   45  160.349   2.00321     32.3037   223.8   
12   46  159.137   2.02771     32.6988   223.8   
12   47  160.445   2.00069     32.2631   223.8   
12   48  159.105   2.01513     32.496    223.8   
12   49  160.495   1.98559     32.0196   223.8   
12   50  160.077   2.02809     32.7049   223.8   
12   51  160.459   2.03672     32.8441   223.8   
12   52  160.201   2.01321     32.4651   223.8   
12   53  160.28    2.03218     32.771    223.8   
12   54  160.309   2.00165     32.2785   223.8   
12   55  160.439   1.99985     32.2496   223.8   
12   56  160.334   2.04708     33.0112   226.4   
12   57  160.398   2.06437     33.29     226.4   
12   58  161       2.03855     32.8736   226.4   
12   59  160.699   2.01634     32.5155   226.4   
12   60  160.785   2.06957     33.374    226.4   
12   61  160.129   2.07889     33.5242   226.4   
12   62  160.961   2.04567     32.9885   226.4   
12   63  161.275   2.02421     32.6424   226.4   
12   64  161.12    2.05324     33.1106   226.4   
12   65  160.193   2.02666     32.682    226.4   
12   66  161.493   1.99087     32.1048   226.4   
12   67  161.125   2.04198     32.9289   226.4   
12   68  160.717   2.05218     33.0934   226.4   
12   69  161.528   2.02399     32.6389   226.4   
12   70  160.949   2.04566     32.9883   226.4   
12   71  161.037   2.04816     33.0286   226.4   
12   72  160.815   2.06123     33.2394   226.4   
12   73  161.561   2.05326     33.1109   226.4   
12   74  160.171   2.13428     34.4174   226.4   
12   75  160       2.06587     33.3142   226.4   
12   76  160.997   2.04672     33.0055   226.4   
12   77  161.244   2.04566     32.9883   226.4   
12   78  161.495   2.07701     33.4939   226.4   
12   79  160.677   2.04924     33.0461   226.4   
12   80  160.066   2.09678     33.8126   226.4   
12   81  160.423   2.08507     33.6239   226.4   
12   82  161.139   2.06384     33.2815   226.4   
12   83  161.608   2.04379     32.9581   226.4   
12   84  160.877   2.05624     33.1589   226.4   
12   85  161.546   2.04906     33.0431   226.4   
12   86  160.462   2.09435     33.7735   226.4   
12   87  161.537   2.07649     33.4855   226.4   
12   88  161.722   2.07537     33.4674   226.4   
12   89  160.92    2.08747     33.6625   226.4   
12   90  161.157   2.06943     33.3716   226.4   
12   91  161.464   2.06799     33.3484   226.4   
12   92  160.359   2.13142     34.3712   226.4   
12   93  162.208   2.06839     33.3549   226.4   
12   94  161.77    2.07        33.3808   226.4   
12   95  161.472   2.07247     33.4206   226.4   
12   96  162.132   2.02207     32.6079   226.4   
12   97  161.293   2.08344     33.5976   226.4   
12   98  161.97    2.0647      33.2954   226.4   
12   99  160.336   2.09268     33.7465   226.4   
12   100 161.056   2.08434     33.6121   226.4   
Done run 12 of 29

Beginning Run 13 of 29
Run  RI  Mean      95% CI      SD        Best    
13   0   24.5828   0.203529    3.28211   38.8    
13   1   52.7054   0.551966    8.901     96      
13   2   105.694   1.03739     16.729    164.8   
13   3   137.358   1.30063     20.974    205.6   
13   4   146.703   1.49459     24.1018   205.6   
13   5   151.863   1.6153      26.0484   211.2   
13   6   154.56    1.68368     27.1511   211.2   
13   7   154.113   1.85182     29.8624   211.2   
13   8   155.727   1.76862     28.5208   211.2   
13   9   157.265   1.76241     28.4206   222.4   
13   10  156.711   1.84307     29.7213   222.4   
13   11  157.443   1.89412     30.5446   222.4   
13   12  157.827   1.8807      30.3282   222.4   
13   13  158.951   1.88984     30.4756   222.4   
13   14  158.445   1.94586     31.3789   222.4   
13   15  159.111   1.91227     30.8373   222.4   
13   16  159.164   1.89823     30.6109   222.4   
13   17  160.166   1.87597     30.2518   222.4   
13   18  159.17    1.98204     31.9624   222.4   
13   19  160.205   1.96032     31.6122   222.4   
13   20  159.257   1.99222     32.1265   222.4   
13   21  160.623   1.93865     31.2627   222.4   
13   22  159.512   1.98183     31.9591   222.4   
13   23  160.625   1.93528     31.2083   222.4   
13   24  161.332   1.93593     31.2188   222.4   
13   25  161.278   1.97799     31.8971   222.4   
13   26  160.68    2.02157     32.5998   222.4   
13   27  160.748   2.03836     32.8706   222.4   
13   28  160.542   2.05573     33.1508   222.4   
13   29  160.559   2.03641     32.8392   222.4   
13   30  161.436   2.04185     32.9269   222.4   
13   31  162.27    2.00084     32.2655   224.2   
13   32  161.515   2.01037     32.4192   224.2   
13   33  161.259   2.04297     32.9449   224.2   
13   34  160.212   2.06514     33.3025   224.2   
13   35  161.503   2.05633     33.1603   224.2   
13   36  161.835   1.99396     32.1546   224.2   
13   37  161.153   2.04473     32.9733   224.2   
13   38  161.063   2.01567     32.5046   224.2   
13   39  160.474   2.07012     33.3827   224.2   
13   40  161.536   2.0302      32.7389   224.2   
13   41  160.948   2.08642     33.6457   224.2   
13   42  161.571   2.09818     33.8353   224.2   
13   43  160.718   2.08437     33.6126   224.2   
13   44  161.448   2.03569     32.8275   224.2   
13   45  161.547   2.04686     33.0077   224.2   
13   46  161.615   2.03036     32.7416   224.2   
13   47  161.656   2.04074     32.9089   224.2   
13   48  162.274   2.04455     32.9703   224.2   
13   49  160.839   2.07039     33.3871   224.2   
13   50  161.299   2.08564     33.633    224.2   
13   51  161.383   2.09608     33.8014   224.2   
13   52  160.385   2.06193     33.2507   224.2   
13   53  160.784   2.05564     33.1492   224.2   
13   54  159.41    2.07903     33.5265   224.2   
13   55  160.69    2.06959     33.3742   224.2   
13   56  160.99    2.03639     32.8389   224.2   
13   57  160.716   2.01318     32.4646   224.2   
13   58  160.619   2.04772     33.0215   224.2   
13   59  160.743   2.01036     32.419    224.2   
13   60  160.964   2.02361     32.6328   224.2   
13   61  160.466   2.06812     33.3505   224.2   
13   62  160.248   2.06559     33.3097   224.2   
13   63  161.035   2.03571     32.8278   224.2   
13   64  162.258   1.96781     31.733    224.2   
13   65  161.668   2.0342      32.8036   224.2   
13   66  160.706   2.05126     33.0786   224.2   
13   67  161.417   2.04675     33.0059   224.2   
13   68  161.308   2.04958     33.0515   224.2   
13   69  161.286   2.03993     32.8958   224.2   
13   70  160.598   2.09748     33.824    224.2   
13   71  160.488   2.0487      33.0373   224.2   
13   72  160.411   2.05043     33.0653   224.2   
13   73  160.383   2.02508     32.6565   224.2   
13   74  160.623   2.03634     32.8381   224.2   
13   75  160.197   2.07637     33.4835   224.2   
13   76  160.404   2.05879     33.2      224.2   
13   77  160.19    2.08606     33.6398   224.2   
13   78  160.044   2.10921     34.0132   224.2   
13   79  160.501   2.05949     33.2113   224.2   
13   80  160.884   2.03879     32.8775   224.2   
13   81  160.605   2.11749     34.1467   224.2   
13   82  160.562   2.05475     33.1349   224.2   
13   83  159.988   2.07383     33.4426   224.2   
13   84  161.829   2.02126     32.5949   224.2   
13   85  160.321   2.10822     33.9972   224.2   
13   86  161.458   2.0512      33.0776   224.2   
13   87  161.164   2.06465     33.2946   224.2   
13   88  161.413   2.01842     32.549    224.2   
13   89  160.103   2.13834     34.4829   224.2   
13   90  160.743   2.05512     33.1408   224.2   
13   91  161.124   2.05431     33.1278   224.2   
13   92  160.516   2.09408     33.7692   224.2   
13   93  160.604   2.08411     33.6083   224.2   
13   94  160.783   2.05785     33.1849   224.2   
13   95  160.752   2.13452     34.4213   224.2   
13   96  161.573   2.0726      33.4227   224.2   
13   97  161.459   2.09616     33.8027   224.2   
13   98  161.078   2.04609     32.9952   224.2   
13   99  161.15    2.09865     33.8429   224.2   
13   100 161.272   2.07773     33.5055   224.2   
Done run 13 of 29

Beginning Run 14 of 29
Run  RI  Mean      95% CI      SD        Best    
14   0   24.561    0.19503     3.14505   38.4    
14   1   46.3698   0.341017    5.49924   69.2    
14   2   82.0748   0.782791    12.6233   140     
14   3   118.482   1.03436     16.6801   175     
14   4   134.875   1.32427     21.3552   192.2   
14   5   143.541   1.41065     22.7481   192.2   
14   6   146.482   1.55672     25.1037   205.2   
14   7   148.049   1.6386      26.4241   209.6   
14   8   148.61    1.64066     26.4573   209.6   
14   9   151.047   1.68279     27.1367   209.6   
14   10  150.346   1.7641      28.4479   209.6   
14   11  151.315   1.73505     27.9794   209.6   
14   12  152.034   1.76361     28.4399   209.6   
14   13  152.966   1.73663     28.0049   209.6   
14   14  152.606   1.77397     28.607    209.6   
14   15  152.527   1.84444     29.7435   214.8   
14   16  154.266   1.76926     28.5311   214.8   
14   17  154.575   1.8317      29.5379   214.8   
14   18  155.168   1.84109     29.6894   214.8   
14   19  154.959   1.82159     29.375    214.8   
14   20  154.946   1.84478     29.749    215.2   
14   21  155.381   1.82687     29.4601   215.2   
14   22  155.192   1.90486     30.7178   215.2   
14   23  156.391   1.88669     30.4248   215.2   
14   24  157.024   1.87319     30.207    215.2   
14   25  156.56    1.87914     30.3031   215.2   
14   26  156.983   1.88749     30.4377   215.2   
14   27  158.409   1.83509     29.5926   215.2   
14   28  156.702   1.91661     30.9072   215.2   
14   29  156.764   1.88223     30.3528   215.2   
14   30  157.059   1.91292     30.8477   215.2   
14   31  158.004   1.89203     30.5108   215.2   
14   32  157.992   1.925       31.0426   221.6   
14   33  157.672   1.877       30.2686   221.6   
14   34  157.619   1.90878     30.7809   221.6   
14   35  158.058   1.93908     31.2696   221.6   
14   36  158.477   1.93045     31.1304   221.6   
14   37  158.378   1.9093      30.7893   221.6   
14   38  158.473   1.89979     30.636    221.6   
14   39  158.031   1.94095     31.2998   221.6   
14   40  158.42    1.99491     32.17     221.6   
14   41  157.318   1.9805      31.9376   221.6   
14   42  158.158   1.95322     31.4975   221.6   
14   43  157.656   1.94926     31.4338   221.6   
14   44  158.35    1.9577      31.5699   221.6   
14   45  158.264   2.02969     32.7308   224.8   
14   46  159.202   1.97715     31.8836   224.8   
14   47  158.224   1.95829     31.5794   224.8   
14   48  158.064   2.03136     32.7578   224.8   
14   49  157.43    1.9827      31.973    224.8   
14   50  159.381   1.97404     31.8334   224.8   
slurmstepd: error: *** JOB 2908843 ON gra704 CANCELLED AT 2023-01-24T01:02:42 DUE TO TIME LIMIT ***
