24; ./512PM ./PM512/P7/ps5/ ./Profiles/Profile7_512.dat 7 0.00894393 0.000178769 0.323268 0.0182953 0.00196552 0.0127864 0.496811 0.024949 0.112802
Graph Evolution Tool.
Initial Graph: Ring with m = 2
Fitness Function: Profile Matching
Representation: THADS-N with Operation Densities
Densities: 0.00894393 0.000178769 0.323268 0.0182953 0.00196552 0.0127864 0.496811 0.024949 0.112802 
Profile: 1 12 40 60 56 32 20 16 16 16 20 32 56 56 44 28 8 
Check readme.dat for more information about parameters/output.

Beginning Run 0 of 29
Run  RI  Mean      95% CI      SD        Best    
0    0   53.2167   0.114507    1.84654   48.3314     	Dead: 0
0    1   51.9968   0.116588    1.88009   46.5648     	Dead: 0
0    2   50.7038   0.106907    1.72399   45.9422     	Dead: 0
0    3   49.5933   0.104461    1.68454   45.7935     	Dead: 0
0    4   48.5538   0.0943889   1.52212   43.7169     	Dead: 0
0    5   47.7548   0.0839604   1.35394   43.7169     	Dead: 0
0    6   47.1627   0.0817556   1.31839   43.6494     	Dead: 0
0    7   46.6383   0.0797631   1.28626   43.6494     	Dead: 0
0    8   46.1273   0.0783533   1.26353   43.1057     	Dead: 0
0    9   45.6654   0.0693419   1.11821   43.1057     	Dead: 0
0    10  45.2706   0.0668375   1.07782   42.5398     	Dead: 0
0    11  44.9836   0.0694843   1.1205    42.4567     	Dead: 0
0    12  44.647    0.0642337   1.03583   42.3381     	Dead: 0
0    13  44.4296   0.0652772   1.05266   41.8269     	Dead: 0
0    14  44.1353   0.0626871   1.01089   41.7882     	Dead: 0
0    15  43.8615   0.0605122   0.97582   41.5915     	Dead: 0
0    16  43.6219   0.0619617   0.999194  41.3223     	Dead: 0
0    17  43.3463   0.0615406   0.992404  40.0773     	Dead: 0
0    18  43.148    0.0614503   0.990947  39.7036     	Dead: 0
0    19  42.925    0.0621022   1.00146   39.7036     	Dead: 0
0    20  42.664    0.0622232   1.00341   39.7036     	Dead: 0
0    21  42.4428   0.062405    1.00634   39.223      	Dead: 0
0    22  42.2287   0.0617917   0.996452  39.223      	Dead: 0
0    23  42.0369   0.0617841   0.996331  39.223      	Dead: 0
0    24  41.8492   0.0615311   0.992251  39.223      	Dead: 0
0    25  41.6493   0.0603895   0.97384   39.0726     	Dead: 0
0    26  41.4906   0.0599001   0.965949  39.0726     	Dead: 0
0    27  41.3582   0.0635106   1.02417   38.6717     	Dead: 0
0    28  41.1481   0.0603204   0.972726  38.6717     	Dead: 0
0    29  41.0234   0.0613889   0.989957  38.6709     	Dead: 0
0    30  40.8389   0.0594013   0.957905  38.1153     	Dead: 0
0    31  40.7459   0.0608275   0.980904  38.1153     	Dead: 0
0    32  40.674    0.0639327   1.03098   38.1153     	Dead: 0
0    33  40.5486   0.0647093   1.0435    38.1153     	Dead: 0
0    34  40.4331   0.0636856   1.02699   37.5009     	Dead: 0
0    35  40.3075   0.0666003   1.074     37.5009     	Dead: 0
0    36  40.2053   0.0677028   1.09178   37.5009     	Dead: 0
0    37  40.0735   0.0656038   1.05793   37.5009     	Dead: 0
0    38  39.9897   0.0656954   1.0594    37.5009     	Dead: 0
0    39  39.8599   0.0646729   1.04292   37.5009     	Dead: 0
0    40  39.7903   0.066592    1.07386   37.5009     	Dead: 0
0    41  39.6665   0.0660034   1.06437   37.5009     	Dead: 0
0    42  39.5585   0.0670559   1.08134   37.0853     	Dead: 0
0    43  39.4058   0.0660271   1.06475   36.8066     	Dead: 0
0    44  39.2912   0.0667305   1.0761    36.8066     	Dead: 0
0    45  39.107    0.0655136   1.05647   36.8066     	Dead: 0
0    46  38.9323   0.0655299   1.05674   36.615      	Dead: 0
0    47  38.6899   0.063163    1.01857   35.7359     	Dead: 0
0    48  38.523    0.0660152   1.06456   35.7359     	Dead: 0
0    49  38.3354   0.0653546   1.05391   35.2066     	Dead: 0
0    50  38.0981   0.0637952   1.02876   35.2066     	Dead: 0
0    51  37.8337   0.0614915   0.991612  34.6723     	Dead: 0
0    52  37.5751   0.0622992   1.00464   34.6723     	Dead: 0
0    53  37.3473   0.0619326   0.998724  34.6723     	Dead: 0
0    54  37.1221   0.0599484   0.966728  34.6723     	Dead: 0
0    55  36.8586   0.0593056   0.956362  34.5685     	Dead: 0
0    56  36.6477   0.0591031   0.953096  34.5122     	Dead: 0
0    57  36.4652   0.0620223   1.00017   33.6974     	Dead: 0
0    58  36.2257   0.0597245   0.963118  33.1974     	Dead: 0
0    59  36.0463   0.0600498   0.968362  33.1974     	Dead: 0
0    60  35.8329   0.0598338   0.964879  33.1974     	Dead: 0
0    61  35.63     0.0565663   0.912188  33.1974     	Dead: 0
0    62  35.5103   0.057603    0.928906  33.1974     	Dead: 0
0    63  35.2974   0.0565442   0.911831  32.8815     	Dead: 0
0    64  35.1566   0.0589437   0.950525  32.8815     	Dead: 0
0    65  34.9938   0.0564591   0.910459  32.8815     	Dead: 0
0    66  34.896    0.0588636   0.949234  32.8815     	Dead: 0
0    67  34.7455   0.0568182   0.91625   32.4128     	Dead: 0
0    68  34.6303   0.057344    0.924729  32.4128     	Dead: 0
0    69  34.5384   0.0593982   0.957855  32.0965     	Dead: 0
0    70  34.3746   0.0564987   0.911098  31.9048     	Dead: 0
0    71  34.2662   0.0579749   0.934903  31.9048     	Dead: 0
0    72  34.1486   0.060375    0.973608  30.9623     	Dead: 0
0    73  34.0674   0.0629372   1.01493   30.9623     	Dead: 0
0    74  33.9373   0.0629399   1.01497   30.9623     	Dead: 0
0    75  33.7484   0.0590004   0.95144   30.9623     	Dead: 0
0    76  33.6434   0.0605647   0.976667  30.9623     	Dead: 0
0    77  33.545    0.0612812   0.98822   30.9623     	Dead: 0
0    78  33.4214   0.061294    0.988427  30.9623     	Dead: 0
0    79  33.2992   0.0615635   0.992773  30.6067     	Dead: 0
0    80  33.1789   0.0601017   0.9692    30.6067     	Dead: 0
0    81  33.0253   0.0594325   0.958408  30.6067     	Dead: 0
0    82  32.8733   0.0608544   0.981338  30.3674     	Dead: 0
0    83  32.7235   0.0628116   1.0129    30.3657     	Dead: 0
0    84  32.6384   0.0630883   1.01736   30.3657     	Dead: 0
0    85  32.4908   0.0596763   0.96234   30.3657     	Dead: 0
0    86  32.3907   0.0607673   0.979934  30.221      	Dead: 0
0    87  32.2987   0.0639076   1.03057   30.006      	Dead: 0
0    88  32.1419   0.0617763   0.996205  30.006      	Dead: 0
0    89  32.0039   0.0618239   0.996973  29.4536     	Dead: 0
0    90  31.953    0.063139    1.01818   29.4536     	Dead: 0
0    91  31.8132   0.0630024   1.01598   29.4536     	Dead: 0
0    92  31.7548   0.0658686   1.0622    29.1783     	Dead: 0
0    93  31.5841   0.062558    1.00881   28.8758     	Dead: 0
0    94  31.4975   0.0631041   1.01762   28.8758     	Dead: 0
0    95  31.4282   0.0647216   1.0437    28.8758     	Dead: 0
0    96  31.3056   0.0644689   1.03963   28.8758     	Dead: 0
0    97  31.2378   0.0656304   1.05836   28.7887     	Dead: 0
0    98  31.1025   0.0654636   1.05567   28.6641     	Dead: 0
0    99  30.948    0.0617262   0.995396  28.5577     	Dead: 0
0    100 30.9029   0.0691591   1.11526   28.5577     	Dead: 0
Done run 0 of 29

Beginning Run 1 of 29
Run  RI  Mean      95% CI      SD        Best    
1    0   53.1916   0.117802    1.89967   47.8462     	Dead: 0
1    1   52.0312   0.115131    1.85661   47.8462     	Dead: 0
1    2   50.8325   0.110262    1.77808   45.3806     	Dead: 0
1    3   49.6785   0.1016      1.6384    45.3806     	Dead: 0
1    4   48.6704   0.0908986   1.46583   45.1881     	Dead: 0
1    5   47.8888   0.0841642   1.35723   44.7518     	Dead: 0
1    6   47.2061   0.0770974   1.24327   43.9745     	Dead: 0
1    7   46.665    0.0734331   1.18418   43.3804     	Dead: 0
1    8   46.2562   0.0705488   1.13767   43.2726     	Dead: 0
1    9   45.8348   0.0683995   1.10301   42.703      	Dead: 0
1    10  45.462    0.0696894   1.12381   41.9814     	Dead: 0
1    11  45.0987   0.0666801   1.07528   41.9814     	Dead: 0
1    12  44.8217   0.0641255   1.03409   41.9814     	Dead: 0
1    13  44.4796   0.061       0.983686  41.868      	Dead: 0
1    14  44.2065   0.059082    0.952757  41.7869     	Dead: 0
1    15  43.9501   0.0578686   0.933189  41.2203     	Dead: 0
1    16  43.6998   0.0592561   0.955564  40.2818     	Dead: 0
1    17  43.441    0.0619205   0.998529  40.2818     	Dead: 0
1    18  43.1346   0.0603768   0.973637  39.7131     	Dead: 0
1    19  42.8765   0.0598112   0.964515  39.7131     	Dead: 0
1    20  42.5821   0.0598482   0.965112  39.7131     	Dead: 0
1    21  42.3242   0.0576135   0.929076  39.0192     	Dead: 0
1    22  42.0587   0.0569619   0.918567  39.0192     	Dead: 0
1    23  41.787    0.0563064   0.907997  39.0192     	Dead: 0
1    24  41.5324   0.0524534   0.845864  39.0192     	Dead: 0
1    25  41.336    0.0531132   0.856503  38.5334     	Dead: 0
1    26  41.1582   0.0537895   0.86741   38.5334     	Dead: 0
1    27  41.005    0.0558429   0.900522  38.5334     	Dead: 0
1    28  40.8006   0.0546397   0.881119  38.5334     	Dead: 0
1    29  40.6667   0.0600293   0.968033  38.3132     	Dead: 0
1    30  40.5129   0.0581969   0.938483  38.3132     	Dead: 0
1    31  40.3799   0.0567418   0.915019  38.3132     	Dead: 0
1    32  40.257    0.0554024   0.893419  37.7698     	Dead: 0
1    33  40.1728   0.0579096   0.933849  37.7698     	Dead: 0
1    34  40.0482   0.0565789   0.912391  37.7698     	Dead: 0
1    35  39.9668   0.0565899   0.912569  37.7698     	Dead: 0
1    36  39.8743   0.0580272   0.935746  37.4926     	Dead: 0
1    37  39.765    0.0579406   0.93435   37.4926     	Dead: 0
1    38  39.6669   0.0569898   0.919018  37.4926     	Dead: 0
1    39  39.5774   0.060002    0.967592  37.4926     	Dead: 0
1    40  39.4386   0.0590827   0.952767  37.3841     	Dead: 0
1    41  39.2783   0.0553545   0.892647  36.9031     	Dead: 0
1    42  39.1962   0.0574365   0.926221  36.9031     	Dead: 0
1    43  39.0574   0.0567053   0.914429  36.9031     	Dead: 0
1    44  38.935    0.0590595   0.952394  36.9031     	Dead: 0
1    45  38.7538   0.0568409   0.916616  36.5802     	Dead: 0
1    46  38.6174   0.0560095   0.903209  35.9988     	Dead: 0
1    47  38.5268   0.0591751   0.954258  35.9988     	Dead: 0
1    48  38.3957   0.0595485   0.960279  35.9988     	Dead: 0
1    49  38.2201   0.0582125   0.938735  35.893      	Dead: 0
1    50  38.0261   0.0571051   0.920877  35.5711     	Dead: 0
1    51  37.8434   0.0585943   0.944891  35.5711     	Dead: 0
1    52  37.5647   0.0550832   0.888272  35.216      	Dead: 0
1    53  37.3252   0.0543703   0.876775  35.2012     	Dead: 0
1    54  37.1136   0.0535358   0.863318  35.2012     	Dead: 0
1    55  36.9282   0.0547726   0.883263  34.3454     	Dead: 0
1    56  36.715    0.0504381   0.813365  34.3454     	Dead: 0
1    57  36.592    0.0510709   0.823569  34.3454     	Dead: 0
1    58  36.4699   0.0527751   0.851052  34.3454     	Dead: 0
1    59  36.3837   0.0544422   0.877935  34.3454     	Dead: 0
1    60  36.2215   0.0492226   0.793764  34.2066     	Dead: 0
1    61  36.1178   0.0535427   0.863429  34.1532     	Dead: 0
1    62  36.011    0.0512398   0.826292  34.1532     	Dead: 0
1    63  35.9551   0.0535582   0.86368   34.0964     	Dead: 0
1    64  35.9054   0.0556295   0.897082  33.5403     	Dead: 0
1    65  35.7919   0.0523845   0.844752  33.5403     	Dead: 0
1    66  35.7645   0.0543292   0.876112  33.5403     	Dead: 0
1    67  35.6581   0.0540801   0.872095  33.5403     	Dead: 0
1    68  35.5924   0.0555546   0.895874  33.5403     	Dead: 0
1    69  35.4869   0.0566432   0.913429  33.4902     	Dead: 0
1    70  35.381    0.0539091   0.869339  33.3578     	Dead: 0
1    71  35.3137   0.0552155   0.890405  33.3578     	Dead: 0
1    72  35.2136   0.054911    0.885495  33.3578     	Dead: 0
1    73  35.1205   0.0552452   0.890885  32.68       	Dead: 0
1    74  35.0224   0.0564988   0.9111    32.68       	Dead: 0
1    75  34.8491   0.0500784   0.807564  32.68       	Dead: 0
1    76  34.7864   0.052112    0.840359  32.68       	Dead: 0
1    77  34.6916   0.0538381   0.868193  32.68       	Dead: 0
1    78  34.5887   0.0516081   0.832232  32.68       	Dead: 0
1    79  34.5267   0.0519267   0.83737   32.68       	Dead: 0
1    80  34.4544   0.0513619   0.828261  32.68       	Dead: 0
1    81  34.3985   0.0504757   0.813971  32.68       	Dead: 0
1    82  34.3295   0.0492875   0.79481   32.3952     	Dead: 0
1    83  34.2908   0.0516549   0.832986  32.3952     	Dead: 0
1    84  34.2912   0.0538425   0.868264  32.3952     	Dead: 0
1    85  34.2505   0.0529992   0.854665  32.3952     	Dead: 0
1    86  34.1812   0.0504228   0.813119  32.3952     	Dead: 0
1    87  34.1525   0.0541645   0.873457  32.2948     	Dead: 0
1    88  34.0961   0.0525464   0.847363  32.2948     	Dead: 0
1    89  34.0804   0.0537622   0.866969  32.2948     	Dead: 0
1    90  33.9951   0.0518809   0.836632  32.2373     	Dead: 0
1    91  34.0045   0.055291    0.891623  32.0754     	Dead: 0
1    92  33.9376   0.0533607   0.860495  32.0754     	Dead: 0
1    93  33.9174   0.0549696   0.886439  31.6001     	Dead: 0
1    94  33.8547   0.0523953   0.844926  31.6001     	Dead: 0
1    95  33.8347   0.0555878   0.896409  31.6001     	Dead: 0
1    96  33.7687   0.0544495   0.878053  31.6001     	Dead: 0
1    97  33.741    0.0556274   0.897047  31.6001     	Dead: 0
1    98  33.688    0.0570798   0.920469  31.5521     	Dead: 0
1    99  33.6091   0.0552102   0.890319  31.5521     	Dead: 0
1    100 33.5678   0.055839    0.90046   31.3091     	Dead: 0
Done run 1 of 29

Beginning Run 2 of 29
Run  RI  Mean      95% CI      SD        Best    
2    0   53.2406   0.117361    1.89256   47.523      	Dead: 0
2    1   51.921    0.109565    1.76685   47.324      	Dead: 0
2    2   50.7786   0.108805    1.7546    45.4077     	Dead: 0
2    3   49.7034   0.105887    1.70754   44.4847     	Dead: 0
2    4   48.4341   0.100152    1.61504   43.9797     	Dead: 0
2    5   47.2904   0.0874018   1.40944   42.5911     	Dead: 0
2    6   46.4465   0.0796513   1.28446   42.5911     	Dead: 0
2    7   45.8522   0.0719691   1.16057   42.5911     	Dead: 0
2    8   45.4552   0.0683837   1.10276   42.5135     	Dead: 0
2    9   45.0588   0.0655415   1.05692   42.5135     	Dead: 0
2    10  44.732    0.06597     1.06383   42.319      	Dead: 0
2    11  44.4062   0.0614821   0.991461  41.8063     	Dead: 0
2    12  44.1074   0.0607167   0.979117  41.3932     	Dead: 0
2    13  43.8527   0.0602992   0.972386  41.2674     	Dead: 0
2    14  43.6159   0.060702    0.97888   40.7995     	Dead: 0
2    15  43.381    0.060903    0.982122  40.7995     	Dead: 0
2    16  43.1619   0.0595475   0.960263  40.7995     	Dead: 0
2    17  42.9183   0.058445    0.942485  40.6461     	Dead: 0
2    18  42.7899   0.061474    0.991329  39.9409     	Dead: 0
2    19  42.6393   0.0604401   0.974657  39.9409     	Dead: 0
2    20  42.4847   0.0632236   1.01954   39.7333     	Dead: 0
2    21  42.2724   0.0605627   0.976634  39.7333     	Dead: 0
2    22  42.1169   0.060986    0.98346   39.7333     	Dead: 0
2    23  41.9617   0.0619568   0.999115  39.5244     	Dead: 0
2    24  41.7638   0.0621098   1.00158   39.1372     	Dead: 0
2    25  41.5694   0.061362    0.989523  39.1372     	Dead: 0
2    26  41.3715   0.0602054   0.970872  38.5738     	Dead: 0
2    27  41.1632   0.0596216   0.961458  38.1151     	Dead: 0
2    28  40.9769   0.058388    0.941565  38.1151     	Dead: 0
2    29  40.8293   0.0589596   0.950783  38.1151     	Dead: 0
2    30  40.6485   0.0600313   0.968066  37.3454     	Dead: 0
2    31  40.4608   0.0619495   0.998997  37.3454     	Dead: 0
2    32  40.1887   0.0595152   0.959741  37.3454     	Dead: 0
2    33  39.8966   0.0587332   0.947131  36.6971     	Dead: 0
2    34  39.6518   0.0592149   0.9549    36.6971     	Dead: 0
2    35  39.3347   0.0611533   0.986159  36.6971     	Dead: 0
2    36  39.0112   0.0580887   0.936738  35.3303     	Dead: 0
2    37  38.6934   0.055977    0.902686  35.3303     	Dead: 0
2    38  38.4216   0.0555235   0.895372  35.3303     	Dead: 0
2    39  38.1503   0.0526145   0.848461  35.3303     	Dead: 0
2    40  37.9488   0.0534781   0.862388  35.3303     	Dead: 0
2    41  37.803    0.0550202   0.887256  35.3303     	Dead: 0
2    42  37.6648   0.0572459   0.923148  35.0434     	Dead: 0
2    43  37.4801   0.0534077   0.861252  35.0434     	Dead: 0
2    44  37.3356   0.052071    0.839697  34.6747     	Dead: 0
2    45  37.2725   0.0559998   0.903052  34.6747     	Dead: 0
2    46  37.1423   0.0556677   0.897698  34.606      	Dead: 0
2    47  37.0664   0.0557745   0.899419  34.606      	Dead: 0
2    48  36.9953   0.0573373   0.924622  34.606      	Dead: 0
2    49  36.8961   0.0557133   0.898432  34.606      	Dead: 0
2    50  36.8216   0.0588529   0.949062  34.606      	Dead: 0
2    51  36.7535   0.0602304   0.971275  34.4449     	Dead: 0
2    52  36.6804   0.0594907   0.959347  34.4449     	Dead: 0
2    53  36.6184   0.0592552   0.95555   34.1021     	Dead: 0
2    54  36.5595   0.0605761   0.976851  34.1021     	Dead: 0
2    55  36.4915   0.0603622   0.9734    34.1021     	Dead: 0
2    56  36.3836   0.0566888   0.914163  34.1021     	Dead: 0
2    57  36.3416   0.0588066   0.948316  34.1021     	Dead: 0
2    58  36.2825   0.0609887   0.983504  33.9825     	Dead: 0
2    59  36.2145   0.0617572   0.995897  33.9825     	Dead: 0
2    60  36.1406   0.0599805   0.967245  33.9825     	Dead: 0
2    61  36.1082   0.0612329   0.987441  33.9825     	Dead: 0
2    62  36.0205   0.0584923   0.943246  33.9825     	Dead: 0
2    63  35.9687   0.0578535   0.932946  33.9825     	Dead: 0
2    64  35.9968   0.0626039   1.00955   33.7767     	Dead: 0
2    65  35.9113   0.0612397   0.987551  33.7767     	Dead: 0
2    66  35.8649   0.0616914   0.994835  33.7767     	Dead: 0
2    67  35.8636   0.0639032   1.0305    33.5173     	Dead: 0
2    68  35.812    0.0644629   1.03953   33.5173     	Dead: 0
2    69  35.7803   0.0613534   0.989385  33.5173     	Dead: 0
2    70  35.7339   0.0636603   1.02659   33.5173     	Dead: 0
2    71  35.6999   0.0626749   1.01069   33.5173     	Dead: 0
2    72  35.6707   0.0642284   1.03575   33.5173     	Dead: 0
2    73  35.6179   0.0637932   1.02873   33.2512     	Dead: 0
2    74  35.6306   0.0640557   1.03296   33.2512     	Dead: 0
2    75  35.5623   0.0650791   1.04947   33.2512     	Dead: 0
2    76  35.4972   0.0645166   1.04039   33.2512     	Dead: 0
2    77  35.4298   0.063679    1.02689   33.2512     	Dead: 0
2    78  35.4031   0.0631112   1.01773   33.1566     	Dead: 0
2    79  35.3531   0.0633876   1.02219   33.1566     	Dead: 0
2    80  35.3014   0.0620638   1.00084   33.1566     	Dead: 0
2    81  35.271    0.0638724   1.03001   33.1566     	Dead: 0
2    82  35.2015   0.0625365   1.00846   33.1566     	Dead: 0
2    83  35.1736   0.063381    1.02208   33.1566     	Dead: 0
2    84  35.1381   0.0638255   1.02925   33.1566     	Dead: 0
2    85  35.0996   0.0621776   1.00268   33.1566     	Dead: 0
2    86  35.041    0.0606339   0.977782  33.1566     	Dead: 0
2    87  35.027    0.0632198   1.01948   33.0047     	Dead: 0
2    88  35.0068   0.0641353   1.03425   32.7907     	Dead: 0
2    89  34.9358   0.0628522   1.01356   32.7907     	Dead: 0
2    90  34.9345   0.0647914   1.04483   32.7333     	Dead: 0
2    91  34.8989   0.0661089   1.06607   32.6088     	Dead: 0
2    92  34.8141   0.0626549   1.01037   32.6088     	Dead: 0
2    93  34.7952   0.0658954   1.06263   32.5921     	Dead: 0
2    94  34.7896   0.0669203   1.07916   32.5921     	Dead: 0
2    95  34.7021   0.0651012   1.04982   32.3084     	Dead: 0
2    96  34.6754   0.0635125   1.0242    32.3084     	Dead: 0
2    97  34.6543   0.0643711   1.03805   32.3084     	Dead: 0
2    98  34.5994   0.0660064   1.06442   32.3084     	Dead: 0
2    99  34.5744   0.0650161   1.04845   32.3084     	Dead: 0
2    100 34.5054   0.0635959   1.02555   32.3084     	Dead: 0
Done run 2 of 29

Beginning Run 3 of 29
Run  RI  Mean      95% CI      SD        Best    
3    0   53.2863   0.117978    1.90251   47.6329     	Dead: 0
3    1   52.0567   0.113387    1.82848   46.1082     	Dead: 0
3    2   51.02     0.110923    1.78874   45.5546     	Dead: 0
3    3   49.7798   0.100776    1.62511   45.5546     	Dead: 0
3    4   48.7631   0.0941327   1.51798   44.5271     	Dead: 0
3    5   47.9195   0.0873819   1.40912   44.5271     	Dead: 0
3    6   47.2322   0.0800093   1.29023   42.9056     	Dead: 0
3    7   46.7317   0.0773087   1.24668   42.9056     	Dead: 0
3    8   46.2676   0.0772751   1.24614   42.879      	Dead: 0
3    9   45.7826   0.0784304   1.26477   41.8949     	Dead: 0
3    10  45.4351   0.075039    1.21008   41.8949     	Dead: 0
3    11  45.074    0.0693346   1.11809   41.8949     	Dead: 0
3    12  44.791    0.0673294   1.08575   41.7798     	Dead: 0
3    13  44.4706   0.0665804   1.07367   41.1435     	Dead: 0
3    14  44.2964   0.0707655   1.14116   40.9827     	Dead: 0
3    15  44.0349   0.0672112   1.08385   40.9827     	Dead: 0
3    16  43.8441   0.0680351   1.09713   40.8899     	Dead: 0
3    17  43.6318   0.0671909   1.08352   40.8899     	Dead: 0
3    18  43.4043   0.0695608   1.12174   40.792      	Dead: 0
3    19  43.1827   0.0709015   1.14336   40.266      	Dead: 0
3    20  42.9575   0.0694478   1.11992   40.266      	Dead: 0
3    21  42.7444   0.0683961   1.10296   40.266      	Dead: 0
3    22  42.4575   0.06307     1.01707   39.2346     	Dead: 0
3    23  42.2795   0.0650024   1.04823   39.2346     	Dead: 0
3    24  42.1053   0.0673208   1.08562   39.2346     	Dead: 0
3    25  41.9081   0.0639843   1.03181   39.2346     	Dead: 0
3    26  41.8394   0.0651204   1.05013   39.2346     	Dead: 0
3    27  41.7307   0.0660321   1.06483   38.8856     	Dead: 0
3    28  41.6049   0.0656091   1.05801   38.8823     	Dead: 0
3    29  41.4761   0.0667665   1.07668   38.8823     	Dead: 0
3    30  41.3436   0.0637354   1.0278    38.8823     	Dead: 0
3    31  41.2958   0.0712427   1.14886   38.8823     	Dead: 0
3    32  41.185    0.0689923   1.11257   38.8823     	Dead: 0
3    33  41.1042   0.0704858   1.13665   38.6857     	Dead: 0
3    34  41.0027   0.069954    1.12808   38.3644     	Dead: 0
3    35  40.8342   0.0661681   1.06703   38.3644     	Dead: 0
3    36  40.7389   0.0664359   1.07135   38.3644     	Dead: 0
3    37  40.6457   0.0667752   1.07682   38.3644     	Dead: 0
3    38  40.5477   0.0674687   1.088     37.9655     	Dead: 0
3    39  40.4743   0.0672413   1.08433   37.8149     	Dead: 0
3    40  40.4365   0.0685308   1.10513   37.8149     	Dead: 0
3    41  40.289    0.0660143   1.06455   37.8149     	Dead: 0
3    42  40.2486   0.0694801   1.12044   37.8149     	Dead: 0
3    43  40.182    0.0689952   1.11262   37.8149     	Dead: 0
3    44  40.1155   0.0698647   1.12664   37.8149     	Dead: 0
3    45  40.0685   0.0698659   1.12666   37.8149     	Dead: 0
3    46  40.0545   0.0724562   1.16843   37.3274     	Dead: 0
3    47  39.915    0.0690021   1.11273   37.3274     	Dead: 0
3    48  39.8581   0.0702119   1.13224   37.3274     	Dead: 0
3    49  39.7619   0.0676437   1.09082   37.3274     	Dead: 0
3    50  39.6817   0.067537    1.0891    37.3274     	Dead: 0
3    51  39.6518   0.0682237   1.10018   37.3274     	Dead: 0
3    52  39.5621   0.0663147   1.06939   37.3274     	Dead: 0
3    53  39.537    0.0687431   1.10855   37.1983     	Dead: 0
3    54  39.4628   0.0697346   1.12454   36.6738     	Dead: 0
3    55  39.3593   0.0665334   1.07292   36.6738     	Dead: 0
3    56  39.2477   0.0674309   1.08739   36.6738     	Dead: 0
3    57  39.1636   0.0671647   1.0831    36.6738     	Dead: 0
3    58  39.0577   0.0692618   1.11692   36.6738     	Dead: 0
3    59  38.911    0.0651579   1.05074   36.6738     	Dead: 0
3    60  38.7761   0.0644927   1.04001   36.2252     	Dead: 0
3    61  38.6443   0.0642758   1.03651   36.0908     	Dead: 0
3    62  38.4783   0.0627325   1.01162   36.0908     	Dead: 0
3    63  38.39     0.0645363   1.04071   36.0908     	Dead: 0
3    64  38.2575   0.0616065   0.993466  36.0751     	Dead: 0
3    65  38.1396   0.0619903   0.999655  36.0751     	Dead: 0
3    66  38.0596   0.0615009   0.991764  35.6972     	Dead: 0
3    67  38.0137   0.0637752   1.02844   35.6972     	Dead: 0
3    68  37.9001   0.0628303   1.0132    35.6972     	Dead: 0
3    69  37.8403   0.0649683   1.04768   35.6972     	Dead: 0
3    70  37.7314   0.0645108   1.0403    35.2802     	Dead: 0
3    71  37.6426   0.0626217   1.00984   35.2802     	Dead: 0
3    72  37.5879   0.0639033   1.0305    35.2802     	Dead: 0
3    73  37.4653   0.0619098   0.998358  35.2802     	Dead: 0
3    74  37.3678   0.0626916   1.01096   34.7729     	Dead: 0
3    75  37.3165   0.064149    1.03447   34.7729     	Dead: 0
3    76  37.2392   0.064247    1.03605   34.7729     	Dead: 0
3    77  37.1161   0.0638226   1.0292    34.7729     	Dead: 0
3    78  37.0293   0.0659316   1.06321   34.4833     	Dead: 0
3    79  36.9245   0.0645508   1.04095   34.4833     	Dead: 0
3    80  36.8103   0.0653772   1.05427   34.4833     	Dead: 0
3    81  36.7014   0.0630327   1.01647   34.3435     	Dead: 0
3    82  36.6413   0.0636147   1.02585   34.3435     	Dead: 0
3    83  36.5648   0.0625569   1.00879   34.3435     	Dead: 0
3    84  36.5024   0.0637877   1.02864   34.3435     	Dead: 0
3    85  36.407    0.0613954   0.990062  34.3435     	Dead: 0
3    86  36.3425   0.0638123   1.02904   34.3435     	Dead: 0
3    87  36.2692   0.0640449   1.03279   34.3435     	Dead: 0
3    88  36.1746   0.0612181   0.987204  34.3435     	Dead: 0
3    89  36.1358   0.0617798   0.996261  34.111      	Dead: 0
3    90  36.0913   0.062278    1.0043    33.8924     	Dead: 0
3    91  36.0483   0.0651602   1.05077   33.8306     	Dead: 0
3    92  36.0459   0.068219    1.1001    33.8306     	Dead: 0
3    93  35.928    0.0632705   1.0203    33.8306     	Dead: 0
3    94  35.8917   0.0663945   1.07068   33.3853     	Dead: 0
3    95  35.8352   0.064763    1.04437   33.3853     	Dead: 0
3    96  35.7921   0.0638026   1.02888   33.3853     	Dead: 0
3    97  35.7582   0.0639431   1.03115   33.3853     	Dead: 0
3    98  35.7757   0.0677061   1.09183   33.3853     	Dead: 0
3    99  35.7501   0.0684987   1.10461   33.3853     	Dead: 0
3    100 35.6668   0.066144    1.06664   33.3853     	Dead: 0
Done run 3 of 29

Beginning Run 4 of 29
Run  RI  Mean      95% CI      SD        Best    
4    0   53.2604   0.11551     1.86271   47.9788     	Dead: 0
4    1   52.0133   0.116146    1.87297   46.2416     	Dead: 0
4    2   50.763    0.109045    1.75845   45.5016     	Dead: 0
4    3   49.4315   0.102488    1.65272   44.9996     	Dead: 0
4    4   48.2644   0.0950461   1.53271   43.6851     	Dead: 0
4    5   47.2435   0.0877034   1.41431   42.8879     	Dead: 0
4    6   46.3975   0.0766596   1.23621   42.7426     	Dead: 0
4    7   45.7122   0.0675218   1.08886   42.7376     	Dead: 0
4    8   45.119    0.0652489   1.0522    42.1756     	Dead: 0
4    9   44.7675   0.0612833   0.988255  42.1756     	Dead: 0
4    10  44.4383   0.0624107   1.00643   41.7647     	Dead: 0
4    11  44.1049   0.0571929   0.922293  41.545      	Dead: 0
4    12  43.8976   0.0582216   0.938881  41.545      	Dead: 0
4    13  43.6491   0.0585858   0.944755  40.9804     	Dead: 0
4    14  43.4582   0.0608884   0.981887  40.9804     	Dead: 0
4    15  43.2409   0.0637741   1.02842   40.9804     	Dead: 0
4    16  43.0177   0.0594938   0.959396  40.1237     	Dead: 0
4    17  42.8234   0.0605409   0.976283  39.7901     	Dead: 0
4    18  42.643    0.0595965   0.961052  39.7901     	Dead: 0
4    19  42.4989   0.0627763   1.01233   39.7901     	Dead: 0
4    20  42.3055   0.0627317   1.01161   39.7901     	Dead: 0
4    21  42.1513   0.0602723   0.971952  39.7437     	Dead: 0
4    22  41.9853   0.0598376   0.964941  38.6815     	Dead: 0
4    23  41.8145   0.0609851   0.983446  38.6815     	Dead: 0
4    24  41.5949   0.0574234   0.92601   38.6815     	Dead: 0
4    25  41.4112   0.0582395   0.939171  38.6815     	Dead: 0
4    26  41.2434   0.0579285   0.934154  38.6815     	Dead: 0
4    27  41.1101   0.0621423   1.00211   38.545      	Dead: 0
4    28  40.9098   0.0589337   0.950364  38.5211     	Dead: 0
4    29  40.7693   0.0600505   0.968374  38.5211     	Dead: 0
4    30  40.5076   0.0585004   0.943377  38.0769     	Dead: 0
4    31  40.3307   0.0598328   0.964863  37.5817     	Dead: 0
4    32  40.119    0.0589763   0.951052  37.5817     	Dead: 0
4    33  39.936    0.0592347   0.955218  37.47       	Dead: 0
4    34  39.6982   0.0592249   0.95506   36.9384     	Dead: 0
4    35  39.5073   0.0585656   0.944429  36.9384     	Dead: 0
4    36  39.3397   0.0603357   0.972974  36.9384     	Dead: 0
4    37  39.0696   0.0570268   0.919615  36.7929     	Dead: 0
4    38  38.8791   0.0582381   0.939147  36.5299     	Dead: 0
4    39  38.7176   0.0557047   0.898294  36.5299     	Dead: 0
4    40  38.6005   0.0587615   0.947588  36.3292     	Dead: 0
4    41  38.3965   0.0534639   0.862158  36.2781     	Dead: 0
4    42  38.3275   0.0555131   0.895205  35.8375     	Dead: 0
4    43  38.253    0.0563433   0.908593  35.8375     	Dead: 0
4    44  38.1525   0.0553772   0.893013  35.8375     	Dead: 0
4    45  38.0337   0.0543612   0.876628  35.8375     	Dead: 0
4    46  37.9707   0.0555297   0.895472  35.8375     	Dead: 0
4    47  37.8643   0.0539969   0.870754  35.6729     	Dead: 0
4    48  37.7459   0.0536768   0.865593  35.3242     	Dead: 0
4    49  37.6564   0.0554917   0.894859  35.3242     	Dead: 0
4    50  37.5553   0.0550582   0.887869  35.3242     	Dead: 0
4    51  37.4543   0.0545928   0.880363  35.3242     	Dead: 0
4    52  37.3112   0.0525645   0.847655  35.3242     	Dead: 0
4    53  37.1615   0.0521128   0.840371  35.3195     	Dead: 0
4    54  37.0476   0.0527362   0.850424  35.0234     	Dead: 0
4    55  36.9172   0.0549227   0.885684  34.9235     	Dead: 0
4    56  36.7822   0.0535213   0.863084  34.7267     	Dead: 0
4    57  36.6794   0.0546023   0.880517  34.7267     	Dead: 0
4    58  36.5639   0.0527664   0.850911  34.7228     	Dead: 0
4    59  36.4777   0.0547755   0.883309  33.8756     	Dead: 0
4    60  36.3776   0.0543354   0.876213  33.8756     	Dead: 0
4    61  36.2759   0.0549241   0.885705  33.8756     	Dead: 0
4    62  36.1246   0.0531336   0.856833  33.8756     	Dead: 0
4    63  35.9746   0.0513799   0.828553  33.861      	Dead: 0
4    64  35.8277   0.0511606   0.825016  33.861      	Dead: 0
4    65  35.6641   0.0515826   0.831822  33.5029     	Dead: 0
4    66  35.5035   0.0518848   0.836695  33.5029     	Dead: 0
4    67  35.3826   0.0529394   0.853701  33.3285     	Dead: 0
4    68  35.1944   0.0518043   0.835397  33.2137     	Dead: 0
4    69  35.0428   0.0537216   0.866315  33.2137     	Dead: 0
4    70  34.8998   0.0569365   0.918159  32.6668     	Dead: 0
4    71  34.6716   0.0508006   0.819211  32.6268     	Dead: 0
4    72  34.5442   0.052069    0.839665  32.3947     	Dead: 0
4    73  34.4119   0.0508509   0.820022  32.3947     	Dead: 0
4    74  34.2984   0.0494696   0.797746  32.3947     	Dead: 0
4    75  34.2155   0.0498363   0.80366   32.2961     	Dead: 0
4    76  34.1686   0.0533781   0.860775  32.2961     	Dead: 0
4    77  34.0873   0.0533646   0.860558  32.1321     	Dead: 0
4    78  33.9725   0.0505847   0.815728  32.1321     	Dead: 0
4    79  33.9438   0.0522902   0.843231  32.0994     	Dead: 0
4    80  33.8769   0.052346    0.844132  31.924      	Dead: 0
4    81  33.8194   0.0538455   0.868312  31.5886     	Dead: 0
4    82  33.7209   0.0522521   0.842618  31.5886     	Dead: 0
4    83  33.6761   0.0546124   0.88068   31.5886     	Dead: 0
4    84  33.6043   0.0555633   0.896014  31.5886     	Dead: 0
4    85  33.5668   0.0548509   0.884526  31.5886     	Dead: 0
4    86  33.5029   0.0539744   0.870391  31.0903     	Dead: 0
4    87  33.4      0.0526407   0.848884  31.0903     	Dead: 0
4    88  33.3571   0.054942    0.885994  31.0903     	Dead: 0
4    89  33.3135   0.0570192   0.919491  31.0903     	Dead: 0
4    90  33.2306   0.0559443   0.902158  30.4216     	Dead: 0
4    91  33.157    0.0574087   0.925772  30.4216     	Dead: 0
4    92  33.0685   0.0546883   0.881903  30.4216     	Dead: 0
4    93  33.0205   0.0576267   0.929288  30.4216     	Dead: 0
4    94  32.9449   0.0558532   0.900688  30.4216     	Dead: 0
4    95  32.8378   0.0540177   0.87109   30.4216     	Dead: 0
4    96  32.8018   0.0567098   0.914502  30.4216     	Dead: 0
4    97  32.7099   0.0558173   0.90011   30.2559     	Dead: 0
4    98  32.6228   0.0553394   0.892404  29.9833     	Dead: 0
4    99  32.5495   0.0574589   0.926583  29.9833     	Dead: 0
4    100 32.4404   0.0568999   0.917568  29.9833     	Dead: 0
Done run 4 of 29

Beginning Run 5 of 29
Run  RI  Mean      95% CI      SD        Best    
5    0   53.295    0.119154    1.92148   46.5008     	Dead: 0
5    1   52.0013   0.112897    1.82057   46.5008     	Dead: 0
5    2   51.0341   0.108685    1.75266   46.2886     	Dead: 0
5    3   50.155    0.10001     1.61276   46.2886     	Dead: 0
5    4   49.3558   0.0966747   1.55898   45.1416     	Dead: 0
5    5   48.4108   0.0898628   1.44913   44.1295     	Dead: 0
5    6   47.6184   0.0828931   1.33673   44.1295     	Dead: 0
5    7   46.9736   0.078419    1.26458   44.1295     	Dead: 0
5    8   46.4344   0.0779884   1.25764   43.2797     	Dead: 0
5    9   45.9417   0.0738581   1.19104   42.4866     	Dead: 0
5    10  45.6375   0.0753812   1.2156    42.3299     	Dead: 0
5    11  45.2909   0.0715553   1.1539    41.7228     	Dead: 0
5    12  44.9898   0.0741083   1.19507   41.7228     	Dead: 0
5    13  44.6203   0.0707131   1.14032   41.7168     	Dead: 0
5    14  44.3242   0.0741427   1.19562   41.4921     	Dead: 0
5    15  43.9729   0.0712055   1.14826   40.7495     	Dead: 0
5    16  43.661    0.0708486   1.1425    40.5482     	Dead: 0
5    17  43.3483   0.0702342   1.1326    40.4741     	Dead: 0
5    18  43.0921   0.0693285   1.11799   40.1675     	Dead: 0
5    19  42.8021   0.0727945   1.17388   39.6301     	Dead: 0
5    20  42.4816   0.0708516   1.14255   38.8209     	Dead: 0
5    21  42.1095   0.0661206   1.06626   38.8209     	Dead: 0
5    22  41.7603   0.0635273   1.02444   38.8209     	Dead: 0
5    23  41.4056   0.0647428   1.04404   38.6723     	Dead: 0
5    24  40.9903   0.0594984   0.959471  38.627      	Dead: 0
5    25  40.7849   0.0626061   1.00959   38.5494     	Dead: 0
5    26  40.5674   0.0637256   1.02764   38.2566     	Dead: 0
5    27  40.2868   0.0603835   0.973744  38.0893     	Dead: 0
5    28  40.0995   0.0608862   0.981851  37.7858     	Dead: 0
5    29  39.967    0.0616954   0.994899  37.3795     	Dead: 0
5    30  39.8319   0.0614422   0.990818  37.3795     	Dead: 0
5    31  39.6587   0.0616948   0.99489   37.3795     	Dead: 0
5    32  39.5787   0.0621717   1.00258   37.0604     	Dead: 0
5    33  39.4052   0.0587953   0.948133  37.0604     	Dead: 0
5    34  39.2913   0.0624261   1.00668   37.0604     	Dead: 0
5    35  39.1059   0.0617037   0.995033  36.5159     	Dead: 0
5    36  38.8894   0.0596536   0.961974  36.2732     	Dead: 0
5    37  38.7704   0.0619393   0.998833  35.8408     	Dead: 0
5    38  38.5711   0.0606688   0.978345  35.8408     	Dead: 0
5    39  38.3734   0.0599978   0.967525  35.8408     	Dead: 0
5    40  38.1046   0.0593798   0.957559  35.6563     	Dead: 0
5    41  37.8341   0.054861    0.884689  35.6563     	Dead: 0
5    42  37.7065   0.0583183   0.940442  35.4623     	Dead: 0
5    43  37.5191   0.0588785   0.949475  35.3448     	Dead: 0
5    44  37.373    0.0580831   0.936648  35.3071     	Dead: 0
5    45  37.2651   0.0577893   0.93191   35.3071     	Dead: 0
5    46  37.1231   0.055985    0.902815  34.7018     	Dead: 0
5    47  37.057    0.0588999   0.94982   34.7018     	Dead: 0
5    48  36.9767   0.058417    0.942032  34.7018     	Dead: 0
5    49  36.8806   0.0583775   0.941396  34.7018     	Dead: 0
5    50  36.7789   0.0573707   0.925159  34.7018     	Dead: 0
5    51  36.695    0.057216    0.922665  34.6581     	Dead: 0
5    52  36.62     0.0574644   0.926672  34.6581     	Dead: 0
5    53  36.5099   0.0583293   0.940618  34.2125     	Dead: 0
5    54  36.4383   0.0574823   0.92696   34.2125     	Dead: 0
5    55  36.2862   0.0546324   0.881002  33.9581     	Dead: 0
5    56  36.2606   0.0578804   0.93338   33.9581     	Dead: 0
5    57  36.1697   0.0598031   0.964384  33.9581     	Dead: 0
5    58  36.063    0.0585825   0.944701  33.6273     	Dead: 0
5    59  36.0328   0.059393    0.957771  33.6273     	Dead: 0
5    60  35.9304   0.0583519   0.940983  33.6273     	Dead: 0
5    61  35.8553   0.0595497   0.960298  33.6273     	Dead: 0
5    62  35.7764   0.0573885   0.925447  33.6273     	Dead: 0
5    63  35.6916   0.0573933   0.925524  33.6273     	Dead: 0
5    64  35.6305   0.0580779   0.936565  33.6273     	Dead: 0
5    65  35.5361   0.058272    0.939694  33.153      	Dead: 0
5    66  35.4293   0.0578836   0.933431  33.153      	Dead: 0
5    67  35.3417   0.0579287   0.934158  33.0419     	Dead: 0
5    68  35.2664   0.0597721   0.963885  33.0419     	Dead: 0
5    69  35.1859   0.0593255   0.956684  32.912      	Dead: 0
5    70  35.0887   0.0603725   0.973566  32.912      	Dead: 0
5    71  34.9838   0.0583183   0.94044   32.912      	Dead: 0
5    72  34.913    0.0600425   0.968245  32.912      	Dead: 0
5    73  34.8154   0.0580464   0.936056  32.8761     	Dead: 0
5    74  34.7263   0.0553517   0.892602  32.8761     	Dead: 0
5    75  34.7012   0.0588114   0.948393  32.8761     	Dead: 0
5    76  34.6261   0.0578466   0.932835  32.8761     	Dead: 0
5    77  34.5467   0.0579334   0.934234  32.8256     	Dead: 0
5    78  34.4958   0.0597293   0.963194  32.2442     	Dead: 0
5    79  34.3888   0.0560022   0.903092  32.2442     	Dead: 0
5    80  34.3374   0.057429    0.9261    32.2442     	Dead: 0
5    81  34.294    0.0603088   0.97254   32.2442     	Dead: 0
5    82  34.1805   0.0550224   0.887291  32.2442     	Dead: 0
5    83  34.1483   0.0560282   0.903511  32.2442     	Dead: 0
5    84  34.1003   0.0582395   0.939171  32.2442     	Dead: 0
5    85  34.0255   0.0573124   0.92422   32.1803     	Dead: 0
5    86  33.9955   0.0601069   0.969283  32.1803     	Dead: 0
5    87  33.9107   0.0583852   0.941519  31.9022     	Dead: 0
5    88  33.8652   0.0601718   0.97033   31.9022     	Dead: 0
5    89  33.7644   0.058083    0.936647  31.9022     	Dead: 0
5    90  33.7178   0.0578949   0.933613  31.8879     	Dead: 0
5    91  33.6107   0.0574763   0.926864  31.5818     	Dead: 0
5    92  33.5195   0.0582931   0.940035  31.3903     	Dead: 0
5    93  33.4584   0.0582341   0.939084  31.3087     	Dead: 0
5    94  33.3424   0.0576671   0.929939  31.0929     	Dead: 0
5    95  33.2364   0.0573973   0.925589  31.0929     	Dead: 0
5    96  33.0785   0.0558665   0.900903  31.0929     	Dead: 0
5    97  32.9988   0.0582019   0.938564  31.0929     	Dead: 0
5    98  32.8353   0.0540957   0.872347  30.8355     	Dead: 0
5    99  32.7503   0.0564874   0.910916  30.8355     	Dead: 0
5    100 32.59     0.0548634   0.884727  30.8355     	Dead: 0
Done run 5 of 29

Beginning Run 6 of 29
Run  RI  Mean      95% CI      SD        Best    
6    0   53.3432   0.121998    1.96734   47.6786     	Dead: 0
6    1   52.1683   0.113549    1.83109   47.3313     	Dead: 0
6    2   51.1657   0.10695     1.72468   47.0275     	Dead: 0
6    3   50.0507   0.103069    1.66209   43.8928     	Dead: 0
6    4   49.1139   0.0925509   1.49248   43.2827     	Dead: 0
6    5   48.1983   0.0928896   1.49794   43.0003     	Dead: 0
6    6   47.2813   0.0895534   1.44414   42.1528     	Dead: 0
6    7   46.4529   0.0814276   1.3131    42.1528     	Dead: 0
6    8   45.7352   0.0771066   1.24342   41.418      	Dead: 0
6    9   45.1305   0.0710423   1.14563   41.418      	Dead: 0
6    10  44.6343   0.0714686   1.1525    41.2841     	Dead: 0
6    11  44.2272   0.0682427   1.10048   41.2841     	Dead: 0
6    12  43.9016   0.0672963   1.08522   41.2841     	Dead: 0
6    13  43.5982   0.06514     1.05045   40.8789     	Dead: 0
6    14  43.3334   0.0655122   1.05645   39.7695     	Dead: 0
6    15  43.0786   0.0643659   1.03796   39.7695     	Dead: 0
6    16  42.8331   0.064543    1.04082   39.4169     	Dead: 0
6    17  42.542    0.0619008   0.998213  39.4169     	Dead: 0
6    18  42.3061   0.0617971   0.996541  39.4169     	Dead: 0
6    19  42.0847   0.0613956   0.990066  39.4169     	Dead: 0
6    20  41.8542   0.0631297   1.01803   39.3308     	Dead: 0
6    21  41.6064   0.0594861   0.959273  39.3308     	Dead: 0
6    22  41.3904   0.0597523   0.963565  38.244      	Dead: 0
6    23  41.189    0.0588934   0.949714  38.244      	Dead: 0
6    24  41.0053   0.0598404   0.964986  38.244      	Dead: 0
6    25  40.801    0.0580174   0.935588  38.244      	Dead: 0
6    26  40.678    0.062729    1.01157   38.0985     	Dead: 0
6    27  40.4962   0.0592797   0.955944  38.0985     	Dead: 0
6    28  40.3283   0.0595745   0.960699  38.0985     	Dead: 0
6    29  40.2372   0.0592265   0.955086  38.0985     	Dead: 0
6    30  40.0962   0.0578196   0.9324    37.6268     	Dead: 0
6    31  40.0092   0.0587526   0.947444  37.6268     	Dead: 0
6    32  39.8368   0.0585243   0.943762  37.6268     	Dead: 0
6    33  39.7496   0.0599547   0.96683   37.582      	Dead: 0
6    34  39.6279   0.0595369   0.960093  37.4398     	Dead: 0
6    35  39.4659   0.0580269   0.935741  37.0377     	Dead: 0
6    36  39.2987   0.0560593   0.904012  36.9596     	Dead: 0
6    37  39.2064   0.0565421   0.911797  36.9596     	Dead: 0
6    38  39.1096   0.0593586   0.957217  36.7449     	Dead: 0
6    39  38.9738   0.0597896   0.964167  36.1051     	Dead: 0
6    40  38.8537   0.0586729   0.94616   36.1051     	Dead: 0
6    41  38.6766   0.0543283   0.876098  36.1051     	Dead: 0
6    42  38.5376   0.0567036   0.914402  35.8796     	Dead: 0
6    43  38.3538   0.0579003   0.933701  35.8796     	Dead: 0
6    44  38.1976   0.0564087   0.909646  35.8796     	Dead: 0
6    45  38.0332   0.0532207   0.858237  35.5925     	Dead: 0
6    46  37.9182   0.0564184   0.909803  35.5925     	Dead: 0
6    47  37.8032   0.0574497   0.926433  35.4161     	Dead: 0
6    48  37.6455   0.0563068   0.908004  35.4161     	Dead: 0
6    49  37.5447   0.0569122   0.917766  35.4161     	Dead: 0
6    50  37.4754   0.0576589   0.929807  35.4161     	Dead: 0
6    51  37.4018   0.0562339   0.906828  35.4161     	Dead: 0
6    52  37.3545   0.0604317   0.974521  35.0138     	Dead: 0
6    53  37.2556   0.058054    0.936179  35.0138     	Dead: 0
6    54  37.1571   0.0582883   0.939958  34.894      	Dead: 0
6    55  37.0337   0.0550344   0.887485  34.894      	Dead: 0
6    56  37.0073   0.0563239   0.908279  34.5557     	Dead: 0
6    57  36.9828   0.0597745   0.963924  34.5557     	Dead: 0
6    58  36.9137   0.0585696   0.944493  34.5557     	Dead: 0
6    59  36.8657   0.0607104   0.979016  34.5557     	Dead: 0
6    60  36.7976   0.0594179   0.958172  34.5557     	Dead: 0
6    61  36.7366   0.0599836   0.967295  34.5557     	Dead: 0
6    62  36.6783   0.0608149   0.980701  34.5557     	Dead: 0
6    63  36.6472   0.0609353   0.982642  34.5557     	Dead: 0
6    64  36.5818   0.0600587   0.968507  34.1015     	Dead: 0
6    65  36.4978   0.0581121   0.937115  34.013      	Dead: 0
6    66  36.4444   0.0595738   0.960688  34.013      	Dead: 0
6    67  36.3985   0.0593133   0.956486  34.013      	Dead: 0
6    68  36.3105   0.0606087   0.977376  34.013      	Dead: 0
6    69  36.2593   0.0607201   0.979172  34.013      	Dead: 0
6    70  36.1569   0.058102    0.936953  33.5695     	Dead: 0
6    71  36.071    0.0576767   0.930095  33.5695     	Dead: 0
6    72  36.0014   0.0586647   0.946028  33.5695     	Dead: 0
6    73  35.9402   0.0595219   0.95985   33.5695     	Dead: 0
6    74  35.8567   0.0594059   0.957979  33.5695     	Dead: 0
6    75  35.7686   0.0592571   0.95558   33.5695     	Dead: 0
6    76  35.6991   0.058481    0.943064  33.5695     	Dead: 0
6    77  35.6157   0.057566    0.92831   33.4987     	Dead: 0
6    78  35.5916   0.0595049   0.959575  33.3175     	Dead: 0
6    79  35.5472   0.0602074   0.970904  33.3175     	Dead: 0
6    80  35.504    0.0608921   0.981946  33.3175     	Dead: 0
6    81  35.4101   0.0581468   0.937675  33.3175     	Dead: 0
6    82  35.3789   0.0613829   0.989861  33.3175     	Dead: 0
6    83  35.2771   0.0586967   0.946542  33.3175     	Dead: 0
6    84  35.2308   0.0572965   0.923963  33.048      	Dead: 0
6    85  35.1866   0.0578873   0.933491  33.048      	Dead: 0
6    86  35.1373   0.0577278   0.930919  33.048      	Dead: 0
6    87  35.127    0.0599304   0.966438  33.048      	Dead: 0
6    88  35.0553   0.0587609   0.947578  33.048      	Dead: 0
6    89  35.0325   0.0606871   0.97864   32.8482     	Dead: 0
6    90  34.9938   0.0612055   0.986999  32.8482     	Dead: 0
6    91  34.9491   0.0615104   0.991917  32.8482     	Dead: 0
6    92  34.8766   0.0590904   0.952892  32.8482     	Dead: 0
6    93  34.8928   0.0622041   1.0031    32.5276     	Dead: 0
6    94  34.8025   0.0577281   0.930924  32.5276     	Dead: 0
6    95  34.7814   0.0595319   0.960011  32.5276     	Dead: 0
6    96  34.7274   0.0592957   0.956202  32.5276     	Dead: 0
6    97  34.7046   0.0601909   0.970638  32.5276     	Dead: 0
6    98  34.7076   0.0625075   1.008     32.5276     	Dead: 0
6    99  34.6629   0.0597282   0.963176  32.5276     	Dead: 0
6    100 34.6722   0.0636531   1.02647   32.5276     	Dead: 0
Done run 6 of 29

Beginning Run 7 of 29
Run  RI  Mean      95% CI      SD        Best    
7    0   53.2909   0.121012    1.95144   47.4104     	Dead: 0
7    1   52.1639   0.117916    1.90151   46.7326     	Dead: 0
7    2   51.1468   0.105583    1.70263   46.7326     	Dead: 0
7    3   50.1587   0.103191    1.66405   45.6391     	Dead: 0
7    4   49.1616   0.0974088   1.57081   45.4127     	Dead: 0
7    5   48.2494   0.0900742   1.45254   44.7076     	Dead: 0
7    6   47.4514   0.0868859   1.40112   42.2545     	Dead: 0
7    7   46.7397   0.0802468   1.29406   42.2545     	Dead: 0
7    8   46.0974   0.0752597   1.21364   42.2545     	Dead: 0
7    9   45.5721   0.0736165   1.18714   42.1824     	Dead: 0
7    10  45.1626   0.066752    1.07644   42.1824     	Dead: 0
7    11  44.8876   0.0668321   1.07774   42.1824     	Dead: 0
7    12  44.6519   0.0685176   1.10492   40.8577     	Dead: 0
7    13  44.3546   0.0618959   0.998133  40.8577     	Dead: 0
7    14  44.1249   0.0632637   1.02019   40.8577     	Dead: 0
7    15  43.9692   0.0647082   1.04348   40.8577     	Dead: 0
7    16  43.7726   0.0673019   1.08531   40.8577     	Dead: 0
7    17  43.5225   0.06518     1.05109   40.8577     	Dead: 0
7    18  43.2719   0.0627787   1.01237   40.2825     	Dead: 0
7    19  43.0391   0.0662683   1.06864   39.9021     	Dead: 0
7    20  42.759    0.0650803   1.04948   39.9021     	Dead: 0
7    21  42.4612   0.0652263   1.05184   39.5097     	Dead: 0
7    22  42.0839   0.0610018   0.983714  39.0328     	Dead: 0
7    23  41.7973   0.0609504   0.982886  39.0328     	Dead: 0
7    24  41.5381   0.0576263   0.929281  39.0328     	Dead: 0
7    25  41.2406   0.0562482   0.907058  38.4116     	Dead: 0
7    26  41.0404   0.0585475   0.944136  38.4116     	Dead: 0
7    27  40.8092   0.055559    0.895945  38.4116     	Dead: 0
7    28  40.6367   0.0562704   0.907416  38.4116     	Dead: 0
7    29  40.4871   0.0576381   0.929473  37.6819     	Dead: 0
7    30  40.2983   0.0558908   0.901295  37.6819     	Dead: 0
7    31  40.2101   0.0576664   0.929928  37.6819     	Dead: 0
7    32  40.0764   0.0567242   0.914735  37.6819     	Dead: 0
7    33  39.9192   0.0544165   0.877521  37.6819     	Dead: 0
7    34  39.8495   0.0552439   0.890863  36.8515     	Dead: 0
7    35  39.7894   0.0566007   0.912743  36.8515     	Dead: 0
7    36  39.6958   0.0569114   0.917753  36.8515     	Dead: 0
7    37  39.6304   0.0561337   0.905212  36.8515     	Dead: 0
7    38  39.541    0.0569459   0.91831   36.8515     	Dead: 0
7    39  39.4398   0.0576068   0.928967  36.8515     	Dead: 0
7    40  39.3439   0.0567595   0.915304  36.8515     	Dead: 0
7    41  39.2586   0.0585284   0.943829  36.8515     	Dead: 0
7    42  39.1454   0.0572499   0.923212  36.8515     	Dead: 0
7    43  39.0308   0.0560678   0.904149  36.3926     	Dead: 0
7    44  38.931    0.0586271   0.94542   36.3926     	Dead: 0
7    45  38.7924   0.0534005   0.861137  36.3926     	Dead: 0
7    46  38.709    0.0562122   0.906477  36.3926     	Dead: 0
7    47  38.5947   0.0569276   0.918015  36.3926     	Dead: 0
7    48  38.4887   0.0573371   0.924617  35.9586     	Dead: 0
7    49  38.3283   0.057187    0.922198  35.9586     	Dead: 0
7    50  38.1911   0.0562177   0.906567  35.7583     	Dead: 0
7    51  38.0295   0.0533775   0.860765  35.7583     	Dead: 0
7    52  37.9206   0.0563025   0.907934  35.7583     	Dead: 0
7    53  37.7371   0.0539437   0.869896  35.7583     	Dead: 0
7    54  37.582    0.0540056   0.870895  35.6618     	Dead: 0
7    55  37.4936   0.0569737   0.918759  35.2484     	Dead: 0
7    56  37.3104   0.0536272   0.864793  35.1098     	Dead: 0
7    57  37.1888   0.0549289   0.885784  35.1098     	Dead: 0
7    58  37.0967   0.0560316   0.903566  35.1098     	Dead: 0
7    59  36.9399   0.0567228   0.914712  35.0158     	Dead: 0
7    60  36.8385   0.0560396   0.903695  34.5752     	Dead: 0
7    61  36.7428   0.0556214   0.89695   34.5752     	Dead: 0
7    62  36.5915   0.0538723   0.868744  34.5612     	Dead: 0
7    63  36.5534   0.0563633   0.908915  34.5612     	Dead: 0
7    64  36.4716   0.0592428   0.955349  34.5612     	Dead: 0
7    65  36.3315   0.0580022   0.935344  33.7998     	Dead: 0
7    66  36.2319   0.0555551   0.895882  33.7998     	Dead: 0
7    67  36.1244   0.056812    0.91615   33.7998     	Dead: 0
7    68  36.0097   0.0558105   0.9       33.7743     	Dead: 0
7    69  35.906    0.0563599   0.90886   33.7743     	Dead: 0
7    70  35.7809   0.0555248   0.895392  33.2355     	Dead: 0
7    71  35.6166   0.0527574   0.850766  33.2355     	Dead: 0
7    72  35.5054   0.0545351   0.879432  33.2355     	Dead: 0
7    73  35.4215   0.0546563   0.881388  33.2355     	Dead: 0
7    74  35.2398   0.0525008   0.846627  33.2355     	Dead: 0
7    75  35.1492   0.0540028   0.870849  33.0875     	Dead: 0
7    76  34.9883   0.0531467   0.857043  32.8025     	Dead: 0
7    77  34.879    0.0544624   0.878261  32.8025     	Dead: 0
7    78  34.7775   0.0552724   0.891323  32.6704     	Dead: 0
7    79  34.6604   0.0558208   0.900166  32.2932     	Dead: 0
7    80  34.5401   0.0549227   0.885684  32.2932     	Dead: 0
7    81  34.4112   0.0539229   0.869561  31.8957     	Dead: 0
7    82  34.3252   0.0562609   0.907263  31.8957     	Dead: 0
7    83  34.2121   0.0554762   0.89461   31.8957     	Dead: 0
7    84  34.1372   0.0569918   0.919049  31.8957     	Dead: 0
7    85  34.0286   0.0573301   0.924505  31.8957     	Dead: 0
7    86  33.9136   0.0556355   0.897179  31.8957     	Dead: 0
7    87  33.8165   0.0555297   0.895472  30.9639     	Dead: 0
7    88  33.739    0.0559129   0.901651  30.9639     	Dead: 0
7    89  33.6782   0.0573453   0.924751  30.9639     	Dead: 0
7    90  33.5625   0.0563505   0.908708  30.9639     	Dead: 0
7    91  33.5263   0.0560755   0.904274  30.9639     	Dead: 0
7    92  33.4828   0.0563339   0.90844   30.9639     	Dead: 0
7    93  33.3766   0.0555234   0.89537   30.8029     	Dead: 0
7    94  33.3512   0.0591691   0.954161  30.8029     	Dead: 0
7    95  33.306    0.0598961   0.965885  30.8029     	Dead: 0
7    96  33.2118   0.0573733   0.925202  30.8029     	Dead: 0
7    97  33.1349   0.0570933   0.920686  30.8029     	Dead: 0
7    98  33.1359   0.0618039   0.996649  30.8029     	Dead: 0
7    99  33.0971   0.0629722   1.01549   30.8029     	Dead: 0
7    100 33.071    0.0643368   1.0375    30.8029     	Dead: 0
Done run 7 of 29

Beginning Run 8 of 29
Run  RI  Mean      95% CI      SD        Best    
8    0   53.1584   0.117643    1.89712   47.6648     	Dead: 0
8    1   51.8374   0.113845    1.83586   44.1079     	Dead: 0
8    2   50.6775   0.115214    1.85794   44.1079     	Dead: 0
8    3   49.3994   0.108125    1.74362   44.1079     	Dead: 0
8    4   48.2524   0.0969939   1.56412   43.6873     	Dead: 0
8    5   47.2558   0.0885735   1.42834   43.6438     	Dead: 0
8    6   46.4163   0.0758133   1.22257   43.1604     	Dead: 0
8    7   45.7583   0.0688542   1.11034   41.9665     	Dead: 0
8    8   45.2828   0.069407    1.11926   41.9665     	Dead: 0
8    9   44.8719   0.0645238   1.04051   41.9665     	Dead: 0
8    10  44.5599   0.0650887   1.04962   41.5968     	Dead: 0
8    11  44.2412   0.0616653   0.994415  41.5968     	Dead: 0
8    12  43.9829   0.0634507   1.02321   41.3162     	Dead: 0
8    13  43.7178   0.062305    1.00473   41.0948     	Dead: 0
8    14  43.5321   0.0645095   1.04028   40.8123     	Dead: 0
8    15  43.3198   0.062244    1.00375   40.8123     	Dead: 0
8    16  43.1276   0.0636539   1.02648   40.727      	Dead: 0
8    17  42.9112   0.0636735   1.0268    39.8752     	Dead: 0
8    18  42.6829   0.060213    0.970995  39.8752     	Dead: 0
8    19  42.5081   0.0646161   1.042     39.8752     	Dead: 0
8    20  42.2675   0.0635042   1.02407   39.6682     	Dead: 0
8    21  41.9803   0.0634367   1.02298   39.6682     	Dead: 0
8    22  41.6815   0.0591764   0.954278  39.4887     	Dead: 0
8    23  41.4418   0.0607889   0.980282  39.1712     	Dead: 0
8    24  41.2395   0.0616615   0.994354  38.494      	Dead: 0
8    25  41.021    0.062068    1.00091   38.494      	Dead: 0
8    26  40.7204   0.0599575   0.966874  38.3509     	Dead: 0
8    27  40.5313   0.060208    0.970914  37.6965     	Dead: 0
8    28  40.3327   0.0601043   0.969242  37.306      	Dead: 0
8    29  40.2083   0.0643199   1.03722   37.306      	Dead: 0
8    30  39.9344   0.0589342   0.950373  37.306      	Dead: 0
8    31  39.8301   0.0608688   0.981571  37.306      	Dead: 0
8    32  39.6601   0.0595955   0.961037  37.2489     	Dead: 0
8    33  39.5275   0.0593439   0.95698   37.2489     	Dead: 0
8    34  39.3952   0.0602909   0.972252  37.1601     	Dead: 0
8    35  39.2648   0.0627902   1.01255   37.0102     	Dead: 0
8    36  39.0845   0.063121    1.01789   36.5098     	Dead: 0
8    37  38.9473   0.0607789   0.980121  36.5098     	Dead: 0
8    38  38.7862   0.061853    0.997442  36.1378     	Dead: 0
8    39  38.6418   0.0633319   1.02129   35.561      	Dead: 0
8    40  38.5147   0.0624362   1.00685   35.561      	Dead: 0
8    41  38.3514   0.0629612   1.01531   34.8402     	Dead: 0
8    42  38.2182   0.0639114   1.03064   34.8402     	Dead: 0
8    43  38.0717   0.0632052   1.01925   34.8402     	Dead: 0
8    44  37.8837   0.0621406   1.00208   34.8402     	Dead: 0
8    45  37.6909   0.0619941   0.999716  34.8402     	Dead: 0
8    46  37.5253   0.0661281   1.06638   34.8402     	Dead: 0
8    47  37.2594   0.0641861   1.03507   34.7574     	Dead: 0
8    48  37.0561   0.0658877   1.06251   34.185      	Dead: 0
8    49  36.8267   0.0637592   1.02818   34.185      	Dead: 0
8    50  36.6038   0.0618518   0.997422  34.185      	Dead: 0
8    51  36.4265   0.0613386   0.989147  34.185      	Dead: 0
8    52  36.241    0.0633894   1.02222   33.8955     	Dead: 0
8    53  36.0849   0.0609054   0.98216   33.8955     	Dead: 0
8    54  35.9444   0.0595496   0.960297  33.8955     	Dead: 0
8    55  35.8442   0.06101     0.983848  33.6123     	Dead: 0
8    56  35.7186   0.0617424   0.995657  32.8558     	Dead: 0
8    57  35.572    0.0608801   0.981753  32.8558     	Dead: 0
8    58  35.4964   0.0625014   1.0079    32.8558     	Dead: 0
8    59  35.4149   0.0635205   1.02433   32.8558     	Dead: 0
8    60  35.3138   0.0614917   0.991616  32.8339     	Dead: 0
8    61  35.2351   0.0631258   1.01797   32.8339     	Dead: 0
8    62  35.1686   0.0607208   0.979183  32.8339     	Dead: 0
8    63  35.0307   0.0603461   0.973141  32.6991     	Dead: 0
8    64  34.9553   0.0597152   0.962967  32.6991     	Dead: 0
8    65  34.9189   0.0615049   0.991829  32.6991     	Dead: 0
8    66  34.8884   0.0646926   1.04323   32.6991     	Dead: 0
8    67  34.803    0.0663343   1.06971   32.4535     	Dead: 0
8    68  34.7409   0.0653432   1.05373   32.4328     	Dead: 0
8    69  34.655    0.062781    1.01241   32.4328     	Dead: 0
8    70  34.5448   0.0611879   0.986716  32.1669     	Dead: 0
8    71  34.4607   0.060511    0.9758    32.1669     	Dead: 0
8    72  34.3775   0.0614141   0.990363  32.1497     	Dead: 0
8    73  34.3167   0.06191     0.998361  32.1497     	Dead: 0
8    74  34.3013   0.0650671   1.04927   31.8511     	Dead: 0
8    75  34.1868   0.0636382   1.02623   31.541      	Dead: 0
8    76  34.0558   0.0612532   0.98777   31.541      	Dead: 0
8    77  33.9863   0.0626527   1.01034   31.4133     	Dead: 0
8    78  33.8822   0.0641948   1.0352    31.4133     	Dead: 0
8    79  33.7617   0.0631805   1.01885   31.2237     	Dead: 0
8    80  33.7162   0.0640237   1.03245   31.2237     	Dead: 0
8    81  33.6358   0.0627117   1.01129   31.2237     	Dead: 0
8    82  33.5437   0.0624614   1.00725   31.2237     	Dead: 0
8    83  33.4627   0.0648252   1.04537   31.2237     	Dead: 0
8    84  33.3753   0.0641645   1.03472   30.7431     	Dead: 0
8    85  33.2909   0.0615031   0.9918    30.7431     	Dead: 0
8    86  33.2639   0.0685115   1.10482   30.4056     	Dead: 0
8    87  33.1865   0.0659482   1.06348   30.4056     	Dead: 0
8    88  33.0841   0.0658954   1.06263   30.4056     	Dead: 0
8    89  32.954    0.0657616   1.06047   30.4056     	Dead: 0
8    90  32.8546   0.067028    1.08089   30.227      	Dead: 0
8    91  32.703    0.0650765   1.04942   30.227      	Dead: 0
8    92  32.52     0.062291    1.00451   30.227      	Dead: 0
8    93  32.3215   0.0642534   1.03615   29.4173     	Dead: 0
8    94  32.1528   0.0653219   1.05338   29.4173     	Dead: 0
8    95  31.9342   0.0660658   1.06538   28.963      	Dead: 0
8    96  31.6431   0.066076    1.06554   28.963      	Dead: 0
8    97  31.3303   0.0649626   1.04759   28.8978     	Dead: 0
8    98  31.1519   0.0651269   1.05024   28.8719     	Dead: 0
8    99  30.9815   0.0667388   1.07623   28.8719     	Dead: 0
8    100 30.7702   0.0641185   1.03397   28.6889     	Dead: 0
Done run 8 of 29

Beginning Run 9 of 29
Run  RI  Mean      95% CI      SD        Best    
9    0   53.1795   0.116489    1.87851   47.3003     	Dead: 0
slurmstepd: error: *** JOB 2882515 ON gra647 CANCELLED AT 2023-01-22T22:52:59 DUE TO TIME LIMIT ***
