6; ./384ED ./ED384/ps6/ 1 0.01221 0.01963 0.38384 0.09418 0.00695 0.00673 0.03030 0.01730 0.42884
Graph Evolution Tool.
Initial Graph: Ring with m = 2
Fitness Function: Epidemic Length
Representation: THADS-N with Operation Densities
Densities: 0.01221 0.01963 0.38384 0.09418 0.00695 0.00673 0.0303 0.0173 0.42884 
Check readme.dat for more information about parameters/output.

Beginning Run 0 of 29
Run  RI  Mean      95% CI      SD        Best    
0    0   9.449     0.0326183   0.526003  11.4    
0    1   11.4718   0.0351932   0.567525  13.4    
0    2   13.926    0.0429721   0.692968  16.8    
0    3   16.1448   0.0546545   0.881359  19.2    
0    4   17.786    0.0642018   1.03532   20.8    
0    5   18.591    0.0729706   1.17672   22.4    
0    6   19.1554   0.0792598   1.27814   23      
0    7   19.5698   0.085454    1.37803   23      
0    8   20.0008   0.0909405   1.46651   23.2    
0    9   20.3998   0.100909    1.62726   24.2    
0    10  20.7402   0.107504    1.73362   24.4    
0    11  21.287    0.110628    1.78399   25.4    
0    12  21.7792   0.116763    1.88293   27      
0    13  22.1588   0.113243    1.82616   27      
0    14  22.4354   0.114661    1.84902   27      
0    15  22.488    0.122994    1.9834    27.2    
0    16  22.6232   0.130438    2.10345   27.8    
0    17  22.8444   0.129652    2.09077   27.8    
0    18  23.151    0.122039    1.96799   29.2    
0    19  23.3088   0.138528    2.2339    29.2    
0    20  23.6846   0.139559    2.25053   29.2    
0    21  23.9666   0.14617     2.35714   29.2    
0    22  24.2378   0.161837    2.60978   31.4    
0    23  24.6064   0.166266    2.6812    31.4    
0    24  25.0466   0.166157    2.67945   33.8    
0    25  25.259    0.181468    2.92635   33.8    
0    26  25.8852   0.181116    2.92067   33.8    
0    27  26.2144   0.179957    2.90199   33.8    
0    28  26.431    0.187088    3.01699   35      
0    29  26.6736   0.186245    3.00339   35      
0    30  26.8096   0.199263    3.21332   35      
0    31  26.8822   0.201311    3.24634   35      
0    32  27.1214   0.197724    3.1885    35      
0    33  27.2522   0.204105    3.2914    35      
0    34  27.2788   0.210797    3.39931   35.6    
0    35  27.4202   0.203284    3.27816   35.6    
0    36  27.4162   0.207643    3.34845   35.6    
0    37  27.531    0.204422    3.29651   35.6    
0    38  27.5      0.21337     3.4408    35.6    
0    39  27.4918   0.220363    3.55358   35.6    
0    40  27.5406   0.218882    3.5297    35.6    
0    41  27.6088   0.214207    3.4543    36.2    
0    42  27.6246   0.226344    3.65002   36.2    
0    43  27.8894   0.211786    3.41527   36.2    
0    44  27.9128   0.211345    3.40815   36.2    
0    45  27.9852   0.208822    3.36746   36.2    
0    46  27.8078   0.222402    3.58645   36.2    
0    47  27.9182   0.216811    3.49629   36.2    
0    48  27.9476   0.214145    3.4533    36.2    
0    49  27.9922   0.222563    3.58905   36.2    
0    50  28.0578   0.22235     3.58561   36.2    
0    51  28.0672   0.223071    3.59724   36.2    
0    52  28.232    0.21082     3.39968   36.2    
0    53  28.2046   0.222164    3.58262   36.2    
0    54  28.1414   0.220364    3.55358   36.2    
0    55  28.2106   0.21979     3.54433   36.2    
0    56  28.3284   0.216811    3.49629   36.2    
0    57  28.214    0.224398    3.61864   36.2    
0    58  28.3194   0.213997    3.45092   36.2    
0    59  28.4068   0.213696    3.44606   36.2    
0    60  28.3724   0.227745    3.67262   36.2    
0    61  28.2974   0.225208    3.6317    36.2    
0    62  28.5548   0.214035    3.45153   36.2    
0    63  28.4538   0.222204    3.58326   36.2    
0    64  28.4832   0.215978    3.48285   36.2    
0    65  28.3494   0.227983    3.67645   36.2    
0    66  28.547    0.224488    3.62009   36.2    
0    67  28.5258   0.223404    3.60262   36.2    
0    68  28.492    0.225022    3.62871   36.2    
0    69  28.6266   0.223158    3.59865   36.2    
0    70  28.5822   0.228214    3.68018   36.2    
0    71  28.7084   0.221591    3.57338   36.2    
0    72  28.7836   0.21991     3.54627   36.2    
0    73  28.6712   0.227998    3.67669   36.2    
0    74  28.918    0.226059    3.64542   36.2    
0    75  28.7816   0.234309    3.77846   36.2    
0    76  28.709    0.235309    3.7946    36.2    
0    77  28.8634   0.228178    3.6796    36.2    
0    78  28.8352   0.232202    3.74448   36.2    
0    79  29.0382   0.221796    3.57668   36.2    
0    80  28.9548   0.229221    3.69642   36.2    
0    81  29.0112   0.231439    3.73219   36.2    
0    82  28.9258   0.235862    3.80351   36.2    
0    83  28.9436   0.233321    3.76253   36.2    
0    84  28.985    0.2316      3.73478   36.2    
0    85  28.9032   0.241112    3.88818   36.2    
0    86  29.062    0.233252    3.76142   36.2    
0    87  29.1088   0.233741    3.76931   36.2    
0    88  29.0602   0.236454    3.81305   36.2    
0    89  29.032    0.237521    3.83026   36.4    
0    90  29.1582   0.230295    3.71373   36.4    
0    91  29.1226   0.233489    3.76525   36.4    
0    92  29.0524   0.239971    3.86978   36.4    
0    93  29.3064   0.22327     3.60045   36.4    
0    94  29.1598   0.237028    3.82231   36.4    
0    95  29.297    0.236781    3.81832   36.4    
0    96  29.1678   0.245911    3.96557   37.8    
0    97  29.2506   0.245767    3.96324   37.8    
0    98  29.3714   0.233332    3.7627    37.8    
0    99  29.4834   0.234917    3.78827   37.8    
0    100 29.4546   0.231358    3.73088   37.8    
Done run 0 of 29

Beginning Run 1 of 29
Run  RI  Mean      95% CI      SD        Best    
1    0   9.4372    0.0330643   0.533194  11      
1    1   11.5066   0.034493    0.556234  13.2    
1    2   13.2656   0.0379122   0.611373  15.2    
1    3   14.5298   0.041639    0.67147   17.2    
1    4   15.7432   0.047924    0.772822  18.2    
1    5   16.754    0.0557596   0.89918   19.4    
1    6   17.8246   0.0660357   1.06489   20.8    
1    7   18.7244   0.0815382   1.31489   22.4    
1    8   19.8406   0.0853707   1.37669   23.4    
1    9   20.4418   0.0918755   1.48158   24.2    
1    10  20.7682   0.10461     1.68693   25.8    
1    11  21.142    0.10517     1.69597   25.8    
1    12  21.549    0.111803    1.80293   26      
1    13  22.0446   0.113368    1.82817   26      
1    14  22.3562   0.116709    1.88205   26.6    
1    15  22.5388   0.121546    1.96004   27.4    
1    16  22.837    0.124489    2.00751   27.6    
1    17  22.9144   0.133507    2.15294   27.6    
1    18  23.129    0.128658    2.07473   27.8    
1    19  23.1966   0.144173    2.32493   27.8    
1    20  23.5306   0.124911    2.01431   29      
1    21  23.5804   0.134843    2.17447   29      
1    22  23.7446   0.133421    2.15154   29      
1    23  23.9464   0.13503     2.17749   29      
1    24  23.9984   0.14383     2.3194    29      
1    25  24.3806   0.137691    2.22041   29.6    
1    26  24.4446   0.146284    2.35898   29.6    
1    27  24.6038   0.153609    2.4771    29.6    
1    28  24.7144   0.158336    2.55333   31.2    
1    29  24.844    0.165101    2.66242   31.2    
1    30  25.0408   0.161563    2.60537   31.2    
1    31  25.2868   0.158399    2.55433   31.2    
1    32  25.4456   0.160893    2.59456   32      
1    33  25.691    0.164007    2.64478   32.6    
1    34  25.8532   0.165472    2.6684    33.6    
1    35  25.9862   0.169764    2.73761   33.6    
1    36  26.2778   0.173986    2.80569   33.6    
1    37  26.459    0.187898    3.03005   33.6    
1    38  26.6752   0.186263    3.00368   33.8    
1    39  26.9296   0.182768    2.94731   33.8    
1    40  27.2882   0.187702    3.02688   33.8    
1    41  27.538    0.192538    3.10486   33.8    
1    42  27.6342   0.193673    3.12316   33.8    
1    43  27.703    0.201039    3.24196   34.4    
1    44  28.0266   0.19837     3.19891   35      
1    45  28.4138   0.207063    3.3391    35      
1    46  28.6374   0.202098    3.25903   35      
1    47  28.7866   0.208629    3.36435   36      
1    48  28.9554   0.205858    3.31967   38.8    
1    49  29.1454   0.214283    3.45553   38.8    
1    50  29.1978   0.21069     3.39758   38.8    
1    51  29.827    0.205253    3.30992   38.8    
1    52  29.987    0.207818    3.35127   38.8    
1    53  30.092    0.213952    3.4502    38.8    
1    54  30.279    0.218367    3.52138   40.4    
1    55  30.5104   0.216979    3.499     40.4    
1    56  30.4962   0.230726    3.72069   40.4    
1    57  30.5474   0.229601    3.70254   40.4    
1    58  30.872    0.220693    3.5589    40.4    
1    59  30.73     0.22541     3.63496   40.4    
1    60  30.8692   0.228844    3.69035   40.4    
1    61  30.9242   0.232958    3.75668   40.4    
1    62  31.1348   0.234006    3.77358   40.4    
1    63  31.3308   0.235381    3.79575   40.4    
1    64  31.3508   0.235361    3.79544   40.4    
1    65  31.2822   0.245802    3.9638    40.4    
1    66  31.5996   0.23987     3.86815   40.4    
1    67  31.6006   0.232905    3.75583   40.4    
1    68  31.591    0.248282    4.00379   40.4    
1    69  31.4968   0.251721    4.05925   40.4    
1    70  31.5848   0.247728    3.99486   40.4    
1    71  31.7638   0.244662    3.94542   40.4    
1    72  31.8262   0.244869    3.94876   40.4    
1    73  31.8572   0.246192    3.9701    41.2    
1    74  31.8336   0.251847    4.06129   41.2    
1    75  31.8866   0.250191    4.03458   41.2    
1    76  31.8604   0.257846    4.15803   41.2    
1    77  31.97     0.250545    4.04028   41.2    
1    78  31.9494   0.248683    4.01026   41.2    
1    79  32.1298   0.24334     3.9241    41.2    
1    80  32.0672   0.253753    4.09202   41.2    
1    81  32.0778   0.254757    4.1082    41.2    
1    82  32.108    0.25339     4.08617   41.2    
1    83  32.037    0.261993    4.22489   41.2    
1    84  32.1714   0.261321    4.21406   41.2    
1    85  32.0782   0.258498    4.16854   41.2    
1    86  32.1854   0.258226    4.16416   41.2    
1    87  32.1522   0.263374    4.24716   41.2    
1    88  32.2688   0.25565     4.12262   41.2    
1    89  32.3562   0.250649    4.04197   41.2    
1    90  32.3918   0.261589    4.21839   41.2    
1    91  32.4794   0.259125    4.17865   41.2    
1    92  32.3002   0.261688    4.21998   41.2    
1    93  32.206    0.263759    4.25337   41.2    
1    94  32.311    0.258049    4.16129   41.2    
1    95  32.3484   0.259673    4.18749   41.2    
1    96  32.4376   0.263309    4.24612   41.2    
1    97  32.4524   0.264044    4.25797   41.2    
1    98  32.6046   0.256913    4.14298   41.2    
1    99  32.6164   0.261234    4.21265   41.2    
1    100 32.7866   0.255567    4.12127   41.2    
Done run 1 of 29

Beginning Run 2 of 29
Run  RI  Mean      95% CI      SD        Best    
2    0   9.4466    0.0336894   0.543276  11.4    
2    1   12.2262   0.0410812   0.662475  14.4    
2    2   14.9936   0.0493123   0.79521   18.2    
2    3   16.6914   0.0584203   0.942086  20      
2    4   17.9766   0.0725354   1.16971   20.6    
2    5   18.8976   0.0811835   1.30917   22.2    
2    6   19.5442   0.0899636   1.45075   23.2    
2    7   20.1792   0.0877654   1.4153    23.8    
2    8   20.5648   0.0949901   1.53181   24      
2    9   21.008    0.105129    1.69532   25.2    
2    10  21.33     0.103824    1.67427   25.4    
2    11  21.5262   0.114414    1.84505   25.4    
2    12  21.8212   0.109004    1.7578    25.6    
2    13  22.0526   0.109592    1.76728   25.6    
2    14  22.2702   0.122316    1.97247   26.6    
2    15  22.5984   0.124021    1.99996   26.8    
2    16  22.9698   0.115716    1.86604   27      
2    17  23.2634   0.118297    1.90765   27      
2    18  23.5782   0.122973    1.98306   27.6    
2    19  23.7764   0.127422    2.05481   27.6    
2    20  24.0846   0.127642    2.05835   28      
2    21  24.2866   0.126749    2.04395   28      
2    22  24.5958   0.122633    1.97758   28.8    
2    23  24.7156   0.14114     2.27603   29      
2    24  25.0032   0.14017     2.26039   29      
2    25  25.2456   0.132182    2.13157   30      
2    26  25.3038   0.13566     2.18765   30      
2    27  25.4816   0.134872    2.17494   30      
2    28  25.493    0.148479    2.39437   30      
2    29  25.73     0.137473    2.21689   30      
2    30  25.8492   0.135294    2.18176   30.8    
2    31  25.974    0.145065    2.33933   30.8    
2    32  26.0368   0.150494    2.42687   30.8    
2    33  26.2586   0.143174    2.30883   30.8    
2    34  26.3084   0.147988    2.38645   31.6    
2    35  26.525    0.142019    2.29019   31.6    
2    36  26.4936   0.155258    2.50369   31.8    
2    37  26.6518   0.150167    2.42159   31.8    
2    38  26.828    0.143496    2.31401   32      
2    39  26.9002   0.152646    2.46158   32      
2    40  27.0092   0.156802    2.52859   32      
2    41  27.1116   0.1647      2.65596   32      
2    42  27.2448   0.156253    2.51973   32      
2    43  27.288    0.166023    2.67729   32.8    
2    44  27.4774   0.160793    2.59295   33      
2    45  27.6122   0.158501    2.55599   33      
2    46  27.6252   0.163066    2.6296    33      
2    47  27.6612   0.165194    2.66392   34      
2    48  27.7392   0.157562    2.54085   34      
2    49  27.7138   0.167295    2.6978    34      
2    50  27.8268   0.161825    2.60958   34      
2    51  28.6018   0.161889    2.61062   36      
2    52  28.915    0.16227     2.61676   36      
2    53  29.077    0.16933     2.73062   36.4    
2    54  29.3032   0.181142    2.92109   36.6    
2    55  29.473    0.190435    3.07096   38.8    
2    56  29.614    0.191304    3.08496   38.8    
2    57  29.9046   0.190618    3.0739    38.8    
2    58  29.978    0.194309    3.13343   38.8    
2    59  30.0752   0.195136    3.14676   38.8    
2    60  30.2406   0.193152    3.11476   38.8    
2    61  30.1654   0.204734    3.30153   40      
2    62  30.3428   0.204317    3.29482   40      
2    63  30.367    0.199757    3.22128   40      
2    64  30.3934   0.20522     3.30938   40      
2    65  30.3812   0.210547    3.39527   40      
2    66  30.6574   0.205163    3.30847   40      
2    67  30.8034   0.203115    3.27544   40      
2    68  30.6978   0.21682     3.49644   40      
2    69  30.763    0.215588    3.47657   40      
2    70  30.855    0.211218    3.4061    40      
2    71  30.8748   0.208591    3.36374   40      
2    72  30.9794   0.212027    3.41915   40      
2    73  31.0514   0.214312    3.456     40      
2    74  31.205    0.212196    3.42187   40      
2    75  31.2612   0.214043    3.45166   40      
2    76  31.3716   0.214249    3.45498   40      
2    77  31.3746   0.21622     3.48676   40      
2    78  31.485    0.207948    3.35336   40      
2    79  31.3894   0.221145    3.56619   40      
2    80  31.4046   0.2217      3.57514   40      
2    81  31.6686   0.21396     3.45032   40      
2    82  31.7732   0.218798    3.52833   40      
2    83  31.7058   0.216498    3.49125   40      
2    84  31.95     0.219693    3.54278   40      
2    85  31.9966   0.220373    3.55373   40      
2    86  32.0712   0.223142    3.59838   40.6    
2    87  32.3072   0.217977    3.51509   40.6    
2    88  32.3536   0.224914    3.62696   40.8    
2    89  32.354    0.236837    3.81924   40.8    
2    90  32.6548   0.228648    3.68717   40.8    
2    91  32.5568   0.233247    3.76135   40.8    
2    92  32.8846   0.227962    3.67612   40.8    
2    93  32.94     0.230084    3.71034   41      
2    94  32.986    0.229656    3.70343   41      
2    95  33.3222   0.2239      3.6106    41      
2    96  33.236    0.23255     3.7501    41      
2    97  33.4886   0.22426     3.61642   42.8    
2    98  33.6024   0.234698    3.78474   42.8    
2    99  33.5008   0.247018    3.98342   42.8    
2    100 33.7548   0.230081    3.71029   42.8    
Done run 2 of 29

Beginning Run 3 of 29
Run  RI  Mean      95% CI      SD        Best    
3    0   9.4524    0.0330641   0.533192  11.4    
3    1   12.2872   0.0419703   0.676813  15      
3    2   15.323    0.0496787   0.801119  18.6    
3    3   16.894    0.0574123   0.925832  19.2    
3    4   18.0716   0.0695458   1.1215    21.2    
3    5   19.7538   0.0895837   1.44463   24.8    
3    6   20.5874   0.104893    1.6915    25.2    
3    7   21.2584   0.109268    1.76205   25.4    
3    8   21.779    0.115967    1.87008   28      
3    9   22.446    0.11815     1.90529   28      
3    10  22.9918   0.128248    2.06813   28.8    
3    11  23.3972   0.136409    2.19973   29.6    
3    12  23.7982   0.139729    2.25327   29.6    
3    13  24.0876   0.140324    2.26287   30.2    
3    14  24.1888   0.145216    2.34175   30.2    
3    15  24.3802   0.152326    2.45641   30.2    
3    16  24.6268   0.151464    2.44251   30.2    
3    17  24.788    0.155002    2.49956   30.2    
3    18  25.0342   0.165215    2.66425   30.2    
3    19  25.3462   0.162982    2.62825   30.2    
3    20  25.386    0.174455    2.81326   30.8    
3    21  25.718    0.167732    2.70484   30.8    
3    22  26.0034   0.158166    2.55058   31.6    
3    23  26.1952   0.158131    2.55002   33.2    
3    24  26.297    0.162826    2.62573   33.2    
3    25  26.3628   0.171365    2.76343   33.2    
3    26  26.5916   0.16848     2.71691   33.2    
3    27  26.784    0.162961    2.62791   33.2    
3    28  26.9252   0.169181    2.72821   33.2    
3    29  26.9096   0.168707    2.72057   33.2    
3    30  27.2368   0.160077    2.5814    33.2    
3    31  27.5392   0.158395    2.55427   34.2    
3    32  27.3874   0.182128    2.937     34.2    
3    33  27.8038   0.167169    2.69576   34.2    
3    34  27.82     0.17655     2.84705   34.2    
3    35  28.1468   0.183478    2.95876   34.2    
3    36  28.3724   0.180081    2.90399   34.2    
3    37  28.6798   0.185068    2.98441   34.8    
3    38  29.0222   0.18086     2.91655   34.8    
3    39  29.1834   0.187512    3.02381   34.8    
3    40  29.657    0.188016    3.03195   36      
3    41  30.102    0.176832    2.8516    36.6    
3    42  30.3554   0.186264    3.00369   36.6    
3    43  30.6628   0.211791    3.41534   36.6    
3    44  31.0998   0.187995    3.03161   36.8    
3    45  31.5252   0.167822    2.70629   37      
3    46  31.481    0.202683    3.26846   39.4    
3    47  31.6412   0.201275    3.24576   39.4    
3    48  31.836    0.215047    3.46785   39.4    
3    49  32.1618   0.202332    3.2628    39.4    
3    50  32.318    0.216619    3.4932    41.2    
3    51  34.2156   0.206511    3.3302    42.2    
3    52  34.9802   0.218325    3.52071   43.6    
3    53  35.1678   0.231706    3.73649   43.8    
3    54  35.4106   0.239993    3.87012   43.8    
3    55  35.5544   0.239974    3.86982   43.8    
3    56  35.5666   0.257166    4.14705   43.8    
3    57  36.0298   0.247086    3.9845    44.6    
3    58  35.9388   0.258192    4.16361   44.6    
3    59  36.05     0.259156    4.17915   44.6    
3    60  36.459    0.248382    4.00542   44.6    
3    61  36.0522   0.269181    4.34082   44.8    
3    62  36.267    0.270329    4.35932   44.8    
3    63  36.4282   0.264728    4.26901   44.8    
3    64  36.316    0.269017    4.33816   45.6    
3    65  36.55     0.264126    4.25929   45.6    
3    66  36.6546   0.268446    4.32897   46      
3    67  36.5146   0.277309    4.47188   46      
3    68  36.7348   0.272037    4.38687   46      
3    69  36.8516   0.268788    4.33448   46      
3    70  36.9036   0.274096    4.42007   47.2    
3    71  37.0432   0.272257    4.39042   47.2    
3    72  36.878    0.277234    4.47068   47.2    
3    73  36.8422   0.282348    4.55314   47.2    
3    74  36.9346   0.276609    4.46059   47.2    
3    75  36.9704   0.278765    4.49537   47.2    
3    76  37.0374   0.281416    4.53811   47.2    
3    77  37.0454   0.282507    4.55571   47.2    
3    78  37.1838   0.277859    4.48075   47.2    
3    79  37.1094   0.283632    4.57385   47.2    
3    80  37.265    0.278406    4.48957   47.2    
3    81  37.3304   0.281359    4.53719   47.2    
3    82  37.281    0.275688    4.44574   47.4    
3    83  37.4586   0.273074    4.40359   47.4    
3    84  37.4192   0.283862    4.57757   47.4    
3    85  37.2492   0.287175    4.63098   47.4    
3    86  37.3428   0.291768    4.70504   47.4    
3    87  37.6206   0.271283    4.3747    47.4    
3    88  37.4576   0.286539    4.62072   47.4    
3    89  37.475    0.286288    4.61668   47.4    
3    90  37.548    0.289276    4.66487   47.4    
3    91  37.71     0.278811    4.49611   47.4    
3    92  37.6616   0.281069    4.53252   47.4    
3    93  37.7216   0.28539     4.60219   47.4    
3    94  37.6836   0.290428    4.68344   47.4    
3    95  37.6552   0.300625    4.84788   47.8    
3    96  37.709    0.29669     4.78442   49.2    
3    97  37.8868   0.287379    4.63428   49.2    
3    98  37.796    0.291808    4.7057    49.2    
3    99  37.863    0.30039     4.84409   49.2    
3    100 38.0546   0.287771    4.64059   49.2    
Done run 3 of 29

Beginning Run 4 of 29
Run  RI  Mean      95% CI      SD        Best    
4    0   9.423     0.0319628   0.515433  11.2    
4    1   11.8344   0.0388421   0.626368  15.4    
4    2   14.5502   0.0434383   0.700486  17      
4    3   15.9178   0.0458821   0.739894  18      
4    4   16.917    0.0518542   0.8362    20      
4    5   18.3808   0.0718231   1.15822   21.4    
4    6   19.4258   0.0753061   1.21439   23      
4    7   20.1182   0.0834482   1.34569   24.6    
4    8   20.7388   0.0896564   1.4458    25.4    
4    9   21.2064   0.100834    1.62605   25.4    
4    10  21.648    0.111674    1.80085   25.4    
4    11  22.0524   0.110107    1.77558   26.2    
4    12  22.4928   0.123527    1.99199   27.4    
4    13  23.1288   0.123173    1.98629   27.6    
4    14  23.8278   0.118511    1.9111    27.6    
4    15  24.352    0.115175    1.85731   28.2    
4    16  24.5604   0.126907    2.04651   28.8    
4    17  24.8638   0.125568    2.02492   28.8    
4    18  25.0042   0.13443     2.16782   28.8    
4    19  25.2434   0.130828    2.10973   28.8    
4    20  25.4286   0.132662    2.13931   30      
4    21  25.5732   0.130358    2.10215   30      
4    22  25.8972   0.129856    2.09407   30      
4    23  26.2544   0.118255    1.90698   30      
4    24  26.4798   0.126041    2.03253   30.6    
4    25  26.7076   0.130232    2.10012   31.2    
4    26  27.0174   0.128984    2.07999   31.4    
4    27  27.2922   0.124429    2.00653   31.4    
4    28  27.5244   0.141576    2.28306   31.4    
4    29  27.9504   0.132672    2.13946   33.6    
4    30  28.464    0.143645    2.31642   33.6    
4    31  29.117    0.139558    2.25052   33.8    
4    32  29.7132   0.140017    2.25791   34.6    
4    33  30.2232   0.133391    2.15106   35.8    
4    34  30.516    0.150362    2.42474   35.8    
4    35  30.7706   0.16033     2.58548   36      
4    36  30.978    0.162507    2.62059   36      
4    37  31.149    0.166425    2.68377   36.2    
4    38  31.4288   0.158873    2.56199   36.2    
4    39  31.5146   0.174862    2.81982   36.2    
4    40  31.8564   0.168745    2.72118   36.6    
4    41  32.0522   0.168734    2.72101   37      
4    42  32.2508   0.179025    2.88696   37.6    
4    43  32.5664   0.173469    2.79735   37.6    
4    44  32.8498   0.174579    2.81527   37.8    
4    45  33.058    0.173345    2.79537   38.2    
4    46  33.358    0.173128    2.79186   38.4    
4    47  33.4744   0.174609    2.81574   39.4    
4    48  33.5074   0.194329    3.13374   39.4    
4    49  33.7066   0.185845    2.99694   40.2    
4    50  33.944    0.176668    2.84895   40.2    
4    51  34.9794   0.185545    2.9921    42.8    
4    52  35.3876   0.196377    3.16678   42.8    
4    53  35.6536   0.203041    3.27424   46      
4    54  35.8974   0.211272    3.40697   46      
4    55  36.0912   0.226216    3.64796   46      
4    56  36.1842   0.230041    3.70963   46      
4    57  36.5124   0.236396    3.81212   46      
4    58  36.6858   0.23017     3.71172   46      
4    59  36.8564   0.226353    3.65018   46      
4    60  37.0562   0.230406    3.71554   46      
4    61  37.105    0.244186    3.93774   46      
4    62  37.0392   0.250902    4.04605   46      
4    63  37.2976   0.232847    3.75489   46      
4    64  37.1598   0.242724    3.91417   46      
4    65  37.4014   0.242082    3.90382   46      
4    66  37.4724   0.248309    4.00423   46.6    
4    67  37.5748   0.249516    4.02369   46.6    
4    68  37.708    0.245019    3.95118   46.6    
4    69  37.7158   0.258931    4.17553   46.6    
4    70  37.9802   0.247422    3.98992   46.6    
4    71  37.9808   0.251348    4.05324   46.6    
4    72  38.0232   0.25102     4.04796   46.6    
4    73  38.1286   0.257399    4.15081   46.6    
4    74  38.2862   0.249217    4.01887   46.6    
4    75  38.1948   0.266321    4.29469   47      
4    76  38.4074   0.259041    4.17729   47      
4    77  38.3326   0.265594    4.28297   47      
4    78  38.5328   0.259634    4.18685   47.2    
4    79  38.61     0.264005    4.25735   47.2    
4    80  38.7548   0.258387    4.16675   47.2    
4    81  38.748    0.269586    4.34734   48      
4    82  38.8828   0.27309     4.40386   48      
4    83  38.8724   0.274571    4.42774   48      
4    84  38.67     0.278287    4.48765   48      
4    85  38.9918   0.268117    4.32365   48      
4    86  39.0314   0.275204    4.43794   48      
4    87  38.977    0.275905    4.44925   48      
4    88  39.1612   0.268737    4.33365   48      
4    89  39.1486   0.273559    4.41142   48      
4    90  39.2006   0.284691    4.59093   48      
4    91  39.2788   0.279248    4.50315   48      
4    92  39.4128   0.278213    4.48646   49.8    
4    93  39.511    0.277445    4.47407   49.8    
4    94  39.3994   0.288318    4.64941   49.8    
4    95  39.7122   0.273835    4.41586   49.8    
4    96  39.398    0.285707    4.60731   49.8    
4    97  39.6974   0.287987    4.64408   50.6    
4    98  39.7956   0.290159    4.6791    50.6    
4    99  39.7206   0.290162    4.67915   50.6    
4    100 39.9054   0.280666    4.52603   50.6    
Done run 4 of 29

Beginning Run 5 of 29
Run  RI  Mean      95% CI      SD        Best    
5    0   9.4394    0.0314545   0.507235  11.2    
5    1   11.9106   0.0393355   0.634325  14.2    
5    2   14.1248   0.0415961   0.670779  16.2    
5    3   15.2786   0.0462202   0.745347  17.4    
5    4   16.1326   0.0481195   0.775975  19      
5    5   17.1612   0.057748    0.931244  20.2    
5    6   18.3372   0.0698807   1.1269    22.4    
5    7   19.8054   0.0851493   1.37312   24.2    
5    8   20.7406   0.0951209   1.53392   25.4    
5    9   21.4994   0.122471    1.97496   28      
5    10  22.322    0.127719    2.05959   28.6    
5    11  23.0828   0.126073    2.03305   28.6    
5    12  23.6048   0.140761    2.26992   30.2    
5    13  24.1194   0.13502     2.17732   30.2    
5    14  24.4718   0.147709    2.38195   30.8    
5    15  24.6138   0.154339    2.48887   30.8    
5    16  24.9654   0.155545    2.50831   30.8    
5    17  25.2662   0.152353    2.45684   31      
5    18  25.5758   0.168079    2.71044   31.4    
5    19  25.6556   0.173123    2.79178   32.4    
5    20  25.8136   0.175904    2.83663   32.4    
5    21  26.1084   0.176228    2.84185   32.4    
5    22  26.098    0.179814    2.89968   33.2    
5    23  26.0986   0.189436    3.05485   33.2    
5    24  26.3      0.186016    2.99969   33.2    
5    25  26.2252   0.191802    3.093     33.2    
5    26  26.4646   0.179381    2.8927    33.2    
5    27  26.4756   0.19533     3.14989   33.2    
5    28  26.6476   0.199502    3.21717   33.2    
5    29  26.838    0.191358    3.08584   33.2    
5    30  26.9814   0.204486    3.29754   33.2    
5    31  27.1242   0.203887    3.28788   33.8    
5    32  27.3354   0.201296    3.2461    34      
5    33  27.4882   0.208505    3.36235   34.2    
5    34  27.5926   0.218569    3.52464   35.2    
5    35  27.8796   0.210844    3.40007   36.2    
5    36  27.811    0.223652    3.60662   36.2    
5    37  28.0926   0.221925    3.57876   36.2    
5    38  28.3118   0.23034     3.71446   36.2    
5    39  28.4284   0.219797    3.54445   36.2    
5    40  28.535    0.223367    3.60202   36.2    
5    41  28.569    0.228083    3.67807   36.2    
5    42  28.5144   0.228815    3.68987   36.2    
5    43  28.7386   0.231936    3.7402    36.2    
5    44  28.7662   0.232972    3.75691   36.2    
5    45  29.0058   0.21992     3.54642   36.2    
5    46  28.9328   0.23405     3.7743    36.2    
5    47  28.9528   0.242047    3.90325   36.2    
5    48  28.9788   0.234047    3.77424   37      
5    49  29.0348   0.229873    3.70693   37      
5    50  29.2316   0.231797    3.73796   37      
5    51  29.4672   0.229328    3.69815   37      
5    52  29.5882   0.227657    3.6712    38.4    
5    53  29.6324   0.23909     3.85556   38.4    
5    54  29.868    0.228121    3.67869   38.4    
5    55  29.6532   0.243524    3.92707   38.4    
5    56  29.697    0.243191    3.9217    39.6    
5    57  29.8986   0.241187    3.88938   39.6    
5    58  30.1988   0.229183    3.6958    39.6    
5    59  29.927    0.255059    4.11308   39.6    
5    60  30.0228   0.257718    4.15595   39.6    
5    61  30.2434   0.240119    3.87217   39.6    
5    62  30.1508   0.251269    4.05196   39.6    
5    63  30.159    0.252537    4.07242   39.6    
5    64  30.288    0.250753    4.04364   39.6    
5    65  30.3744   0.249202    4.01863   39.6    
5    66  30.3886   0.251216    4.05111   39.6    
5    67  30.47     0.251122    4.0496    39.6    
5    68  30.4388   0.252277    4.06822   39.6    
5    69  30.5094   0.248825    4.01255   39.6    
5    70  30.6898   0.248823    4.01253   39.6    
5    71  30.5408   0.266541    4.29823   39.6    
5    72  30.7836   0.241231    3.8901    39.6    
5    73  30.7746   0.252625    4.07383   39.6    
5    74  30.6972   0.259755    4.18881   39.6    
5    75  30.7012   0.260535    4.20139   39.6    
5    76  30.8432   0.252851    4.07748   39.6    
5    77  30.811    0.257838    4.1579    39.6    
5    78  30.8116   0.267258    4.30981   39.6    
5    79  30.934    0.261035    4.20945   40.4    
5    80  30.9484   0.265206    4.27672   40.4    
5    81  30.9318   0.270376    4.36009   40.4    
5    82  31.1328   0.263078    4.24239   40.4    
5    83  30.9896   0.26763     4.31581   40.4    
5    84  31.004    0.264647    4.26769   40.4    
5    85  31.0658   0.271929    4.38513   40.4    
5    86  31.1386   0.27142     4.37692   40.4    
5    87  31.0724   0.272939    4.40141   40.4    
5    88  31.2854   0.257732    4.15618   40.4    
5    89  31.1028   0.268824    4.33506   40.4    
5    90  31.2072   0.265163    4.27602   40.8    
5    91  31.1068   0.270047    4.35478   40.8    
5    92  31.1606   0.27042     4.36079   40.8    
5    93  31.3028   0.267464    4.31312   40.8    
5    94  31.4158   0.264836    4.27074   40.8    
5    95  31.5344   0.273103    4.40406   40.8    
5    96  31.2722   0.285762    4.6082    40.8    
5    97  31.3418   0.277475    4.47457   40.8    
5    98  31.4934   0.273594    4.41198   40.8    
5    99  31.4468   0.275954    4.45004   40.8    
5    100 31.7026   0.268739    4.33368   43.4    
Done run 5 of 29

Beginning Run 6 of 29
Run  RI  Mean      95% CI      SD        Best    
6    0   9.4664    0.0335775   0.541471  11.6    
6    1   11.5938   0.037655    0.607224  13.8    
6    2   14.1762   0.0414335   0.668157  16.4    
6    3   16.267    0.0530912   0.856149  19.6    
6    4   18.025    0.0658228   1.06146   21.4    
6    5   19.9948   0.0676255   1.09053   23.2    
6    6   21.1098   0.0749101   1.208     26.4    
6    7   21.917    0.0802794   1.29459   26.4    
6    8   22.6824   0.0911569   1.47      26.4    
6    9   23.8288   0.0988142   1.59348   27.8    
6    10  24.8638   0.10531     1.69823   29.4    
6    11  25.5222   0.104241    1.681     29.6    
6    12  26.0172   0.11108     1.79127   30      
6    13  26.3588   0.119935    1.93407   31      
6    14  26.556    0.126489    2.03976   31.8    
6    15  26.781    0.128276    2.06858   31.8    
6    16  27.011    0.125651    2.02625   32.8    
6    17  27.0858   0.138029    2.22586   32.8    
6    18  27.2312   0.136721    2.20476   32.8    
6    19  27.3608   0.139328    2.24681   32.8    
6    20  27.369    0.138439    2.23246   32.8    
6    21  27.5524   0.135996    2.19307   32.8    
6    22  27.63     0.142159    2.29245   32.8    
6    23  27.7092   0.136905    2.20773   32.8    
6    24  27.8712   0.143256    2.31015   33.2    
6    25  28.0428   0.139088    2.24293   33.2    
6    26  28.0678   0.147865    2.38447   33.2    
6    27  28.2196   0.153379    2.4734    34      
6    28  28.4986   0.149553    2.41169   34      
6    29  28.6386   0.153613    2.47716   34      
6    30  28.8476   0.15277     2.46357   34      
6    31  29.0604   0.155631    2.5097    35.4    
6    32  29.2448   0.154896    2.49785   35.4    
6    33  29.2968   0.166435    2.68394   35.4    
6    34  29.5372   0.159918    2.57883   35.4    
6    35  29.7096   0.159516    2.57236   35.6    
6    36  29.811    0.166812    2.69001   35.6    
6    37  29.9978   0.165489    2.66867   35.6    
6    38  30.1376   0.170001    2.74144   36      
6    39  30.3228   0.174857    2.81975   36      
6    40  30.4684   0.168001    2.70918   36      
6    41  30.7158   0.165016    2.66105   37.4    
6    42  30.8024   0.171075    2.75875   37.4    
6    43  31.0164   0.172852    2.78741   37.4    
6    44  31.1036   0.176708    2.8496    38.4    
6    45  31.2866   0.174586    2.81537   38.4    
6    46  31.3016   0.184444    2.97434   38.4    
6    47  31.5318   0.182325    2.94017   38.4    
6    48  31.582    0.188159    3.03426   39.8    
6    49  31.7072   0.191201    3.0833    39.8    
6    50  31.8076   0.189114    3.04966   39.8    
6    51  31.825    0.193478    3.12002   39.8    
6    52  31.9076   0.191763    3.09237   39.8    
6    53  32.1296   0.184018    2.96748   39.8    
6    54  32.0678   0.187939    3.0307    39.8    
6    55  32.0998   0.195207    3.1479    39.8    
6    56  32.1544   0.19686     3.17456   39.8    
6    57  32.1738   0.198514    3.20124   40      
6    58  32.1758   0.204674    3.30057   40      
6    59  32.4316   0.191231    3.08378   40      
6    60  32.3776   0.201051    3.24214   40      
6    61  32.5326   0.197888    3.19113   40      
6    62  32.4836   0.202505    3.2656    40      
6    63  32.4698   0.210774    3.39895   40      
6    64  32.626    0.201904    3.25591   41      
6    65  32.7012   0.201191    3.2444    41      
6    66  32.8448   0.189226    3.05146   41      
6    67  32.7444   0.202944    3.27268   41      
6    68  32.8974   0.208078    3.35547   41      
6    69  32.678    0.220215    3.55119   41      
6    70  32.8444   0.210557    3.39544   41      
6    71  32.9578   0.209919    3.38516   41      
6    72  33.0296   0.205655    3.3164    41      
6    73  33.0496   0.208536    3.36285   41      
6    74  33.1198   0.209858    3.38418   41      
6    75  33.2708   0.20513     3.30792   41      
6    76  33.2158   0.215711    3.47856   41      
6    77  33.341    0.21441     3.45757   41      
6    78  33.6372   0.204013    3.28991   41      
6    79  33.4554   0.211609    3.41241   41      
6    80  33.549    0.21868     3.52643   44.6    
6    81  33.669    0.22361     3.60593   44.6    
6    82  33.7884   0.210228    3.39013   44.6    
6    83  33.7826   0.217426    3.50622   44.6    
6    84  33.9434   0.205526    3.31431   44.6    
6    85  34.0292   0.217261    3.50356   44.6    
6    86  33.7474   0.229881    3.70706   44.6    
6    87  34.072    0.224335    3.61763   44.6    
6    88  34.1212   0.21671     3.49466   44.6    
6    89  34.0152   0.22871     3.68818   44.6    
6    90  34.2498   0.218117    3.51736   44.6    
6    91  34.1446   0.225117    3.63023   44.6    
6    92  34.206    0.223034    3.59665   44.6    
6    93  34.2338   0.224582    3.62162   44.6    
6    94  34.3456   0.221778    3.57639   44.6    
6    95  34.2842   0.230092    3.71046   44.6    
6    96  34.4428   0.231078    3.72636   44.6    
6    97  34.5864   0.222256    3.58411   44.6    
6    98  34.4466   0.229553    3.70177   44.6    
6    99  34.5884   0.222567    3.58911   44.6    
6    100 34.7392   0.222673    3.59083   44.6    
Done run 6 of 29

Beginning Run 7 of 29
Run  RI  Mean      95% CI      SD        Best    
7    0   9.4488    0.0332106   0.535554  11.2    
7    1   11.9584   0.0370386   0.597285  13.6    
7    2   13.7262   0.0389497   0.628103  16.4    
7    3   14.859    0.043323    0.698627  17.2    
7    4   15.9636   0.0544615   0.878245  20.2    
7    5   17.3146   0.0537361   0.866549  20.2    
7    6   18.3076   0.0602765   0.97202   22.6    
7    7   19.9864   0.0741047   1.19501   23.8    
7    8   21.2938   0.0774853   1.24953   25.2    
7    9   21.73     0.0856565   1.3813    25.2    
7    10  22.0018   0.0887221   1.43073   25.8    
7    11  22.2652   0.0890913   1.43669   26.2    
7    12  22.3548   0.0941556   1.51835   26.8    
7    13  22.4408   0.100579    1.62193   26.8    
7    14  22.5946   0.0983781   1.58645   26.8    
7    15  22.7136   0.0977705   1.57665   26.8    
7    16  22.8598   0.100743    1.62458   26.8    
7    17  22.9836   0.100406    1.61915   26.8    
7    18  23.19     0.101817    1.6419    27      
7    19  23.4272   0.10523     1.69693   27.6    
7    20  23.731    0.109727    1.76945   28.2    
7    21  23.9594   0.110079    1.77514   28.4    
7    22  24.2766   0.110804    1.78682   28.8    
7    23  24.4832   0.117298    1.89155   28.8    
7    24  24.7854   0.11696     1.88609   31.4    
7    25  25.1016   0.113515    1.83054   31.4    
7    26  25.4362   0.123173    1.9863    31.4    
7    27  25.9584   0.120234    1.93889   31.4    
7    28  26.1924   0.132186    2.13163   31.4    
7    29  26.6094   0.124282    2.00416   31.4    
7    30  26.8496   0.128617    2.07407   31.4    
7    31  26.8796   0.137557    2.21825   32.2    
7    32  27.0616   0.140802    2.27057   33.2    
7    33  27.1096   0.145727    2.34999   33.2    
7    34  27.2214   0.144724    2.33382   33.2    
7    35  27.3756   0.138958    2.24083   33.2    
7    36  27.437    0.14442     2.32892   33.2    
7    37  27.4708   0.146485    2.36223   33.2    
7    38  27.5914   0.146099    2.35599   33.2    
7    39  27.5794   0.150731    2.43069   33.2    
7    40  27.7204   0.149867    2.41675   33.2    
7    41  27.7056   0.155727    2.51125   33.2    
7    42  27.834    0.150179    2.42179   33.2    
7    43  27.8594   0.155803    2.51249   33.2    
7    44  27.9738   0.155946    2.51479   33.6    
7    45  28.0904   0.158388    2.55416   33.6    
7    46  28.183    0.151462    2.44247   34.4    
7    47  28.2586   0.155889    2.51386   34.4    
7    48  28.315    0.159095    2.56556   34.4    
7    49  28.347    0.162618    2.62237   34.6    
7    50  28.5894   0.159294    2.56877   34.6    
7    51  28.8754   0.159104    2.5657    34.6    
7    52  28.91     0.162431    2.61937   34.6    
7    53  29.0658   0.15846     2.55533   34.6    
7    54  29.1184   0.161915    2.61103   34.6    
7    55  29.265    0.157646    2.5422    35      
7    56  29.3094   0.162041    2.61307   35      
7    57  29.328    0.174407    2.81249   35      
7    58  29.6092   0.158417    2.55463   35.2    
7    59  29.5894   0.170333    2.7468    35.2    
7    60  29.7128   0.166888    2.69123   35.2    
7    61  29.7406   0.176082    2.8395    35.2    
7    62  29.9378   0.175543    2.8308    36.4    
7    63  29.9836   0.175376    2.82811   36.4    
7    64  30.0632   0.17783     2.86768   36.8    
7    65  30.1436   0.176292    2.84289   38      
7    66  30.204    0.186045    3.00016   38      
7    67  30.4234   0.175431    2.829     38      
7    68  30.4938   0.176142    2.84047   38      
7    69  30.482    0.180426    2.90954   38      
7    70  30.6826   0.183904    2.96563   38      
7    71  30.7518   0.182704    2.94629   38      
7    72  30.8404   0.182089    2.93636   38      
7    73  30.847    0.183978    2.96683   38      
7    74  30.8748   0.183209    2.95443   38      
7    75  30.9582   0.188703    3.04302   38      
7    76  30.9422   0.191492    3.088     38      
7    77  31.0194   0.19309     3.11377   38.2    
7    78  31.0872   0.188781    3.04429   39.2    
7    79  31.184    0.19257     3.10539   39.2    
7    80  31.252    0.186753    3.01158   39.2    
7    81  31.2172   0.187747    3.02761   39.2    
7    82  31.2086   0.192912    3.11089   39.2    
7    83  31.3606   0.184471    2.97478   39.2    
7    84  31.18     0.199654    3.21963   39.2    
7    85  31.413    0.187015    3.0158    39.2    
7    86  31.4596   0.19467     3.13924   39.2    
7    87  31.4718   0.192466    3.10371   39.2    
7    88  31.5834   0.189828    3.06116   39.2    
7    89  31.4746   0.197124    3.17883   39.2    
7    90  31.521    0.196825    3.174     39.2    
7    91  31.5178   0.199245    3.21302   39.2    
7    92  31.5944   0.19114     3.08233   39.2    
7    93  31.637    0.190849    3.07763   39.2    
7    94  31.6764   0.192937    3.11131   39.2    
7    95  31.6076   0.202588    3.26693   39.2    
7    96  31.771    0.193984    3.12818   39.2    
7    97  31.7138   0.195656    3.15516   39.2    
7    98  31.7768   0.199287    3.2137    39.2    
7    99  31.8432   0.201123    3.24332   39.2    
7    100 31.8604   0.199949    3.22437   39.2    
Done run 7 of 29

Beginning Run 8 of 29
Run  RI  Mean      95% CI      SD        Best    
8    0   9.4786    0.0350145   0.564643  11.6    
8    1   11.8976   0.0383508   0.618445  14.2    
8    2   14.436    0.0501484   0.808693  17.4    
8    3   16.601    0.0541387   0.87304   20.4    
8    4   18.0308   0.0667313   1.07611   22      
8    5   19.5674   0.0880587   1.42003   24.2    
8    6   20.789    0.0996008   1.60616   25.6    
8    7   21.5142   0.106681    1.72034   26.8    
8    8   22.1576   0.111717    1.80154   27      
8    9   22.8796   0.125265    2.02002   27.4    
8    10  23.468    0.134905    2.17549   28      
8    11  23.863    0.134383    2.16706   28.6    
8    12  24.0622   0.145777    2.3508    28.8    
8    13  24.2514   0.148411    2.39328   29      
8    14  24.5798   0.143449    2.31326   31.6    
8    15  24.6878   0.15785     2.54549   31.6    
8    16  24.7214   0.161957    2.61172   31.6    
8    17  24.8942   0.156437    2.52271   31.8    
8    18  24.864    0.163313    2.63358   31.8    
8    19  25.0928   0.159684    2.57507   31.8    
8    20  25.0674   0.17303     2.79028   31.8    
8    21  25.1294   0.171408    2.76413   31.8    
8    22  25.3194   0.170696    2.75265   31.8    
8    23  25.3984   0.176501    2.84626   31.8    
8    24  25.5234   0.167628    2.70317   31.8    
8    25  25.5488   0.174367    2.81185   31.8    
8    26  25.5358   0.181734    2.93064   32      
8    27  25.611    0.18164     2.92912   32      
8    28  25.6574   0.173856    2.8036    32      
8    29  25.7546   0.174772    2.81838   32.4    
8    30  25.7578   0.182932    2.94996   32.4    
8    31  25.7862   0.178915    2.88518   32.4    
8    32  25.7792   0.190777    3.07647   32.4    
8    33  25.8518   0.184261    2.9714    32.4    
8    34  25.9262   0.18609     3.00089   33.8    
8    35  26.0748   0.184318    2.97231   33.8    
8    36  26.0866   0.189749    3.05989   33.8    
8    37  25.9412   0.202564    3.26656   33.8    
8    38  26.0112   0.202854    3.27123   33.8    
8    39  26.098    0.192008    3.09632   35.2    
8    40  26.2308   0.192392    3.10252   35.2    
8    41  26.159    0.199693    3.22024   35.2    
8    42  26.1584   0.200571    3.23441   35.2    
8    43  26.3544   0.184736    2.97905   35.2    
8    44  26.373    0.19485     3.14214   35.2    
8    45  26.2998   0.20192     3.25617   35.2    
8    46  26.2976   0.201682    3.25232   35.2    
8    47  26.3646   0.197332    3.18217   35.2    
8    48  26.4134   0.206134    3.32411   35.2    
8    49  26.3434   0.209183    3.37329   35.2    
8    50  26.597    0.190394    3.0703    35.2    
8    51  26.6174   0.195368    3.1505    35.2    
8    52  26.5056   0.206789    3.33469   35.2    
8    53  26.5464   0.209693    3.3815    35.2    
8    54  26.6648   0.199467    3.2166    35.2    
8    55  26.7728   0.198688    3.20404   35.2    
8    56  26.8184   0.201473    3.24896   35.2    
8    57  26.7102   0.201735    3.25318   35.2    
8    58  26.893    0.192541    3.10492   35.2    
8    59  26.8068   0.205534    3.31445   35.2    
8    60  26.7974   0.202396    3.26383   35.2    
8    61  26.85     0.20236     3.26326   35.2    
8    62  27.001    0.198806    3.20594   35.2    
8    63  27.1068   0.193765    3.12466   35.2    
8    64  26.986    0.206038    3.32257   35.2    
8    65  27.0146   0.204632    3.29989   35.2    
8    66  27.2266   0.203766    3.28593   35.2    
8    67  27.2284   0.198142    3.19525   35.2    
8    68  27.2004   0.204124    3.2917    35.2    
8    69  27.2716   0.209014    3.37057   35.2    
8    70  27.41     0.205578    3.31515   35.2    
8    71  27.4232   0.201397    3.24773   35.2    
8    72  27.3816   0.214655    3.46152   35.2    
8    73  27.4282   0.208703    3.36554   35.2    
8    74  27.348    0.215094    3.4686    35.2    
8    75  27.5004   0.207989    3.35403   35.2    
8    76  27.4732   0.207467    3.34561   35.2    
8    77  27.6656   0.206558    3.33096   35.2    
8    78  27.59     0.208067    3.35529   35.2    
8    79  27.618    0.216619    3.4932    35.2    
8    80  27.6358   0.207104    3.33975   35.2    
8    81  27.7952   0.20602     3.32228   35.2    
8    82  27.7742   0.21312     3.43678   35.2    
8    83  27.8112   0.216479    3.49094   35.2    
8    84  27.7566   0.22021     3.55111   35.2    
8    85  27.9518   0.208842    3.36778   35.2    
8    86  28.0148   0.212946    3.43396   35.2    
8    87  27.979    0.215387    3.47334   35.2    
8    88  28.0824   0.217273    3.50375   35.2    
8    89  28.2272   0.218236    3.51928   35.4    
8    90  28.3308   0.220676    3.55862   35.4    
8    91  28.4316   0.21822     3.51902   35.4    
8    92  28.4688   0.223094    3.59762   35.4    
8    93  28.5498   0.221816    3.577     37      
8    94  28.6286   0.217297    3.50413   37      
8    95  28.5328   0.230946    3.72423   37      
8    96  28.803    0.219233    3.53535   37.4    
8    97  28.9112   0.223855    3.60988   37.4    
8    98  29.0826   0.231937    3.74022   37.4    
8    99  29.2834   0.228685    3.68778   37.4    
8    100 29.5126   0.22421     3.61561   37.4    
Done run 8 of 29

Beginning Run 9 of 29
Run  RI  Mean      95% CI      SD        Best    
9    0   9.4374    0.0325027   0.524139  11.4    
9    1   11.8142   0.0380652   0.613839  13.6    
9    2   14.6114   0.0473953   0.764297  17      
9    3   16.2998   0.0521724   0.841332  19      
9    4   17.3164   0.059476    0.95911   20.2    
9    5   18.3452   0.0722886   1.16573   21.8    
9    6   19.0522   0.0797682   1.28634   23.8    
9    7   19.6842   0.0861331   1.38898   24.2    
9    8   20.2006   0.0965798   1.55745   24.8    
9    9   20.8566   0.0982942   1.58509   24.8    
9    10  21.6508   0.108953    1.75697   26.6    
9    11  22.71     0.119321    1.92418   28.6    
9    12  23.4506   0.131843    2.12609   28.6    
9    13  23.9424   0.143832    2.31944   29      
9    14  24.5554   0.142965    2.30545   30.2    
9    15  24.905    0.156025    2.51606   31      
9    16  25.253    0.148694    2.39784   31      
9    17  25.5322   0.160551    2.58904   32.4    
9    18  25.721    0.167024    2.69344   32.4    
9    19  26.0072   0.17366     2.80045   32.4    
9    20  26.1724   0.175934    2.83712   32.4    
9    21  26.239    0.191923    3.09496   33.2    
9    22  26.7186   0.178893    2.88482   35.2    
9    23  26.8422   0.191173    3.08286   35.2    
9    24  27.0888   0.197433    3.1838    35.2    
9    25  27.2456   0.188117    3.03357   35.2    
9    26  27.2074   0.202181    3.26038   35.2    
9    27  27.3226   0.20657     3.33115   35.2    
9    28  27.588    0.192893    3.11059   36      
9    29  27.6134   0.200262    3.22943   37.2    
9    30  27.6238   0.213327    3.44011   37.2    
9    31  27.7452   0.207027    3.33852   37.2    
9    32  27.817    0.200931    3.24021   37.2    
9    33  27.586    0.220567    3.55687   37.2    
9    34  27.8118   0.210388    3.39272   37.2    
9    35  27.8848   0.218654    3.52602   37.2    
9    36  28.0186   0.213208    3.4382    37.2    
9    37  28.0616   0.213966    3.45041   37.2    
9    38  28.2026   0.211224    3.4062    37.2    
9    39  28.1254   0.216083    3.48455   37.2    
9    40  28.2206   0.219536    3.54024   37.2    
9    41  28.3194   0.221095    3.56537   37.2    
9    42  28.3896   0.226251    3.64852   37.2    
9    43  28.4166   0.220875    3.56183   37.2    
9    44  28.5052   0.22439     3.61852   37.2    
9    45  28.5438   0.226719    3.65606   37.2    
9    46  28.4888   0.225847    3.642     37.2    
9    47  28.6298   0.226108    3.64622   37.2    
9    48  28.6456   0.224629    3.62237   37.2    
9    49  28.7438   0.23689     3.82008   37.2    
9    50  28.8504   0.230126    3.71101   37.2    
9    51  29.2204   0.222646    3.5904    37.2    
9    52  29.2996   0.220048    3.54849   37.2    
9    53  29.336    0.226361    3.65029   37.2    
9    54  29.3834   0.230344    3.71452   37.2    
9    55  29.6636   0.215902    3.48164   37.2    
9    56  29.6638   0.226781    3.65707   37.2    
9    57  29.7898   0.226405    3.65101   37.2    
9    58  29.7854   0.234403    3.77998   37.2    
9    59  29.9684   0.22921     3.69624   37.2    
9    60  29.8738   0.236685    3.81678   37.2    
9    61  30.011    0.237323    3.82707   37.2    
9    62  29.9918   0.240993    3.88625   37.2    
9    63  30.251    0.23271     3.75267   37.2    
9    64  30.262    0.228715    3.68826   37.2    
9    65  30.3134   0.22582     3.64157   37.2    
9    66  30.2752   0.233582    3.76674   37.6    
9    67  30.3242   0.226074    3.64567   39      
9    68  30.1768   0.243176    3.92145   39      
9    69  30.2756   0.247073    3.9843    39      
9    70  30.1416   0.24341     3.92522   39      
9    71  30.3448   0.238971    3.85365   39      
9    72  30.4114   0.234808    3.78651   39      
9    73  30.403    0.239556    3.86308   39      
9    74  30.3744   0.243546    3.92742   39.6    
9    75  30.594    0.238795    3.85081   39.6    
9    76  30.3878   0.250467    4.03904   39.6    
9    77  30.569    0.250048    4.03227   39.6    
9    78  30.628    0.247044    3.98384   39.6    
9    79  30.7532   0.237917    3.83665   39.6    
9    80  30.7682   0.243972    3.93429   39.6    
9    81  30.7586   0.248717    4.01082   39.6    
9    82  30.7698   0.234986    3.78939   39.6    
9    83  30.7038   0.243755    3.93079   39.6    
9    84  30.7176   0.252745    4.07577   39.6    
9    85  30.8196   0.24389     3.93297   39.6    
9    86  30.748    0.25548     4.11988   39.6    
9    87  30.7404   0.245003    3.95092   39.6    
9    88  30.7814   0.255738    4.12403   39.6    
9    89  30.8632   0.246813    3.9801    39.6    
9    90  30.899    0.250801    4.04442   39.6    
9    91  30.9158   0.247909    3.99779   39.6    
9    92  30.9082   0.245651    3.96138   39.6    
9    93  31.0698   0.241734    3.8982    39.6    
9    94  30.9192   0.263419    4.2479    39.6    
9    95  30.9862   0.254533    4.1046    39.6    
9    96  31.1096   0.250798    4.04437   39.6    
9    97  31.0826   0.253097    4.08144   39.6    
9    98  31.0936   0.251383    4.0538    39.6    
9    99  31.212    0.255246    4.1161    41.2    
9    100 31.282    0.258469    4.16808   41.2    
Done run 9 of 29

Beginning Run 10 of 29
Run  RI  Mean      95% CI      SD        Best    
10   0   9.4448    0.0339603   0.547643  11.4    
10   1   11.8958   0.0418265   0.674494  14.8    
10   2   14.8402   0.048265    0.778321  18.4    
10   3   16.9916   0.0601765   0.970407  20.8    
10   4   18.6516   0.0821044   1.32402   23.4    
10   5   19.6476   0.0906825   1.46235   23.8    
10   6   20.5168   0.0961008   1.54972   24.8    
10   7   21.1832   0.109562    1.76679   26.4    
10   8   21.6628   0.112019    1.80643   26.6    
10   9   21.9348   0.119903    1.93355   26.6    
10   10  22.2872   0.126633    2.04208   27.6    
10   11  22.6068   0.136331    2.19848   27.6    
10   12  23.0194   0.139369    2.24747   29.4    
10   13  23.3418   0.145834    2.35172   29.4    
10   14  23.55     0.154393    2.48973   30.2    
10   15  23.7808   0.151345    2.4406    31.4    
10   16  24.0212   0.155032    2.50004   31.4    
10   17  24.1736   0.154086    2.48479   31.4    
10   18  24.1886   0.164991    2.66064   31.4    
10   19  24.3478   0.163072    2.6297    31.4    
10   20  24.417    0.164598    2.65431   31.4    
10   21  24.46     0.174777    2.81845   31.6    
10   22  24.541    0.172655    2.78424   31.6    
10   23  24.7238   0.175234    2.82582   31.8    
10   24  24.7488   0.185708    2.99473   31.8    
10   25  25.0426   0.181226    2.92245   31.8    
10   26  25.3294   0.178077    2.87167   31.8    
10   27  25.5804   0.182333    2.9403    33.2    
10   28  25.8642   0.181107    2.92053   33.2    
10   29  26.0624   0.184993    2.9832    33.2    
10   30  26.351    0.188292    3.0364    33.2    
10   31  26.5036   0.18916     3.05039   33.2    
10   32  26.6926   0.190203    3.06721   33.6    
10   33  26.8184   0.195767    3.15693   33.6    
10   34  27.0876   0.190751    3.07605   33.6    
10   35  27.1754   0.200148    3.22758   35      
10   36  27.1374   0.217099    3.50094   35      
10   37  27.5086   0.201387    3.24757   35      
10   38  27.4188   0.212623    3.42876   35.4    
10   39  27.559    0.209446    3.37753   35.4    
10   40  27.7108   0.2027      3.26874   35.4    
10   41  27.9736   0.206267    3.32626   35.4    
10   42  28.0268   0.210074    3.38766   35.4    
10   43  27.9178   0.216611    3.49307   35.4    
10   44  28.1278   0.214421    3.45775   35.4    
10   45  28.139    0.21676     3.49547   35.4    
10   46  28.3344   0.212901    3.43324   35.4    
10   47  28.3986   0.21114     3.40485   35.4    
10   48  28.4066   0.216946    3.49847   35.4    
10   49  28.6762   0.211694    3.41377   35.6    
10   50  28.662    0.214911    3.46566   35.6    
10   51  28.4952   0.23117     3.72785   35.8    
10   52  28.5412   0.232355    3.74695   35.8    
10   53  28.7118   0.228102    3.67837   36      
10   54  28.7402   0.224903    3.62679   36      
10   55  28.8302   0.22651     3.6527    36      
10   56  28.7108   0.234566    3.78262   36      
10   57  29.0274   0.223018    3.59639   36.2    
10   58  29.1076   0.228687    3.68781   36.2    
10   59  29.0432   0.227547    3.66943   36.4    
10   60  29.0212   0.229971    3.70851   36.4    
10   61  29.1046   0.233129    3.75943   36.4    
10   62  29.1542   0.229382    3.69901   36.4    
10   63  29.0316   0.231342    3.73062   36.4    
10   64  29.2224   0.222049    3.58076   36.4    
10   65  29.2796   0.234986    3.78938   37.4    
10   66  29.3954   0.225425    3.6352    37.4    
10   67  29.366    0.223375    3.60214   37.4    
10   68  29.4504   0.236713    3.81724   37.4    
10   69  29.2946   0.241321    3.89154   37.4    
10   70  29.4      0.232024    3.74161   37.4    
10   71  29.4884   0.235748    3.80167   37.4    
10   72  29.5904   0.219404    3.53811   37.4    
10   73  29.6546   0.233274    3.76178   37.4    
10   74  29.6206   0.236301    3.8106    37.4    
10   75  29.5876   0.242368    3.90843   37.4    
10   76  29.5806   0.240583    3.87965   37.4    
10   77  29.6952   0.244143    3.93705   37.4    
10   78  29.8602   0.238291    3.84269   37.4    
10   79  29.8044   0.240999    3.88635   37.4    
10   80  29.9502   0.228277    3.6812    37.4    
10   81  29.8414   0.240154    3.87273   37.4    
10   82  29.9756   0.232936    3.75632   37.4    
10   83  29.9136   0.245293    3.9556    37.8    
10   84  29.95     0.2398      3.86702   37.8    
10   85  30.0906   0.235533    3.7982    37.8    
10   86  29.9924   0.247866    3.99708   37.8    
10   87  29.9292   0.248743    4.01124   37.8    
10   88  30.0188   0.245798    3.96374   39      
10   89  30.0426   0.25159     4.05714   39      
10   90  30.186    0.241305    3.89128   39      
10   91  30.2128   0.238306    3.84293   39      
10   92  30.2352   0.236703    3.81707   39      
10   93  30.3034   0.244221    3.93831   39      
10   94  30.255    0.247901    3.99765   39      
10   95  30.3194   0.237211    3.82527   39      
10   96  30.4434   0.231035    3.72567   39      
10   97  30.3206   0.249887    4.02968   39      
10   98  30.4156   0.251299    4.05246   39      
10   99  30.4734   0.240954    3.88563   39      
10   100 30.6064   0.240832    3.88365   39      
Done run 10 of 29

Beginning Run 11 of 29
Run  RI  Mean      95% CI      SD        Best    
11   0   9.4406    0.0340687   0.549392  11.6    
11   1   11.8678   0.036586    0.589986  14      
11   2   13.9984   0.0408824   0.65927   16.4    
11   3   15.6138   0.0471325   0.760059  17.8    
11   4   16.973    0.0495298   0.798718  19.6    
11   5   17.7944   0.060443    0.974704  20.4    
11   6   18.593    0.062439    1.00689   21.8    
11   7   19.7412   0.0879635   1.4185    24.2    
11   8   20.5066   0.0883799   1.42521   24.2    
11   9   20.8522   0.0941425   1.51814   25.2    
11   10  21.0796   0.10265     1.65534   25.2    
11   11  21.237    0.109453    1.76505   25.8    
11   12  21.462    0.107716    1.73703   25.8    
11   13  21.68     0.113596    1.83185   25.8    
11   14  21.8372   0.117313    1.89179   27      
11   15  22.044    0.120114    1.93696   27.6    
11   16  22.281    0.119664    1.92969   27.6    
11   17  22.3864   0.125172    2.01853   27.6    
11   18  22.5304   0.130951    2.11171   27.6    
11   19  22.7444   0.123565    1.99261   27.6    
11   20  22.8418   0.132518    2.13698   27.6    
11   21  23.0888   0.128051    2.06495   27.6    
11   22  23.2886   0.132272    2.13302   27.6    
11   23  23.3612   0.139658    2.25213   30      
11   24  23.6338   0.143511    2.31426   30      
11   25  23.7534   0.145928    2.35323   30      
11   26  23.9996   0.14532     2.34343   30      
11   27  24.1332   0.148291    2.39134   30.4    
11   28  24.402    0.151568    2.44419   30.6    
11   29  24.5082   0.160597    2.58978   31.6    
11   30  24.8096   0.155227    2.5032    32.4    
11   31  25.0106   0.168344    2.71472   32.4    
11   32  25.0804   0.183458    2.95845   33.8    
11   33  25.1944   0.18552     2.9917    33.8    
11   34  25.3588   0.190539    3.07264   33.8    
11   35  25.5066   0.199413    3.21574   33.8    
11   36  25.8302   0.199439    3.21616   36.6    
11   37  25.9612   0.20363     3.28374   36.6    
11   38  26.1686   0.210129    3.38854   36.6    
11   39  26.172    0.222618    3.58994   36.6    
11   40  26.3854   0.21943     3.53853   38.8    
11   41  26.4456   0.226497    3.65248   38.8    
11   42  26.6762   0.234277    3.77796   38.8    
11   43  26.9086   0.237712    3.83334   38.8    
11   44  27.1062   0.242727    3.91422   38.8    
11   45  27.232    0.246656    3.97758   38.8    
11   46  27.4282   0.245757    3.96308   38.8    
11   47  27.501    0.25257     4.07294   38.8    
11   48  27.6044   0.256725    4.13994   38.8    
11   49  27.5326   0.267594    4.31522   38.8    
11   50  27.6902   0.261968    4.2245    38.8    
11   51  29.8012   0.223434    3.6031    38.8    
11   52  30.0156   0.226857    3.65829   38.8    
11   53  30.0206   0.246848    3.98067   38.8    
11   54  30.3626   0.241817    3.89954   38.8    
11   55  30.3528   0.256054    4.12913   38.8    
11   56  30.5524   0.248288    4.00389   38.8    
11   57  30.7404   0.246211    3.97041   39.8    
11   58  30.7706   0.25302     4.0802    39.8    
11   59  30.9434   0.257555    4.15333   40      
11   60  31.1126   0.251123    4.0496    40      
11   61  31.176    0.256009    4.12841   40      
11   62  31.1774   0.258604    4.17025   40.2    
11   63  31.2434   0.266862    4.30341   40.2    
11   64  31.4038   0.263561    4.25018   40.2    
11   65  31.341    0.26962     4.34789   40.2    
11   66  31.4504   0.260051    4.19358   40.6    
11   67  31.415    0.268252    4.32583   41.2    
11   68  31.4248   0.277456    4.47425   41.2    
11   69  31.4872   0.270756    4.36621   41.4    
11   70  31.6326   0.257356    4.15012   41.4    
11   71  31.4754   0.276966    4.46636   41.4    
11   72  31.4026   0.291614    4.70256   41.4    
11   73  31.6766   0.276257    4.45491   41.4    
11   74  31.6612   0.274965    4.43408   41.4    
11   75  31.7528   0.276512    4.45903   41.4    
11   76  31.7234   0.28587     4.60995   41.4    
11   77  31.6976   0.282938    4.56266   41.4    
11   78  31.7808   0.291489    4.70055   41.4    
11   79  31.8152   0.280472    4.52289   41.4    
11   80  31.8582   0.28058     4.52463   41.4    
11   81  31.9334   0.28184     4.54495   41.4    
11   82  31.7586   0.293478    4.73262   41.4    
11   83  31.945    0.284734    4.59162   41.6    
11   84  31.8696   0.286945    4.62727   41.6    
11   85  31.9756   0.280068    4.51638   41.6    
11   86  32.0428   0.278667    4.49379   41.6    
11   87  31.8578   0.288711    4.65576   41.6    
11   88  32.0566   0.280374    4.52131   41.6    
11   89  32.0366   0.290979    4.69232   41.6    
11   90  32.1224   0.28197     4.54705   41.6    
11   91  32.0714   0.291546    4.70148   41.6    
11   92  31.939    0.29593     4.77216   41.6    
11   93  32.0892   0.290203    4.67982   41.6    
11   94  32.0736   0.289945    4.67565   41.6    
11   95  32.1302   0.291987    4.70858   41.6    
11   96  32.1528   0.295677    4.76809   41.6    
11   97  32.182    0.292584    4.71821   41.6    
11   98  32.0718   0.302074    4.87124   41.6    
11   99  32.295    0.293786    4.7376    41.6    
11   100 32.2076   0.289127    4.66247   41.6    
Done run 11 of 29

Beginning Run 12 of 29
Run  RI  Mean      95% CI      SD        Best    
12   0   9.44      0.0319104   0.514587  11.4    
12   1   11.7248   0.0383122   0.617823  14.6    
12   2   14.308    0.0478807   0.772124  17.4    
12   3   16.762    0.0598326   0.964861  20.2    
12   4   19.0828   0.0779934   1.25772   23      
12   5   20.391    0.0852294   1.37441   25.2    
12   6   20.9006   0.107686    1.73655   25.4    
12   7   21.3328   0.10923     1.76144   25.4    
12   8   21.5818   0.117318    1.89186   25.4    
12   9   21.8414   0.114215    1.84183   26      
12   10  22.1002   0.120691    1.94626   27.2    
12   11  22.1278   0.131882    2.12673   27.8    
12   12  22.328    0.126111    2.03366   27.8    
12   13  22.5402   0.130165    2.09904   27.8    
12   14  22.7192   0.128888    2.07845   27.8    
12   15  22.9226   0.13133     2.11782   27.8    
12   16  23.0644   0.13554     2.18572   28.2    
12   17  23.1258   0.141208    2.27712   29.6    
12   18  23.4234   0.144701    2.33346   30      
12   19  23.5972   0.143301    2.31088   30      
12   20  23.7812   0.144103    2.3238    30      
12   21  23.9594   0.145688    2.34936   31.2    
12   22  24.1702   0.14061     2.26748   31.2    
12   23  24.3202   0.14991     2.41745   31.2    
12   24  24.3684   0.156246    2.51963   31.2    
12   25  24.6648   0.14496     2.33763   31.2    
12   26  24.7012   0.156274    2.52008   31.2    
12   27  24.8366   0.154951    2.49875   31.2    
12   28  24.8302   0.163566    2.63767   31.2    
slurmstepd: error: *** JOB 2882607 ON gra772 CANCELLED AT 2023-01-22T22:45:54 DUE TO TIME LIMIT ***
